time,qPTAM0,qPTAMi,qPTAMj,qPTAMk,XPTAM,YPTAM,ZPTAM
0.02,  0.8806774616241455,-0.03029068745672697,-0.03084511682391181,  -0.471739649772644,  0.1672135453061743, -0.8616401457792813,  0.4898601529096159
0.16,  0.8796988938850843,-0.03543159871754681,-0.02769003749966004, -0.4734002062650514,  0.1672458172587271, -0.8613743619767468,  0.4905035192650521
0.2,  0.8799010678369601, -0.0359375680955491,-0.02639870961597834, -0.4730599810893055,  0.1674995258343964, -0.8613422039913646,  0.4905284227080752
0.3,   0.880300721051551,-0.04086355342388254,-0.02453479688264834, -0.4720157728492426,  0.1693642681039108, -0.8604806830543539,  0.4905996214171005
0.34,  0.8808209378029705,-0.04102078510442375,-0.02728614228745591, -0.4708792549212893,  0.1712935296727706, -0.8595422384421036,  0.4901871856950333
0.37,   0.881101974305969,-0.04252326105761528,-0.02823598250090151, -0.4701636395917974,  0.1728901508012193, -0.8586714876872541,  0.4900584792606169
0.4,  0.8811995754221849,-0.04469060780892559,-0.02837595926049113, -0.4697711127180179,   0.174269334381942, -0.8576438861548106,  0.4900241049077542
0.49,  0.8808969288333981,-0.04822191508464002,-0.02820861363034585, -0.4699995290990811,  0.1756132159880916, -0.8562317584899406,  0.4901812667091628
0.53,  0.8802546137312597,-0.04694821880365652,-0.02899289507609043, -0.4712824284332582,  0.1768294579385938,  -0.854713383099773,  0.4898995611158849
0.56,  0.8799929499094614,-0.04452731081453615, -0.0299471916632752, -0.4719458951740126,  0.1777360129224515, -0.8528403860158559,  0.4898398881628614
0.66,  0.8806659222695163,-0.04040767810431495,-0.03113242173779843, -0.4709836098836002,  0.1796667696603839, -0.8494697451649494,  0.4903044687148322
0.7,  0.8805337936090332,-0.03857099841157119,-0.03053218163082952, -0.4714237349113094,  0.1801636432854017, -0.8467276565064548,  0.4902687644253427
0.74,  0.8797957791888701,-0.03835598492861303,-0.02995052163735484, -0.4728543191661707,  0.1800398271011279, -0.8434970847914859,  0.4902186388690821
0.83,  0.8780594026630859,-0.03949452292589434,-0.02869364013027953,  -0.476055226448279,  0.1802246536441802, -0.8395180471084246,  0.4903585490470985
0.86,  0.8786766607966083,-0.04160515991007369,-0.02740135478684022, -0.4748110547942966,  0.1786040653725848, -0.8356768686686052,  0.4902133109794121
0.9,  0.8792659810006909,-0.04356209847249742,-0.02633184563646684, -0.4736035765234359,  0.1762476416198926, -0.8314678118125247,  0.4901878166308551
0.96,  0.8800275425999077,-0.04754603610140551,-0.02421363958435602, -0.4719159182879274,  0.1739703943116199, -0.8253197668049674,  0.4908977422497564
1.03,  0.8800486059876576,-0.04693469828915342, -0.0243441415761626, -0.4719311215902744,  0.1694530270443784, -0.8191432541750089,  0.4911791871156418
1.07,  0.8803252958630403,-0.04631723092889251,-0.02606583410462249, -0.4713838090494917,  0.1646162999379051, -0.8147082824849947,  0.4911720067000307
1.14,  0.8811325014523894,-0.04797732098882518,-0.02865622864297651, -0.4695556917702084,  0.1583691937347063, -0.8087158642779905,  0.4913495581353998
1.18,   0.882204781616013,-0.05026898146329922,-0.03106167675732646, -0.4671434047402965,  0.1519979433064383, -0.8044393120878967,  0.4915299015656666
1.25,  0.8829754851511572,-0.05364537147289927,-0.03365311931008733, -0.4651279069902838,  0.1451793478720708, -0.7984422820938611,  0.4919719411624069
1.3,  0.8826653481413365,-0.05549868495343224, -0.0330257820346509, -0.4655438888427386,  0.1384079784520853, -0.7942510082643887,  0.4917767495530707
1.34,  0.8828810101757147,-0.05710695134204485,-0.03252084811892916, -0.4649756423469942,  0.1321879735013893, -0.7898476344212317,   0.491637143665116
1.41,  0.8839262620432127,-0.06115791572024998,-0.03268273582937223, -0.4624564270854319,  0.1248783177736442, -0.7838793203086527,  0.4909713660406475
1.47,  0.8848430674235499,-0.06540400567159677,-0.03141451326822664, -0.4602045479887837,  0.1164730404774963, -0.7766097120040656,  0.4907056958620598
1.5,  0.8850333278490572,-0.06708939027334726,-0.03030968489726216, -0.4596698607364311,  0.1094970945623202, -0.7723144536676309,  0.4904834025365979
1.54,  0.8855103772797697,-0.06909276935068048,-0.03022884171909698, -0.4584580827518076,   0.103010433895676, -0.7678881094395458,  0.4898604568952652
1.63,  0.8868512371253323,-0.07299523727076812,-0.03121745214118704, -0.4551835726228617, 0.09476249823910886, -0.7583012737447323,  0.4891202513125836
1.66,  0.8871997194859376, -0.0725812102047374,-0.03320920154037491, -0.4544291035587267, 0.08818128434415481,  -0.755180549677013,  0.4884650238597108
1.7,  0.8879552770126573,-0.07136761268322217,-0.03469132424731289, -0.4530327112539311, 0.08186331581102872, -0.7509770239739444,  0.4880495341073851
1.81,  0.8904384726280092,-0.06698016499614812,-0.03565496653178629,  -0.448733487586397, 0.07424832839420532, -0.7376251282448393,  0.4880338064828307
1.84,  0.8905678994515689, -0.0652145070778461,-0.03504613932052825, -0.4487846791174884, 0.06851480234618726,   -0.73484022562917,  0.4876583412589581
1.88,  0.8900899570419238,-0.06400217687220394,-0.03579850809281337, -0.4498467429090729, 0.06361892299332475, -0.7331099962623441,  0.4868161770633089
1.91,  0.8896157502979414,-0.06291698991230682,-0.03860674547507875, -0.4507048080117134, 0.05856633412422497,  -0.731171522472895,  0.4857897927459334
2.02,  0.8903188237765634,-0.05839961166430563,-0.04781391017764683,  -0.449038687574853, 0.05257355840135373, -0.7195825826822985,   0.484455404717033
2.05,  0.8905252821639411,-0.05457554628386152,-0.05154184076364485, -0.4486977889227821, 0.04669542189883713, -0.7184141762844156,  0.4839597526979684
2.07,  0.8906432930876729,-0.05030488676375805,-0.05498937383378125, -0.4485533938895653, 0.04246128965113536, -0.7169165678608136,  0.4830867991453798
2.14,  0.8919046621735685,-0.04021316931750391,-0.05940956959346855, -0.4464969352706249, 0.03832359081066221, -0.7102695032149116,  0.4817077517441921
2.21,  0.8933484977455604,-0.02751359548180249,-0.06361383034606996, -0.4439873644451647, 0.03445973594541807, -0.7059657223389699,  0.4800056256914054
2.25,  0.8937711509446189,-0.01831393869728615,-0.06806228378159704, -0.4429506637017312, 0.02913538564998512, -0.7066408517414614,  0.4791750848604866
2.31,   0.8938375172560942,-0.001868365626468138, -0.07581802396018128,   -0.441930610794238,  0.02472936384325929,  -0.7014763810129356,    0.477317111260475
2.39,  0.8937540621293005, 0.01509844788456449,-0.08503513545726213,  -0.440164485840764, 0.02074965822730824, -0.6965011991671478,  0.4754164982697479
2.42,  0.8944561915018407, 0.02147461237722931,-0.08938794919240697, -0.4376034650288929, 0.01587759452303501, -0.6968395228650071,  0.4748571236035126
2.49,  0.8953121725130699, 0.04058688797521376,-0.09910633551291922, -0.4323734359260089, 0.01011712238578946, -0.6907426780918765,  0.4732859161730901
2.52,  0.8956278160864537, 0.05032060663726068, -0.1047015698853094, -0.4293672884865199,0.005180088484627247, -0.6896443651802757,  0.4729544269147201
2.59,   0.8943907013388008,  0.07569017220100521,  -0.1130354825567093,  -0.4260977428159995,0.0002200172366591466,  -0.6828513547947774,   0.4709125694791128
2.66,   0.8935010385610676,  0.09707736856733518,   -0.119024893877015,  -0.4219774742788394,-0.004476848324670208,  -0.6777907618349379,   0.4693172917635626
2.7,  0.8937637008451402,  0.1025130607717381, -0.1217811279415363, -0.4193410448059468,-0.01034265091618458, -0.6784579955611322,  0.4689464497062605
2.76,  0.8928234007841402,  0.1168655127288065, -0.1270016212563015, -0.4160281849875004,-0.01684149719444701, -0.6695639917231863,  0.4676473418109575
2.83,  0.8916660616094763,  0.1218724596571876, -0.1309835340725404, -0.4158390163412611,-0.02406783387810944, -0.6621036158573564,  0.4664956925126785
2.87,   0.891578259694343,  0.1189805220819512, -0.1323927803557516, -0.4164180945564614,-0.02918124417536468, -0.6598038190094468,  0.4664603966621894
2.91,   0.891365942892884,  0.1166990536491418, -0.1333785973206684,  -0.417202914735375,-0.03368905142009854, -0.6561355190189342,  0.4662028076366722
3,  0.8898192191006264,  0.1171676810096156, -0.1358101505142007, -0.4195820902065979,-0.04047102024172396, -0.6316579885975869,  0.4635482591624916
3.04, 0.8886626449347427, 0.1126125508342773,-0.1356717868064667, -0.423308774673728,-0.0425784740111966, -0.633794881930826,   0.46404983820807
3.07,  0.8879117923609172,  0.1103410126804413, -0.1351245850726666,  -0.425651138815422,-0.04408470938467123, -0.6338718740359761,  0.4645655195473916
3.17,  0.8823269459076214,  0.1090866322036654, -0.1333593183406235,  -0.437966431328205,-0.04657181333817344, -0.6189593620167279,   0.461016029112586
3.21,  0.8831259940010808,  0.1084174798538433, -0.1283353902147202, -0.4380230495750503,-0.04535591645954314,  -0.624804568110077,  0.4613709691926765
3.24,  0.8843193524881967,  0.1081316100136598, -0.1235544752992499, -0.4370596811913506,-0.04406493189956777, -0.6265508732176241,  0.4611904763893567
3.27,  0.8860361803597259,  0.1064073439294009, -0.1206934219919756, -0.4347993763773729,-0.04285449342448112, -0.6268608791301894,  0.4616215360766013
3.38,  0.8870970414486559,   0.100006637965178,  -0.115195940279736, -0.4356460057407376,-0.04122379598604859, -0.6087394642382351,  0.4584177745328911
3.41,  0.8879948225326784, 0.09396763638600741, -0.1173601750287364, -0.4345824471182153,-0.03814063997414424, -0.6105646467632286,  0.4589063561460534
3.45,  0.8869795961049945, 0.08803346428253978, -0.1168997561601119, -0.4380088901248342,-0.03359246780977809, -0.6110345071077504,  0.4590691924871702
3.56,  0.8855093558477356, 0.07628928011187441, -0.1148005193144675,  -0.443704859980276,-0.02739619495633652, -0.5865446082948744,  0.4569195703510598
3.59,  0.8821740365247526,  0.0693780375377725, -0.1086498326903737, -0.4529358747154319,-0.02128671724483379, -0.5919037066207911,  0.4578016426072737
3.62,  0.8799837874232517,  0.0622995037801386, -0.1039322358508125, -0.4592879615348917,-0.01494017890952272, -0.5933979320782573,  0.4583063172751639
3.73,   0.8686366551918576,      0.0429379768134,   -0.088308363048414,  -0.4856216222315792,-0.006247951909556421,  -0.5801572072263537,   0.4569249480941237
3.76,   0.8652054374662852,  0.03959805881806078, -0.08360485082619529,  -0.4928101147437957,-0.001640385378277101,  -0.5908780324363081,   0.4581879251539747
3.8,  0.8633279052009883, 0.03278961868091174,-0.07809915760197481, -0.4974839958719709,0.003916969515059973, -0.5984234470173242,  0.4592100567528938
3.83,  0.8618296906528784, 0.02556457492063691,-0.06999846695313369, -0.5016934193323145,  0.0103108236679378, -0.6045785926712024,   0.459689493871093
3.94,  0.8566014228069811, 0.01126343642974276,-0.05284255988363268, -0.5131421215108349, 0.01941958767244067, -0.6033670095586298,  0.4577508328686914
3.97,  0.8605499202871452,0.007863251480263844,-0.04806703103957491, -0.5070321489371603, 0.02641015594193377, -0.6119983552174687,  0.4579949461241997
4,  0.8641172175700187,0.003352817638187511,-0.04347348920674754, -0.5013983288843038, 0.03229797540505135, -0.6184871089166275,  0.4576399799709498
4.04,   0.8677083653568771,-0.001956163796366539, -0.04166610657928899,  -0.4953204389425793,  0.03863288143101928,  -0.6243088225916995,   0.4569382760323686
4.11,  0.8725037600175872,-0.01373202797122186,  -0.037848705044496, -0.4869457169421172, 0.04761062822872129, -0.6276877894653052,  0.4553292882048994
4.14,  0.8753442353281122,-0.01821211616352542,-0.04279632694099844, -0.4812580372958932, 0.05416059625570453, -0.6319682512110347,  0.4550155608245479
4.17,  0.8765994902453957,-0.02082378334718754,-0.04661408083705468, -0.4785048241921761, 0.06000350355217892, -0.6367034772636027,  0.4539773913202811
4.24,  0.8786097292852424,-0.02635049599779377,-0.04775745282366511, -0.4744152782369331, 0.06842497008977702, -0.6403963721866757,  0.4520224201507843
4.31,  0.8810454175177219,-0.02675880111152629,-0.05005523580630447, -0.4696141477439962, 0.07884009131122671, -0.6436754466846539,  0.4510578257867232
4.34,  0.8820360880952722,-0.02088611872640755, -0.0494695750796928, -0.4681120656877129, 0.08533503101483066, -0.6471623139728516,  0.4506156423029246
4.41,  0.8833751448209406,-0.01401671117632963,-0.04665160785290406, -0.4661282531277932,  0.0957795214107072, -0.6498176429868932,  0.4493033489011575
4.48,    0.885291642528437,-0.006723922420763861,  -0.0426141081278722,  -0.4630308519784567,   0.1054777008897965,  -0.6524143036114757,   0.4478054282260933
4.52,  0.8862932041463203,-0.00396144702881851,-0.04168520347587354, -0.4612277556603778,  0.1088153321929076, -0.6552932703126642,  0.4473407900137463
4.55,   0.8870057214870073,-0.002692517266928152, -0.04275082016988319,  -0.4597673360882986,   0.1121237243779693,  -0.6573970793772296,   0.4470540029435407
4.62,    0.8879780599408085,-0.0004758474915758093,  -0.04547125691246895,   -0.4576321000395081,    0.1192892212031614,   -0.6590487371790321,    0.4455716306183419
4.65,   0.8884920751721463,0.0008238693248466822, -0.04843601690176613,  -0.4563278880598554,   0.1216894877527173,  -0.6603208109931193,   0.4455732869644879
4.69,  0.8897162706166546,0.004371418401443616,-0.05070649671735916, -0.4536680893016958,  0.1277223619211186, -0.6607728000466371,  0.4444104899664033
4.72,  0.8902010477161728,0.005842106699246397,-0.04992840250453351, -0.4527859920719015,   0.128020072464699, -0.6617292162137404,  0.4442704766486083
4.77,  0.8905704547627391,0.006420358278622917,-0.04840011973702507, -0.4522173239401066,  0.1285042766960352, -0.6627999108487667,  0.4439468679759893
4.82,  0.8911359051152263,0.005106572029630108,-0.04673419121406772, -0.4512944409883499,  0.1290170944969654, -0.6639297206406922,  0.4434230496377428
4.86,  0.8926414593985905, 0.00115673529607152,-0.04422816928937617,  -0.448590895500975,  0.1290225641891097, -0.6657467952798998,  0.4428764583668543
4.92,   0.8959408599854187,-0.007335973781801064,  -0.0407793063332359,  -0.4422366364641093,   0.1324797792941097,  -0.6642488313063553,   0.4418007649857223
4.99,  0.8981906807834226,-0.01901150669218221,-0.03630022081805936, -0.4376921213530264,  0.1349645974033249, -0.6641443538806774,  0.4406462819030557
5.03,  0.8973094834178061,-0.02091415891840975,-0.03536134920920919, -0.4394859491111831,  0.1337635746154844, -0.6660847523939107,  0.4408257950301555
5.1,  0.8956053677126889,-0.02237007884228315,-0.03354370285816277, -0.4430185780012166,  0.1350604322303634, -0.6653311971525603,  0.4398540159357159
5.13,  0.8934672980518618, -0.0194167099927276,-0.03220370255367411, -0.4475512660976909,   0.132222755568451, -0.6693873990826327,  0.4401423297573537
5.2,  0.8909525917394142,-0.01539998069903747,-0.02907867542105788, -0.4529026231563407,  0.1314717824146883, -0.6714304405196425,  0.4390307184018271
5.24,   0.889913763384222,-0.01288209142859437,-0.02685757544554193, -0.4551551951365498,  0.1283161390506285, -0.6767433361562941,  0.4391186114758274
5.27,  0.8897567379150941,-0.01154651847621396,-0.02399661864595101, -0.4556575721944907,  0.1254460229005997, -0.6812491629952284,  0.4391089744292028
5.3,  0.8901856636513568, -0.0119299505994947,-0.02178574920296389, -0.4549204075426826,  0.1225674993782772, -0.6855281739307101,  0.4389918802040883
5.38,  0.8923391174075361,-0.01755360368702547,-0.01503211303697069, -0.4507736035732676,   0.119349359786578, -0.6870340166138781,  0.4366518541417811
5.45,   0.8990632916568086, -0.02775492592406503,-0.008994655166408183,  -0.4368455029177464,   0.1125825800103233,  -0.6908737506262104,   0.4363546097013686
5.48,  0.9021588540620431,-0.03675038989893231,-0.01107679918859938,  -0.429693089260603,   0.107050220846837, -0.6970954210735536,  0.4373859201032587
5.52,  0.9032531980851516,-0.04318852786758265,-0.01327390814592189, -0.4267226852781064,  0.1014644141982762, -0.7018484210809465,  0.4384347962723284
5.62,  0.9037606150981374, -0.0515265376796108,-0.01604087250725186, -0.4246227649105037, 0.09194298213090964, -0.7006637017321233,  0.4373523037403369
5.66,  0.9022565651331171,-0.05230459406742499,-0.01749797862742236, -0.4276577795579465,  0.0855929122587285,  -0.709710841062411,  0.4384175168171006
5.69,  0.9017042986481305,-0.05351466843988711,-0.01939398283159893, -0.4285900687720458, 0.08030045809644751, -0.7168883179022456,  0.4390586593380176
5.79,  0.9058347178898032,-0.05507006198530873,-0.01872093174925621, -0.4196192493341097, 0.06719920784556546, -0.7123299315113958,  0.4385467622556056
5.83,  0.9056901836190778,-0.04934484550790436,-0.01895555506543836, -0.4206317867314008, 0.06158082318375928, -0.7191862477232911,  0.4399606300161666
5.87,  0.9054836816203355,-0.04302655951972512,-0.01954621967690121, -0.4217416251099341, 0.05687114863599387, -0.7255200116039999,  0.4410639096909389
5.97,  0.9056278342653576, -0.0305762362709826,-0.02010655583948837, -0.4224915165425934, 0.04836828803284652, -0.7239161864761446,  0.4399480918140686
6,  0.9062593116145046,-0.02310963350064854,-0.02085872014658624, -0.4215743757679824, 0.04501484195889181, -0.7316265802040715,  0.4413912474284071
6.04,  0.9055540084785292,-0.01621458676593651,-0.02306972929710926, -0.4232928632205877, 0.04284333938010584, -0.7397352920408263,  0.4425523930666513
6.15,   0.9021764583353549,-0.002679003178944483, -0.02765412120520963,  -0.4304715392527801,  0.03768774562563831,  -0.7407687623844751,   0.4409891825463236
6.17,  0.9021245345078878,0.001471182265722071, -0.0295051511460076,  -0.430463287024999, 0.03635775238123947,   -0.75039366573202,  0.4422269387907392
6.2,  0.9025697007129273,0.005637812284201793, -0.0301586524519997, -0.4294492306067762, 0.03399865716878062, -0.7564780032948578,  0.4434756906419012
6.24,  0.9025042431409424,0.009375738573578873,-0.03203310864492614,  -0.429385726530569, 0.03212510356261473, -0.7617821913816986,  0.4444629637631851
6.34,  0.8991302015949936, 0.01472313071010717,-0.03938383784052862, -0.4356570427270032,  0.0269372822119528, -0.7631982997687424,  0.4425330558443886
6.38,  0.8996601930800089, 0.01496810850454244,-0.04003957477976566, -0.4344932228761921, 0.02670490128794352, -0.7716076250167222,  0.4435283460156787
6.41,   0.900568339265079, 0.01635339012077697,-0.04001206892637446, -0.4325601725124189, 0.02590688084311411, -0.7773012599056913,  0.4446626740708023
6.45,  0.9006281241776396, 0.01682040531808371,-0.04083777709677422,  -0.432340568794837, 0.02531520130097572, -0.7826749764232331,   0.445254976513637
6.51,  0.8999589953183834, 0.01801626561153846,-0.04288370982563275, -0.4334861519234252, 0.02201854954860668, -0.7841753493733314,  0.4447681736319193
6.55,  0.8997430767136301, 0.01726676293792201,-0.04410997062346544, -0.4338416771749589, 0.02228438830925996, -0.7903265550420777,  0.4457549417957073
6.58, 0.8992389099602421,0.01655587389652857,-0.0452011224400769,-0.4348013108789374,0.02258570310999622,-0.7962098343055435,  0.446493900218049
6.62,  0.8991544013220316, 0.01668629918403902,-0.04567324393778335, -0.4349217404887998, 0.02260715519629973, -0.8012818431570425,   0.447229809590899
6.69, 0.8974672221802253,0.01643388837060317,-0.0480369907313529,-0.4381495127299082,0.02117280690301078, -0.804570418312307, 0.4463628278745719
6.72,  0.8980341119925153, 0.01630010001813509,-0.04629221533374303,   -0.43717971910366, 0.02219832911487316, -0.8100680049124196,  0.4472902572988863
6.76,  0.8987880392688976, 0.01605392089278007,-0.04508978735675201, -0.4357628698341672, 0.02330921627612581, -0.8157494665175756,  0.4481302066598022
6.8,  0.8995774280275282, 0.01507128045565909,-0.04392041581947062, -0.4342860118883597, 0.02439176818222412, -0.8211518773061169,  0.4488807981811848
6.86,    0.89990689840684,  0.0126190847258919,-0.04333663406066612, -0.4337399043293125, 0.02399913117065162, -0.8248387283763947,  0.4479893378244062
6.89,  0.9007497649399065, 0.01042872378981502,-0.04302959768661418, -0.4320759099540203, 0.02634224555640518, -0.8312555895830778,  0.4485702920853493
6.92,  0.9021662019078545,0.005505400359843204,-0.04248012725701644, -0.4292566936567318, 0.02821859799975659, -0.8366432128551394,  0.4493805735701025
7.03,   0.9044030698011138,-0.007069031509239931, -0.04160725527486125,  -0.4245868438790623,  0.02594654095051578,    -0.83592426388677,   0.4475882666618436
7.06,  0.9042916701637701,-0.01440563727884803,-0.04049728623509169, -0.4247458749104573, 0.03009326398209259, -0.8432529246298101,  0.4485320768795425
7.1,  0.9038078602129299,-0.02185217224345382,-0.03947337187731703, -0.4255534312598706, 0.03441064013776531, -0.8502759690506106,  0.4494666407847359
7.2,  0.9031181014750553,-0.03411727386813851, -0.0365851364428168, -0.4264683690054937, 0.03531482476928487, -0.8493423766148992,  0.4480750254171564
7.24,  0.9030367071695311,-0.03905887310912098,-0.03202149542984462, -0.4265838362211345, 0.04067105477799997, -0.8573653200149404,  0.4496731067470696
7.27,  0.9028288706820181,-0.04509838641611791,-0.02907583033627201,  -0.426638954450714, 0.04574026894812738, -0.8636231489167923,  0.4505391071495502
7.31,  0.9025106260770268,-0.05210577066307948,-0.02620967539075778, -0.4266997152054572, 0.05021910996108274, -0.8688609714493235,  0.4514371140746232
7.38,  0.9000189892755641, -0.0657645795280859,-0.02068982766227306, -0.4303635737525179, 0.05493409962676928, -0.8721948188520648,  0.4504509347415041
7.41,  0.8988132350222732, -0.0692663889292317,-0.01842602965403906, -0.4324320211357343, 0.05938006478046579, -0.8782444392943402,  0.4512709067080776
7.45,  0.8981944194656455,-0.07330819986361609,-0.01588791755342767, -0.4331515927573062, 0.06467306377415863, -0.8837622975902619,  0.4517425144605957
7.51,  0.8969748959410847,-0.08037180305811215,-0.01069355942393097,  -0.434582664944614,  0.0700288372291462, -0.8863161321031644,  0.4508148331658742
7.58,   0.8969511485346922, -0.08604137014170704,-0.002803855014456125,  -0.4336677227121471,  0.07721562766578409,  -0.8892908937185307,   0.4498509699209552
7.62,  0.8976375061976239,-0.08962054083426829,0.001261720670516969, -0.4315246339986636, 0.08418083884347702, -0.8945830774065079,  0.4503712893266271
7.67,  0.8972713303077327,-0.09868440627749081, 0.00811478230797455, -0.4302321857234678, 0.09154857573186875, -0.8960003558327835,  0.4493739979794326
7.74, 0.8964464663838305,-0.1112339387429909,0.01230835551901494,-0.4287881571626362,0.09944366161898348,-0.8980160847702194,  0.448324845420782
7.78, 0.8958386310758057,-0.1165140756427355,0.01320952920724255,-0.4286293983691689, 0.1047221090986794,-0.9044669034292383, 0.4489753505319246
7.82, 0.8957634171261998,-0.1221587128701319,0.01482424378896011,-0.4271597204363249, 0.1099131474319218,-0.9082865619859332, 0.4495832308494294
7.86, 0.8955279254529099,-0.1275880145370784,0.01785065116157666,-0.4259488503241309, 0.1145367890501582,-0.9109159144000765, 0.4498693087864385
7.89, 0.8951922740156917, -0.132676290678501,0.02094107624763908,-0.4249579994762388, 0.1192901958185316,-0.9132214378563445,  0.450040919552409
7.96, 0.8939486395436541, -0.144315395702212,0.02762976348829646,-0.4233976005479863, 0.1272835844085118,-0.9108664361372117, 0.4488764143600205
8.03, 0.8906900018225632,-0.1589204197871688,0.03387847335426158,-0.4245796808963239,  0.137878573935764,-0.9055040368391876, 0.4461904384382947
8.06, 0.8910001829897414,-0.1562469140774649,0.03366121367876185,-0.4249382708182883, 0.1376093591369489,-0.9141873405684385, 0.4485941196429649
8.13, 0.8880706321983722,-0.1683951942428854,0.04008741796281248,-0.4258716300278833, 0.1448434891434842, -0.912623626852337, 0.4475260746359419
8.19, 0.8850606101301185,-0.1787446954302594,0.04397895403312035,-0.4275323817123637, 0.1514434471667328,-0.9113983383373766, 0.4469035683097036
8.23, 0.8831128530327437,-0.1830521387447888, 0.0460370392488314,-0.4295162742963011, 0.1531292569234998,-0.9155130641505709, 0.4476971490521592
8.29, 0.8803237867448769,-0.1922927203347401,0.05075031945210884,-0.4306715463456836, 0.1584567240856909,-0.9148989077259096, 0.4470287776752862
8.33, 0.8791077243481029,-0.1956416678729776,0.05431535665590376,-0.4312120410813792, 0.1585046598065798,-0.9185231006851609, 0.4474182019144231
8.36, 0.8781330803874314,-0.2005981135111179,0.05669526688042692,-0.4306139480523898, 0.1595879638625657,-0.9217516707739255, 0.4483570628369684
8.4, 0.8757474455435226,-0.2104372343335026,0.06174886286036493,-0.4300810336719825, 0.1649991689112149,-0.9187813615941536, 0.4469828315746796
8.44, 0.8749346792332318,-0.2133247469219626,0.06508535892844589,-0.4298206498502898, 0.1658337051938779, -0.920956539063142, 0.4475429243653933
8.54, 0.8713697168302403,-0.2256971083546544, 0.0748829443457856,-0.4291482402113372, 0.1747306764281052,-0.9145404884492411, 0.4453297760526695
8.57, 0.8711187061943869,-0.2255851465658169,0.07615316122407303,-0.4294930418080414, 0.1733811500553178,-0.9180982695284049, 0.4459755647900822
8.61, 0.8704916201121089,-0.2282723848036825,0.07969270712426499,  -0.42870172106103,  0.172546929838381,-0.9205529312291371, 0.4467443773452064
8.71,  0.867461174904012,-0.2384392345292085,0.08758133801566162,-0.4277702493880445, 0.1796797488558919,-0.9142192726292477, 0.4442494507223571
8.75, 0.8675875392353004,-0.2386013652142619,0.08943336927228068,-0.4270397619671754, 0.1771667772205355,-0.9170393940250502, 0.4449655831275273
8.81, 0.8668295051541687,-0.2439814158969361,0.09411726613816623,-0.4245252094571422, 0.1787387892064715,-0.9149349993200534, 0.4447688448837116
8.89, 0.8665012080172385, -0.248385688134631,0.09800525650654307,-0.4217525479359746, 0.1804757867508738,-0.9118079765077801, 0.4442913191213587
8.92, 0.8653742394926722,-0.2514797641442605,0.09974791719747392,-0.4218243027873564, 0.1773914325353493,-0.9133332459816973, 0.4451480209113172
8.99, 0.8642940685467226,-0.2587435698614044, 0.1014224640739622,-0.4192386521664513, 0.1788556616029708, -0.908531217985114, 0.4445598852962444
9.06, 0.8609237313321234,-0.2654504756714624, 0.1049701909612024,-0.4211029189680169, 0.1811092196935411,-0.9029920039013957, 0.4427078585211946
9.09, 0.8608268241581141,-0.2665698469776659, 0.1064329950429957,-0.4202258304973457, 0.1753117280363654,-0.9062048503777085, 0.4440394063425232
9.13, 0.8598921588420516,-0.2680699148558793, 0.1074953538981979,-0.4209142197173504, 0.1716550438651625,-0.9089054924267799, 0.4442789531451345
9.23, 0.8584843423760113,-0.2730430758387272, 0.1094790615160067,-0.4200791393061273, 0.1735166881469811,-0.9047090248821393, 0.4417553589084059
9.27, 0.8602051750700179,-0.2712761159429429, 0.1068923647964635,-0.4183663270493192, 0.1700933123769771,-0.9054839429803209,  0.442462210214927
9.31, 0.8617112408462222,-0.2696423294444502, 0.1049072764384273,-0.4168228046546323, 0.1677012482826408,-0.9046407470219684, 0.4428896845507288
9.41, 0.8650168730684082,-0.2650834080869016, 0.1030144805953049,-0.4133577728923379, 0.1706805104704415,-0.8936258194541675, 0.4405020548136613
9.44, 0.8676396999791741,-0.2598814212956365,0.09977051313327323,-0.4119573741946846,  0.168252590780195,-0.8929106372186937,  0.441203871619275
9.48, 0.8698987806465106,-0.2545779204067765,0.09781675789518848,-0.4109721539287018, 0.1657368080680441,-0.8908964625684584, 0.4414517202819037
9.59, 0.8738782523803279,-0.2443445270305609,0.09536846559399145,-0.4093133804995999, 0.1693211720116001,-0.8774603808705861, 0.4387628168048636
9.62, 0.8750650676172143,-0.2401740497587892,0.09340499140658329,-0.4096987874008491,  0.165395124476259,-0.8763505496491205, 0.4392155694564989
9.65, 0.8759462451553801,-0.2363641854201695,0.09074412014321165,-0.4106284058210439, 0.1629827404752096,-0.8751377735680684, 0.4393880368117125
9.76, 0.8774524817523939,-0.2243739377388503,0.08463238128199865,-0.4154165065660163, 0.1652534593074471,-0.8625245465444206, 0.4361811054089924
9.79, 0.8788605277870882,-0.2190716962347197, 0.0812276734260437,-0.4159493541710131, 0.1605335370564236,-0.8630116232092411, 0.4365328065018181
9.83, 0.8805825532183286,-0.2136391448425791,0.07766834376818874, -0.415812874612577, 0.1575615624567076,-0.8618952258104465, 0.4365329554559911
9.92,  0.882518611502575,-0.1994848048479007,0.07361809864146962,-0.4194605155406453, 0.1567240892276292,-0.8555664378918745, 0.4346703410850521
9.96, 0.8839082873557607,-0.1932148597426981,0.07121788809605467,-0.4198835618268479, 0.1536658611194999,-0.8556809298073361, 0.4346624657367684
9.99,  0.886028047912887,-0.1868701253063976,0.06880711392393687,-0.4186877968271295, 0.1508284063813664,-0.8536991539184808, 0.4345613347805234
10.03, 0.8876333993774264,-0.1823729225054527,0.06680625363230847,-0.4175931339006398, 0.1487050810303745,-0.8513282177564878, 0.4343631755044198
10.06, 0.8896407279276142,-0.1790158973128844,0.06529640454026359,-0.4150049383256165, 0.1470782924880311,-0.8474210444527379, 0.4342317216863179
10.13, 0.8915497834338053,-0.1734546261202036,0.06382402423350414,-0.4134960771592929, 0.1462707644871325,-0.8365389733641155, 0.4325357793685139
10.16, 0.8929312683781655,-0.1722474395977956,0.06294257885567139,-0.4111481932714885, 0.1433246866901571,-0.8325243778334358,  0.433045870047614
10.2, 0.8931429546273172,-0.1706626024660581,0.06158198244516444,-0.4115551405535704, 0.1409518525211206,-0.8293675337150692, 0.4332235051659165
10.23, 0.8928041720439588,-0.1689950426437375,0.06010470794662506,-0.4131934723398242, 0.1389436732411143,-0.8268626904637293, 0.4333304108941339
10.3, 0.8917523674382521, -0.165106963814752, 0.0581668855696621,-0.4172937270677816, 0.1379695246069653,-0.8172508051028019, 0.4318023711299892
10.34, 0.8919086493816342,-0.1637785202576732,0.05748045280027059,-0.4175782448418021,  0.135624468483801,-0.8162707073168508, 0.4323593685351068
10.37, 0.8920329153179949, -0.158724447370463,0.05594498523960345,-0.4194687377881794, 0.1343173964049711,-0.8055551781232748,  0.431273983102525
10.41, 0.8927915562369952, -0.156507449893909,0.05558154690526773,-0.4187354563947207,  0.131965366289939, -0.804274883022339,  0.432202141343421
10.45, 0.8929052063421666,-0.1537818814162958,0.05600791448624784,-0.4194455560723769, 0.1296162161796937, -0.803138551963813, 0.4331175362969971
10.52, 0.8922061099213143,-0.1494860468991608,0.05372985604508734,-0.4227709986857652, 0.1280899219990905,-0.7936844031682251, 0.4324778158886492
10.55, 0.8917065037408991,-0.1482623174194881,0.05405892286434591,-0.4242115802723672, 0.1257434113769283,-0.7952678435679363, 0.4338969120485666
10.59, 0.8905099331571891,-0.1457352014822693,0.05443412622742289,-0.4275397893272689, 0.1238963644949995,-0.7960189988711602, 0.4347695113486557
10.69, 0.8868689659925301,-0.1394519268784068,0.05287212039424022,-0.4372884307789355, 0.1222353009636789,-0.7822205870914235, 0.4331058426722991
10.73, 0.8865786744668298,-0.1383108837930099,0.05245882715597255,-0.4382881020713462, 0.1201657470678938, -0.788060325540487, 0.4349301136458605
10.76, 0.8865782362905066,-0.1370197202422392,0.05152188393401144,-0.4388053762609238, 0.1182801130756312, -0.791752812122208, 0.4363924856828804
10.8, 0.8864865711907819,-0.1363061690907952,0.05038752206927313,-0.4393441937078125, 0.1167392898579577,-0.7947409861249817, 0.4376799398065079
10.83, 0.8864179658301624, -0.136062477867943,0.04935134916789097,-0.4396756439286904, 0.1151842921479446,-0.7974591268543271, 0.4388007651696151
10.9, 0.8862629695148446,-0.1346478149500022,0.04697911972544946,-0.4406823262448686, 0.1129872666135228,-0.7928193881745017, 0.4383977621522273
10.93,  0.887296415606732,-0.1334816640614271,0.04588559569219156,-0.4390697710816105, 0.1116367388832816,-0.7955183342979979, 0.4395762887078434
10.97, 0.8878423921238776,-0.1316423394124577,0.04485119731861184,-0.4386280735198103, 0.1100912004866448,-0.7977208689606344, 0.4405208916977141
11,  0.888532155663239,-0.1288749721327663,0.04311512228196057,-0.4382270777800884, 0.1086532548799598,-0.7987723927166208, 0.4413476847167649
11.07, 0.8893786238674446,-0.1232848347548509, 0.0394125512656556,-0.4384668736503353, 0.1058629290018833,-0.7936044281988356, 0.4410747554662118
11.11, 0.8904520824417599,-0.1204137785699015,0.03664518152666787,-0.4373245671527923, 0.1042016297808305,-0.7954376379365057, 0.4423317903102492
11.17, 0.8900536061876889,-0.1157493107888797,0.03061173577513784,-0.4398518300017296, 0.1019250952643813,-0.7929816778757908, 0.4418147456384979
11.24, 0.8895211230385719,-0.1120088688233015,0.02345712248281265,-0.4423301752501136, 0.0992117019815528,-0.7928730279027929, 0.4415678529463226
11.26,  0.890507964451017,-0.1087312539310852,0.02032806008122409,-0.4413160830969812,0.09858289768088579,-0.7959649850395016, 0.4426680289661957
11.3, 0.8916415501769535,-0.1041184243033709,0.01750531913036862,-0.4402593543351621, 0.0980283664985602,-0.7978232598394204, 0.4436928702749112
11.34,  0.8931212216320499,-0.09834359578084961, 0.01472936648441445, -0.4386867925538483, 0.09785407967677984, -0.7979750971016963,  0.4444938703116368
11.37,  0.8939999230662259,-0.09011792476758884, 0.01163848734770614, -0.4387567416738687, 0.09788733840040123, -0.7994068553767189,   0.445146682000938
11.43,  0.8962616600366441,-0.07384326756843007,0.007175165054646299, -0.4372765270952267, 0.09712902502375158,  -0.792326289937886,  0.4451670720652916
11.47,   0.895743849469667,-0.06745519971667296,0.005967907933564554, -0.4393827167768326, 0.09783277001316561, -0.7961237814377957,  0.4459142629790021
11.5,  0.8949144195869667,-0.06166783478929588, 0.00369439177433184, -0.4419407729503899, 0.09871517492093827, -0.7998387863403252,  0.4463879120055617
11.54,   0.8944546207846851, -0.05596465326062122,0.0007368063071789832,  -0.4436421774557249,  0.09951764528896739,  -0.8024063930331991,    0.446869084669977
11.6,   0.8934314818203359, -0.04342681661779524,-0.006754367121662219,  -0.4470444194645498,  0.09977705586681447,  -0.8011136924354683,   0.4462287892756603
11.67,  0.8946081145619115,-0.02975830213020025,-0.01420822654981541, -0.4456331750122136,  0.1010186995075493, -0.8002306983576195,  0.4459750290831017
11.71,  0.8960586168116361,-0.02108420681020606,-0.01482189778475784, -0.4431870467034292,  0.1029660847991835, -0.8058745378847461,  0.4469091502222928
11.79,   0.8938233495237202,-0.005593469865957157, -0.01713117773124578,  -0.4480570178553662,   0.1036172947261283,  -0.8103468091012902,   0.4463711990732087
11.85,  0.8908502033781129,0.007835706355587335,-0.02645532657163294, -0.4534585627176085,  0.1039462028101382, -0.8132322321959881,  0.4447411452557599
11.88,  0.8921651243820155,0.006609515196082549,-0.02975019547533161, -0.4506802265168983,  0.1064240704280718, -0.8241452232965631,  0.4457385751097236
11.92,  0.8934993622956966, 0.00699357157547642,-0.03298359501124065, -0.4477969378555243,  0.1084269800980568, -0.8314217342777126,  0.4466374074748076
12.02,  0.8910238870975158, 0.01070364233861193,-0.03938089153042629, -0.4521183977714651,  0.1081406708626221, -0.8409803383866524,  0.4450071519427514
12.05,   0.893019447298553,0.009754475740808566,-0.04225693781256243, -0.4479235467299766,  0.1095378554358131, -0.8475198373174445,   0.445499534058726
12.09,  0.8947237825746805,0.009628176176085745,-0.04593085252515722, -0.4441475469525165,   0.110481898126912, -0.8533113900372444,  0.4455927929143493
12.19,  0.8970270886351392, 0.01152181883954545,-0.05599698032130979,  -0.438262505468055,   0.108806870788701, -0.8538001066703755,  0.4432739283979296
12.22,  0.9003906446885706,0.006824509899761577,-0.05842333035697189, -0.4310879991959595,  0.1106347657317627, -0.8581987292417115,  0.4436915595154874
12.26,  0.9024818957682973,0.002230615936105629,-0.05917139858944381, -0.4266382933010379,  0.1118162736876842, -0.8616771414196028,  0.4439324355983028
12.29,   0.9031774390159558,-0.002176368733974698,  -0.0583451117337187,  -0.4252783330565297,   0.1127093401160602,    -0.86488280487615,   0.4439842542185086
12.38,  0.9048925716297549,-0.01088132969179567,-0.05690565372844672,  -0.421678565504595,  0.1132272657785705, -0.8561532280200382,   0.441379235051349
12.43,  0.9034150264013476,-0.01652257171312876,-0.05349699212823686, -0.4250957563753323,  0.1141661498525906, -0.8619293596579347,  0.4415354676302299
12.46,   0.903189275600997,-0.02290913129302929,-0.05101513823077863, -0.4255840638145268,  0.1148766743621348, -0.8654367871118034,  0.4417360368193381
12.56,  0.9041464468399056,-0.03537273517026301,-0.04922128085864186, -0.4229010207398772,  0.1156801779173103, -0.8580819126273713,  0.4389863808400522
12.6,  0.9032617573911426,-0.04094841898099788,-0.04126748403042896, -0.4251334554446015,   0.115298649256858,  -0.866422082059518,  0.4395192458818206
12.64,   0.903647197334647,-0.04834892021608717,-0.03371333484370723, -0.4242022763679364,  0.1150766327670053, -0.8731268886490152,  0.4396088982948978
12.74,  0.9027512929182502,-0.06476853946891387,-0.01681228547002156, -0.4249264901669618,  0.1132550695782653, -0.8743486628857576,  0.4361735648207897
12.78,  0.9045507182516996,-0.07591018026643387,-0.01271377378601632, -0.4193614647976344,   0.113557916288411, -0.8804774105449185,  0.4365877800917611
12.81,  0.9045371929626856,-0.08718118064224611,-0.01027510085906547, -0.4172605494774132,  0.1141713478380714,  -0.885840359555896,  0.4367599168458209
12.85,   0.9049361228405279, -0.09713527674112038,-0.008953715883803975,  -0.4142163904549153,   0.1147350776860249,  -0.8881608631333854,   0.4368144977655096
12.92,   0.9033580554269948,  -0.1154103304896233,-0.004855093535080179,  -0.4130389121342533,   0.1155724182695478,  -0.8861249821298177,    0.435095042979662
12.96,   0.9040005702590608,  -0.1198802595244381,-0.004432522416061457,  -0.4103560413245122,   0.1158569186845971,  -0.8878070427350598,   0.4353612099583994
12.98,   0.9040687476539659,  -0.1266745685457453,-0.001794640349916887,  -0.4081789656804974,   0.1157712576144501,   -0.890346296053214,   0.4356667261812337
13.05,   0.903702820055118,  -0.139911738340521,0.003858193797223686, -0.4046369587648057,  0.1180643564882717, -0.8867370146900559,  0.4339175204814443
13.12,  0.9025199875119764, -0.1546006562615917,0.005244215351607989, -0.4019065102596132,  0.1230785809443585, -0.8800166415728139,  0.4321525003020155
13.15,  0.9005521284412561, -0.1578944329498049,0.006629432636593241, -0.4050077754625796,  0.1248841799038339, -0.8827251308841083,  0.4329572308951065
13.23,  0.8975805434084951, -0.1654715901537554,0.009626182465624245, -0.4085042143191232,  0.1302198602086212, -0.8773239907371853,  0.4317786750231838
13.29, 0.8921892117087693,-0.1694892744618096, 0.0179112413260657,-0.4182714660909844, 0.1321400958418906,-0.8765499710457976, 0.4313971833490271
13.33, 0.8869898603247232,-0.1736107359789759,0.02505039206192616,-0.4271777305178226, 0.1321532442361324,-0.8783066732939975, 0.4315271391376039
13.37, 0.8848441247579681,-0.1758594590606516,0.02607391311685947,-0.4306326882086656, 0.1297634561834786,-0.8863610168168488, 0.4331772801648419
13.4, 0.8826633501763311,-0.1799040150765532,0.02806564840727338,  -0.43330394707775, 0.1275393958264373,-0.8939508842325802, 0.4353857767509854
13.48, 0.8792024718155047,-0.1919347729526271,0.02922615639273729,-0.4350976026439182, 0.1305052784787856,-0.8924275080424987, 0.4351063074780173
13.5, 0.8769665793770323,-0.1967606482062169,0.03175866913744307,-0.4372714128166653, 0.1300130676668532,-0.8981020170483849, 0.4362879446308277
13.53, 0.8751547120983922,-0.2012993537136374,0.03548602915507351,-0.4385471210487021, 0.1294193665571453,-0.9023653475904396, 0.4372416672322602
13.57, 0.8738493317280841,-0.2068159619372839,0.03847717209578441,-0.4383309778155039, 0.1296221339636365, -0.906163824015858,  0.437953651640607
13.64, 0.8725313727642867,-0.2132726443378988,0.04054388252941585,-0.4376756925709695, 0.1310096984136608,-0.9092755029410915, 0.4385723879485374
13.68,  0.870150274202023,-0.2206956843463057,0.04499244300533217,-0.4383008451375829, 0.1320538936214503,-0.9117053240830042, 0.4390869824179177
13.75, 0.8651488216797542,-0.2332866596820523,0.05070043938747487,-0.4410491489225298, 0.1363560453245201,-0.9121172842657363, 0.4381960597288706
13.82,  0.859072588914825,-0.2448664418705158,0.05761975064302843,-0.4457742842689962, 0.1447982559995915,-0.9100780221983017, 0.4365480102990503
13.85, 0.8599773643166571,-0.2400689179766083,0.05744974387087814, -0.446660284749533, 0.1436434927621667,-0.9169101721123808, 0.4379829356984126
13.89, 0.8615655432080134,-0.2367312847560406,0.05595427644949488,-0.4455695995916875, 0.1440792399164842,-0.9218690813828778, 0.4391892350969132
13.92, 0.8640056946728809,-0.2318012082595062,0.05267895985536286,-0.4438325384305097, 0.1422487462346583,-0.9272427128252863, 0.4413583520874101
13.95, 0.8662329274963915,-0.2240614805454361,0.04987553050039281,-0.4437898548558431, 0.1499537054924645,-0.9275318978643715, 0.4407031931424839
14.01, 0.8687867041215249,-0.2133192808837107,0.04863554338065085,-0.4442287323258489, 0.1514426197676064,-0.9303082964746866, 0.4414218100183427
14.04, 0.8705035540698329,-0.2028100140958874,0.04820537400247732, -0.445833980322658, 0.1528523286426028, -0.933361225041862, 0.4418651377608953
14.08, 0.8720928745938527, -0.192608385542916,0.04762714596540493,-0.4473116569319648,  0.153957375026877,-0.9365259582824567, 0.4420091619638064
14.11, 0.8744054045395109,-0.1834092826301076,0.04529082032856765,-0.4469060311855459, 0.1553572706289704,-0.9392686600168699, 0.4421659226088478
14.18, 0.8784267248835047,-0.1650192826738779,0.04081475545540728,-0.4466198793741732, 0.1610249970760694,-0.9404256312716124, 0.4409962683557042
14.22, 0.8811977755664679,-0.1579770032706227,0.03676382248060822,-0.4440520281338709, 0.1622802506483719,-0.9423843694008621, 0.4416116851088352
14.25, 0.8832128746087446,-0.1506377877876994,0.03342942187178913,-0.4428609085570219, 0.1631622501439663,-0.9436405083645173, 0.4419893047850442
14.33,  0.886702972898473,-0.1297789725569812,0.02549888415486776,-0.4430181696056816, 0.1737011870716108,-0.9413224033424393, 0.4398618767215402
14.36, 0.8871738471522495,-0.1333176780909879, 0.0225415560604981,-0.4411812274414261, 0.1688523795027992,-0.9436389094408993, 0.4419149136421345
14.39, 0.8881818505552586, -0.125867759827663, 0.0190249557022597,-0.4415069580420865,  0.168958188725475,-0.9436386301481859, 0.4422281371271491
14.43, 0.8894149434316008,-0.1119589918777855,0.01237076120939504,-0.4430047881955907, 0.1733774460748551,-0.9421753262995187, 0.4413782281041428
14.46,  0.8905738707025035, -0.1067247575070455,0.008065487511355024, -0.4420667262157082,  0.1728824879535988, -0.9423060086219247,  0.4420146576958447
14.53,    0.8927066919071074,  -0.09066885473716363,-0.0004103726363825777,    -0.441422459961052,    0.1766382420891584,   -0.9398009466732355,    0.4413826870705739
14.61,   0.8938668433767295, -0.07752305032464779,-0.007962227407680322,  -0.4415075100987971,   0.1793261761009824,  -0.9366974108208166,   0.4408777251820012
14.68,  0.8932442418168389, -0.0573928920958805,-0.01817319458497316, -0.4455227838790687,  0.1838973594617602, -0.9312245629349766,  0.4393375342739225
14.72,  0.8931310934836374,-0.05774244346328911,-0.02126180423134261, -0.4455677628770811,  0.1799658582192826, -0.9319019485840755,  0.4406176726150942
14.75,  0.8932009898226506,-0.05416722115545791, -0.0253135731151394, -0.4456648544670365,  0.1776306190567519, -0.9314563116976698,  0.4416360822519806
14.78,   0.892879661826105,-0.04877475222659455,-0.02839820296197471, -0.4467443459853886,  0.1752249346867702, -0.9312277861196052,  0.4423588345902604
14.82,  0.8922802511394665,-0.04058967528901902,-0.03232401725853354, -0.4484903846834847,  0.1733521578866239, -0.9314652957030856,  0.4429727597691555
14.9,  0.8918828524741679,-0.02382305217331881,-0.03858916234016282, -0.4499870573210093,  0.1738090134255895, -0.9278963839931886,  0.4421923897865987
14.93,  0.8923591623489131,-0.01778807239563579,-0.04039909802235689, -0.4491621737081399,  0.1719380350851193, -0.9272681845474224,  0.4427401654702288
14.97,  0.8924799360271904, -0.0105728319134834,-0.04234217449850289, -0.4489709955351431,   0.170838954866405,  -0.927054185079507,  0.4433104364584877
15,   0.8920100704239486,-0.001884064995914259, -0.04406021933341306,  -0.4498591081577568,   0.1691933573051217,  -0.9275512707965622,   0.4435012374454413
15.07,  0.8895886882985359, 0.01827409978914396,-0.04972017920851246, -0.4536804627339684,  0.1692806186747063, -0.9250277084883252,  0.4424001456684356
15.14,  0.8886335462037194, 0.03120008767555577,-0.05514193239644197, -0.4542206269434198,  0.1693732664723327, -0.9219837006305794,  0.4415911992664956
15.18,  0.8890848967030009, 0.03597574866873948,-0.05837048976174058, -0.4525778534640861,    0.16795425253989, -0.9224547628152884,  0.4422302950369387
15.25,  0.8886677003764598, 0.04767128625581535,-0.06394980760907307, -0.4515613185824723,  0.1683072798331283, -0.9177531463535771,  0.4417256940413938
15.27,  0.8877859123308831, 0.04974979746750213,-0.06543109763776533, -0.4528575256518638,  0.1661851828484252,  -0.919443081732332,  0.4422265497232314
15.31,  0.8870949207376787, 0.05252974873269223,-0.06856128594377719, -0.4534342430034095,  0.1650579655369974, -0.9195604037080405,  0.4425814061148132
15.34,  0.8858636886846054, 0.05746135565525912,-0.07283059412528717, -0.4545761298116843,  0.1640418299985207, -0.9198301288847757,  0.4429684854788697
15.38,  0.8848168181725813, 0.06235954830972296,-0.07674192295672286, -0.4553253757845134,  0.1629295444074526, -0.9201835842519883,  0.4432597692646399
15.41,  0.8845339420720224, 0.06682636198151082,-0.08038389938937998,  -0.454612369986398,  0.1623060692918773,   -0.91961832927792,  0.4436188085732921
15.45,  0.8849035555870808, 0.07175516385754921,-0.08308162329508689, -0.4526525965888405,  0.1618652010033023, -0.9184863968565623,  0.4440891378206867
15.51, 0.8830590829576648,0.08357763730846751,-0.0851300632362661,-0.4538439626569235, 0.1605481045808361, -0.915554812463849, 0.4433716051989264
15.55,  0.8815027536026669, 0.08958587651275968,-0.08773512043755097, -0.4552250545840072,  0.1592971982150809, -0.9169873879908863,  0.4437946319320459
15.65,  0.8779053956934573,  0.1063370488214478,-0.09727353558687715, -0.4566316273469619,  0.1572426075980962, -0.9084997100451419,  0.4427417465389447
15.68,   0.877574141180657,  0.1075500047788142,-0.09911284669437495, -0.4565887672535252,   0.156267873378356, -0.9108793130565039,  0.4437124989470558
15.72, 0.8753572858945989, 0.1103036276017401,-0.1008576098591767,-0.4597939863259194, 0.1549680764786429,-0.9143859230007969, 0.4443949429306053
15.83, 0.8696107144454774, 0.1195582682776607,-0.1049365632469179,-0.4674092201281937, 0.1505770317728301,-0.9115944507611722, 0.4432189648438161
15.86, 0.8696857190406668, 0.1185168446290781,-0.1071326430244808,-0.4670365510249941, 0.1497752552792244,-0.9159592504219607, 0.4442771746003555
15.9, 0.8701001876880039, 0.1183070210358759,-0.1089367971436853,-0.4658990469466965, 0.1489000872096148,-0.9183570711451322, 0.4452726301832018
15.92, 0.8696298796485669, 0.1197599224728491, -0.108929892808743,-0.4664072763189269, 0.1481542760813873,-0.9209075506705976, 0.4459784835571356
16.03, 0.8669313208568842, 0.1261676996485875,-0.1065197481488517,-0.4702822294068477, 0.1434956522578815, -0.919791053224167, 0.4448634290767682
16.06, 0.8675130249050105, 0.1249106042019409,-0.1022486238245994,-0.4704930892828162,  0.143613101015353,-0.9247129592100574, 0.4455982313842984
16.1,  0.8687131068008993,  0.1215204582008083,-0.09814911885066646, -0.4700394689158352,  0.1436506746192759, -0.9279212923220531,  0.4463793389606894
16.2,   0.870479440003101,  0.1113607449332477,-0.09117963415101152, -0.4706916601074792,  0.1384564143556561, -0.9271647716861535,  0.4456450572227123
16.24,  0.8722109509714893, 0.09724592653197545,-0.08656122914203751, -0.4714853931423703,  0.1393499454568509, -0.9312153507801457,  0.4463926377452219
16.28,   0.873314820358547, 0.08540340392146656,-0.08248486398747218, -0.4724656240538153,  0.1402200995582065, -0.9339812857024122,  0.4468929670289272
16.31,  0.8746503686218525, 0.06886710705336108,-0.07658052610195465, -0.4736871465604214,  0.1377502457610859,  -0.935043862801933,  0.4467524224325899
16.38,  0.8760810033797142, 0.05276285330231667,-0.06908030700760909, -0.4742637489532313,  0.1360068866636063, -0.9361904235807368,  0.4466745259263322
16.42,   0.877201917185596, 0.04709489659198723,-0.06565779718070022, -0.4732736591329911,  0.1369793236931297, -0.9383338251975154,  0.4471249127755091
16.45,   0.878583957055187, 0.03748823045848731,-0.06123699196824514, -0.4721598557224758,  0.1377256800523037, -0.9397663284971275,  0.4473454575339325
16.52,  0.8795263286398594, 0.02027479024937351,-0.05366461340205478, -0.4723796301036801,  0.1359575624894429, -0.9418312056170125,  0.4463462274211452
16.6,   0.8825646315338497,0.0004808527419665198, -0.04634444489401204,  -0.4679013442302487,   0.1343375596016857,  -0.9425054286572195,   0.4459301089636749
16.63,  0.8836008050872124,-0.01296389311447088,-0.04315776184803014, -0.4660675893855558,  0.1362297048321372, -0.9434573821534286,  0.4460940701176165
16.7,  0.8855453302174924,-0.03509827151987421,-0.03673486428267386, -0.4617663530090631,   0.134632899221627, -0.9438356020449887,  0.4454960807676932
16.77,  0.8844610631776848,  -0.056209558061318,-0.03160540575082749, -0.4621366109618712,  0.1345721075365399, -0.9461193968864793,  0.4442225121938992
16.81,  0.8848793751188944,-0.06167739355982538,-0.03191053317973358, -0.4606149628962287,  0.1363048159969378, -0.9459466360376398,  0.4443096271352429
16.88,  0.8857414891325397,-0.08528153611283268,-0.02909480883818066, -0.4553488790861617,  0.1376419521652349, -0.9440479158353358,  0.4430230162707113
16.91,  0.8856549822138005,-0.08531497607154193,-0.02714684619245353, -0.4556310916063958,  0.1399440413479538, -0.9447449105354444,  0.4434392770883245
16.99,   0.886539525539661,-0.09751206512114952,-0.02380543912302777,  -0.451633040685387,  0.1453008355686164, -0.9414243834430551,  0.4431366631422725
17.06,  0.8867878917561413, -0.1060624007349054,-0.01648624917048755, -0.4495400330695619,   0.148622670208064, -0.9397276278314749,  0.4424216866944797
17.09,  0.8866642348335483, -0.1102825910666076,-0.01251620844804396, -0.4488960512853796,  0.1505726978963576, -0.9397738259107086,  0.4428668263697974
17.16,   0.8859737325948454,  -0.1227742631070446,-0.006679729510509158,  -0.4471380572518885,   0.1538513528888499,  -0.9376205475418006,   0.4419866414264367
17.2,   0.8848693439235514,  -0.1322383779261179,-0.002436275362974444,  -0.4466691792691505,   0.1567440720828135,  -0.9359490084831749,   0.4412122378944212
17.24,    0.884051824815373,   -0.133400873331818,-0.001225552172252981,  -0.4479454337479486,   0.1571202997781703,  -0.9373353288942483,   0.4418443472227788
17.27,  0.8832233110740846, -0.1370985517694116,0.001166543880863041, -0.4484632031864847,  0.1579317956896621, -0.9374016152584344,  0.4421420489911293
17.31,  0.8821085555104216, -0.1431240316937208,0.005989562281854655, -0.4487361903719956,  0.1592564423483533, -0.9376754380104695,  0.4425793804385221
17.41, 0.8785200479893431,-0.1640306533495304,0.01760093551617697,-0.4483154164986202, 0.1672812977168819,-0.9336015985016545, 0.4405503464768098
17.45, 0.8778599276077402,-0.1662750380553001,0.02010243283164881,-0.4486763722031042,  0.168519870769947,-0.9337294681783461, 0.4413698910763737
17.48,  0.876622952552214,-0.1715718615209308,0.02314867954013594,-0.4489537499423266, 0.1702171365329418,-0.9328665880973629, 0.4416748532622383
17.51, 0.8749061111115151,-0.1765862257084605,0.02671444929784056,-0.4501588335102693, 0.1714702795689143,-0.9325159476339837, 0.4419237842169847
17.55, 0.8735137459310852,-0.1817527568668494,0.02942369028356984,-0.4506372743678528, 0.1732750934495239,-0.9319428350494118, 0.4421882859593906
17.61, 0.8692363368310985,-0.1904811463225975, 0.0372684126493909,-0.4547045464975301, 0.1758793226258137,-0.9313636322760386, 0.4410803842324592
17.65, 0.8670191990934224,-0.1930768774084659,0.04041553804100162,-0.4575649108676278, 0.1749007795411188,-0.9326384098456429, 0.4414372976423642
17.68, 0.8656670305673522, -0.195004062399793,0.04217914584524129,-0.4591459060591672, 0.1744487215201749,-0.9334543174721729, 0.4416606908774713
17.75, 0.8640246678627475,-0.1985828798514591,0.04308431430799683,-0.4606191383062878, 0.1766496898228058, -0.933729208879609, 0.4406223185680463
17.82, 0.8661427441993768,-0.1928519663863633,0.03317525056891041,-0.4598959708893124, 0.1809241274257087,-0.9331118924077983, 0.4400283050887156
17.86, 0.8681192278541093,-0.1833845306737093,0.02755754306725564,-0.4604125731542436, 0.1811607940279359,-0.9345426132605292, 0.4406492297863285
17.89,  0.869545947499885,-0.1752465341223198,0.02401546065701363,-0.4610876171324935,  0.181297961909917,-0.9352717838084824, 0.4411566962986993
17.93, 0.8714618287289452,-0.1679398358210634,0.02032407263380448,-0.4603666584834532, 0.1817014876503361, -0.936223890286488, 0.4418654056000598
17.99,  0.8777501548596887, -0.1614644915399384,0.007666543964717637, -0.4510267655893896,  0.1940293388633052, -0.9317521204647063,  0.4421123905472186
18.03, 0.8794310328579217,-0.1452317749947379,0.01439163245802338, -0.453102313448483, 0.1958413735842315,-0.9322964344215708, 0.4419320575241258
18.06, 0.8765383743232241,-0.1362444575226233,0.02146667429186072,-0.4611476375162952, 0.1883016200029643,-0.9365345358815077, 0.4424733569413178
18.1, 0.8785742336017148,-0.1359221635507932,0.01098809111194471,-0.4577245666548755, 0.1902646762429697,-0.9361727369399878, 0.4438951064759805
18.17,  0.8816899848540807, -0.1254290398769939,0.003834595506521238, -0.4548358583046143,  0.1913470600909623,  -0.929835605867206,  0.4444535571715656
18.2,  0.8821859323915848,  -0.119228316763324,0.002278272726194797, -0.4555517909134013,  0.1894318453643747, -0.9283972124482973,  0.4457907070002587
18.24,  0.8768038355273757, -0.1095413548951642,0.008954786141484761, -0.4681191866781599,  0.1827203309368425, -0.9353260418137855,   0.446049321565059
18.27,  0.8790009055949199, -0.1072257674228845,0.002757065919077734, -0.4645992648619336,  0.1847091899930152, -0.9346878459715879,  0.4477168931752644
18.34,  0.8833157921899186,-0.08451636288387437, 0.00702709910974858, -0.4610432204357064,  0.1778998263756449, -0.9285044947526511,  0.4479229611601817
18.38,  0.8814172820158139,-0.07825857917450169,0.004435862263012513, -0.4657891458957307,  0.1756475754761886,  -0.940796409582541,  0.4478081326121563
18.41,   0.8890327518683296, -0.06561387121376305,-0.002212502101702679,  -0.4531122668865474,   0.1726319140730936,  -0.9302320967935405,   0.4493628474436375
18.44,    0.8880692856909079,   -0.0593302784750015,-0.0008270242214079848,   -0.4558642489363518,    0.1745316187680248,   -0.9293940437794955,    0.4505199271265708
18.48,   0.8842002867078564, -0.05238873811242789,-0.002935920258021779,  -0.4641515798053666,   0.1714068715157951,   -0.938385953327643,   0.4497223026780927
18.55,   0.8828807218353191,  -0.0392582272050721,-0.002759703636754929,  -0.4679453410420346,   0.1716788269238204,  -0.9370692191521197,   0.4490774025406119
18.59,  0.8898381352709219,-0.03944240243661801,-0.02053751151205391, -0.4541042128050964,  0.1716345883651944, -0.9371406738849511,  0.4502926648552329
18.62,  0.8880741109757477,-0.03067894544419308,-0.01899378573997515, -0.4582820609441081,  0.1666829523391713, -0.9359563342834955,  0.4496933106991464
18.66,  0.8889791376552035,-0.03092452204684537,-0.01998871847453149, -0.4564649531372357,  0.1662752226510081, -0.9349283193795994,  0.4502504506903789
18.7,   0.886124435613483,-0.03118181393282698,-0.02666375635331847, -0.4616278357557343,  0.1682246211069675, -0.9416442918129145,  0.4517864136987306
18.77,  0.8911099825927311,-0.01753571940954124,-0.02098949753001278,  -0.452962442174467,  0.1597487046439306, -0.9377106591035373,  0.4483910606219437
18.81,  0.8898008014574468,-0.01414926029977798,-0.02268205196684031, -0.4555654642705874,   0.160048203886597, -0.9359479481531413,  0.4487126063647009
18.88,   0.8923441496323394,-0.001523634433978127, -0.03720155792450985,  -0.4498173816137893,   0.1594352419304754,   -0.925800038667242,   0.4503793405971852
18.92,     0.891055141855793,-0.0008254985196589071,  -0.02708930203976331,   -0.4530852657043625,    0.1569252770833859,   -0.9169646999186426,    0.4510894193458452
18.94,    0.884669910013802,-0.002054244977940212, -0.04152121040293155,  -0.4643608026516288,   0.1596321606733921,  -0.9256504516102296,   0.4502249468987155
18.99,  0.8912351045719755,0.003465732871111848, -0.0428980803962998, -0.4514950357771457,  0.1581707135249615, -0.9121844725904366,  0.4529694819786166
19.02,  0.8836157778335649,0.001251820891330135,-0.04978469282504183, -0.4655567742254471,  0.1643553130413948, -0.9262299715202525,  0.4530206483098182
19.12,  0.8755815575759637, 0.01562398069475912,-0.06630656549328448, -0.4782429321918217,  0.1650661464349181, -0.9205379518347689,  0.4512499185227359
19.16,  0.8793339005676339,  0.0190221159343637,-0.05800340536470516, -0.4722771336226592,  0.1663965100519142, -0.9192105698263556,  0.4524761694331395
19.19, 0.8779462582919091,0.01900742660627164,-0.0558797990276674, -0.475106902606685, 0.1675231152560565,-0.9213105939758039, 0.4525837241319901
19.23,  0.8771903039252064, 0.02030547594627041,-0.05567770843047459, -0.4764712863216188,  0.1671954663278057, -0.9207989587206797,    0.45330518745968
19.33,  0.8670461479225204, 0.02580288833282068,-0.06088169641658714, -0.4938204561646764,  0.1615377646291359,  -0.927713191428412,  0.4501598569552816
19.36,  0.8665212508468852, 0.02008797607886914,-0.05073098644756935, -0.4961489671668265,  0.1637599309019304, -0.9286361713562411,  0.4508794601549643
19.4,  0.8763632549749516, 0.02134087439868565,-0.06814314525945056, -0.4763282058860303,  0.1584466772629573, -0.9157291045835578,  0.4547843060389514
19.51,   0.830613230285421,-0.01735202128542862, -0.1175490625368056, -0.5440246524631893,  0.2407055068615474, -0.9956626388128454,   0.452769762470951
19.54,  0.8910892076044821, 0.04738158160798422,-0.01419662800468829,   -0.45112470684644,  0.1571435345342728, -0.9280167062374745,  0.4501978232341824
19.57,  0.8789982159368603, 0.03611315705641649,-0.01236716780077346, -0.4752947138215093,  0.1593661212239852, -0.9280998773439557,  0.4504025088828979
19.61,  0.8965190214465921, 0.03681298901036195,0.001468826919974076, -0.4414706401686237,    0.14238948701798, -0.8985789481647761,  0.4592248976174478
19.68,    0.853049497437827,-0.008639066876157564, -0.06094084486284387,  -0.5181873893012359,   0.1819935987653302,  -0.9290771879169651,   0.4546833113104816
19.75,  0.8795316268770209,-0.02360651331880381, -0.0883345691894076, -0.4669731141050409,  0.2454202929852015, -0.8719713240229608,  0.4625543519653336
19.85, 0.9078737630818445,-0.2091019093525019,-0.3297982499118109,-0.1525607148865749,0.06239705232846097,  -1.03674269639162, 0.4690360912342759
19.93, 0.9183021081991215,-0.1338594229125205,-0.2400537441925686,-0.2849160024157158, 0.1060391592590102, -1.005458312115408, 0.4607130459380026
19.99,   0.884337978643698,-0.07594305892810443, -0.1328618778778513,  -0.441051865764832,  0.1458899492727582,   -0.92885076364261,  0.4564887850206467
20.06, 0.8538086063194625,0.05694600643115555, 0.1260943140910186,-0.5018647981669195, 0.2219183302038981,-0.9357331718852484, 0.4712624432984992
20.16,  0.7623541409652412,0.009913168448651533,  -0.112182968482183, -0.6372855796154741,  0.1759212636958557,  -0.783074866965948,  0.4864443216208695
20.2, 0.8390590875021371,0.08767700379181825,0.07309830084937666,-0.5319297553793657, 0.3083012685258456,-0.8740344430139737, 0.4590286423946136
20.27, 0.8684037297561431,0.05754000980357715,0.04382633088781326,-0.4905541740696769, 0.3744808390663986,-0.9583568588088721, 0.4692838253007364
20.36, 0.8527630369525727,0.06636634600377289, 0.1083918726861491,-0.5065984094131859,  0.260306771815933,-0.6879245035040122, 0.4774812116713102
20.4, 0.8786369120132187,0.05367316883595991,0.09081332276382306,-0.4656923273604828, 0.2889456303906041,-0.7649771600810823, 0.4723058446824929
20.51, 0.8516144346626424,  0.233177739115245,  0.356775759009022,-0.3051099637798058, 0.4694356427916463,-0.7688382336456258,  0.495813580355856
20.57, 0.8564001022518609,-0.0659228936622423, -0.113580787831593,-0.4993320309659707, 0.3724078767082886,-0.8169800175119589, 0.4862961093022318
20.61,  0.8575084982399614,-0.05633304890301577,-0.07586104020276879, -0.5057182033363423,  0.3390842518887789, -0.8445245657523368,  0.4847529326321044
20.71,   0.8318030493670725, -0.02768734933559514,-0.003148270597247982,  -0.5543710144853375,   0.3593781316785433,  -0.8150530613408303,   0.4773225776390956
20.78,    0.8496983626248311, -0.009865317801170448,-5.124011381585358e-06,   -0.5271768238361343,    0.3506929024792049,   -0.8152490302527828,    0.4688384646363941
20.85,   0.8522950848271504,-0.008513457192210638, -0.01641596142497509,  -0.5227343122423265,   0.3271903105028425,   -0.825360403168206,   0.4785293511607614
20.92, 0.8552487130209899,0.01280753298796178,0.01737730677300098, -0.517767969985463, 0.3625954987811472,-0.8245461634946631, 0.4701224296824754
21.02,  0.8648545274953252,  0.0144977142937372,-0.01755587124089489, -0.5015060213944749,  0.3132520857538972, -0.8371799582948717,   0.467475444326337
21.06,  0.8631816023009907,   0.015980508447618,-0.01196662005332294, -0.5044987416854443,  0.3778424287993492, -0.8309762660651476,  0.4539427758681803
