time,accX,accY,accZ,wRoll,wPitch,wYaw
0.06,          -0.28411,            0.3768,-9.932209743780826,                 0,                 0,                 0
0.09,  -0.2841099995348123,   0.3768000001157077,   -9.927442483170973,  0.01711593179540963,8.532136474755503e-08,  0.07771288451091603
0.12, -0.2841099994706553,  0.3767999997951664,  -9.921861904763308,0.008875120440626359, 0.01763425921881142, 0.08221241085597081
0.16,-0.2841100108994196, 0.3767999869304102, -9.914765877530687,-0.0525332952759397,0.05248359968756199,   0.11724719410449
0.2,-0.2841100119039897, 0.3767999949400611, -9.910016294256694,-0.0408292651311087, 0.0225615351238003, 0.1494241656747149
0.24, -0.2841100060042316,  0.3767999976233993,   -9.90334634181672,-0.02263423950818851, 0.01819369398331246,  0.1555801325668017
0.27,  -0.2841100018154879,   0.3768000033109611,   -9.896302526213402,-0.003702726084466788, 0.001480175224826934,   0.1286667882344096
0.3, -0.2841099993825358,  0.3768000069947038,  -9.890054170567012, 0.01516840037488682,-0.01691068227669335,  0.1093782699787183
0.34, -0.2841099956743014,  0.3768000057910019,  -9.885617660880087, 0.04984676866417864,-0.01947165695744834, 0.07750421082057747
0.37,  -0.2841099949809053,   0.3768000032408206,   -9.881693869445087,  0.07074033877011736,-0.003837853500264595,   0.0572526222463054
0.4,  -0.2841099911358241,   0.3768000035469817,   -9.877955250764037,  0.05780691004972441,-0.001413516584914507,   0.1095394250053105
0.45,    -0.284109986134478,    0.3768000031531717,    -9.877398376410829,   0.07154279648061466,-0.0009571346987680062,    0.1337679315434738
0.47,   -0.2841099922251221,    0.3768000005985842,    -9.876805218552478,    0.0418957669067918,-0.0008743494765147209,    0.1244206748455215
0.49,-0.2841099960315602, 0.3767999967894079, -9.875690260235482,0.02092810425716963,  0.029810269290095,0.09449819179820888
0.53,-0.2841099978702744, 0.3767999981673341, -9.876613819403765,0.01999169934607346,0.03294382567346365,0.06013487818647669
0.56, -0.2841100000233284,  0.3768000012155638,  -9.876066609318016, 0.00290404613275999, 0.06632847591271103,-0.01499856791934485
0.59,  -0.2841099976760481,   0.3767999994349305,   -9.876568577668294,0.0001240485614871272,  0.02461062605698322,  -0.0591251970584916
0.63,   -0.2841099978277641,    0.3767999982259561,    -9.878451280544414,-0.0002894140449711292,  -0.01280363984657616,  -0.03963869593574223
0.66,  -0.284109996404791,  0.3767999965674352,  -9.881737504055026,-0.01595538724288935,-0.06507182794439263,-0.03587061834364352
0.7, -0.2841099959674408,  0.3767999979714236,  -9.883039227460825,-0.03382508757105971,-0.04161630609992824,-0.03511144955545777
0.73, -0.2841099984616833,   0.376800000552062,  -9.882388153937345,-0.02085312105964163, 0.02414245460619865,-0.02087724335955592
0.76,  -0.2841099993061261,   0.3768000007477323,   -9.881809303149511, -0.03438420669998389,  0.06498593780476151,-0.004046215475184581
0.79,-0.2841099996569828, 0.3767999995878722, -9.878470393373568,-0.0208272504645038, 0.0710466343073428,0.01328168524554053
0.83,  -0.2841099993607687,   0.3767999991115246,   -9.874498794111695,-0.003286711683748663,  0.04095897364942409,  0.03070052234245987
0.86, -0.2841099994437173,  0.3767999995194694,  -9.869866359169624,-0.01611324208461852,0.005534067879214865, 0.04814756716700521
0.9, -0.2841099968492188,  0.3768000012254939,  -9.866265845810053, 0.01293527531149194,-0.01515782841430564, 0.06559139522070596
0.93, -0.2841099931353412,  0.3768000039067697,  -9.864802542016346, 0.03375208898144039,-0.03519908328694599,   0.083031484441576
0.96,  -0.2841099913202104,   0.3768000009546874,   -9.864895920555313, 0.002786217816904748,-0.003398238845343082,   0.1021581779638075
1,   -0.2841099961587645,    0.3768000013862723,     -9.86661200305209, 0.0003385205308752259,-0.0009827433619053654,   0.06190280514745946
1.03,   -0.2841099995695544,    0.3767999999339408,    -9.867118587311905,  -0.03091562751576453,-0.0006551188430880904,   0.01203276735746522
1.07,  -0.2841099969771009,   0.3767999996944688,   -9.865428151204874,-0.004887884222882059,-0.000594266679995378, -0.02577879503702746
1.11,    -0.284109998665827,    0.3767999995429882,    -9.863442069089126, -0.000937531591396806,-0.0005417929098046544, -0.005020458791905619
1.14,   -0.2841099988744464,    0.3767999994132706,    -9.861352999651654,   0.06109738700609776,  -0.04656556783547772,-0.0009959751316835058
1.18,     -0.28410999882085,    0.3767999990888429,    -9.859860503449339,    0.1624095327825071,  -0.09938390133637676,-0.0002383521729830084
1.21, -0.2841099976165417,  0.3768000005845537,  -9.857891069161232,  0.1621375879223137,-0.06116413631885935, 0.01398612892400975
1.25, -0.2841099955359244,  0.3768000015097008,  -9.857671806807172,  0.1313745338154137,-0.00941724943959164, 0.03084288032701369
1.27,  -0.2841099946467687,   0.3768000026657463,    -9.85691163678637,  0.05013389147922574,-0.001679080978727747,  0.04816325035982465
1.3,   -0.2841099971254761,       0.3768000012135,     -9.85579346914378,   0.02220771340024801,-0.0002456365097206215,   0.03748161564258828
1.34, -0.2841099962569191,  0.3768000024865287,  -9.852473213440332, 0.02864113715756948,-0.01692134991244882, 0.04409767912129591
1.38, -0.2841099943554488,  0.3768000053544164,  -9.850351130741364, 0.06498690249116346,-0.06348399592352816, 0.05056923145236796
1.41, -0.2841099907556875,   0.376800008739381,  -9.847664316126542, 0.08612542154915037,-0.08615618553380576, 0.06598136164295525
1.44, -0.2841099857016673,  0.3768000117919774,  -9.845350845394874, 0.07403420876873187,-0.05889331073027318, 0.08308020805710695
1.47, -0.2841099855957984,  0.3768000107087695,  -9.845828811518505, 0.04160775426791331,-0.05476498375510096, 0.08639770947115524
1.5, -0.2841099903661385,  0.3768000067001933,  -9.844948842390938,0.006127318660332742, -0.0235824938923077, 0.07301243201173273
1.54, -0.2841099858657603,   0.376800012125933,  -9.845181585060061, 0.01619235474060298,-0.06471378899661227,  0.0844154783252393
1.57, -0.2841099824515467,  0.3768000129052396,  -9.843874123998722, 0.04827255218971867,-0.05552774713933605, 0.08666834085442757
1.6, -0.2841099906517579,  0.3768000051079464,  -9.841296033879171, 0.06815780740213701,-0.03885917012765348, 0.05901341466941189
1.63, -0.2841099927155241,  0.3768000044538748,  -9.840323079035139, 0.05580273018528199,-0.06686082064337993, 0.05357784638054254
1.66, -0.2841099977361961,  0.3767999997937082,  -9.841642829014532, 0.06897320913472274,-0.07110399969941714, 0.01034803036329638
1.7, -0.2841099975927459,   0.376799999134978,  -9.840309709484595,  0.0708800008999364,-0.04118001460456251,0.001985507226454279
1.73, -0.2841099934815705,   0.376799998911669,  -9.841858227885474, 0.04042683121636265,-0.03675695964938718,-0.02778548822081648
1.77, -0.2841099787896075,  0.3767999995205308,  -9.845535990684573, 0.03560341486889271,-0.06668099523191907,-0.06175352711707865
1.81,  -0.284109971509977,  0.3768000012420251,  -9.847012565159492,-0.02618075384967134,-0.05590590127493968,-0.06839031247049299
1.84, -0.2841099841313328,  0.3768000000990699,  -9.850745502051234,-0.06572625481078885,-0.06940670760561733,-0.04160208316648854
1.88, -0.2841099788975134,  0.3768000001885926,  -9.852522917509953,-0.04119598187733609,-0.07142077287295495,-0.05041023984556455
1.91,  -0.2841099953698958,   0.3767999993010003,   -9.850103771556176, -0.02187165595702719, -0.04104791503254925,-0.009866165159212707
1.95, -0.2841099784161626,  0.3768000006701352,   -9.84591986442407, 0.02637813613976213,-0.02142771725607721, -0.0581694103588551
1.98,  -0.2841099322411371,   0.3768000018991069,   -9.843162344938024,  0.09411503036347525,-0.003512837538097973,  -0.1237538356042764
2.02,  -0.284109879717963,  0.3767999950658998,  -9.844256178270337,  0.1191443473142326,-0.01629692523428679, -0.1646848799085029
2.05, -0.2841098547147643,  0.3767999943395373,  -9.846853784332094, 0.09224553536800791,-0.03346761058575387, -0.1727207709886953
2.07,  -0.2841098297010101,   0.3767999967123351,   -9.845888219378176,  0.07289417057362692,-0.005621535109418254,  -0.1882945567537864
2.11, -0.2841098137597617,  0.3767999978636164,  -9.845392838521251,0.009032449937939111,-0.01666945223479574, -0.1914233182451826
2.14, -0.2841097592122079,  0.3767999780413318,  -9.848279545770918,-0.03118426421136154,-0.07940609595368371, -0.2062585452944843
2.18, -0.2841095798948429,  0.3767999415127487,  -9.846404032343393,-0.03773821840623524, -0.1347550044319912, -0.2795640191477831
2.21, -0.2841095389801058,  0.3767999171115399,  -9.844913373462541,-0.05394922248668296, -0.1430649985420407, -0.2938299964454093
2.25, -0.2841094244197795,  0.3767998861460631,  -9.842992535501972,-0.02620339148944386, -0.1443948283243651, -0.3387736673036328
2.28, -0.2841092613973438,  0.3767998735505705,  -9.838929729979345,-0.02235955691678923,-0.09899604143225986, -0.4036832229562802
2.31, -0.2841090478436485,  0.3767998281128552,  -9.838004980277526,-0.03740337740938161,-0.06203461382887406, -0.4585040794805151
2.35, -0.2841089358539209,  0.3767998067188471,  -9.836981589143065,-0.05503459604885254,-0.07166089118952466, -0.4833173844268255
2.39, -0.2841088768982319,  0.3767997434586186,  -9.834827731058054, -0.0576717455849312,-0.07321492924358337, -0.5021831894617351
2.42, -0.2841089064104265,  0.3767996690474827,  -9.835555410954067,-0.02755413757153485, -0.1343303583044383, -0.4918962838164438
2.46,  -0.2841089255602836,   0.3767996545123019,   -9.834466067200848,-0.007854607191064339,  -0.1585051425623856,  -0.4899049967766215
2.49,  -0.2841088053605274,    0.376799602684346,   -9.835842781659252,-0.005220750325282038,  -0.1318500687518364,  -0.5035682594998407
2.52, -0.2841082684998706,  0.3767995413370028,  -9.834960107906547,-0.03623998050434877,-0.09755391350622543, -0.6047640204399822
2.56, -0.2841075857681326,  0.3767993370376669,  -9.837868197685331,-0.07246636561197664, -0.1383598007906142,  -0.681022289051456
2.59,-0.2841073486971083, 0.3767991853401961, -9.843480418032902, -0.108749249654538,-0.1598217730913168,-0.6679219823318859
2.62,-0.2841077147010256, 0.3767994134088216, -9.837594737939053,-0.1589798179726256,-0.1620654065528633,-0.6371960089567433
2.66,-0.2841078612099971, 0.3767993506298956, -9.838773498585407,-0.1663478887071138,-0.1928667392565905,-0.6031457975924019
2.7,-0.2841080364842688, 0.3767994259800172, -9.836020331375318,-0.1062618336558663,-0.1819177273978561,-0.5962787104334087
2.73,-0.2841081160538457, 0.3767995357100477, -9.834912807348731,-0.1123975044391512, -0.164698157954494,-0.5809409375811725
2.76, -0.2841085746364624,  0.3767996756730778,   -9.83599000486905,-0.09724990882760851, -0.1161792853924252, -0.4934012254584955
2.8,  -0.284108915060555,  0.3767997747830467,  -9.838845342205545,-0.04869126759099664, -0.1087062654115246, -0.4199346286403756
2.83, -0.2841091663248441,   0.376799848197326,  -9.839168536940971,-0.02564817523155801,-0.03143481991545158,  -0.363272598411148
2.87,  -0.2841093196547668,   0.3767999019501675,   -9.840274747315318,-0.006630996082981969,  0.01059448076521101,  -0.3240103713286469
2.91,  -0.2841095130503904,    0.376799941993388,   -9.846171587350046,-0.003169546166312528,   0.0321407174185526,  -0.2600612631161213
2.94, -0.2841098409779668,  0.3767999905574328,  -9.854365047663414,-0.04653283253073972, 0.06598081043361373,  -0.135048328456756
2.97,-0.2841098752026183, 0.3767999925385426, -9.865289738138657,-0.0224087506680083,0.07098135807084704,-0.1106079618719851
3,-0.2841098752177464,  0.376799992406602, -9.872759428537121,0.02676371159628046,0.08684624565823335,-0.1057076007639638
3.04, -0.2841099250546146,  0.3767999996401443,  -9.876932166031372,0.004181088134175077,  0.1196179603937164,-0.07665445680568757
3.07,  -0.2841099338292273,   0.3767999991028816,   -9.878373327378096,0.0007926680910438305,  0.09409257778974434, -0.07103612325214395
3.1, -0.2841099681773649,  0.3768000022666845,   -9.88131033809888,0.000778376662670732,  0.1055073329400285,-0.04175765949296977
3.14, -0.2841099858969046,  0.3768000019659347,  -9.882465485478869,-0.02933171588357963, 0.09206313234813977,-0.02208484081309931
3.17,  -0.2841099932664327,   0.3768000015161915,   -9.874338221422406, -0.01849461344321212,  0.07490429820407001,-0.004157735427195654
3.21,-0.2841100035923377, 0.3767999970460875, -9.864874307895837,-0.1380842042821804,0.04201585463856677, 0.0271459406181183
3.24, -0.2841100069881617,  0.3767999987913983,  -9.858299278619873, -0.1716490386556704,0.006586991480092073,0.005062442452308615
3.27, -0.2841100044297055,   0.376799998896358,  -9.856534378494187, -0.1157467032028701,-0.01388920797411167, 0.01498331610719116
3.31, -0.2841099762944655,  0.3767999910869117,  -9.859331282922822, -0.1216611038299653,-0.03193156656570909,  0.0731657205987622
3.35,  -0.2841099283698892,   0.3767999789744086,   -9.855593366936908,  -0.1069436535545138,-0.004113875444193208,   0.1126902603740337
3.38, -0.2841098776766774,  0.3767999688321884,  -9.857261282043115,-0.01327842816906651, 0.01529834403360985,    0.13466685111152
3.41,-0.2841098498186018, 0.3767999586154588, -9.862414681348573,0.09195885494419277,0.04866061833107236, 0.1391609840076291
3.45,-0.2841097727777481,   0.37679992565884, -9.868868543267915,0.07780595153675808,0.08429569377644375, 0.1681003827816391
3.49,-0.284109833059559,0.3767999281665538,-9.873962227994371,0.0145038530403678,0.1503420375066568, 0.145486109732276
3.52, -0.2841098381773801,  0.3767999211678374,  -9.879347418027951,-0.01019548671049271,   0.220931054024405,  0.1411212967035059
3.56, -0.2841096988121755,  0.3767998568842013,  -9.892952563087896,-0.02812749961254401,  0.2470449441590943,  0.1825274058051086
3.59, -0.2841092177849276,   0.376799622441689,  -9.898996667430866,-0.07451925958903388,  0.2672128792577112,  0.2890047634262281
3.62, -0.2841087424444509,  0.3767993775797859,  -9.899447814997945,-0.06521925050484098,   0.271026959590539,   0.365937366777672
3.66, -0.2841084751413085,  0.3767992105104933,  -9.906890981857892,-0.03297120424573728,  0.2722124826609366,  0.3948995104465391
3.69, -0.2841083844210243,  0.3767990841505665,  -9.914635963019263,-0.05852465111155741,  0.3638199767831078,  0.4005494496078739
3.73, -0.2841083658129265,  0.3767990536142498,  -9.905469822171021,-0.09316158653305152,  0.4076059833897418,   0.415525273221975
3.76, -0.2841088483162415,  0.3767993031806094,  -9.885508189896084,-0.05436059874242496,  0.3978455760419106,  0.3760241149182401
3.8, -0.2841089021549589,  0.3767993389971001,  -9.870354575010685,-0.04907831461270225,  0.3352870491650607,  0.3963233381681096
3.83, -0.2841086530940289,  0.3767992098493868,  -9.860455918284396,-0.06346065018457757,  0.2501461973763718,  0.4704956873131819
3.86,-0.2841089918165988, 0.3767993935060249,  -9.85013817238533,-0.0514050995137411, 0.2214759006611155, 0.4427493838043651
3.9, -0.2841093546013275,  0.3767996383995448,  -9.842157150323896,-0.06553790389715705,   0.185923114846666,  0.3811481295037294
3.94,-0.2841095569126669, 0.3767997484408044,  -9.83763895290075,-0.1137022303397424, 0.1497802083280961, 0.3411591530254423
3.97,-0.2841096330490749, 0.3767997562803753, -9.829746346760857,-0.1517232678343375, 0.1137868197413887, 0.3615758623245331
4,-0.2841096120268933, 0.3767997810602044, -9.824642291992582,-0.1271026885396259,0.00198982233607321, 0.4077362889643449
4.04,-0.2841096573105469, 0.3767998946761695, -9.819355709897186,-0.0475461799091294,-0.1364349953043605, 0.4026405084380617
4.08, -0.2841096515254191,  0.3767998963307073,  -9.813513722549718,0.009783891023788203, -0.1722299177100404,  0.4297258238860208
4.11,-0.2841096960620793, 0.3767998573744273, -9.808620015438471,0.06372068334433638,-0.1470936280975537, 0.4208746543306942
4.14,-0.2841098118471033, 0.3767998999128598,  -9.80621724879734,  0.162645200755304,-0.1282059436043225, 0.3207279791013466
4.17,-0.2841098986466348, 0.3767999564696471, -9.803298264938844, 0.1923804156997469,-0.1104062020729817, 0.2309861586385193
4.2, -0.2841099208249211,  0.3767999454384401,  -9.800735092458364,  0.1207470002774313,-0.09253044225423904,  0.2276107198960688
4.24,  -0.284109927380061,  0.3767999607345148,  -9.796487417192861,  0.1403629222916797,-0.07471290581301486,   0.212899188444323
4.27, -0.2841099589945591,  0.3767999719424754,  -9.796086251563922,  0.1279405485656244,-0.08730711920702408,  0.1678753263569099
4.31, -0.284109981913807, 0.3767999862228799, -9.797322859946954,0.09561157530413202,-0.1044638860811177, 0.1169415548707091
4.34,-0.2841099953581345, 0.3767999928635495, -9.799195965671071,0.01477611220928586,-0.1071437081388568,0.07892673078739085
4.38, -0.2841100003989378,  0.3768000002622824,  -9.799799234155214,-0.07325605507745818,-0.07742055452036677, 0.01530869116354353
4.41, -0.2841099937482973,   0.376799996955571,  -9.801391474777644, -0.1319764892343967,-0.07317278270220764,-0.03925890237296403
4.45, -0.2841099857433717,  0.3767999845231862,  -9.802539993674806, -0.1103897385198396, -0.1030048442390663,-0.07799592573712645
4.48, -0.2841099965878371,  0.3768000001754984,  -9.802707879499895, -0.1677910508930703, -0.1374726479543083,-0.01526397300397532
4.52, -0.2841099985294259,   0.376800000927006,  -9.803719261199817, -0.1459514319526259, -0.1728501726748275,-0.00304741742362341
4.55, -0.2841099981896689,  0.3767999989866017,  -9.802962217781847,-0.08195089990939823, -0.1325787283635222,-0.01467424340937736
4.59, -0.2841099950927911,  0.3767999935373394,  -9.803902862682584,-0.04204807679679481,-0.09628728415425701,-0.04503737888002501
4.62, -0.2841099936144624,  0.3767999869191694,  -9.805019801014511, 0.02459488375670088,-0.07574093455027668,-0.06494995177787635
4.65, -0.2841099959201401,  0.3767999912984228,  -9.805309398494414, 0.03456520177358947, -0.0422254036594882,-0.05476819246624627
4.69, -0.2841099823349504,  0.3767999751579799,  -9.808478906738561, 0.02150042096528828,-0.06973505255217459,-0.09497895578099801
4.72, -0.2841099664385308,  0.3767999621205091,    -9.8108179490848,-0.01422992471484505,-0.08822418102588674, -0.1190022518621833
4.77, -0.2841099852791011,  0.3767999898742376,  -9.810841046986386,-0.07772080793230726,-0.07431198107364055,-0.06521411183251677
4.78, -0.2841099930532331,  0.3767999964452089,  -9.810311905048986, -0.0858552074819441,-0.05557352099684555,-0.04079598212873202
4.82,  -0.2841100000817378,   0.3767999997623261,    -9.81071062626533, -0.06294898213839628, -0.07980484179605822,0.0007285297838865445
4.86,  -0.2841100001469991,   0.3767999996798594,   -9.810711711716332,-0.009230725958262459,  -0.1327049530029761,  0.02778469828485935
4.89, -0.2841099884712227,  0.3767999947642595,  -9.808934601670458, 0.02998522654041871,-0.09544706209509862, 0.07576398601645687
4.92, -0.284109875060638, 0.3767999474210681, -9.811147739164239,0.03662556207558676,-0.1044567292029997, 0.2116938068383689
4.96,-0.2841096325834793, 0.3767998950268358, -9.815229582096544,0.03851000413085438,-0.1811434618849125, 0.3366018983689507
4.99,-0.2841097099593322, 0.3767999277694911, -9.818340451430796, 0.0840504545628504,-0.1623411871854976, 0.2766461838478991
5.03, -0.2841098901478101,  0.3767999687022693,  -9.816936213100858, 0.02931266814021605,-0.08415139459823848,  0.1804529005706306
5.07, -0.2841099281145147,  0.3767999745272423,   -9.81821682088481,-0.00938306543966879,0.003259342579424298,  0.1476624740609734
5.1, -0.2841099683654598,  0.3767999844323322,  -9.820213543646883,-0.03064886294259151,  0.0616465950078824, 0.09908177369562954
5.13, -0.2841099951152064,  0.3767999954057928,  -9.820269206497692,-0.01902786984858571,  0.1004362517092727,  0.0474432333228797
5.17, -0.2841100022311028,  0.3767999994306964,  -9.818904356463404,-0.07825384602437725, 0.09090493024020431,0.009144732449708691
5.2, -0.2841099960946541,  0.3768000012684449,  -9.819325484088415, -0.1177008785879318, 0.07418197864399102,-0.02646319872108231
5.24,-0.2841099936449619, 0.3768000019135949, -9.817232957673346,-0.1387458998568345,0.05652613445542783, -0.033406006495662
5.27, -0.2841100024823375,  0.3768000001998831,   -9.81382987955905, -0.1718713178666081,0.008440431443087719,0.007410237497046487
5.3, -0.2841100022458476,   0.376800000384765,  -9.811534234484341, -0.1312038785367758,0.001247236191625635, 0.01542176220203425
5.34,-0.2841099990952475, 0.3768000024375742, -9.810499368293527,-0.0953513639781238,0.01557729584167569,0.04508331609923214
5.38, -0.2841099690062195,  0.3768000179640603,   -9.80996102254022,-0.07180723266759334,-0.04758082735616967,  0.1131222431871046
5.41, -0.2841098927301449,  0.3768000752850456,  -9.811192686416808,-0.02371345843094377, -0.1742935938525135,  0.1911658225023235
5.45,-0.2841097349310057,  0.376800192256416, -9.813793517604646,0.02976059165615912,-0.2992330200238245,  0.276560530274705
5.48,-0.2841096148153276, 0.3768003030757831, -9.815636729805924, 0.1292590242185168,-0.3331219433854634, 0.3214627111611776
5.52,-0.2841096044337437, 0.3768002734272396, -9.816463094651951,  0.174394648146104,-0.1862931647632872, 0.3161758513589596
5.55,   -0.28410980422712,  0.3768001342741974,  -9.819041275876737,  0.1801297374651016,-0.05806210792346102,  0.2166737662567454
5.59,  -0.2841099063082644,   0.3768000655316481,   -9.826477182231965,   0.1499998775379908,-0.008473734465444659,   0.1409989118123213
5.62,  -0.2841099585539917,   0.3768000342869741,   -9.830358699828981,  0.06914247072610985,-0.001013154995971415,  0.09791805188895995
5.66,  -0.2841099724032353,     0.37680003222731,   -9.830253634009692,  0.01141478641103641,6.110251076998338e-05,  0.08941900970575786
5.69,  -0.2841099815989372,   0.3768000227485241,   -9.828080362725792,  0.06326902704855657,0.0002581632043280909,  0.07385081468437335
5.73, -0.2841099486148242,  0.3768000487270948,  -9.826194616442896,  0.1018081923139914,-0.01492511701189676,  0.1130750066405738
5.76, -0.2841098897836613,  0.3768001022931149,  -9.837719164702952,  0.1081232343823206,-0.09311365533698208,  0.1488305112616127
5.79, -0.284109973979579,  0.376800030490786, -9.849250054060542, 0.1231717588907156,-0.1046492635153517,0.07139029157505074
5.83, -0.2841100023742669,  0.3768000046106798,  -9.851718832932246, 0.01786773884673335,-0.06066314986409046,-0.01436197893864073
5.87, -0.2841099232340408,  0.3768000629606283,  -9.859716282748805,-0.04479319776710579,-0.02336736369313898, -0.1015285202358579
5.9, -0.2841098904324088,  0.3768000925822356,  -9.865429438663959,-0.09989422864595915,-0.03276635009657505, -0.1186309572734036
5.94,-0.2841098753832257, 0.3768001003196674, -9.871371743487835,-0.1233914986578793,-0.0341888542218519, -0.121990157707098
5.97, -0.2841097977944166,  0.3768001295786523,  -9.871863822631724,-0.08184527854460388,-0.07990234832563771, -0.1506830270479214
6,-0.2841096075995614, 0.3768002560157677, -9.871675985101025,-0.1069816312557281,-0.1015747690124751,-0.2127372706844946
6.04,-0.2841094973965724, 0.3768003538689149, -9.877445317446263,-0.1415415853418942,-0.0741356748772994,-0.2390244608521638
6.08,-0.2841095608266633, 0.3768003198041961, -9.871446764843082,-0.1460944645857253,-0.0397308697673751,-0.2299650747667617
6.11,   -0.284109522100025,   0.3768003320783104,   -9.866579546369159,  -0.1619633435507302,-0.004369732062837298,  -0.2422838877420714
6.14,  -0.284109373363028,  0.3768003924714751,  -9.867487955250303, -0.1496991574923092,-0.02941801729128729, -0.2728022240289092
6.17, -0.2841095139528366,   0.376800300112747,  -9.858473190706675, -0.1317472281638813,-0.04846605143561034, -0.2504521855335705
6.2,   -0.284109524579487,   0.3768003127393454,   -9.851797022542598,  -0.1137134870747318,-0.005753670601696846,  -0.2601229192907284
6.24,  -0.2841095720782145,    0.376800287203598,   -9.852052291380804, -0.09559965154202978,0.0006118365458169592,  -0.2479016345293915
6.27, -0.2841097557804262,  0.3768001678568209,  -9.851167988935268,-0.06154206316190324,0.001307790823318836, -0.1890945213502306
6.3, -0.2841097942737109,  0.3768001347548747,  -9.845545727104968,-0.04100492508548561, 0.03156684330945588, -0.1775833143705673
6.34,  -0.2841097973813912,     0.37680012131867,   -9.844647597598282,-0.007587737560321796,  0.02083103749648843,  -0.1752621503660241
6.38, -0.2841098417404855,   0.376800098216972,  -9.839272590511252,-0.03257691578867256, 0.01913650713783356, -0.1608030824426624
6.41, -0.2841098553467936,  0.3768000868529932,  -9.834450966057073,-0.05137012283325341,0.003640216811836273, -0.1580056281295894
6.45, -0.2841099060594387,  0.3768000571688616,  -9.834337629921817, -0.0083150564472158,-0.01394139034302718, -0.1291885209384502
6.48,  -0.2841099540642893,   0.3768000333936963,   -9.831657750395708,-0.001435159044116564,  0.01365290793707522, -0.09543670589117455
6.51,   -0.2841099445677003,    0.3768000392171116,    -9.831849920760611,-0.0005728143597863778,   0.04810547888861865,   -0.1029554656863573
6.55, -0.2841099741670088,  0.3768000253330477,  -9.831769609831278, 0.01505462377353467, 0.06832792539615895,-0.07622500847687222
6.58, -0.2841099901315401,  0.3768000165866149,  -9.830134422143603, 0.03276075665923595, 0.07127217023502927,-0.05691131180956805
6.62, -0.2841099831554026,  0.3768000183622175,  -9.827559776899655, 0.03523390258336949, 0.04137133974622637,-0.06723490314623687
6.66,-0.2841099822940255,  0.376800019172605, -9.826400005039977,0.03555552362921353,0.05204255049742626,-0.0692511353238587
6.69,  -0.284109991278745,  0.3768000146661215,  -9.824743344425134,0.005400656663677584, 0.06873686246852578,-0.05564367508589024
6.72, -0.2841100058031246,  0.3768000075949953,  -9.821800888657702,-0.01397142905615467, 0.05597023199538945,-0.02487607422329072
6.76,  -0.2841100027951174,    0.376800008278585,   -9.821654240751073,-0.001850992104768102,  0.03888371892881781, -0.03292503259833726
6.79,  -0.2841100098099223,   0.3768000056907046,   -9.822127407381219,0.0002237024874105889, 0.005927669777672962,-0.006350989592584956
6.81, -0.2841100020789449,  0.3768000154655752,  -9.822304194216951,-0.01400966314056956, -0.0294497147724197, 0.05507596393259648
6.86,  -0.2841100108560213,     0.37680000852399,   -9.824347084247499,-0.001354629491546762, -0.04982850561521385,  0.02484853364534103
6.89,  -0.2841100107172887,   0.3768000064489822,   -9.819532991766277,0.0004315341163275188,  -0.0224926042882333,  0.01895320937019758
6.92,  -0.284109989887494,  0.3768000183134621,  -9.817243225771128,  0.0619350443194906,-0.03359387209170123, 0.07425165431668719
6.96, -0.2841099894489464,  0.3768000190495097,  -9.818440082887079,    0.13169516000454,-0.08070560480358593, 0.07106647239621477
6.99, -0.2841098988205442,  0.3768000607591014,  -9.821083825674998,  0.1127562703137332,-0.05740484309029643,  0.1548101054397962
7.03,  -0.2841097493126372,     0.37680011086395,   -9.822768938340765,  0.09557781612492176,-0.008342313859707025,   0.2274077026204234
7.06,   -0.2841097077160127,    0.3768001143388729,    -9.823221454693133,    0.1385079301061864,-0.0008827006201983076,    0.2416564956692846
7.1,-0.2841096198640598, 0.3768001254491594, -9.822965433286283, 0.1754790273349727,0.01558304037421189, 0.2726346122726447
7.13, -0.284109762764228, 0.3768000692095482, -9.822124287967327, 0.1346537256387694,0.04838737036273882, 0.2222224643949877
7.17, -0.2841097973857732,  0.3768000649472586,  -9.828535622620286, 0.09816302262324827,0.007763820848747418,  0.1982684304818318
7.2,-0.2841098012894333, 0.3768000599392571,  -9.83263590517314,0.03203154124530645,0.01690129432335007, 0.1934789094242733
7.24,-0.2841097610625782, 0.3768000567638362,  -9.82697617384299,0.02215827210536262,0.04872019988591698, 0.2206939941165581
7.27,  -0.284109659121163,   0.376800072668781,  -9.828676736923654, 0.08177518935154653,0.008160424650032786,  0.2542600889416415
7.31, -0.2841094426838752,  0.3768000791012325,  -9.826152504890119,  0.1063783432344337,0.002501151854806261,  0.3311489239919528
7.34,-0.2841092848003752, 0.3768000799736357, -9.825545621288093,0.06491364957061903,0.04735187365008399, 0.3741762307333591
7.38,-0.2841091302229903, 0.3768000994770086, -9.825322931548488,0.04386147593161081, 0.0541896759183705, 0.4106606776106023
7.41,-0.2841092825976386, 0.3768000384661084, -9.824335992322592,0.07042953021076812,0.08553230862983548, 0.3756211267956315
7.45,-0.2841095378599185, 0.3768000171080726, -9.821489942643522,0.08869179754885723,0.07474764376372214, 0.3124668931926098
7.48, -0.284109640426909, 0.3768000021937744, -9.819436173162988,0.06069348796765942,0.07302527388270633, 0.2860254151622849
7.51,-0.2841096920774415, 0.3768000102636198, -9.819858227944756,0.01087848450809051,0.04231519039872302, 0.2666979113790126
7.55,  -0.2841096945084324,   0.3768000124145856,   -9.817905005695295, -0.02695597782603501,-0.007767036625602179,   0.2768995847193138
7.58, -0.2841096760106336,  0.3768000197618743,  -9.818732972725385,-0.03247845012893808,  -0.015220394321617,  0.2789134400611638
7.62,  -0.2841097201806634,   0.3767999979329327,   -9.817305834091719, -0.03355643041748312,-0.001164675581028716,    0.265246819390672
7.64,  -0.284109650250748,   0.376799974424001,  -9.818936560751309,-0.04863526988917211,0.001172224137768256,  0.2907138110771306
7.67, -0.2841095147510379,  0.3767999850745516,  -9.821572026164199,-0.02005748876530028,-0.01341216903520005,  0.3238734193607741
7.72,   -0.2841093958262297,    0.3767999548290024,    -9.820923977762826,   0.02989532898259268,-0.0001146107105743773,    0.3585608883863309
7.74,-0.2841093460741561, 0.3767999716529915, -9.824564405658219,0.09822284122782252,0.00196929104396422, 0.3513829237168111
7.78,-0.2841093762252684, 0.3767999502178516, -9.821936105408252, 0.1384784078958945,0.03262911768536831, 0.3500176881458441
7.82, -0.284109347853635, 0.3767999196923179, -9.820919652579446, 0.1141054878207223,0.05250177199564849, 0.3637668551962755
7.86,-0.2841092141464899, 0.3767998771272443, -9.823724404291204,0.06520139646068916,0.02547186860204829, 0.3944965605270856
7.89,  -0.2841091557155922,   0.3767998596252461,   -9.826763154158552,  0.05796787086496424,-0.008731442818876851,    0.400467188483079
7.92, -0.2841091887917688,  0.3767998218347736,  -9.829794290596649, 0.01121565483277798,0.001404836166715711,  0.3875106189920496
7.96, -0.2841091946214019,  0.3767998372428563,  -9.833918533016149, 0.01946068358894527,0.002929906740244327,  0.3709739353069074
7.99,-0.2841093505598282, 0.3767998490891034, -9.837626558295938,0.05062400060444436, 0.0180782618286836, 0.3256104799750439
8.03,-0.2841091928277854, 0.3767998346516528, -9.842639035295942,0.04369497218907992, 0.0701221641017217, 0.3454198901012008
8.06,-0.2841092464890181, 0.3767998167656053,  -9.83833400329241,0.01960723023602129,0.05382418140446757,  0.348588044424631
8.09,-0.2841091700106402,  0.376799788162189, -9.842565242580232,0.02141223505864481,0.03156365508933209, 0.3573623499190857
8.13,-0.2841090626428033,0.3767997810622947,-9.848129988763494,0.0361559355872857,0.0232159140662903,0.3650339468647983
8.16,-0.2841090964370034, 0.3767997753621564, -9.844240684512561,0.03823766865467908,0.06721409183208897, 0.3666518709728021
8.19,-0.2841091137167404, 0.376799784285764,-9.847874564094587,0.0537033695160726,0.1041168978990896,0.3529780025092693
8.23,-0.2841092728261514, 0.3767998229987882, -9.847408102934329,0.08594866536839957,0.09405441066508739, 0.3221317623591012
8.26,-0.2841094535639647, 0.3767998642861105, -9.844104478623741,0.07514711892382644,0.09205288293170028, 0.2879174408125666
8.29, -0.284109361683689, 0.3767998505847823, -9.839863515957287,0.01303433555506213, 0.0464639350067866, 0.3232950559442397
8.33,-0.2841091872048059, 0.3767998460537733,  -9.84049577369224,0.04960885696002638,   0.02488058669926, 0.3583931754802401
8.36, -0.284109109286039, 0.3767998489340539, -9.838035251716651,0.08543892470932696,0.03691340574023307, 0.3793291708053654
8.4,-0.2841090779884076, 0.3767998489826706, -9.838686696884482,0.06360681394322722,0.05773193695219452, 0.3836899391333928
8.44,-0.2841092412604146, 0.3767998703982787, -9.838703168425704,0.02349478145914567,0.03998916199368414, 0.3533492305514268
8.47, -0.2841093201256425,  0.3767998802492453,   -9.83952230222736,-0.01006475991857552,  0.0386273357697763,  0.3359702811368258
8.5, -0.2841093879207784,  0.3767998949962061,  -9.840075499343618,-0.03030802705144969, 0.03826887990719883,  0.3185630364659914
8.54,  -0.2841094095156066,   0.3767999135509167,   -9.839660390765673,-0.003018577124188592,  0.00776480354082749,   0.3151386083338472
8.57, -0.2841094961273551,  0.3767999351269314,  -9.842089224056265,  0.0312395113623436,0.003008021696543749,  0.2863970272725169
8.61, -0.2841095515109274,  0.3767999551385566,   -9.83782650748833,0.005882249515857278,0.002080495362672327,  0.2807452792553541
8.64, -0.2841095709067386,  0.3767999674469411,  -9.835429545780677,0.002057622066160774, 0.01703217731209034,  0.2796647013995915
8.68, -0.2841095470129559,  0.3767999692190513,  -9.838991492950548,0.001581303792744214,0.004196573593298376,  0.2794522882474187
8.71, -0.2841095380911365,  0.3767999717342516,  -9.840347131492617,-0.01363390963565289,0.002305554179548953,  0.2793959830175758
8.75,   -0.2841096119493478,    0.3767999952590843,    -9.836891429061261,-0.0009066643635904896,  -0.01343853501951629,    0.2652972421700044
8.78,  -0.2841096784899005,   0.3768000134070487,   -9.834654836027584,0.0008631325077599625, -0.01602324616007748,   0.2484917882142479
8.81,   -0.284109825217803,   0.3768000088938063,   -9.835313700298135,0.0006737678078906003,-0.001716367034289645,   0.1889725226978717
8.86, -0.2841097917473878,  0.3768000185768396,   -9.83506031762558,  -0.014338467586605,-0.01461875046260906,  0.2054875504120955
8.89, -0.2841097392359019,  0.3768000267167673,  -9.837394737802173,-0.01637249474530323,-0.03150890737200175,   0.222766747794539
8.92,  -0.2841095496412445,   0.3768000516445268,   -9.838262770122384, -0.01610624807539507,-0.003192542321032622,   0.2824446098408778
8.96,  -0.2841095649193118,   0.3768000680738751,   -9.837049112590137,  0.01421411050747246,0.0009356041027587006,   0.2800102441428329
8.99, -0.2841097532785598,  0.3768000495356187,  -9.840307814674768, 0.09402341247139724,0.001036309947420108,  0.2092848431721477
9.03,-0.2841098571538029, 0.3768000332123174, -9.839987954168723,0.04488171092008487,0.03097076940554839,  0.167325530477635
9.06, -0.2841098451060139,  0.3768000354659429,  -9.840802886623838,0.007956295540351254, 0.02134747554153477,   0.173247582765686
9.09, -0.2841097860634482,  0.3768000642402651,  -9.836961097110203, 0.03410765196190065,-0.01368735074063293,  0.2052314849522615
9.13, -0.2841097265768435,  0.3768000910640585,  -9.833365572446951,  0.0212930124734294,-0.03147014348035417,  0.2368956116595676
9.16, -0.2841098096158183,  0.3768000733031606,  -9.826900625258675,0.003881851781329027,-0.03436873021550652,  0.2147819028197561
9.2, -0.2841099352592997,  0.3768000357810083,  -9.824498725091019, 0.04617455817514451,-0.05042307167648665,  0.1401892331437163
9.23, -0.2841099674480194,  0.3768000239738929,  -9.823867606153682, 0.03713378608812683,-0.05294752034215003,   0.111593658337435
9.27, -0.2841099941880325,   0.376800013092379,  -9.820750475468657, 0.02035914119019491,-0.00799217299404224, 0.07793378088830155
9.31,  -0.2841100043033022,   0.3768000091678845,   -9.819722952117575,  0.01771761749313784,-0.001355891555733057,  0.05731651674835909
9.34, -0.2841100105338124,  0.3768000069037265,  -9.820378453011363,0.002025069202437622,-0.01561772763656817, 0.03920057440282397
9.38,   -0.2841100113867315,    0.3768000039008979,    -9.823701392805079,-0.0006928844355316615,  -0.03321263924180162, -0.006539136384382596
9.41,   -0.284109995222706,   0.3768000064632052,   -9.827281831343283,-0.001412159003577019, -0.02091829773875432,  -0.0435598187907316
9.44, -0.2841099441507301,  0.3768000187856275,    -9.8300007560011,-0.03234746847349534,-0.03457375858209476,-0.09305702668096058
9.48,  -0.284109877577999,  0.3768000341399999,  -9.833209576541915,-0.03738480799057543,  -0.067209097316905, -0.1308880608137501
9.51, -0.2841098265441485,  0.3768000471102068,  -9.836279742878258,-0.03838853557714944,-0.07220218761901351, -0.1523308184566572
9.55, -0.2841098100998847,  0.3768000523266966,  -9.838895373805967,-0.05375028818732006,-0.05777784039466762, -0.1564991742993747
9.58, -0.2841098303686898,  0.3768000440485911,  -9.843891512147326,-0.04075992350540333,-0.05556134504155379, -0.1432264751709983
9.62, -0.2841097934085677,  0.3768000596936273,  -9.848017492457799,-0.06940427909309496,-0.05528111459340763, -0.1547897406630916
9.65, -0.2841096964967426,  0.3768000891715124,  -9.851481021371232,-0.07411664988955677,-0.04028218008101332, -0.1851718247897523
9.69, -0.2841095777942173,  0.3768001134726394,  -9.852439256937936,-0.01448800272946214,-0.02307125528223494, -0.2191022798544024
9.72,  -0.2841095968614137,   0.3768001136320507,     -9.8544326073468,   -0.050973929603165,-0.005203879316841664,  -0.2117024943892845
9.76, -0.2841094751798122,   0.376800140350838,  -9.856615535030677,-0.07196967215432147,-0.01797204083363101,  -0.238452283680994
9.79, -0.2841094032536025,  0.3768001500541187,  -9.854833501215291,-0.02967930881250966,-0.03506380405547796, -0.2576533581345954
9.82,  -0.2841094034125524,    0.376800150509508,   -9.853102799566253,-0.008092345427587617,   -0.022313372805568,  -0.2613434216168392
9.85,  -0.284109304016368,  0.3768001991779142,  -9.849436024807568,-0.03097229422268034,-0.01814349415989337, -0.2898412951279046
9.89, -0.2841091375825276,  0.3768002417288847,  -9.851797278643602,-0.07874643764011828,-0.02852271392817151, -0.3168249519183363
9.92, -0.2841089364340559,  0.3768002907690161,   -9.85544145900344, -0.1374608079050196,-0.05196896488544574, -0.3430402167002974
9.96, -0.2841087871222238,  0.3768003427270203,  -9.851493021338145, -0.1317633215121466,-0.04043952001042161, -0.3766539122260762
9.99, -0.2841088798583409,   0.376800302612519,  -9.847979043601443, -0.1152876538421505,-0.05363800616683886, -0.3691192281200428
10.02, -0.2841091259766456,  0.3768002377916776,  -9.847929805334532, -0.1121619294410191,-0.05521292169215566, -0.3254422566543168
10.06, -0.2841093714928794,  0.3768001628649842,  -9.847951935010032,-0.09574047407703819,-0.07024787299070136, -0.2746900189275551
10.1,   -0.28410956731012,  0.3768001100696484,  -9.852725636762223,-0.04716252313463911,-0.07217743080697243, -0.2225032536824754
10.13, -0.2841096847811356,  0.3768000837692225,  -9.859407271806814,-0.03946972596735434,-0.04188274107906707,  -0.184171256449899
10.16, -0.2841097521781507,  0.3768000733197706,  -9.861800690974151,-0.03801476440209837,-0.02198826270903729, -0.1626100212499728
10.2,  -0.2841096994291745,   0.3768000951014841,   -9.871601596683062, -0.03819627899008649,-0.003987103855250283,  -0.1725226239621147
10.23,-0.2841096838894042, 0.3768001064103264, -9.876312394316432,-0.0534747296478598,0.01387809863907619,-0.1744768238662124
10.27, -0.2841097343185118,  0.3768000964689959,  -9.876932075217239,-0.05546483846383292, 0.04702515260499034, -0.1607149572587444
10.3, -0.2841097866376988,   0.376800073698088,  -9.876826634061041,-0.05540175546317418, 0.02171695364276586, -0.1439702755429895
10.34, -0.2841097536213976,  0.3768000849740359,  -9.876867005096004,-0.04043918514989997, 0.03301283012990782, -0.1547398958977927
10.37, -0.2841097811578172,  0.3768000783325929,  -9.883526186474761,-0.05579770704362671, 0.03488409083564386, -0.1430373973788115
10.41,-0.2841097403219873, 0.3768000954061629, -9.884051519987445,-0.0718253578861755,0.03491914277336897,-0.1557266019495075
10.45, -0.2841097266948213,  0.3768001052541617,  -9.889941575962112,-0.08863275041197638, 0.01970444671238685, -0.1571810527086279
10.48, -0.2841097185529686,  0.3768001065334619,  -9.893900796372177,-0.06081178938968873, 0.01745689542214757, -0.1573726916947691
10.52, -0.2841096621191164,  0.3768001204832384,   -9.89507372453833,-0.01137468798871798, 0.06255052512338162, -0.1713450368786623
10.55, -0.2841097589652108,  0.3768000978727796,  -9.895773455915139,-0.04897048642295086, 0.06946654024387922, -0.1460426824891725
10.59, -0.2841098278458108,  0.3768000855324771,  -9.894136490569485,-0.09968501749237788,   0.100970049541912, -0.1270982191629824
10.63,-0.2841098450590835,  0.376800080608539, -9.889242269061747,-0.1222972342934654,0.07534583957236872,-0.1234257020724146
10.66, -0.2841097986225233,  0.3768000836331158,  -9.889736881220674,-0.06525094149764597, 0.02588953722558691, -0.1366429214392688
10.69, -0.2841097953007051,  0.3768000868800915,  -9.887336573007182,-0.08702882651138125,  0.0336657604193152, -0.1392796726975783
10.73, -0.2841098503426583,  0.3768000734520962,  -9.877409853074617,-0.08984653973490984,  0.0804707621830007, -0.1256749585719333
10.76, -0.2841098328781366,   0.376800076036572,   -9.86777581420667,-0.04482583714241271, 0.08743761863237819, -0.1369977792146719
10.8,-0.2841098694542429, 0.3768000605643224,  -9.86155466140181,-0.0378045919544497,0.07334303307816653,-0.1251442299956814
10.83,  -0.2841099344168018,   0.3768000332915215,   -9.854724243193163,-0.005858151399549115,  0.05617219990982504, -0.09462606266462802
10.86, -0.2841099666462608,  0.3768000197429801,  -9.847055234342573,  0.0144032791398586, 0.03849423341061622,-0.07459734476433741
10.9,-0.2841099871726968, 0.3768000133313288, -9.842733919358293,0.00248767216566215,0.03589038024119123,-0.0566669113697274
10.93, -0.2841099760717163,  0.3768000153745703,  -9.842329590749399, 0.01566588546349931,0.005092457120218825,-0.06722515278885798
10.96,  -0.2841099750979284,   0.3768000152996586,   -9.838298694525495,   0.0176160014747088,0.0005005063841709255, -0.06928163041276091
11, -0.2841098988505985,  0.3768000411691765,  -9.834150139433866,0.002017859778786035, 0.02999469339734941, -0.1259855571603397
11.03,   -0.2841098236412704,    0.3768000658623215,    -9.832280302374196,-0.0007679101043794702,   0.01912970670636637,   -0.1651644247040832
11.07,-0.2841098009762753, 0.3768000720698666, -9.833879913960542,0.01385583672654243,0.01746766416744729,-0.1727647325483928
11.1,-0.2841097655808492,  0.376800084117713, -9.832842250041489,0.01587816919608296,0.01719640770670459, -0.188319665598371
11.13, -0.2841097224348753,  0.3768000920886198,  -9.831820738395216, 0.03116196994196054,0.001929288981623441, -0.2053950962294811
11.17,   -0.2841097499567005,    0.3768000787414257,    -9.830804284059091,   0.03359462740233153,-0.0003297952888058415,   -0.1946461224119513
11.2,   -0.2841098369111221,    0.3768000471693322,    -9.825767328341398,    0.0648033905768647,-0.0005618789073662653,   -0.1643512062635849
11.23,-0.2841097981229478, 0.3768000531075615, -9.822434827360574,0.09955233709552644,0.01449079247413935,-0.1865483671676278
11.26,-0.2841096996854149,  0.376800082062794, -9.818380726362163,0.07399276601323983,0.04696351300943662, -0.233114849504614
11.3,-0.2841096360810071, 0.3768000931791041, -9.817221855130567,0.05477908193026165,0.03655387493706474,-0.2562766813565504
11.34, -0.284109523955529, 0.3768001173563418, -9.818134666612474,0.03634672910298031,0.03487162687176017,-0.2889511616482619
11.37, -0.2841093830605704,   0.376800144778891,  -9.820416142765687,0.002839474700754309, 0.01932289570105449, -0.3235502566473945
11.39,  -0.284109120044763,  0.3768002181860832,  -9.824877179657921, -0.0443217128043997,0.002809016067331191, -0.3722638212261946
11.43, -0.2841088169284626,  0.3768002674211329,  -9.833436584363639,  -0.066399007628538,-0.01779078951060612, -0.4016759845879023
11.47,  -0.284108774559691,  0.3768002735412124,  -9.835032258065494, -0.1237030667027641,-0.03533206958150718, -0.4020128505292163
11.5,  -0.2841089193516097,   0.3768002424441703,   -9.831746791327561,   -0.113131718198662,-0.006325985051569554,   -0.387833321142785
11.54, -0.2841089414000484,   0.376800232474598,  -9.827694092833354,-0.08104822118108959, 0.02837073680446934, -0.3990934900950335
11.57,  -0.284109174218843,   0.376800183184584,  -9.826224126712695,-0.06041495114528501, 0.06405456543099743, -0.3590588513006882
11.6,-0.2841092127283852, 0.3768001763598097,  -9.82575093487643,-0.0420752389684618,0.08459675102545394,-0.3512238173145016
11.64, -0.2841089667328234,  0.3768001959198209,  -9.824772102009748,-0.03986936779347801,   0.057171565544152, -0.4059922585407645
11.67,  -0.2841085255354802,   0.3768002030823578,   -9.826974899242474,  -0.0253255538931331,-0.007883313505552082,  -0.4729017456624453
11.71, -0.2841084045067779,  0.3768001588044647,  -9.826891918456351,-0.08392253357928893,-0.07835451179077556, -0.4860645928716738
11.75, -0.2841086891940011,  0.3768001542771684,  -9.827124228283607, -0.1831033632563413,-0.08854201070536334, -0.4325377819191573
11.79, -0.2841089509185742,  0.3768001854998732,   -9.82440955250884, -0.1972909300048872,-0.01380111339332861,  -0.393902359307726
11.82,  -0.2841091698654439,   0.3768001246809075,   -9.818326856764218,   -0.153159779760198,-0.002578565631760416,  -0.3721722553827551
11.85,  -0.2841092656975768,   0.3768001074898412,   -9.817834569348825, -0.04297279350140548,-0.001225394272778643,  -0.3538566346868104
11.88,   -0.2841093056828757,    0.3768000605589011,    -9.809760797730378,   0.01078567967079309,-0.0005021289222429569,   -0.3804368408808316
11.92, -0.2841094983802953,  0.3768000256603452,  -9.805616919359768, 0.03067243733463904,-0.00041306741231492, -0.3409867909493997
11.95, -0.2841097032256866,   0.376799993052705,  -9.802883791816912,  0.0343587747646887,-0.02985233128872297, -0.2771804822625055
11.98, -0.2841097315113712,  0.3768000021772218,   -9.79909966104416,   0.034611165032827,-0.01661816100384458, -0.2625166841867988
12.02,-0.2841097715332667, 0.3768000119303195, -9.793144957051334,0.03502534674712695,0.02724516203330654,-0.2481220774499199
12.05, -0.2841098259045931,  0.3767999914244057,  -9.787614047807734, 0.08080222796975124,0.003944793248929055, -0.2309125734203637
12.08,-0.2841098514405106, 0.3767999812969057, -9.786601343891858,0.08768553496650289,-0.0299017008964002,-0.2135113064697212
12.12, -0.2841098927566409,  0.3767999804613239,   -9.78578017823434, 0.08885687686976688,-0.03492166575369223, -0.1819999797599887
12.15, -0.2841099145751496,  0.3767999845191673,  -9.785205131808022,  0.1194042689032578,-0.02045914879766548, -0.1617523138315128
12.19, -0.2841099298449181,  0.3767999837620962,  -9.786650424592825,  0.1391403455127628,-0.04862131669367874, -0.1437488937416138
12.22,-0.2841099527361015, 0.3767999745149456, -9.788496987584219, 0.2028124725763038,-0.1286316145466076,-0.1260997213365961
12.26,-0.2841099938817871, 0.3767999817260494, -9.793297734004309, 0.2277556628710561,-0.1403948099074895, -0.080436908966416
12.29, -0.2841100207300463,  0.3767999935860695,  -9.798096818873672,  0.1712531206171485,-0.08112795474373281,-0.01533690493567305
12.32, -0.2841100145085961,  0.3767999918927877,  -9.801433404589948,  0.1025039354628701,-0.01125067836290923,  0.0394866733520985
12.35,-0.2841099826771383, 0.3767999764478315, -9.808059219106388,0.03206172362162418,0.01473435492888465,0.09228554687412792
12.38, -0.2841099284504395,  0.3767999539889115,  -9.818392844954005, 0.03727375565031443,0.003841491006059845,  0.1308048032539853
12.43, -0.2841098591928869,  0.3767999270542535,  -9.820232938813717, 0.05351904434180133,0.002540484271345018,  0.1664785878466676
12.46,-0.2841098434050054,   0.37679991981841, -9.819742935378477, 0.0710167411241444,0.01755834164281968, 0.1734460580413775
12.5,-0.2841099199097908, 0.3767999457058626, -9.823492217119037,0.08827458365393145,0.00434921948590934, 0.1325725467832178
12.53, -0.2841098642395281,  0.3767999221905167,  -9.835661054451979,  0.1216967745550425,-0.01238755854516808,  0.1528849172547398
12.56,  -0.2841096743018713,   0.3767998555879309,   -9.841132506474951,   0.1275377709277318,0.0009559479243719065,   0.2132173633011152
12.6, -0.2841093831970289,  0.3767997557661446,   -9.83728721192867, 0.03810285046359905,-0.02669850417122722,  0.2950572829644009
12.64,-0.2841094802010471, 0.3767998218067821, -9.831352317683704,0.02418593739129067,-0.0616817860569165, 0.2827560059022596
12.67, -0.2841094649900395,  0.3767998288162354,  -9.826605485204114,0.006821142903500875,-0.05178406488474382,   0.294417744826044
12.71, -0.2841091757218419,  0.3767998112974947,  -9.823345427829267,-0.04048160505311837,-0.09549851887591761,  0.3668748188379557
12.74, -0.2841090694524492,  0.3767998980624564,  -9.819698370550062,-0.03211370656179446,  -0.162943525347046,  0.3949972979396025
12.78,-0.2841087756963278, 0.3767998863741557, -9.815284646428431,0.03027807016973522,-0.1574354432743035, 0.4569712778403936
12.81,-0.2841083676017658, 0.3767998457192978, -9.815600680800282, 0.1161507054779459,-0.1256295595058065, 0.5115590979668675
12.85,  -0.284108493348093,  0.3767997484927948,  -9.813239702971286,  0.1434779309135959,-0.04484789677348834,   0.494124393331937
12.88,  -0.2841081100928572,   0.3767996184206476,   -9.817555470266916,   0.1632734262712313,-0.001642673520556202,   0.5331703620781326
12.92,-0.2841078667351085, 0.3767994427817906, -9.825081297652616, 0.1360063455383132,0.06624876581432346, 0.5409166866316415
12.95,-0.2841084194370594, 0.3767996116885328,  -9.82392509931026, 0.1460578930644993,0.04498716564824804, 0.4718477593034923
12.98, -0.2841087034775073,  0.3767996928177592,  -9.831875648500297,  0.1471547662675859,-0.01912154924230373,  0.4161149597502547
13.01,-0.2841086536257956, 0.3767996699147842, -9.837200080049362,  0.101864839679085,-0.0739288684116661, 0.4191580100486594
13.05, -0.2841084714937094,  0.3767996075329668,  -9.843350401290222, 0.06502803670259988,-0.05130409609262491,  0.4339304174520224
13.09,  -0.2841082372977304,   0.3767994974053152,   -9.849553420193809,    0.105261696596161,-0.001767715491169381,   0.4511610971804067
13.12,-0.2841080707472563, 0.3767994067743521, -9.867238805937678, 0.1418341532750275,0.06692389158394185, 0.4408337733315913
13.15,-0.2841084701688486,0.3767993980179935,-9.881979014755656,0.1160142148715659,0.1223029227647692,0.3824107140347368
13.19,-0.2841088247826472, 0.3767994143318948, -9.901981229187758,0.05072652847906996, 0.1453292581987546, 0.3286346151796949
13.23,-0.2841090572006098,0.3767994823920933, -9.92070622667373, 0.010210648151029,0.1482169075443434,0.2899351737780019
13.26, -0.2841091979320088,   0.376799491879387,  -9.935352112090627,0.003841318775505473,  0.1180979540794814,  0.2681448663866612
13.29, -0.2841091758305035,  0.3767994506112911,  -9.963078816667094,-0.01214550772307742, 0.09868904473562434,  0.2639483504246644
13.33,-0.2841092309842499, 0.3767995082728227, -9.940982555804384,0.00255821504054213, 0.1017221806316802, 0.2636079609141412
13.37,-0.2841091746764043, 0.3767995200375924, -9.915937472915013,0.08384104399538651, 0.1273540804075719, 0.2781913402899881
13.4,-0.2841090006824084,0.3767994438608541,-9.903489572656524,0.1058801136595686,0.1606659644508132,0.3080579516335131
13.44,-0.2841087931972145,0.3767993592282371,-9.892965594935495,0.1244494363695142,0.1811804463819394,0.3418967959222703
13.47,-0.2841087188905481,0.3767993322993521,-9.897506461383252, 0.127266891874849,0.1692196616907138,0.3484572401574008
13.5,-0.2841088420683932, 0.3767993329979469, -9.897204667148662,0.09688684644566153, 0.1822843855090912, 0.3356519153435327
13.53, -0.284108927456983, 0.3767993445001871, -9.890325395499959,0.04653571155058162, 0.1535975558135602, 0.3329870060138086
13.57,-0.2841088072837887, 0.3767993112199085, -9.879148128282473, 0.0812665570017284,0.08210517653261828, 0.3599269502995426
13.6,-0.2841088737997628, 0.3767993383876597,  -9.87397148430494,0.08724670098829469,0.08286567927581966, 0.3555888343607028
13.64,-0.2841087820165603, 0.3767992831927079, -9.878658480752636,0.07555265614322554,0.07846284103085768, 0.3647700603117613
13.68,-0.2841083395920274, 0.3767990272438962, -9.877300808562957,0.05862985003985556,0.09395584808067185,  0.423006462665858
13.71,-0.2841083770919379, 0.3767990708893202,  -9.87549914745591, 0.1166210889151368,0.05056151186314008, 0.4201718595736934
13.75,-0.284108714471525,0.3767992583816367,-9.872492072786084,0.1248754347883531, 0.103766222779129,0.3774939583719491
13.78,-0.2841089274768468,  0.376799305148498, -9.865959799984392,0.06491844468075804, 0.1717568134130557, 0.3551728257362061
13.82,-0.2841091147400205, 0.3767993672241866, -9.873817819442227,0.04172154876549761, 0.1269699666737333, 0.3230158683915345
13.85,-0.2841096076276031, 0.3767996426586044, -9.864102587410251,0.05227416045934271,0.07802086416848923, 0.2383390421521319
13.89,-0.2841098599595189, 0.3767997965344516, -9.854883367835418,  0.037605418090557,0.04273565516256686, 0.1727025943579244
13.92, -0.2841100684868398,  0.3767999436434386,  -9.849796468448684, 0.05018047480523637,0.006169777641468123, 0.04758846494566337
13.95,  -0.2841100691846846,   0.3767999519725642,   -9.855340932823056,  0.02634268736054009,0.0009507029876590899, -0.01273141406746869
13.98, -0.2841098508364252,  0.3767998499575511,  -9.857573881975007,-0.05751765867484342, 0.01034519340668739, -0.1409999579513302
14.01,   -0.284109609641378,   0.3767997186051268,   -9.857252023183626,  -0.1016263033937919,-0.004321505871449993,  -0.2104816619123991
14.04, -0.2841093460060658,  0.3767995624555721,  -9.858790760866034, -0.1691497322915156,-0.02258883649622306,    -0.2663094538778
14.08, -0.2841091587741341,  0.3767994388227774,  -9.854436941831757,  -0.179395225295531,-0.05592332293814883, -0.3053116506572089
14.11,  -0.284109015824993,  0.3767993161206648,   -9.84737324777538, -0.1354259733110089,-0.07613729926551935, -0.3409899990076405
14.15, -0.2841085935591466,  0.3767989929190484,  -9.842027620569992,-0.09880731943857644, -0.1103197093883775, -0.4182964082829477
14.18, -0.2841087153152199,  0.3767990851030512,  -9.837880458977626,-0.09329331984839602, -0.1147538034008035, -0.4051041747745885
14.22,-0.2841088038753113, 0.3767991725535647, -9.837393859531604,-0.1228421943547679,-0.1149255022524673,-0.3885648223758105
14.25, -0.2841087591320013,  0.3767991049152484,  -9.838003740398998,-0.09685865000900271,-0.09976937529983619, -0.3993933127077106
14.29,  -0.284108759753124,  0.3767991322035698,  -9.836058471219301, -0.1082309702999732,-0.06682477585708341, -0.4014731671852926
14.33, -0.2841085240395482,  0.3767989667398082,  -9.840726724857815, -0.1149168171960873,-0.07016836206379741, -0.4305335982581212
14.36, -0.2841086116681587,  0.3767989641543427,  -9.842718922196291,-0.07355191822896176,-0.06985537339659259, -0.4202392321420428
14.39, -0.2841086189992937,  0.3767989723807998,  -9.842722604316661,-0.06739015988221371,-0.05208062493131557, -0.4200658351330905
14.43, -0.2841086071391107,  0.3767989993880262,  -9.842893695814665,-0.07786798465022104,-0.02069256309164279, -0.4199720774442986
14.46, -0.2841085372595353,   0.376798916244748,  -9.842509517308384,-0.04214250884597621,-0.02420042192834725, -0.4347946329535209
14.51, -0.2841083207989166,  0.3767987518958917,   -9.84286155243691,-0.03988279974233551,-0.05563079901444855, -0.4647533047483871
14.53, -0.2841079960051764,  0.3767985680725447,  -9.845187180657478,-0.07039726753717314,-0.06073594344257222, -0.4986592402819113
14.57,  -0.284107946885806,  0.3767984878070847,  -9.847217499818985,-0.04459553041903494,-0.06149810929018843, -0.5052317972621423
14.61,  -0.284108142323066,  0.3767985975938651,  -9.850278038816258,-0.02537467484565594,-0.04600081731616135, -0.4783181119840998
14.64, -0.2841082751298348,  0.3767987619337034,  -9.849498844596017,-0.05281450352219658,-0.01274664879172828, -0.4590196034893428
14.68, -0.2841081393206289,  0.3767986471530461,  -9.854322604064645,-0.04640300847376381,-0.01408243053999617, -0.4697598330619832
14.72, -0.2841081869589169,   0.376798707957299,  -9.850139314798641,-0.04015545523865864,0.009436967025697306, -0.4714082405923531
14.75, -0.2841079788422169,   0.376798546861992,  -9.850244495789989,-0.02502816011089862, 0.01057590377077156,   -0.49989586834133
14.78, -0.2841080402217254,  0.3767985895497737,  -9.851213102473329,-0.02273710661713909,  0.0109664618773921, -0.4912804503383988
14.82, -0.2841080876680154,  0.3767986625551833,  -9.848352697055773,-0.03754777981415147, 0.04172561017514216, -0.4895569802608696
14.85,  -0.2841079437947374,    0.376798511811416,   -9.844857013522516, -0.02473571939084217,0.0006498026911308707,  -0.5173619093200171
14.9, -0.2841079983061062,  0.3767985660893515,  -9.844148650841964,-0.05315703325657568,-0.02039273389846887, -0.5087284587964873
14.93,   -0.284108216643164,   0.3767987945606012,   -9.842199994817911, -0.08750391786562263,-0.007667202759805177,  -0.4789218005507057
14.97, -0.2841082118713411,  0.3767988760597235,  -9.841444558301241, -0.1534221782151029,-0.02064775283415259,   -0.47322288391378
15, -0.2841079100884582,  0.3767986601680888,   -9.84087445735538, -0.1484911799173945,-0.05330866453751191, -0.5142866846148075
15.04, -0.2841075090974713,  0.3767984000917582,  -9.835335597057679, -0.1482026892940011,-0.02808106452471787, -0.5784633641472563
15.07, -0.2841078823159929,  0.3767986287466734,  -9.830492219424672, -0.1323568126806058,0.006783833614735347, -0.5486366262732695
15.1,-0.2841083636805835, 0.3767989434708551, -9.828717165949259,-0.1292490704638097,0.01280979966917341, -0.486596193113535
15.14,  -0.2841084614886209,   0.3767989883444102,   -9.828023981475143,  -0.1134746035967018,-0.001240447211740681,  -0.4744717830480365
15.18,  -0.2841083908399126,    0.376798955832374,   -9.827557476361147,  -0.1112278478497761,-0.003304107657186918,  -0.4862020354775591
15.21,   -0.284108635252027,   0.3767991250937094,   -9.828040452022559,  -0.1104614273954222,-0.003118229946093216,  -0.4462953770280466
15.24,   -0.284108599959859,   0.3767991455686469,   -9.832340027052082,  -0.1256732994283075,-0.003022566362548542,  -0.4385743445742442
15.27, -0.2841088051784068,  0.3767992482800668,  -9.833226063997385,-0.06679990360015867, 0.01250156184126463, -0.4088195877209785
15.31, -0.2841089842979606,  0.3767993567389035,   -9.82853003805773,-0.07273720117794095, 0.04557658046835023, -0.3889713265367317
15.34, -0.2841089883280527,  0.3767993724687886,  -9.829946798682437,-0.05851414274881523, 0.06572260176478614,  -0.385101225174983
15.38, -0.2841089487236133,  0.3767993301577244,  -9.829256634982512,-0.01092433571087206, 0.08383789504704385, -0.3983414459791185
15.41,  -0.2841090968493911,   0.3767994208897768,   -9.828162721137964,-0.003476294221771107,  0.08683844978328935,  -0.3727995970706044
15.45, -0.2841090767853274,   0.376799416324135,  -9.830512522840216,-0.04799321891796209, 0.01146231842021897, -0.3679165098822391
15.48, -0.2841092374260741,  0.3767995212650688,  -9.835838075769983,-0.06946026685014373,-0.02981844767759682,  -0.324789214654235
15.51, -0.2841091896804943,  0.3767995143630995,  -9.836329846087519, -0.1031665756871844,-0.03592111075966073, -0.3304785140325686
15.55, -0.2841090908653306,  0.3767994677859458,  -9.831652372269204,-0.09320586262909202, 0.02380142265045769, -0.3596596083600655
15.58,  -0.284109021991806,  0.3767994352983594,  -9.829373235417867,-0.07665092857003207, 0.06303405558311702, -0.3793947334404945
15.61, -0.2841089081662862,  0.3767993837223616,  -9.830701250689756,-0.05926774790378652, 0.06879618985510291, -0.3972913013140694
15.65,   -0.28410892460994,  0.3767994126908434,   -9.83368354125234,-0.05663068566011753, 0.06973932485308902, -0.3867219548230931
15.68, -0.2841090191533446,  0.3767994505657909,  -9.834276565604501,-0.04079961472053639, 0.03966948362906514, -0.3705594308800383
15.72,  -0.284109318015032,  0.3767996134187105,  -9.834915341268204,-0.03763465261517416, 0.05078135838567808, -0.3111588856547785
15.76, -0.2841095790219068,  0.3767997424292152,  -9.829290333749874,-0.03633812253372712, 0.05292365690741813, -0.2573863260593666
15.79, -0.2841096765301173,   0.376799804109562,  -9.825107820850711,-0.05100249208861433, 0.09896992730832707, -0.2328970459923405
15.83,  -0.2841097419967983,   0.3767998317545169,   -9.823651236793358,-0.007436387539264017,  0.07561156640725457,  -0.2140213947000439
15.86,-0.2841096983165057, 0.3767998050629092,  -9.81893062943483, 0.0140658498230466,0.08719875535937234,-0.2384610080351287
15.89,-0.2841097739882991, 0.3767998429554999,  -9.81700445418679,0.03273793992856461,0.08905851419025117,-0.2150924398450788
15.92,-0.2841098452439842, 0.3767998841476773, -9.817854910286311,0.00546004542000106,0.07431578574521769,-0.1824546569522903
15.95, -0.2841099368868747,  0.3767999304713333,  -9.815762046526929,-0.02849722723844578, 0.04205601144472407, -0.1339321881598196
15.99, -0.2841099507817557,  0.3767999393989087,  -9.813601909169702,-0.04869292342851149,  0.0221286783344195, -0.1244896599899427
16.03,-0.2841099693282174,   0.37679995208269, -9.813033147078132,-0.0971029330055629,0.01922455347518571,-0.1086228763576049
16.06, -0.2841099903499155,  0.3767999641815457,  -9.807220906794658, -0.1193509828390495, 0.01892602369817462,-0.09147542293978353
16.09, -0.2841099919198221,  0.3767999687832148,  -9.802452315481759,  -0.152995986042123,0.003754364833722493, -0.0881442776240666
16.13, -0.2841100359711191,  0.3767999808998688,  -9.801524918216824, -0.1422752887350955,0.001682676545462709,-0.01719092844173414
16.17, -0.2841100136777547,  0.3767999531976584,  -9.801204918338803,-0.03350918659336517, 0.03201478176050387, 0.09504556282563703
16.2,  -0.2841098484992981,   0.3767998843855152,   -9.802417900953968,-0.001071852434935168,  0.02159144670597802,   0.2152988323161353
16.24,-0.2841096057518764,  0.376799771296004, -9.800202356398721,0.01949466050380165,0.03559851010714433, 0.3230398014473048
16.28,-0.2841093827612662, 0.3767996883836318,  -9.79856995631962, 0.0380763781718445,0.02273200691111927, 0.4002432974753853
16.31,-0.2841094112161947, 0.3767996563744597, -9.795514053358326,0.07642870370927886, 0.0702531000284039,  0.401202474834381
16.34,-0.2841092596477823, 0.3767995465362149, -9.795921922182814,0.07038238255034626, 0.1018557932874352, 0.4475808373243581
16.38,-0.2841091544261583, 0.3767996090549113, -9.798740202563403,0.06479837627006459,0.08615380306015263, 0.4668297608478141
16.42,-0.2841091723147552, 0.3767996563181872, -9.797284788184591,0.02616041003447744,0.02606833803427107, 0.4859693549214874
16.45, -0.2841091069664308,  0.3767996570142126,  -9.797795200237234, 0.03852827753120833,0.006155154773264175,  0.5023029420710423
16.49, -0.2841090039230597,  0.3767996541738153,  -9.798176361177598,  0.0708388901601119,-0.01187150941041859,  0.5195147580867394
16.52,  -0.2841090828446911,   0.3767996810213751,   -9.794647453009423,  0.07532671648549454,0.0005769101690272379,   0.5087615754040635
16.56, -0.2841090433201117,  0.3767996251714424,  -9.793130473417358, 0.09106884265798203,0.002664943850203617,  0.5207632997081642
16.6, -0.2841088072143761,  0.3767996634557733,  -9.794616929517963,  0.1089845338547635,-0.02740564952250159,  0.5653118626908666
16.63, -0.2841085117326283,  0.3767994413098899,  -9.796105936411672,  0.1421902282652244,-0.03113329610900993,  0.6162096095299652
16.67, -0.2841083394735605,  0.3767994976408659,  -9.797558394956821,  0.1473178312048921,-0.06209175135296615,  0.6401747919214822
16.7, -0.2841083680794539,  0.3767994572955247,   -9.79674696792922,  0.2086473105796089,-0.05123395080206767,  0.6167416098709604
16.74,  -0.2841084070234857,   0.3767993273017304,   -9.793760386898896,   0.1869555332210076,-0.003838861179661102,   0.6262318948444757
16.77, -0.2841084280807289,  0.3767991989880837,  -9.793079959758362,  0.1834231478867431,0.003484189398362742,  0.6280656212316473
16.81, -0.2841086208867468,  0.3767993297457383,  -9.794323265315825,  0.2281915061600903,-0.02601999414093581,  0.5722081754031156
16.85,-0.2841088431579625,0.3767993315521688,-9.796031465536375,0.2105788875340263,0.0036186605477987,0.5194491400831232
16.88, -0.2841089020890579,   0.376799253406942,  -9.799445752977038,  0.1507644140336817,0.004305248554603158,  0.5079668037127147
16.91, -0.2841089763014026,  0.3767992304824906,  -9.805472778692401,  0.1613940944577655,-0.02572536754578812,  0.4785045414044056
16.95, -0.2841090933849247,  0.3767992234952366,  -9.810787137562331,  0.1171352215437227,-0.01499565321259494,  0.4448057489224306
16.99,  -0.284109213188966,   0.376799233735497,  -9.816817146236531, 0.06470346511860452,-0.01347524332921294,  0.4101361146294578
17.02, -0.2841092018806595,  0.3767991874188341,  -9.823069532012612, 0.05683565672421311,-0.04341468146914432,   0.403351574388942
17.06, -0.2841089605122994,  0.3767989491124569,  -9.829112970369096, 0.02553332448756475,-0.06225913761759976,  0.4442498719339363
17.09, -0.2841088239976683,  0.3767988352117468,  -9.830546535537788, 0.03610142138464479,-0.06474780672978293,  0.4662734480652834
17.13, -0.2841087304825246,  0.3767987648546434,  -9.834545574981703, 0.06809686578190115,-0.04967006403905727,  0.4706248646433111
17.16,   -0.28410872967321,  0.3767987817568125,  -9.838657279566794, 0.08801311265684603,-0.01705984165635945,  0.4574849999181488
17.2,  -0.2841088883569995,   0.3767988657653851,   -9.842761949565903,  0.09388244835601163,-0.007665615212825926,   0.4269275264398774
17.24, -0.2841089604041211,  0.3767989617592468,  -9.846249719573693,  0.1235956980006857,-0.01196877941993317,  0.4047988180080792
17.27,-0.2841089441944342, 0.3767989062781268,   -9.8435695006032,0.08042058590828126,0.01845381323478467, 0.4165338148124331
17.31, -0.2841088411171206,  0.3767987927383549,   -9.84651209955768, 0.04370321750484481,0.008146533654768504,  0.4328420755711041
17.34, -0.2841087860193443,  0.3767987539013061,  -9.849567224071539,  0.0382307148462037,0.006732064300658844,   0.436015131823325
17.38, -0.2841086779057319,  0.3767986475748337,  -9.851492702593873,0.007054947969921048, 0.02196474056884567,  0.4507269744522919
17.41, -0.2841087318281071,  0.3767986362055025,  -9.855612217117333,-0.01293962961554078, 0.05448191857734356,  0.4395445084517033
17.45,    -0.284108782611076,    0.3767986689313518,    -9.862270414509197,-0.0008285855464252396,   0.04407718977401581,    0.4232810425333324
17.48,-0.2841088454870876, 0.3767987129076637, -9.869126044169155,0.01605956602952689,0.02720845506312406, 0.4060191640915168
17.51,-0.2841088311041521, 0.3767987072472087, -9.872893205368857,0.01855189379610964,0.03986307824356908, 0.4026888028397651
17.55, -0.284109003806696, 0.3767988734318911, -9.873668610159497,0.03391879474421303,0.04113441863379123, 0.3738539732898777
17.59,-0.2841091782229091, 0.3767990084752536, -9.879115432755279,0.03602900032029643,0.05594246878659492, 0.3401276442664294
17.61,-0.2841090596909642, 0.3767989276627628, -9.875007161600024,0.03633669886186035,0.08879975596514977, 0.3617146879714919
17.65, -0.2841088336947877,  0.3767987186940182,  -9.866436187096143,0.006003059947873922,  0.1397579829498203,  0.4081385306424407
17.68, -0.2841089363676514,  0.3767988294103617,  -9.858730049040528,0.001348979085309966, 0.08618648130153976,  0.4029439349810813
17.72,-0.2841094106989191, 0.3767992832620033, -9.852426154769523, 0.0307231513573436,0.06126787278616632, 0.3174892848169958
17.75,-0.2841097514497242, 0.3767996217418213, -9.842838819818972, 0.0803476963290458,0.07111225887902882, 0.2304433720959638
17.79,-0.2841100420853559, 0.3767999087155102, -9.845004715966725, 0.1632257585249902,0.05497999536513165,0.07285371408956047
17.82,  -0.2841100663286415,    0.376799940499598,   -9.850937321366901,  0.06921516375663812,    0.021037902812458,-1.11724001636824e-05
17.86,  -0.2841099199136233,   0.3767998457728028,   -9.847775614779207,  0.03965911019419049,-0.001218001994267423,  -0.1267843257192939
17.89, -0.2841098264768673,  0.3767997834940424,  -9.848900939807162,-0.02555378226041784, 0.04046944592444437, -0.1653662041266529
17.93,  -0.2841095488549382,   0.3767995180427345,   -9.850682982381031,-0.005033547835969997,  0.03004384114907255,  -0.2573904048854328
17.96,  -0.2841092382681457,   0.3767992988448077,   -9.842921676563543, -0.07836261339670858,-0.002499419935272504,  -0.3314847704692877
17.99, -0.2841094784336397,  0.3767995142440646,  -9.852293059585936, -0.1499225126195946,-0.03693437560005392, -0.2615748608924335
18.03, -0.2841094283809301,  0.3767992770157663,  -9.910222909941034,-0.04081786957559994,   -0.25285212322854, -0.2494585527991719
18.06,-0.2841097161246512,  0.376799640757277, -9.887851119430334,-0.1188614714578961,-0.1893512499053809,-0.1836093585520305
18.1,  -0.2841097676061761,   0.3767997222145464,   -9.852863095516335, -0.03387959034096651,-0.001515740067543666,  -0.1902651295086459
18.13,-0.2841090480055206, 0.3767987216878173, -9.871155241694465, 0.1154938381600868,0.08265315707767482,-0.3887181620240405
18.17,-0.2841093697779417, 0.3767995814316103, -9.829078697947622,-0.1217942635089659,0.09924865436617465, -0.314490597813984
18.2, -0.284108533002121,  0.376798814779389, -9.874818813036645,-0.0211365560287333,-0.1147261198218545,-0.4132421021657308
18.24, -0.284109029251876, 0.3767993636422036,  -9.87658504482876,-0.1881953369311467,-0.0230282650837307,-0.3196190839063545
18.27, -0.284109527610532,   0.37679965773737, -9.841477835292007,-0.1357883635733852,0.09935211294792318,-0.2728809483705688
18.3, -0.2841084218111037,  0.3767983943881612,  -9.858276982485279,  0.0686451138359222,-0.03845406565843867, -0.5032124847491933
18.34,-0.2841090860584256, 0.3767998323427869, -9.813620926355865,-0.3270108097269742,0.02247423810822492,-0.3928603806823625
18.38,-0.2841088587621421, 0.3767997718953289, -9.854882972831835, -0.204836785370002,-0.3035199516703634,  -0.34396199540146
18.41,-0.2841083230487599, 0.3767983614548083, -9.828446887059526, 0.2103357834460678,-0.2477685129081109, -0.685176615650262
18.44, -0.284108112277391, 0.3768000422580608, -9.851501777948364,-0.5512616196468186,0.02137272946096676,-0.4574294621865113
18.48,-0.2841083848019502, 0.3767997834741812,  -9.85606960970358,-0.1623808338842335,-0.1512847129954261,-0.4265550596381759
18.52,-0.2841087668046917, 0.3767996696243368, -9.825881699480981,-0.2540574964097456,0.02087229535250642,-0.5188529180945793
18.55, -0.2841097743854507,  0.3768000036447152,  -9.821650705267498, -0.4024955545131283,-0.01246532690187449, -0.1574177391357811
18.59,-0.2841089405214701, 0.3767992925876162, -9.829395360470556, 0.4387291329295496,-0.2775096708730811,-0.5081036091000777
18.62, -0.2841074763857146,  0.3767997717909186,  -9.825942034973895,-0.07614520376714586,-0.04344128158611492, -0.6474488966609913
18.66,  -0.2841094006097308,   0.3767999797228095,   -9.821841627426727,  -0.1188248154080058,-0.006919235793626895,  -0.2807319679000137
18.67,-0.2841087106752507, 0.3767999549983876,  -9.85945610855204, 0.1607391105790782,-0.1385550266599993,-0.3639554146165817
18.7,-0.2841099674540714, 0.3768000290095087,  -9.80813515037452,-0.3777449829974998, 0.0991067934711595,  -0.01463420532283
18.74,  -0.2841099929004167,   0.3768000418596628,   -9.831498713284438,  -0.1741129302940934, -0.02660181347174781,-0.008144775295441525
18.77,-0.2841099653436552, 0.3767996424102261, -9.837194233321581, 0.2730802734424952,-0.2749031284703792,-0.4155566870010477
18.81,-0.2841095023754679, 0.3768000350749768, -9.804312224238744,-0.2337553983406725,0.09557901501528468,-0.2357743976565089
18.84, -0.2841076711153608,  0.3768004804229843,  -9.882129365466763, 0.03434784409776878,-0.01553228360121773, -0.4399373908412514
18.88,   -0.2841075132082665,    0.3768004027175297,    -9.843376445432146,-0.0002230822460737952,    0.0432062805082057,   -0.5637931605010167
18.92,-0.2841095872097754, 0.3767999721693899, -9.886279259389513,-0.5463838924523396, 0.1891970102899299,-0.1106574800408956
18.94,-0.2841093016329513, 0.3767999606032844,  -9.85435013783062, 0.1779857343239653,-0.1093707643112183,-0.1894179576624514
18.99, -0.2841091458640075,  0.3768000669061188,  -9.828117036598218,-0.08427108579946611,  0.1538754881793404, -0.3151643340285186
19.02,-0.2841093927803563, 0.3767999228839465, -9.893450883426263,0.01736834992166522, 0.1565354765788913,-0.1310372559241422
19.05,-0.2841091367310416, 0.3768000279534894,  -9.83633624768007, 0.1229864169593861, 0.2251306378005012,-0.4078712455071906
19.09,-0.2841091971429762, 0.3768000904049338, -9.857106634829316,-0.3344130867024791, 0.3120828846606697,-0.2790060179984226
19.12, -0.2841096600572915,  0.3767999930146224,  -9.835445557598936,  0.3793432366784708,-0.05513475180050288, -0.2326368537601267
19.16, -0.2841094181142416,   0.376799981931329,  -9.830103710919181, -0.1267420862075964,-0.08442135985826286, -0.2844873836451943
19.19,-0.2841097340215162, 0.3768000172847356, -9.835526815795932,-0.2748511286571758,-0.0422122040750223, 0.0992613393545544
19.23,-0.2841094795299882, 0.3767999978591046, -9.827454707419063, 0.1102501726414663,0.09960819628907046,-0.2758537728851257
19.26,-0.2841096107432398, 0.3768000444690633, -9.827458448014006,-0.4081005796874655, 0.3334959605395496,-0.1662598320791258
19.3,-0.2841097790749337,0.3768000129173776,-9.811431243748716,0.4858973034007902,0.2011203345426632,-0.257423085009598
19.33,-0.2841095869503989, 0.3767999706031205, -9.831398344324052, 0.1334173373466332, 0.1201235410942836,-0.3032210119987221
19.36,  -0.28410960013594, 0.3767999362144549, -9.796700923746501,-0.4176610339474909, 0.2917349696257601, 0.3207269416747988
19.4,-0.2841093099222474, 0.3767999151101531, -9.849889243455829, 0.6469829919131201,0.06021780015194052,-0.1906597355235127
19.43,   -0.28410892598214,  0.3768000584920412,  -9.847537467425854,-0.07739669665489905, 0.07080767938998146,  -0.300037596943003
19.46,-0.2841105127425833, 0.3767999917674671, -9.814620147272244,-0.4725628077010779, 0.2191249514341001,  0.210582843548018
19.51,   -0.28411187272885,  0.3768010216520594,  -10.60317533903993,-0.01156529553138449,-0.08956626453125079, 0.07989696946931407
19.54, -0.2841108148404562,  0.3768007198795654,  -9.992416311520524,-0.09719486888776464,-0.08932380487414905,-0.03636087972087461
19.57,-0.2841088013739654, 0.3767997017757279, -9.812038791003317,-0.6939583463772018, 0.6084994482816267, 0.2327178673905914
19.61, -0.284107220661135, 0.3767984279873271, -10.14254848071592,-0.2168062205156464, 0.0412707219121446, 0.1587065532902502
19.65, -0.2841069480363577,  0.3767973970454616,  -10.22140231097181, 0.07428770191441544, -0.1302973490025389,-0.03864393603243545
19.68,-0.2841093951443204, 0.3768000945130142, -9.816389538241006,-0.3496973829596433, 0.3775759704051356, 0.2588299340227394
19.71,-0.2841084190967643,  0.376800485856841, -9.926586841751524, 0.2249407152670742,-0.1203054176152742, 0.2609139964636281
19.75, -0.2841078746737091,  0.3768022937504952,    -10.225467145624,  0.3081922930684343, -0.4130791330638006,-0.06233348345695611
19.78, -0.2841189573305583,  0.3767897676606375,   -13.3239699608336,-0.04957130553823789,  0.7364591858015445, 0.01712411962450834
19.82, -0.2841330201495829,  0.3767840173156614,  -15.84219735703797,-0.07480891319349818,0.003129382408532367,  0.2224479215821253
19.85,-0.2841438060968097, 0.3767646033268793, -15.97046327268364, 0.1935025800663907,  -1.13329905196543,0.05089369411381664
19.88,-0.2841111170478534, 0.3767998430964001, -9.987725015613263,-0.1152840985554096, 0.2074737199075476,-0.1353604123287883
19.93,-0.2841122074109265, 0.3767984546270424, -10.05831707836444,-0.2751406719355208, 0.3179744305701162,0.01716972055915418
19.96,-0.2841185835693595, 0.3767959978688289, -10.84197976294663, 0.2532109217010822,-0.6280586573192767,-0.2111178008159814
19.99, -0.284110247149763, 0.3767973980609419, -10.14453524300668,0.08324196389585267, 0.2093831660392403,-0.2085668970823386
20.03,-0.2841109563497702, 0.3767992098225252, -10.08016145279688,-0.2892701813713197, 0.4939976961404678, 0.3390462157078291
20.06,-0.2841097957985538, 0.3767949313404317, -10.73460068216174,0.03796600577845893,-0.5618840744119316, 0.2405817276129802
20.09,-0.2841132035344638, 0.3768001029576137, -10.22991448020169, 0.1607305929370961, 0.1484034558192691,-0.1683087430667279
20.13, -0.2841093333618475,  0.3767984900452745,  -10.07857331659977,-0.09590944711898934,  0.7589429260374829,  0.0710306727271548
20.16,  -0.2841073322679765,   0.3767942901909586,   -10.73178891124591,-0.005009194231223722,  -0.6036711005279304,  0.01058989956492627
20.2,-0.2841082219111243, 0.3767959176521199, -10.44090970701537,0.07495295135538964,-0.6429998446181715,-0.2094011426934436
20.24, -0.2841117820172165,   0.376800625431829,  -10.13710609526029, -0.1498355089580281,  0.4201807338605538,-0.07214340619516073
20.27,-0.2841130685275131, 0.3768010827942934, -10.38107004497216,-0.2499168676357762,0.03400162346906642,0.04227459204682221
20.3,-0.2841157592063867, 0.3768012298892121,  -11.1184240799954, 0.1271532145107044,-0.5834048675536881,-0.1586143386804348
20.33, -0.2841068515712515,  0.3767980761977438,  -10.33865790817767,-0.09009909827987103,  0.5054676487713999,-0.08971701030209601
20.36, -0.284108146092725, 0.3767999649286046, -10.05003586365354,-0.3236015114066405, 0.5279031958739332, 0.3745320803435583
20.4,-0.2841054509499097, 0.3767977630909953, -10.63158166973578,0.05854517910978291,-0.7909445740308639, 0.2324229156799066
20.44, -0.284108448447192, 0.3767986300024885, -10.18116303185814,0.01470967888682841,-0.2991757868796978, 0.1439421880247626
20.47, -0.2841105476315727,  0.3767996195895699,  -10.03584818747618,-0.08822964149693484,  0.7776952496616362,  0.4002382643017601
20.51,-0.2841108872538837, 0.3768013774550935,  -10.3254181108338, 0.3628528473137879,0.00414915159954792, 0.2165774237751754
20.54,-0.2841119989550315, 0.3768062804576338, -12.18095023452263, 0.1729994146546072,-0.5379577604758798,0.01632913672780044
20.57,-0.2841109198697558, 0.3767997552056362, -10.11866434071361,-0.3799551283854194, 0.4896662487653128, 0.3123589038509889
20.61,-0.2841136735057327, 0.3768001605082873, -10.18917926944711,-0.1338587827164806, 0.3974851578197746, 0.4824751158254408
20.64,-0.2841143565286692, 0.376797140995614,-10.53534726575307,0.3172349392106905,-0.355436471690593,0.0362411500354617
20.68,-0.2841085721734167, 0.3768011842787165, -10.17022150850484,-0.2342686200338923, 0.2035533723184697, 0.1332605965993683
20.71,-0.2841107135848098, 0.3767998513662182, -10.09391989316439,-0.3655913205690959, 0.4202567850835716, 0.3633517219665695
20.74,-0.2841112816931033, 0.3767989627464131, -10.16736592684209, 0.3313044172136509,-0.5292357455837863,-0.1545466254570731
20.78, -0.2841105036809912,  0.3767996417619142,  -10.11821667408335,-0.09597671713406254,  -0.216720856623482, -0.2408986989555987
20.81, -0.2841099122091647,  0.3767997542653727,  -10.03876532336652,  -0.084733632761761,  0.6325205448099055,-0.02009887236586914
20.85,-0.2841103061260863, 0.3767988913256156, -10.10497148082071, 0.2050285968633036, -0.270990350784213,-0.0741842034319799
20.89,-0.2841109375689158, 0.3767975624395326, -10.21461721843467,   0.12650701772056,-0.6457232598758251,-0.1690687791060448
20.92, -0.2841089496675466,  0.3768034869250741,  -10.26287864497332,-0.06621470441610271,  0.5357306118197771, -0.0628637776078797
20.95,  -0.284109949637425,  0.3768007863950521,  -10.04672489162374,  0.3289689832850232,  0.5029386015174806,-0.09802284669525532
20.99,-0.2841102261027081, 0.3768016896523944, -10.22680701809268,  0.556227679066317,-0.6744233814818763,-0.2283898102873231
21.02,-0.2841098765783289, 0.3768008301861573, -10.10184059551298,-0.1413129068575007,-0.2992260736160492,0.04082616352409087
21.06,-0.2841104792696648, 0.3767987210198071, -10.05906073326281,-0.2452275449653561, 0.5726332561725733, 0.1619336434891214
