This is pdfTeX, Version 3.1415926-2.3-1.40.12 (TeX Live 2011) (format=latex 2012.2.22)  14 MAY 2012 14:02
entering extended mode
 restricted \write18 enabled.
 file:line:error style messages enabled.
 %&-line parsing enabled.
**platform.tex
(./platform.tex
LaTeX2e <2009/09/24>
Babel <v3.8l> and hyphenation patterns for english, dumylang, nohyphenation, uk
english, usenglishmax, swedish, loaded.
./platform.tex:1: Undefined control sequence.
l.1 \section
            {The Platform}
? 
./platform.tex:1: Emergency stop.
l.1 \section
            {The Platform}
End of file on the terminal!

 
Here is how much of TeX's memory you used:
 5 strings out of 495015
 130 string characters out of 3181236
 45157 words of memory out of 3000000
 3292 multiletter control sequences out of 15000+200000
 3640 words of font info for 14 fonts, out of 3000000 for 9000
 36 hyphenation exceptions out of 8191
 5i,0n,1p,37b,8s stack positions out of 5000i,500n,10000p,200000b,50000s
No pages of output.
