This is pdfTeX, Version 3.1415926-2.3-1.40.12 (TeX Live 2011) (format=latex 2012.2.22)  14 MAY 2012 14:07
entering extended mode
 restricted \write18 enabled.
 file:line:error style messages enabled.
 %&-line parsing enabled.
**../Report.tex
(../Report.tex
LaTeX2e <2009/09/24>
Babel <v3.8l> and hyphenation patterns for english, dumylang, nohyphenation, uk
english, usenglishmax, swedish, loaded.

! LaTeX Error: File `liuthesis.cls' not found.

Type X to quit or <RETURN> to proceed,
or enter new name. (Default extension: cls)

Enter file name: 
../Report.tex:8: Emergency stop.
<read *> 
         
l.8 ^^M
       
End of file on the terminal!

 
Here is how much of TeX's memory you used:
 11 strings out of 495015
 194 string characters out of 3181236
 45157 words of memory out of 3000000
 3295 multiletter control sequences out of 15000+200000
 3640 words of font info for 14 fonts, out of 3000000 for 9000
 36 hyphenation exceptions out of 8191
 10i,0n,7p,80b,8s stack positions out of 5000i,500n,10000p,200000b,50000s
No pages of output.
