time,qPTAM0,qPTAMi,qPTAMj,qPTAMk,XPTAM,YPTAM,ZPTAM
0.31,  0.8680490255355835, 0.00592789007350808,-0.01508050039410594, -0.4962129890918732,-0.04542886390951809,  -1.296086928136287,  0.7616548921780851
0.46,  0.8684319652838641,0.006078381760296681, -0.0148259500562879, -0.4955483516297255,-0.04550187644753376,  -1.296133635299608,  0.7581067035121755
0.67,  0.8701125813304573,0.006774469148542461,-0.01375760407812651, -0.4926133710709255,-0.04602712158800282,   -1.29578115514697,  0.7508964867854089
0.89,  0.8726867844141154,0.007827778608428204,-0.01212484540999423, -0.4880660743838078,-0.04651902120504285,  -1.294754002818528,  0.7452934620601275
1.11,  0.8750932111483523,0.008508704249521271,-0.01025283277721478, -0.4837699410088743, -0.0478057851723431,  -1.292134816824402,  0.7416680885719332
1.27,   0.8772515471384633, 0.009791960021386159,-0.008533714441542856,   -0.479854164230728, -0.05025661217416615,   -1.287257994050512,    0.739778687455679
1.46,   0.8779183984623247,  0.01062074234103455,-0.008665976872177211,  -0.4786129845375612, -0.05289583949087917,   -1.281958698510584,   0.7390660760325225
1.73,  0.8789164146744131, 0.01066207161804394,-0.00910642428888786, -0.4767686356410054,-0.06009283456503949,  -1.265720800932944,  0.7403382897704214
1.97,  0.8792177924580868,   0.010176987681351,-0.01001139317478864, -0.4762050787246921, -0.0634734061582861,  -1.257940398432394,  0.7415858401229762
2.21,  0.8788983459934971,0.009199808373909935,-0.01180308940437322, -0.4767732696638086,-0.07109878771856676,  -1.239655934338086,  0.7448962327347038
2.45,  0.8773020085132193,0.007908617470540225,-0.01459704054534172, -0.4796504651152982,-0.07835699038139626,  -1.219431420065787,  0.7495721485603848
2.68,  0.8749618810772424,0.006239325846582155,-0.01679331249637656, -0.4838592406679662,-0.08498818674533373,  -1.198915765853753,  0.7555985101177497
2.97,  0.8713994050584726,0.003711825489330522,-0.02089529927209804,  -0.490113954436348,-0.09473203198416498,  -1.161731182675511,  0.7684236675747192
3.22,  0.8696397843937524,0.002739916221976946,-0.02217086259293896,   -0.49318008248529,-0.09498318136381799,  -1.152773951064031,  0.7764243325649943
3.45,  0.8685277679445438,0.002047912615405878,-0.02246495039849836, -0.4951258941081654,-0.09597591591757101,  -1.142849331919015,     0.7820460864228
3.67,  0.8681717346074067,0.002857568936658172,-0.02101474950053311, -0.4958094961591568,-0.09885488587788553,  -1.117967814426685,  0.7937831874773142
3.93,  0.8675755164954397,0.002839092137835231,-0.01983640612370111, -0.4969005759457596, -0.1006861991755524,   -1.09497426571382,  0.8062764553382699
4.18,  0.8671653896966596,0.003017404644300836,-0.01826737505513823, -0.4976749821315878, -0.1018911657485136,  -1.071452191560321,  0.8182792495870408
4.4,  0.8670351232218655,0.003706874650857173,-0.01750359283163891, -0.4979246740899464, -0.1035813184243515,  -1.054146096105995,  0.8268784103170324
4.61,  0.8682353720628451,0.004488607443354053,-0.01616595784244834,  -0.495867780319287, -0.1055228241267567,  -1.026405959197805,   0.843378694032173
4.8,  0.8694573577003736,0.005496134120011598,-0.01500741137668324, -0.4937483933177088, -0.1081120830803178,   -1.00554698209237,  0.8548245513025508
4.99,  0.8704826160413337,0.005895735493256338,-0.01405936800452692, -0.4919619825695589, -0.1110364625372521, -0.9741921289830803,  0.8740593321708356
5.25,  0.8711279764220625,0.006306266710201958,-0.01317636309439651, -0.4908377183960243, -0.1141383663487025, -0.9517441279107959,    0.88768229713894
5.5,  0.8714855354621276, 0.00664002947873199,-0.01238383778981306, -0.4902188436810993, -0.1182912720313877, -0.9169403541012505,  0.9080632241395828
5.73,  0.8721350224971915,0.006389669611260751,-0.01308410419745484, -0.4890475268550695, -0.1230711480384396, -0.8818351254239254,  0.9274124569897912
6,  0.8719543494195154,0.004737224918595739,-0.01556486160821408,  -0.489315755888982, -0.1292249911005913, -0.8383891888374696,  0.9563395453265794
6.27,  0.8710770438499144,0.003961636099502952,-0.01625006658149125, -0.4908604965800722, -0.1331282428160254, -0.8087644147185624,  0.9743935613083862
6.48,  0.8698264436660242,0.002712225954091485, -0.0183358200663071, -0.4930085213075076, -0.1354049560305843, -0.7893860623238703,  0.9896933232702756
6.68,  0.8701827705513412,0.001568961981512185,-0.01959656504386711, -0.4923357202986619, -0.1394119706983293, -0.7474048677090711,   1.014054734593325
6.91,    0.8694396779018733,-0.0003778390297459744,  -0.02100427666118876,   -0.4935912547230984,   -0.1413155992035182,   -0.7091659428187039,     1.040077899479859
7.13,   0.8677205933619569,-0.001245532330067578,     -0.0226769569578,  -0.4965321528134411,  -0.1409549120991266,  -0.6752832433766658,    1.068348680601187
7.31,   0.8674449944920926,-0.002083669141936972, -0.02375785968779978,  -0.4969601660155502,  -0.1402172057370258,  -0.6629986497413783,    1.078625915628781
7.55,   0.8666263340839528,-0.002096723193087346, -0.02369313383677663,  -0.4983894449952581,  -0.1369179012496612,  -0.6160409405860423,    1.113302475300137
7.78,   0.8663799390754475,-0.002595031477518051, -0.02357119606422564,  -0.4988210784890558,  -0.1332606819437918,  -0.5873044340641815,    1.138073800713547
8,   0.8657966781317488,-0.002383674966066451, -0.02196734577631937,  -0.4999068599237834,  -0.1279174616149885,  -0.5575126332609772,    1.165956256916131
8.24,  0.8648714830595066,-0.00192822600766529,-0.01980434086806082, -0.5015978373830203,  -0.118190413472959, -0.5158361736108359,   1.205749928327229
8.46,   0.8635155928887717,2.538498500648245e-05, -0.01609823333148006,  -0.5040641523921223,  -0.1054039401525497,  -0.4736248067126874,    1.256502191356319
8.7,    0.8624100506978363,-2.295476592362178e-06,  -0.01513573202332916,   -0.5059830201852948,  -0.09456421863472604,    -0.448209897379036,     1.304496941309659
8.93,    0.861540346318084,-0.000534094691107434, -0.01493385164793287,   -0.507468155782767, -0.09235401169613446,  -0.4475751448192055,    1.326717274167218
9.13,   0.8628827646434759,0.0004177513046355052, -0.01267545355958744,  -0.5052439959977422, -0.08359371290199183,  -0.4287303438452079,    1.367359970423727
9.37,    0.8639727011140186,-1.481497126593068e-05,  -0.01147477866877192,    -0.503406896669478,   -0.0789804188513379,   -0.4173141632463822,     1.396733010580764
9.62,   0.8658491083466968,0.0002828723148118883, -0.01021112718948361,  -0.5001999371147823, -0.07003407373641823,  -0.3968783082530567,    1.438560201714449
9.87,   0.8687011724904938,0.0004914408871434239,-0.008628307794366963,   -0.495260119890275, -0.06110467083581691,  -0.3741312255525183,    1.495396465515587
10.12,   0.8703915894476049,-0.001163009193703546,-0.009128452428677103,  -0.4922730974107488, -0.05733421967208363,  -0.3590447220788474,    1.533466385111066
10.29,   0.8720939347909668,-0.002867294703945311, -0.01075980355812489,  -0.4892107692998063,    -0.05332712745974,  -0.3416118881875159,    1.574318416850097
10.5,   0.8731622575753453,-0.003932623779337785,  -0.0115443366192072,  -0.4872760381526957, -0.05009175884942288,  -0.3271964936818919,     1.60673066455374
10.7,     0.87380624771275,-0.005316618142517493, -0.01276366835354534,  -0.4860766055360818, -0.04299365807633196,  -0.3008261531335049,    1.655065520404284
10.99,  0.8750830953069334,-0.00789884200862212,-0.01582316599528311, -0.4836484411951238,-0.03327842627362674, -0.2659192111798134,   1.710305045515524
11.26,   0.8746468680585573,-0.008330819412109725, -0.01578376076130805,   -0.484430933352875, -0.02400185404355338,  -0.2342113831912773,    1.763848146506823
11.5,  0.8735790133813133, -0.0106124626098491,-0.01668951366920401,   -0.48627928785853,-0.01557588074667259, -0.2114812607025278,   1.804849227166253
11.71,   0.8726429961508639, -0.01207582573716309, -0.01727728393452702,  -0.4879025249074683,-0.009171420473935609,  -0.1937728810944582,    1.838293351726385
11.92,  0.8714147343540593,-0.01283049554450105, -0.0178542711500157, -0.4900530244637378,0.003224974729356578, -0.1601871079328534,   1.886420477789654
12.14,  0.8701009289056457, -0.0134578058550916,-0.01728449288479206, -0.4923855297776759, 0.01213909416163836, -0.1372358233058631,   1.924056626252797
12.4,  0.8677652968232765,-0.01454778631190551,-0.01568908740313216, -0.4965124436796312, 0.03375223694632665,-0.08878232794810868,   1.990447426724584
12.62,  0.8667987937039491,-0.01481588711902776,-0.01515745172848076, -0.4982063779489195, 0.04323642623826507, -0.0693929142193888,   2.026878687682159
12.84,  0.8663177292482964,-0.01550509727734528,-0.01335638566611014, -0.4990729341088951, 0.06204177141328896,-0.03408564006723483,   2.082143909283563
13.04,  0.8655705780062474,-0.01521054686342926,-0.01105818860014862, -0.5004327455998037, 0.07423997701933675,-0.01116096401750043,   2.123335673463255
13.25,   0.8650560911186289, -0.01542191724725694,-0.008462871197930821,  -0.5013656411718823,   0.0888934777393665,  0.01560550318755282,    2.170243860066392
13.5,  0.8643979564759214,-0.01526832441300507,-0.00536464191407196, -0.5025467882462606,  0.1166298224331108, 0.06178168402800846,   2.246933291301392
13.75,   0.8641451589564504, -0.01547831338229105,-0.003313575397825202,  -0.5029926330819187,   0.1318119989041181,  0.08759580951725396,    2.305017884005652
13.97,   0.8645667099211545, -0.01667383635360364,-0.002298840969029325,  -0.5022351095425237,   0.1534453547228898,   0.1205308748970245,    2.374962300142986
14.18,   0.8647967061542869, -0.01696766229777741,-0.001378931959627183,  -0.5018324986059822,    0.160338776092261,   0.1319860598111808,    2.413567698543629
14.36,   0.8656110950669592, -0.01747307936512976,-0.001263099781119353,  -0.5004093632447849,   0.1720007801812143,   0.1514902393571202,    2.457802156427997
14.6,    0.8668825366064051,  -0.01917287727348849,-0.0007186321445173671,   -0.4981421029398835,    0.1902507620496789,     0.180201996129463,     2.522452846435382
14.75,   0.8674130163805236, -0.02055404985932624,-0.001616090193401587,  -0.4971605182937769,   0.2032835917382391,   0.2016646773589638,    2.571550032917201
15.02,  0.8677869858218568,-0.02228955502733709,-0.00246258867767768, -0.4964291100263283,  0.2173545829848047,  0.2245559700706322,    2.62301758756908
15.3,   0.8682470406486851, -0.02382343529486547,-0.003604331325572058,  -0.4955456909114189,   0.2333365852168361,   0.2496254854652116,    2.676360881171334
15.53,   0.8687344024735417, -0.02616758152764609,-0.004577773410237379,  -0.4945642953915749,   0.2558972824466036,   0.2830752675627188,    2.747263324412014
15.77,   0.8686903870764913, -0.02774275716169977,-0.005416000625073636,  -0.4945472883484655,   0.2780110071557155,   0.3144014819112824,    2.815652181132356
16,   0.8686653509758373, -0.02888077886339002,-0.006049027606642526,  -0.4945187767324021,   0.2948540149164406,   0.3367970569227796,    2.867134112094897
16.23,   0.8678852665179739, -0.03130359051144987,-0.006378724848780826,   -0.495735376890785,   0.3271404898843652,   0.3774274537990623,     2.95190974143476
16.47,   0.8673082768895273, -0.03225077742986415,-0.006366634715120112,  -0.4966837110336119,   0.3432206118191568,   0.3961662311456454,    2.997760690199319
16.73,  0.8670671498695754,-0.03342985103077584,-0.00612792647729421, -0.4970296307503488,  0.3645300096394802,  0.4201406750430676,   3.050213962516154
16.96,   0.8663195048195059, -0.03412935637149506,-0.003984725124532934,  -0.4983059574380615,   0.4040621801118481,   0.4616386861593659,     3.13711714201512
17.22,    0.865436282240875, -0.03518604412759291,-0.001054400086622664,  -0.4997798260932796,    0.431032415461003,   0.4880902469798495,    3.198623540880513
17.4,    0.864957875514184, -0.03495806587125733,0.0007773165112090197,   -0.500623816498176,     0.45035042616034,   0.5070017402730551,    3.247023788239835
17.66,   0.864536956669702,-0.03564551029597951,0.002850742294750686, -0.5012944484691867,  0.4819458553280419,  0.5362735261959822,   3.317133633665641
17.93,  0.8644419167307702,-0.03553894058101131,0.004936450172854573, -0.5014496888128765,  0.5124733771456336,  0.5632112985677082,   3.387438449122903
18.16,  0.8640550840965935,-0.03591299491661032,0.006377989534250117, -0.5020730946207709,  0.5240496047401246,  0.5749884174972913,   3.422099543148078
18.42,  0.8642770463580853, -0.0371422060210318,0.009287422702560943, -0.5015559690598917,  0.5688378661125219,  0.6115475166531891,   3.514051090560052
18.68,  0.8646589710397715,-0.03804178746087994, 0.01112975164810226, -0.5007921899202343,  0.5964839505511558,  0.6344984623186919,   3.583000619425546
18.91,  0.8650496191880368,-0.03870449164365719,  0.0121044666020792, -0.5000436013060721,  0.6233929027643812,  0.6560629591636388,   3.647990188121276
19.17,  0.8656947016608916,-0.03955805334239798, 0.01338662345616168, -0.4988262672455123,  0.6496499867648913,  0.6774887264320727,   3.714127725662696
19.36,  0.8660538193374322,-0.04094136136706306, 0.01320351456145466, -0.4980956301688576,  0.6628135147958168,  0.6888607782637857,   3.747257440876199
19.64,  0.8666242560297202,-0.04408552809557004, 0.01153881802006573,   -0.49687495751124,  0.7020194376448909,  0.7200930780510241,   3.839350547426158
19.83,   0.867176598559787,-0.04564360595609535,  0.0106860115036502, -0.4957884830785953,  0.7248006105202003,  0.7392435990151713,   3.891417227409621
20.02,  0.8675199158797039,-0.04770683956918154,  0.0102505676012285, -0.4950022035545621,  0.7503303059659605,  0.7597581001741313,   3.946348954399307
20.29,  0.8678502080306515,-0.05098629867074111,0.008862895211635274, -0.4941223183657143,  0.7938324826628663,  0.7934239355295228,   4.036293887241823
20.47,  0.8674915548324693, -0.0529505775746078,0.009149597093989548, -0.4945401158162057,  0.8186067671404363,  0.8123282038238179,   4.087868188340754
20.7,  0.8668584439829657,-0.05523779077255442,0.007945332008169909, -0.4954201236475032,  0.8573483326636159,   0.841111022995964,   4.160747947820102
20.96,  0.8659856470458882,-0.05704018533568317,0.009286479677383191, -0.4967172639562821,  0.8938063023012777,  0.8664567553982727,   4.230359699883447
21.21,  0.8658325981565563,-0.05782955890159491, 0.01048441918120013, -0.4968689300920065,   0.924083972528673,  0.8877780905908993,   4.284000952258789
21.45,  0.8649754715209399,-0.05864616720500304, 0.01190883242024979, -0.4982321176914482,  0.9565627457580267,  0.9095091596526207,   4.339130806229005
21.7,  0.8640349133160278,-0.05927675164889745, 0.01466178403308407, -0.4997138881635316,   1.004398507892525,  0.9404208744701354,   4.412399916007524
21.97,  0.8628399751462668,-0.05952127751940656, 0.01904897564378152,  -0.501597980447089,   1.061169748865963,  0.9749256334002182,   4.499608740024905
22.17,  0.8628017901887031,-0.05985574847206948, 0.02071978283554154, -0.5015576272681871,   1.090806001546326,  0.9945483835117116,     4.5489297130528
22.42,  0.8629383217496697,-0.06097668028049141, 0.02269510675915848, -0.5011020176537436,   1.127145274317814,   1.017213021316011,   4.602633940950987
22.66,  0.8630059132621154,-0.06227559382181169, 0.02448147117056262, -0.5007416542566796,    1.16585311297513,   1.040490481274862,   4.659093936316657
22.91,    0.86325415063442,-0.06450269675560755, 0.02574156449267143, -0.4999680470098045,   1.218691669073637,   1.070611078335114,   4.736962743428593
23.12,  0.8629413335652323,-0.06458781068081426, 0.02646715436641986, -0.5004589512892044,    1.24469280261183,   1.086240226554622,   4.776013218306518
23.34,  0.8627624620628578,-0.06606402018110313, 0.02751699691242662, -0.5005180284698009,   1.289078451417595,   1.110415752839308,   4.837266026860142
23.58,  0.8623912602016002,-0.06775272186086861, 0.02976302597739097, -0.5008034024870808,   1.345734441268615,   1.140086184349741,   4.919529028814014
23.84,  0.8614633736239798,-0.06895224313267845, 0.03130572318311844, -0.5021408153267102,   1.396501274019014,   1.166096876801328,   4.997630904691002
24.07,  0.8607731624143021,-0.06995649365559442, 0.03252867686050639, -0.5031068869475244,   1.430406672433389,   1.183724558164837,   5.055380856227067
24.32,  0.8604639500921289,-0.07152391060087226, 0.03351740929431996, -0.5033504810050686,   1.477749912124997,   1.205966619905434,   5.132516038635661
24.59,  0.8599174773181283,-0.07331100344598152, 0.03493347453486118, -0.5039306340987018,   1.520557044182506,   1.224965233587106,    5.20723976038173
24.83,  0.8597560745066978,-0.07527080098714234, 0.03558951692411594, -0.5038712016004921,   1.561323387738897,   1.242089351852537,   5.278681088213078
25.09,  0.8597426281729059,-0.07733584655010511, 0.03531252537220339,  -0.503600842277084,   1.590283494218909,   1.253650741763322,   5.329897890059015
25.35,  0.8602106146522708,-0.07974173852147831, 0.03438365214327158, -0.5024895229674479,   1.625416565474146,   1.267290791342833,   5.386039027222593
25.59, 0.8607017117258788, -0.081887807015051,0.03389524924133919,-0.5013352822442316,  1.663790335511939,  1.281065817660954,  5.445226087122745
25.8,  0.8609685200916019,-0.08558576576915589, 0.03384313062977914, -0.5002618606967633,   1.715270819168108,   1.297970052057313,   5.523315300559539
26.07,  0.8615158988700731,-0.08710150221384766, 0.03409547387378362,  -0.499039262600781,   1.751859498785202,   1.310371104789234,   5.582174692130653
26.33,  0.8618142671356497,-0.08881807923577489, 0.03395713461967609, -0.4982303015878897,   1.792136229904223,   1.323035555127296,   5.642337388808123
26.61,  0.8622290366277745,-0.09141515787501053, 0.03539231174249152, -0.4969413891252944,   1.846995714781717,   1.338557037226985,    5.72270554073816
26.88,  0.8623184396495287,-0.09139435145438202, 0.03778141557461351, -0.4966140840224343,   1.883794884925247,   1.348882034716627,   5.781145720693448
27.15,  0.8623744898055252,-0.09289904791999987, 0.03895188317009493, -0.4961469133989942,   1.924502185170391,   1.359230195602183,   5.841383894410091
27.43,  0.8615813247142543,-0.09508219656779027, 0.04261849787986713, -0.4968094836932631,   1.995393757008862,   1.376130479541577,   5.939645827131144
27.72,  0.8612530675767402,-0.09640137646627228, 0.04512570515708311, -0.4969030102432133,   2.050752472801904,   1.388703792276844,   6.027143440488237
27.99,  0.8604440441735133,-0.09751428916792004, 0.04912335911754004, -0.4977076536412129,   2.095058043022142,   1.398250663018109,   6.109815991699967
28.21,  0.8599606521423986,-0.09782927500343203, 0.04979722109900836, -0.4984138332144966,    2.11013774787987,   1.400987372807862,   6.148567911881409
28.44, 0.8597693299984941,-0.1010174458677454,0.04968507656013171,-0.4981190326027902,  2.153797613967937,  1.409840934443444,  6.213930189196915
28.69, 0.8592890446171213,-0.1026435242106311, 0.0495982748312507,-0.4986237644978511,  2.182461673784167,   1.41531270009913,  6.265934700452273
28.94,  0.858438057401685,-0.1053097969379702,0.04889151325810373,-0.4996024127786671,  2.229490111801451,  1.422485457478464,  6.342238431855724
29.15, 0.8577147055463372,-0.1065398205290498,0.04877860416234442,-0.5005940480636968,  2.249632674639453,   1.42516021071985,  6.382301792266007
29.39, 0.8570176097609083,  -0.10990087361879,0.04829181518095058,-0.5011082894681382,   2.30435159951209,   1.43048794369785,   6.46573271304246
29.64, 0.8562625774456194,-0.1125052389738092,0.04913991252969316,-0.5017382199073867,  2.352982439353802,  1.432773338958253,  6.548005366745683
29.89, 0.8557746630681985,-0.1147948978644311,0.05051936680305338, -0.501914986528847,  2.396580482332714,  1.432768852997773,  6.628053547469368
30.09, 0.8558272678641765,-0.1162667827835072,0.05123058497932456,-0.5014141527855153,  2.423811777498177,  1.431808267013327,  6.689339990530859
30.33, 0.8567941767924289,-0.1174328926657948,0.05418465802024278,-0.4991756001845297,  2.467836347632788,  1.429696114801786,  6.775368364319226
30.61, 0.8572969889845057,-0.1197959533992483,0.05720148855428578, -0.497411092140161,  2.521573028946306,  1.424498399598542,  6.878320891307694
30.79, 0.8569741478818389,-0.1209626837123473,0.05704299910537125,  -0.49770316245127,  2.543640942847357,   1.42138307954523,  6.931277937065864
31.06, 0.8574830651005105,-0.1226856131604895,0.05860520388496135,-0.4962211866864401,  2.585915132472648,  1.415185868572694,  7.012987419066238
31.29, 0.8575290949399204,-0.1238775370285023,0.05951149084716731,-0.4957374226927484,  2.614033485174218,  1.411315396144463,  7.076095956981605
31.48,0.8580102814044501,-0.125162319208707,0.0612713675958351,-0.494365829135791, 2.646338701856208,  1.40719024796574, 7.145953212681727
31.72,  0.857540006706934,-0.1282769427507594,0.06291135138794099, -0.494177424992038,  2.694322440045108,  1.399505861872501,  7.236138160465766
31.95, 0.8574871741036503,-0.1297776135335066,0.06438482990095015, -0.493687262952507,  2.736800644678675,   1.39357445766707,  7.327373122499638
32.19, 0.8574356204670225,-0.1311710783112946,0.06647862999188855,-0.4931307122589449,  2.763990255142242,  1.391057182856252,  7.397198625680383
32.38, 0.8575420376474334,-0.1317493994100454,0.06855391935690203, -0.492506966664448,  2.793050976002639,  1.389010299704763,  7.472494114410093
32.64, 0.8569776178140829,-0.1336127118343678,0.07043958917632429, -0.492721293154928,  2.835983291713645,   1.38329668035358,  7.569883086955056
32.84, 0.8566072645232532,-0.1350441309011996,0.07206940026819578,-0.4927393644410196,  2.861571532039476,  1.381390516053387,  7.644958740385963
33.1, 0.8558886631371729,-0.1378779344658729,0.07397183812413449, -0.492921333799677,  2.909905456139954,  1.373642914636815,  7.764434250142118
33.29, 0.8550895738173765,-0.1396323869842149,0.07477746516481112,-0.4936921617841036,  2.927252545224656,  1.371716609080689,  7.826437459318318
33.49, 0.8540505255939755,-0.1434292049780697,0.07445456711688711,-0.4944504858699988,   2.95883581391272,  1.366130585475635,  7.916912558875159
33.75, 0.8534426007781941,-0.1462704825085838,0.07421488094195108,-0.4947037772445826,  2.986455249324751,  1.361241604392769,  8.008557283690845
33.95, 0.8528868418222827,-0.1481839119466005,0.07371816316649124,-0.4951668389094744,  3.003339363780407,  1.359130736738765,  8.077552519274841
34.2, 0.8526335295273726, -0.152839402265845,0.07226913725953377,-0.4944010071693876,   3.03218895193927,  1.352380844479719,  8.168881327276596
34.46, 0.8524909653352943,-0.1564615922708579,0.07215068773792677,-0.4935303486862164,  3.059946650330692,  1.345624179086382,  8.257575685381513
34.7, 0.8524064159484537,-0.1588786939536412,0.07187486833148671,-0.4929440826396606,  3.079925282064405,  1.341616260910461,  8.326209432167076
34.96, 0.8518409662046202,-0.1631195083223644,0.07202010898690403,-0.4925150767757184,  3.119595382680946,   1.33039725553567,  8.439292663147873
35.2, 0.8514599693186231,-0.1644398524358723,0.07239584793614987,-0.4926797128257179,  3.148393619735126,  1.322013175818918,  8.521529253732266
35.49, 0.8502103179117522,-0.1682265182337556,0.07407713777142155,-0.4933090655852242,  3.185505411973319,  1.310096857690412,  8.623410883747212
35.69, 0.8493981746381702,-0.1702169725391374,0.07358683054736931,-0.4940980714398468,  3.207976150347871,  1.300852415637458,  8.678560826155868
35.95, 0.8492236384161926,-0.1724235428629745,0.07551540871419232,-0.4933414228686862,  3.241600738977205,  1.288704256914878,  8.760416668752544
36.16, 0.8485732676950242,-0.1742013029731513,0.07721210861196748,-0.4935733059325303,  3.278487996955706,  1.273544429897163,  8.841655469449323
36.43, 0.8477623701843194, -0.175640150734694,0.07964842631734867,-0.4940694606876216,  3.318771055412716,  1.255486186648964,  8.925670761881827
36.7, 0.8473664749598172,-0.1768993762669729,0.08286445433042883,-0.4937703440352388,  3.370990230089436,  1.229976476339359,  9.026514836868202
36.96, 0.8478897724545127,-0.1765627292904927,0.08737697007281092,-0.4922121535913656,   3.40496253004179,  1.212999903590643,  9.097390074475644
37.21, 0.8483358890891208,-0.1782802954121729,0.09044566845543298,-0.4902661922449859,  3.452308614400565,  1.187763613948263,  9.191156322820115
37.41, 0.8480043516767484,-0.1796753247400686,0.09138259990791137,-0.4901567303430071,  3.481844962254672,  1.171304106712636,  9.244476852440696
37.68, 0.8477762207362015,-0.1819208337704797,0.09296337891545675,-0.4894252778767623,  3.526229515225236,  1.146466791157017,  9.326103398381568
37.93, 0.8474461091152174,-0.1839774707623525,0.09411752289525321,-0.4890074405681949,  3.572228636229287,  1.119789516450808,  9.405952583993066
38.14, 0.8472676810064326,-0.1855611510977832,0.09649175542047284,-0.4882549331146087,  3.616135813043885,  1.093823127360461,  9.485657299236573
38.38, 0.8464635738727649,-0.1875856608039187,0.09720688324155272,-0.4887339383216545,  3.653903955296911,  1.070697532575261,  9.547949681390122
38.59, 0.8462819305960581,-0.1891770109892885,0.09890794417149215,-0.4880934067257665,  3.694811765112442,  1.045080391680265,  9.614487302017869
38.81, 0.8466919904408636,-0.1907944348728134, 0.1012796688663417,-0.4862628797973417,  3.747153784470574,  1.011073837500233,  9.706213791143393
39.06, 0.8467268673536785,-0.1926293909328849,  0.103739356948819,-0.4849584294758938,  3.797977182015046,  0.977263260958267,  9.794934686826849
39.26, 0.8465440919374116,-0.1951058677175978, 0.1059895359002057,-0.4837995677109614,  3.847614006338429, 0.9439421095798519,   9.88122982639082
39.52, 0.8460481442427294,-0.1969584310540215, 0.1072882813258909,-0.4836301700679314,  3.885788285154384, 0.9180586389214327,  9.945650138583625
39.75, 0.8451329012415932,-0.1995265486793195, 0.1116415883516235,-0.4831921915874068,  3.945400263230625, 0.8758909714600241,  10.05038977471185
40, 0.8442502828966518, -0.201447614229801,  0.112491518024263,-0.4837406118699046,  3.981466831610926,  0.851004411883014,  10.11297266101705
40.24, 0.8433600049064629, -0.203530097031471, 0.1130597441534296,-0.4842890651543965,  4.021635273950909, 0.8222357968431516,  10.17998805162658
40.45, 0.8425215681235176,-0.2059488575674879,  0.113826542580867, -0.484546175474587,  4.063726391170604, 0.7910952582993371,  10.25153612184053
40.67, 0.8417314163356411,-0.2081498696228625, 0.1149172946379872,-0.4847214381191479,  4.118325208569247, 0.7493903605005819,  10.34708106844656
40.92, 0.8414693438071854,-0.2104656263955342, 0.1164381645653228,-0.4838126910498801,  4.159132295394748, 0.7180465303151228,   10.4184207660092
41.12, 0.8416345898683424,-0.2118841634034779,  0.118924069827218,-0.4822990635501114,  4.211676756830702,  0.675477342257262,  10.51484697283719
41.36, 0.8410087739206571,-0.2142070911020565, 0.1217033396441735,-0.4816709084833242,  4.259332719959915, 0.6349329759394475,  10.60615023922706
41.64, 0.8404133853186774, -0.216818238292792, 0.1238184843118153,-0.4810022649771654,  4.303612711722199, 0.5962487048014836,  10.69350931339947
41.9, 0.8399285127861483,-0.2187804144487512,  0.126122358154419,-0.4803617148417204,  4.344375981567562, 0.5593268853271597,  10.78136393059393
42.13, 0.8396898423886197,-0.2200151016790284, 0.1277429200881033,-0.4797864865120047,  4.372153097371848, 0.5338020105797882,  10.84829347883361
42.34, 0.8390931087319408,-0.2222358030422565, 0.1291124036967298,-0.4794402909497816,  4.403084001044263, 0.5045222160985517,  10.91991742617555
42.53, 0.8388112599473343,-0.2241982361670273, 0.1308534358989715,-0.4785469695319587,  4.433738104028071, 0.4750000276812596,  10.99773440579676
42.76,  0.838574011908837,-0.2265526559394114, 0.1321776378768207,-0.4774888431501295,  4.475816908896476, 0.4323146921414623,  11.10071901996659
43.02, 0.8381516019680625,-0.2296970920634461, 0.1344429377068896,-0.4760937272915245,  4.519902122379183, 0.3854853463412075,  11.22519470187809
43.27, 0.8383554673905316,-0.2304732974119332, 0.1361365600601066,-0.4748768357596558,  4.533311456729131,  0.371103206286159,   11.2912047998826
43.51, 0.8376060521936235, -0.233166316505419, 0.1376618218101844,-0.4744447234836075,  4.561245921212817,  0.340247997619195,  11.38710828572982
43.75, 0.8365784000815102,-0.2364587635450922, 0.1388883416486136,-0.4742708770982181,   4.58598348593859, 0.3132680654987089,  11.48305446344331
44.02,  0.835451035908108,-0.2394093519039926, 0.1391168331051409,-0.4747106889647672,  4.608996231424749, 0.2875044146108742,  11.57454933714563
44.31, 0.8335524762223572,-0.2442931759418068, 0.1393575443757741,-0.4754887917154563,  4.634780406800989, 0.2579437037722258,  11.69190201819451
44.57, 0.8324647285388374,-0.2479028312166541,  0.138310429842655,-0.4758317871474069,  4.649671570739823, 0.2419217812123366,   11.7733562792956
44.82, 0.8308921646125804,-0.2521122954135327, 0.1367673436878096,-0.4768136927951512,  4.667094544103968, 0.2232857206902775,   11.8635471997109
45.07, 0.8293570786855077,-0.2565276807294897, 0.1348015870866031,-0.4776901923028676,  4.690875506916748, 0.1958348634479521,  11.97109421183735
45.33, 0.8283726947663874,-0.2589676473337741, 0.1336739868243814,-0.4783980602970579,  4.712797302536322, 0.1715676868022709,  12.07077559252668
45.63, 0.8264500484444598,-0.2630052808164847, 0.1340004071954796,-0.4794282357244576,   4.73943328142191, 0.1398186629763584,  12.18880292964533
45.84, 0.8256269393482887,-0.2649193505742835,  0.134185177767164,-0.4797408002566599,  4.752933766742218, 0.1246574429393595,  12.25042481040249
46.03, 0.8244370590748666,-0.2681536905500618, 0.1355683252658281,-0.4796012569860645,  4.772928405085443,0.09941868495301778,  12.32590316039957
46.29, 0.8231743717106168, -0.269840327953415, 0.1374057513170765,-0.4803007529907095,  4.795872859730693,0.06973155711887384,  12.40695996311645
46.56, 0.8219872907360448,-0.2716098748286046, 0.1400507001693516,-0.4805723398154633,  4.819670942103895,0.03809123659761011,  12.48812760065713
46.75, 0.8214117296693585,-0.2726321359780485, 0.1418119649957953,-0.4804610889835919,  4.833376394981515,0.02049300098712613,  12.53480080608376
47.02,   0.821055301376052, -0.2744752052250028,  0.1447045833720486, -0.4791566967075835,   4.863046055943316,-0.02280938984343828,   12.63627154986885
47.26, 0.8211384497179171,-0.2756536158818959, 0.1493738946180617,-0.4768995415203838,  4.891228405738938,-0.0659582520370897,  12.73777647831207
47.5, 0.8210246117703921,-0.2761770355807817,  0.155995473798913,-0.4746675117268604,  4.923250220562451,-0.1182064415336727,  12.85713677169464
47.73, 0.8211994778698597,-0.2777613044285665, 0.1576196252805076,-0.4729007630406948,  4.939390804564678,-0.1439489281702836,   12.9271587030226
47.96, 0.8207107640039188, -0.279719982634246,  0.159110264299465,-0.4720947993860801,  4.958164024527111,-0.1769268765737926,  13.00312372737279
48.24, 0.8199756463201395,-0.2845443472373244, 0.1617281796783561,-0.4695928581704668,  4.990510745827994,-0.2415670278382557,  13.14680157402527
48.46, 0.8199006072468773,-0.2871678063923345, 0.1615713164613388,-0.4681787666635413,  5.008420894714378,-0.2743681984547415,  13.23862487474898
48.7, 0.8193881643948477,-0.2906170995788413, 0.1618196718888616,-0.4668598654001361,  5.026772565046932,-0.3123331976260735,  13.32735749170278
48.91, 0.8189809433408572,-0.2931121525259103, 0.1624203373204654,-0.4658048058580778,  5.041984469834003,-0.3424340157123155,  13.39581900083546
49.17, 0.8180265659406887,-0.2958515327516591, 0.1632399789605717,  -0.46546333894557,  5.063418876982769,-0.3876690930079804,  13.49123666614797
49.42, 0.8170128099315914,-0.2985080312727419, 0.1644545831718116,-0.4651201096456382,  5.085631833930244, -0.433511830855303,  13.58954408394049
49.63, 0.8163872392449398,-0.3004774281515081, 0.1654003848183687,-0.4646147932653933,  5.102604523519032,-0.4676371351056972,   13.6644024247542
49.9, 0.8148588444643456,-0.3034580986654361,  0.167177908798895,-0.4647244295406109,  5.126188061144445,-0.5172614483948701,  13.76811045354655
50.11, 0.8136551662933382,-0.3052493593788391, 0.1692013659277051,-0.4649279507416126,  5.147712005957908,-0.5638872286382148,  13.86940474885011
50.36, 0.8118876397823735,-0.3079077062276841, 0.1718338323463252,-0.4652993031641207,  5.168235667537249,-0.6097691447641962,  13.96889253781349
50.63, 0.8098615802356766,-0.3109213721772004, 0.1744849376608157,  -0.46583916791179,  5.192193688841599,   -0.6667758794614,  14.08636993054045
50.84, 0.8091802259693508,-0.3122375554290178, 0.1765829775700371, -0.465352044759695,  5.207592764553818,-0.7044725114096506,  14.17469832348104
51.1, 0.8076678765684365,-0.3139680889590036, 0.1799264730974587,-0.4655342170057978,  5.224080254334203,-0.7469787329060478,   14.2659645890639
51.33, 0.8061633151576374,-0.3176712498900111, 0.1831434616520946,-0.4643739456419597,   5.24342498426306,-0.8042728299842871,  14.38021056210766
51.59, 0.8063966338953379,-0.3188339485075212, 0.1845253763346046,-0.4626216275311524,   5.25094742801802,-0.8273412036222942,  14.44630186825979
51.87, 0.8053017398433504,-0.3228965918692874, 0.1861922289480879,-0.4610405137224304,  5.265986309483745,-0.8852726093507856,  14.57059255680187
52.09, 0.8041234037113345,-0.3256809220182229, 0.1879219179707566,-0.4604365798162426,  5.274997364202644,-0.9246204777778438,  14.65994946703859
52.31, 0.8040524756573683,-0.3270740237854693, 0.1890829424032315,-0.4590956794566944,  5.281858565109308, -0.951443240806303,  14.73205479688514
52.56, 0.8036654620389254,-0.3287882664607862, 0.1901233537202885,-0.4581181223038986,  5.289182735707649,-0.9869251043789862,  14.81293328316092
52.77, 0.8033546269725937,-0.3321204388614082, 0.1912620314532191,-0.4557797663194869,  5.297909348348186, -1.039475078107177,  14.92613926676826
53, 0.8030577553762106, -0.334650210719292, 0.1934000794410994,-0.4535448047519234,  5.304980065967431, -1.082676950970032,  15.04183233229747
53.24, 0.8026546657409793,-0.3370870889648235,  0.194528425636033,-0.4519684461183684,  5.309311985984615, -1.106983403325303,  15.12840505909307
53.47, 0.8018082177900306,-0.3402100188850906, 0.1957629516012738,-0.4505958215125466,  5.314963902489446, -1.148955779048723,  15.24984092604435
53.69, 0.8007573404678365,-0.3441269712315886, 0.1975101877859373,-0.4487237877895967,   5.31949054157171, -1.184753992439668,  15.36417238270318
53.97, 0.7997726925029542,-0.3472025271768757, 0.1982916072318395,-0.4477649903683935,  5.323974787548437, -1.225625137796039,  15.50266979050264
54.21, 0.7979991196318412,-0.3513527588657259, 0.1993785508930935,-0.4472089444517494,  5.328186941948081, -1.255419361961085,   15.6322399625662
54.42, 0.7962820506880641,-0.3540312083963884, 0.2002177410783851,-0.4477819313466114,  5.331552829512579, -1.272767515336537,  15.72654091433639
54.66, 0.7930603842781144, -0.357753776048877, 0.2004510966533762,-0.4504284883436064,  5.334754232201139, -1.296052344780614,  15.82335661134855
54.88,  0.789533289627959,-0.3613815836774066, 0.2017501832443282,-0.4531405982237426,  5.337972463794431,  -1.32347052673162,  15.92389892579519
55.13,  0.786546777388565,-0.3649489265685691, 0.2014867583893671,-0.4555859269330931,  5.341844013644117,  -1.35177550500936,  16.02865304455752
55.4, 0.7837739122056449,-0.3679250628763897, 0.2026320710914368,-0.4574591228384081,  5.345880545013095, -1.390508973072204,  16.16160597318007
55.61,  0.781913893128259,-0.3700996917929644, 0.2037169044534602,-0.4584051781527889,  5.348832667200988, -1.412502301446208,  16.23239780039679
55.83, 0.7804207106009469,-0.3727553200273068, 0.2046079200577073,-0.4584011208055021,  5.351221132644281, -1.440353327137703,  16.31625375217934
56.07, 0.7785980488459462,-0.3761764211203206,  0.206636384422694,-0.4577955720720084,  5.353254142298908, -1.482105088258601,  16.43364986494903
56.29, 0.7777511255356069,-0.3781187670728297, 0.2074394694686367, -0.457271531884086,  5.353950843841987, -1.515108978148104,  16.52319655171597
56.5, 0.7773437482892104,-0.3799631061698007, 0.2104333386873611,-0.4550621359374959,  5.354220360007184, -1.551143417903193,  16.61496147593538
56.72, 0.7767296146759517,-0.3825451891601844, 0.2147615118396569,-0.4519145711500344,  5.353088832065443, -1.610999904932193,  16.76390986056314
56.98,  0.776511469564219,-0.3864564082050934, 0.2188880717227072,-0.4469545803541762,  5.350901847618756, -1.662559798628154,  16.89997896093898
57.24, 0.7762593319949648,-0.3881248758327042, 0.2219304033517537,-0.4444394547835899,  5.348711250505117, -1.701712900700369,  17.00296735541495
57.51, 0.7755152232343668,-0.3909872564213356, 0.2257376416175096,-0.4413010578442568,  5.342147425232231, -1.762218347665821,  17.15228059310691
57.74, 0.7757020808667849,-0.3920885731176262, 0.2259895308520122,-0.4398642599307651,  5.340551855894075, -1.787086027348989,  17.22011562568227
57.97, 0.7737661738246211,-0.3957085839295538, 0.2272262388528084, -0.439394883761416,  5.334904568160844,   -1.8311268710842,   17.3201711202251
58.26, 0.7719309447586125,-0.3998768367494572, 0.2288329461239862,-0.4380132616407511,  5.326847930421822, -1.884379219880922,  17.44933696104136
58.53, 0.7715187784944835,-0.4016321887409247, 0.2292258394863315,-0.4369266260586198,  5.321585329102943, -1.925193868987076,  17.54482856280208
58.77, 0.7702038523441164,-0.4051461227069004, 0.2303638978217549,-0.4354011050971776,  5.315847096708546, -1.967331630454698,  17.64230797328022
59.06, 0.7685437236110118,-0.4088855460045722, 0.2317987592247833,-0.4340754462511585,  5.306511568727601, -2.021417039447496,  17.76753126012071
59.32, 0.7668168857758082, -0.412960314312228, 0.2329358533976942,-0.4326609912434364,  5.300506934704838, -2.060993231279444,  17.86134297427957
59.54, 0.7665187970242167,-0.4139547776644903, 0.2329795218245818,-0.4322151326796733,  5.295484789218436, -2.092267353856919,  17.93340000923429
59.76,  0.764375821146341,-0.4172687299202285, 0.2347468627600016,-0.4318672529280051,  5.287421210179787, -2.139564786880694,  18.04832924888767
60.03, 0.7623070641378147,-0.4194600597665794, 0.2369294070672704,-0.4322090431059758,  5.279378934198416, -2.187471516383944,  18.16286435530033
60.29, 0.7605368909218647, -0.421761748074139, 0.2393043807082661,-0.4317789728921637,  5.270405998078087, -2.236324537187502,  18.27497279073639
60.52, 0.7597202856038484,-0.4229817656716724, 0.2420669450705925,-0.4304812543016245,   5.26401386093574, -2.270214920439068,   18.3625178098066
60.78, 0.7589499101404302,-0.4250312036984729, 0.2455800212645657,-0.4278235215433854,  5.252272239711545, -2.320805414406723,  18.48429099606222
61.01, 0.7577728339373839,-0.4275329636094389, 0.2481639664567468,-0.4259219947078558,  5.239966650977528, -2.367849166024581,  18.60443714423694
61.23, 0.7558947766338958,-0.4300869142334977, 0.2507633322534535,-0.4251647759510109,  5.226468747636217, -2.413155785909828,   18.7215235497125
61.48, 0.7553031656778697,-0.4312042087299507, 0.2529403571201709,-0.4237926812488791,  5.217222140388857, -2.443139974111215,  18.81531139581179
61.71, 0.7542363700390062,-0.4330139988133681, 0.2560025716071148, -0.422004811491779,  5.205016515263861, -2.477775467186765,  18.91484223609478
61.98, 0.7519334892983075,-0.4370167601873555, 0.2581414585247833,-0.4206832169546877,  5.178638483975423, -2.539000522565076,  19.07296126475764
62.19, 0.7514642389399575,-0.4389684702023635, 0.2597965232510295,-0.4184649912703484,  5.168164512055221, -2.559958457782992,  19.16705696754407
62.42, 0.7504088794441033,-0.4420328828980946, 0.2607625604689333,-0.4165277107174963,   5.14670193446731, -2.599167059354389,  19.29867327242428
62.68, 0.7500552745297961,-0.4453646885292862,  0.260913642701423,-0.4135099189416699,  5.128368687368928, -2.629049015920812,  19.42786803582056
62.87, 0.7490143090341361,-0.4486524131903393, 0.2610734588269594, -0.411738058413789,  5.114574916725956, -2.650556225190216,  19.52595363701053
63.09, 0.7469966982411077,-0.4524177970280457, 0.2608659502867393, -0.411414667190899,  5.101781132027553, -2.671037896596331,  19.63307128188155
63.31, 0.7445207137330467,-0.4566406130505667, 0.2606746880686779,-0.4113586841008259,  5.085867428881636,  -2.69502655062318,  19.74325146196757
63.56,  0.740579478366922,-0.4620602714263074, 0.2615220826727443,-0.4118829259818421,  5.056148131053493, -2.737141375705634,  19.91784661244216
63.8, 0.7391585051294192,-0.4645666328307156,   0.26171411362987,-0.4114939529710401,  5.046966860770473, -2.750687940917953,  20.01437963944663
64.05, 0.7349190411659485,-0.4690278116892759, 0.2636366210562553,-0.4127973467469976,  5.022587808696745, -2.784553687356609,  20.17974430297697
64.28, 0.7321757380050478,-0.4714287660258491, 0.2652361076511844,-0.4139111222083631,  5.009998706033747, -2.803941131986146,  20.30495674832892
64.56, 0.7279896711468654,-0.4747508383129311, 0.2692785676986814,-0.4148864131933257,  4.990100738895472, -2.832421000387593,  20.45114444809393
64.84, 0.7249867586806723,-0.4765012415209925, 0.2721212161468665,-0.4162809303091166,  4.973125498663428, -2.856820111369883,  20.58893362526984
65.07, 0.7228221168638147,-0.4789569180352503, 0.2736900332735273,-0.4161985420145677,  4.961861589109821, -2.873821290271559,  20.68979936485767
65.38, 0.7196114664593082,-0.4818949394153303, 0.2762485560421976,-0.4166801442838481,  4.940171417822645, -2.903765923165647,  20.83429770983061
65.6, 0.7184608832473407,-0.4833075974958959, 0.2772441183683905,-0.4163681387017486,  4.929710728609865, -2.918560949942124,  20.90008029842421
65.81, 0.7170660439293818,-0.4854240707663701, 0.2789151896782702,-0.4151928224095822,  4.912802361046996, -2.940913305430591,  20.99604022260351
66.02, 0.7152021394316541,-0.4879042529653509,   0.28108120687941,-0.4140382802103566,  4.892964974270979, -2.965769542064287,  21.09908869010309
66.3, 0.7130807497929441,-0.4902437979176605, 0.2844634727323989, -0.412621373911546,  4.858387362837848, -3.005067089806611,  21.26250586222905
66.53, 0.7123256733099907,-0.4927558127146922, 0.2856653941491246,-0.4100952687054614,   4.83987912941679, -3.026058244801504,  21.36018260106349
66.77, 0.7114042713651303,-0.4957239650068108, 0.2873813811451187,-0.4069062024866743,  4.810175320221104, -3.057963498173719,  21.49441106320635
67.01,  0.710297172837957,-0.4989042141284001, 0.2880770387589276,-0.4044541182542762,  4.780696892653425, -3.088765748720423,  21.62791663391667
67.24, 0.7094397607322461,-0.5016485488216164, 0.2883078623894744,-0.4023947545525164,  4.757557064662397, -3.113262026290497,  21.72943744568339
67.5, 0.7072795811886003,-0.5048411563114014, 0.2898269495052106,-0.4011113846775955,  4.724833700959989, -3.145039230781955,   21.8670011536095
67.72,  0.706284896577636,-0.5077514860142378, 0.2913918218551062,-0.3980450754905041,  4.692225796038352, -3.175811235440637,  21.99815429269338
67.98, 0.7057463602656704,-0.5104089346516469, 0.2916844366449228,-0.3953782827474105,  4.667546749205995,  -3.19943675044822,  22.09915947547313
68.19, 0.7042432369543049,-0.5140149702249804, 0.2923247482654381,-0.3929062455470914,  4.633353101619869, -3.229760612583989,  22.23237549777165
68.43, 0.7028081534687619,-0.5162005397636463, 0.2938439649953418,-0.3914746850704318,  4.608581105148186, -3.252097153154945,  22.33866589857867
68.6, 0.7014355724608947,-0.5179094103323869, 0.2943881430224722,-0.3912705001313345,  4.588757316960712, -3.270394000088295,  22.41777507621679
68.87, 0.6975001428766429,-0.5221035761420351, 0.2967456248889986,-0.3909506915528181,  4.544317635993141, -3.305123629243682,  22.59453100160931
69.14, 0.6951467923214523,-0.5251081389634926, 0.2984770777076906,-0.3897984302844208,  4.509920992131137,  -3.33364916316438,   22.7297378363163
69.43, 0.6923372473105083,-0.5276009196958709, 0.3007517547526194,-0.3896842185480797,  4.478979884880263,  -3.35837697258857,   22.8588867159832
69.72, 0.6889221368468005,-0.5305457731029289, 0.3033695771753768,-0.3897093459222075,  4.442348366356617,  -3.38559830766038,  23.01375985240077
70.01, 0.6858559019350671,-0.5332023599965324, 0.3051004369359888,-0.3901405530139884,  4.410021565385045, -3.409301011882881,  23.15335062466854
70.21, 0.6851623713791548, -0.534428722235849,  0.305805396990524,-0.3891279063708323,  4.391741589250332, -3.423986206292184,  23.22843978956425
70.46, 0.6816108387288455,-0.5376996391234088,  0.308235410272561,-0.3889417657151898,  4.353768801243287, -3.449570950301299,  23.37175439925939
70.69, 0.6799622136483918,-0.5396082583844313, 0.3092754789986187,-0.3883580773377874,   4.32554247735315, -3.470229348343079,  23.47876174062336
70.92, 0.6780604135311317,-0.5424296672322553, 0.3107686688268285, -0.386556553215082,  4.293084136527866, -3.493701362854906,  23.59391360825798
71.15, 0.6763576497552055,-0.5445651989684699, 0.3123824170550792,-0.3852340870879684,  4.259399552089154, -3.517113533734874,  23.70794295028723
71.38, 0.6737122718209133,-0.5482249200717838, 0.3135750977058708,-0.3837067533398023,  4.216818577012451, -3.544992796644304,  23.84484297443536
71.65, 0.6725222127756959,-0.5502684950288182, 0.3159945067772035,-0.3808739043807821,  4.178734832617664, -3.569873745358434,  23.97552947984452
71.92, 0.6713847851074636,-0.5521278730450555, 0.3182757772409565, -0.378281395794508,   4.14982424090227, -3.589262164238875,  24.07254666717158
72.19, 0.6691465094305191,-0.5553133478022325, 0.3196864995661893,-0.3763901955609017,  4.108079732338613, -3.614893828010379,  24.20321714720204
72.43, 0.6677309542174937,-0.5579160780502178, 0.3222308321165086,-0.3728690334634794,  4.068986502055471, -3.638212639593078,  24.32691581426936
72.68, 0.6666385487874339,-0.5599950593751722,  0.323649791681947,-0.3704705031980847,   4.04015408966467, -3.654850276054862,  24.41251880015368
72.92, 0.6655465076968342,-0.5614302968144477, 0.3255774383223861,-0.3685677715379495,  4.007283431261468, -3.671826897500427,  24.51872676809258
73.15, 0.6630259206794374,-0.5644913607204581, 0.3275444407315855,-0.3666875702483122,  3.961479352077277, -3.693827920187661,   24.6510655971799
73.43,  0.661444905468247,-0.5670424432402768, 0.3280720474727485,-0.3651318103245263,  3.930637290324159, -3.708171397666478,  24.75186604953989
73.66, 0.6583344542113376,-0.5705025441165807, 0.3294333053720299,-0.3641363666486174,  3.887596738581602,   -3.7252626326463,    24.884333576321
73.91, 0.6558769936877841,-0.5728651786796063, 0.3303477943606055,-0.3640332314750516,  3.857982927449346, -3.737386890128328,  24.98818049451426
74.18,  0.652996158229398,-0.5753248595023325, 0.3317906702342053,-0.3640209845207185,  3.824367936495479, -3.750607137651258,  25.09953179912776
74.37, 0.6508137492807121,-0.5775443673218362, 0.3317444933725394,-0.3644565286678619,  3.797595564941063,  -3.76197416777541,  25.18868358794014
74.63, 0.6484337503760301,-0.5798141543835543, 0.3323856565691664,-0.3645106249569034,  3.764490440279646, -3.774579987439244,  25.28966953728256
74.9, 0.6453061405187401,-0.5829866191249877,  0.334085422691019,-0.3634453465447257,  3.717856114566113, -3.789703507581502,   25.4187965724424
75.17, 0.6434335828119193,-0.5853921476535624, 0.3347425322506913,-0.3622922821802725,  3.684398873381761, -3.800693902863608,  25.52095864788571
75.45, 0.6413034746258207,-0.5887977890913395, 0.3368789865635313,-0.3585506492192648,  3.626601458687887, -3.818095207109252,  25.68342757202188
75.66, 0.6407342767040811,-0.5905520105233324, 0.3372548736683046,-0.3563229747854496,  3.610092945788367, -3.824447786371534,  25.75353856035512
75.91, 0.6384521634598965,-0.5934664449939069, 0.3396417439332114, -0.353297186611083,  3.560892930625546, -3.839127417129244,  25.89078761024276
76.14, 0.6362617096611276,-0.5960095165391199, 0.3416739734208848, -0.351000842663256,  3.515396097867712, -3.852075920135521,   26.0224641591379
76.36, 0.6350269592346161,-0.5986472482422043, 0.3436254978797137,-0.3468180402946494,  3.472591787598749, -3.864697054444834,  26.15280770123296
76.58, 0.6319902285659366,-0.6021726509698898, 0.3462595386756311,-0.3436273911475014,   3.42199824917728, -3.877005999696959,  26.30343210080378
76.79,   0.63041909936931,-0.6050507301790313, 0.3467266782769126,-0.3409765186649893,  3.388876593179178, -3.885308608186516,  26.42335038679306
77.04, 0.6276536557125092,-0.6081604790754696, 0.3487605269654112,-0.3384624316550579,  3.344342512593486, -3.893413120407289,  26.56866886684926
77.27, 0.6266323092654401, -0.609697618918195,   0.34904652069652,-0.3372925903565433,  3.324847611360897,   -3.8970180861101,  26.65354507585341
77.52,  0.624100260234298,-0.6112601504930355, 0.3506091321807941,-0.3375383425268476,  3.294266753631939, -3.902102380932921,  26.74906269345485
77.76, 0.6201250575636639,  -0.61366566555157, 0.3534454233796362,-0.3375421444004127,  3.249538793939987, -3.907326821951545,  26.87946071911606
78.09, 0.6180240650282826,-0.6153473229724619, 0.3547664925926387,-0.3369475709063454,  3.219071723808236, -3.909734092556229,  26.97940548793788
78.35, 0.6149788905162059,-0.6182401846360768, 0.3564836669126462,-0.3354078654336349,  3.169857757659176, -3.912686502349177,  27.11854042473921
78.61, 0.6112236371617314,-0.6213229882013489, 0.3587306381871648,-0.3341777095839695,   3.11511897933336, -3.912596175450756,  27.28129405642248
78.8, 0.6111032118207497,   -0.6225876188308, 0.3581137352961081,-0.3327026850250164,  3.105986544281122, -3.911526029933784,  27.35012821476262
79.09, 0.6086749048111957,-0.6248471118013375, 0.3595548608585561,-0.3313612104776622,  3.071634315735513, -3.909140087192855,  27.46211785026653
79.33, 0.6049303062085949,-0.6283551715880153, 0.3615813551983054,-0.3293736923185523,  3.024857313477855, -3.904471142655673,  27.60751742945397
79.6, 0.6026790703694297,-0.6310544534194814,  0.362472354946516,-0.3273545623742468,   2.98525431393019, -3.898098166529978,  27.74854879472563
79.82, 0.6003797678222457,-0.6338078142746594, 0.3631328776176016,-0.3255231248265984,  2.961667649629991, -3.893010134690346,  27.85256578612129
80.11, 0.5960648774267318, -0.638150432634365, 0.3647348095016881,-0.3231690093654144,  2.911574640571902, -3.882064179846457,  28.02583893161948
80.37, 0.5929206755738575,-0.6414880743644916, 0.3652073888149545,-0.3218084659075453,  2.885906021613157, -3.874266211106362,  28.15509600542568
80.67, 0.5892117807922127,-0.6445464341553134, 0.3668872214441322,-0.3205965392576345,  2.847311677895463, -3.862702999493112,  28.31363349104145
80.9,  0.585342529971344,-0.6473454282232292, 0.3682093446650026,-0.3205290943365789,  2.817359526828594, -3.852559715779823,   28.4561137802239
81.13,   0.58322141390347,-0.6486472659190353, 0.3691251246771504,-0.3207103861147992,  2.805777587759659, -3.849449958959483,  28.53710200999397
81.39, 0.5802050626632694,  -0.64908641248868, 0.3722861945979551,-0.3216378496755137,   2.78310000464732,  -3.84386588568516,  28.63628438639466
81.65, 0.5759364011095884,-0.6505118776916627, 0.3767623648351164, -0.321217499449331,  2.745498756207444, -3.833262239043834,  28.76892189261932
81.95,  0.570503887467678,-0.6536557911416447, 0.3803965225774315,-0.3202450770142814,  2.700156123902582, -3.819515205413369,  28.93127799764809
82.24, 0.5682922837979523,-0.6548765140200481,   0.38281949010661,-0.3187928358743348,  2.667912852761866, -3.810422096498635,  29.05149008993473
82.48, 0.5664083468431104,-0.6562875731398267, 0.3844893371191441,-0.3172304497679894,  2.643920065510728, -3.803507062185256,  29.14679453119768
82.69, 0.5633365269667927,-0.6585985626014561, 0.3865412187002549,-0.3154120790642583,  2.603239645719221, -3.789740812919542,  29.28275988123658
82.96,  0.560786668319077, -0.660764285268119, 0.3885685593734789,-0.3129254691867516,  2.563465574249307, -3.774615848368893,  29.41857030943912
83.2, 0.5583783858876229,-0.6631700152682846, 0.3898971208516256, -0.310480831652836,  2.524861331370652, -3.758465737240337,  29.54763924032971
83.45, 0.5576236371848705,-0.6654112137635034, 0.3900040889017032,-0.3068869647607691,  2.497396617847721, -3.746892203307256,  29.64895826592885
83.72,  0.555148139401304,-0.6690455993372639, 0.3900663188831815, -0.303374024677895,  2.453716538528711, -3.727559538998363,  29.78703425746037
83.89, 0.5523832564562208,-0.6727777727870858, 0.3895593644533558,-0.3008077636079142,  2.413760499921194,  -3.70822708050011,  29.92251128416674
84.13, 0.5490688868378051,-0.6764386061967484, 0.3893880982214071,-0.2988813831044642,  2.376360242071439, -3.688500815314122,  30.05576369460268
84.43, 0.5445605428938567,-0.6805688520256927, 0.3907398125065032,-0.2959750907552685,  2.330810635138544, -3.662482462151851,   30.2170697359251
84.7, 0.5414070482647447,-0.6832753008032501, 0.3914023088459561,-0.2946464095847216,  2.292255515683185, -3.638950056317558,  30.35949677118427
84.96, 0.5372640732111723,-0.6870404203352901, 0.3919972690005485,-0.2926771603794655,  2.257733307553893, -3.617614617136523,  30.49673127587492
85.24, 0.5339373529957203,-0.6884383052317273, 0.3936020995947524,-0.2933257452216234,  2.230095474541308,  -3.60236873061765,  30.60532926607492
85.53, 0.5288990719902443, -0.690492279858857, 0.3968224754119571,-0.2932867347166099,  2.190072519930654, -3.577949074529044,  30.74537027127729
85.77, 0.5263184408607691,-0.6918321368274303,  0.398617604340771,-0.2923357682903908,  2.158599073234584,  -3.56041858961336,   30.8540552758008
86.03, 0.5237111577556948,-0.6933608164385803, 0.4008077938002621,-0.2903954485669669,   2.12159238321451, -3.539434031226091,  30.96940697070366
86.28, 0.5203196988463411,-0.6950677379665612, 0.4034496454434166,-0.2887483971760021,  2.082351757968574, -3.516370027235489,  31.08657711363336
86.52, 0.5172184249240748,-0.6972851038513019, 0.4049616242623746,-0.2868513036235776,   2.03981583586974,  -3.49119612046352,  31.20544633029169
86.79, 0.5130610639655337, -0.700449623179926, 0.4070662748660248,-0.2836101559288385,  1.986892814837425, -3.458810298757451,  31.35759055432515
86.96, 0.5118524344114062,-0.7024717026136396, 0.4070942600386909,-0.2807380603113695,  1.948753961269072,   -3.4359280644336,  31.47376561233152
87.21, 0.5097296209121838,-0.7055589296909495, 0.4078093243612172, -0.275776844408225,  1.895607315602602, -3.402303183547185,  31.62232298641627
87.48, 0.5079900309312224,-0.7086242497393773, 0.4071279792497134,-0.2721095594011237,  1.860585322262649, -3.378521225182394,  31.73607027966887
87.69, 0.5056901502550352,-0.7113682786788674, 0.4073488989197126,-0.2688838433655523,  1.824287203777608, -3.352063938790077,  31.85410358746365
87.95, 0.5019950056219911,-0.7147263763926619, 0.4078484238462479,-0.2661313341847432,  1.771696400278958, -3.312928409690496,  32.00153534617517
88.24, 0.4984250640287984,-0.7185208779675354, 0.4083172339163375,-0.2618706600770491,  1.720822018110676, -3.270255076372846,  32.16962030630287
88.5, 0.4955093542684288,-0.7216504964745472, 0.4072782381654549, -0.260412135156938,  1.694418941032443, -3.245215508337207,  32.29709437695866
88.78, 0.4912163096529658,   -0.7234790628292, 0.4094452369029315,-0.2600734192604727,   1.65630716851756, -3.207935114927326,  32.44897954689428
88.97, 0.4905080361200069,-0.7247178285312682, 0.4081352570940237,-0.2600202878181633,  1.655837796116325, -3.209137025302004,  32.49495753234454
89.26, 0.4847104018297668,-0.7267892560400742, 0.4117957463869401,-0.2593385231121529,   1.61302631046899, -3.166421631651465,  32.64532328235592
89.5, 0.4808159107943689,-0.7278315636024696, 0.4143549656206368,-0.2595885977197663,  1.586235438607818, -3.138595249052408,   32.7720530946854
89.74, 0.4768099164960229,-0.7290285287832328, 0.4173527906235308,-0.2588152981560209,  1.558617409893449,  -3.11012614195019,  32.89818338819276
89.96, 0.4738787111182253,-0.7300750853688051, 0.4198453580047694,-0.2572123925555223,  1.529827266773217, -3.079997242699285,  33.02765683077132
90.24, 0.4689881548640469,-0.7325582900420653, 0.4226691200863221,-0.2544764819446869,  1.495463699089593, -3.041290640024568,  33.18496209001449
90.48,  0.466001163336937,-0.7344964478817944, 0.4237724515376847,  -0.25253474173867,   1.47204310526597, -3.014994601218388,  33.30639404420542
90.74, 0.4612587134056196,-0.7368177493622678, 0.4259142757992894,-0.2508705559688296,  1.440630445825279, -2.977759093599757,  33.45966693611027
91.04, 0.4566405401857386,-0.7394634556571712, 0.4276706885013994,-0.2485357110211703,  1.410199918290163, -2.942142002126405,  33.60889303194404
91.34, 0.4531712461526745, -0.741700237030215, 0.4284066566392924,-0.2469480091973343,  1.382445895566236, -2.908229461669133,  33.75055450681867
91.63, 0.4498812016919441,-0.7432671486013031, 0.4296847067017754,-0.2460302941723599,  1.354866638658205, -2.874253904972855,  33.88995774581149
91.92, 0.4461435316986924, -0.745967805050886, 0.4307173831746174,-0.2428364087854606,  1.328846336655825, -2.840361413974641,  34.01195829451017
92.22, 0.4427183312862475,-0.7477222669874344, 0.4323704689877937,-0.2407626856288072,  1.296988480218417, -2.803000158533058,  34.14844080791293
92.44, 0.4408608512578475,-0.7491470606664435, 0.4328839334277035,-0.2388114196449185,  1.273948615919418, -2.774947381935915,  34.24760308018034
92.7, 0.4369497336118717,-0.7508073299843046, 0.4351148412805051,-0.2367221178627439,  1.240179559270397, -2.732356172408027,  34.39069710232235
92.92, 0.4346794146395165,-0.7520751855808863, 0.4354503021823183, -0.236259938840842,   1.21752740992123, -2.707556817179833,  34.48449159780442
93.16, 0.4314162412016156,-0.7533940971262572, 0.4373038716556735,-0.2346096496893675,  1.183329650255933, -2.665228610314566,  34.61684346946871
93.39, 0.4271846499893074,-0.7555501848491289, 0.4390037323085934,-0.2322324668445676,  1.151985119739032,   -2.6240184123457,  34.74520122196942
93.65, 0.4230898610789773,-0.7581294404628649,  0.439890582484266,-0.2296301353196402,  1.113699236987856, -2.572533207183381,  34.89627013282771
93.91, 0.4214104390338664,-0.7598333366292191, 0.4392857783097526,-0.2282401148891555,  1.089617205387533, -2.544226631456066,   34.9938574955781
94.16, 0.4179252715060766,-0.7624906906800357, 0.4392292866954352,-0.2258828245385244,  1.055875235070935,  -2.49957454720435,  35.12763267523084
94.38, 0.4147631276431832,-0.7646337731299382, 0.4399977629178632,-0.2229522644281125,  1.023369297679094, -2.455540534251656,  35.25861644065723
94.62, 0.4112860961748607,-0.7673892050727525, 0.4400016533557182,-0.2198979370637996,  0.993256690258702, -2.412838441135925,  35.39034973597771
94.86,  0.408212910949417,-0.7701430424066997, 0.4394379577304593,-0.2171064198085051, 0.9630945429084283, -2.369977498430483,  35.52257526660498
95.1, 0.4042573062594533,-0.7729281248721506, 0.4393319237059298, -0.214812959525134, 0.9333435459676304, -2.326551210108172,  35.65425721251089
95.33, 0.4017510113378226,-0.7745755789653705,  0.439883124118126,-0.2124397258640738, 0.9101415023306781, -2.293638388276752,  35.75958377657881
95.58, 0.3992441694641665,-0.7760105236334905,  0.440554941267163,-0.2105281613790859, 0.8843447905278303, -2.255625783203894,  35.86803559842436
95.84, 0.3953010879924831,-0.7783259009477457, 0.4415137987001691,-0.2073895126394135, 0.8526263579573303, -2.204700883666328,  36.01125046918983
96.08,  0.392015944543821,-0.7802358789870322, 0.4421995689633863,-0.2049732085492464, 0.8295886599094704, -2.168211013434403,  36.12437206188004
96.33, 0.3885119709830103,-0.7821217063749981,  0.443477406147193,-0.2016702201777539, 0.7992415155488524, -2.116182653484386,  36.26975258657285
96.57, 0.3850989628757984,-0.7841383351807154, 0.4440164431365036,-0.1991839877250096, 0.7722224047603565, -2.068385993609649,  36.41085720732988
96.84,  0.381072118790261,-0.7858886950895041, 0.4458111280234665,-0.1959960203455412, 0.7431615672313463, -2.012094950491967,  36.57464233938212
97.09, 0.3780934817333981,-0.7877760143667121, 0.4458384599499677,-0.1941168218838427, 0.7243396551123127, -1.975506592490111,  36.69914317703417
97.37, 0.3741900005427078,-0.7893356081995188, 0.4475637514417072,-0.1913552512140637, 0.7048964087301126, -1.935417688261057,  36.82426222764419
97.62, 0.3693665061726238,-0.7904376156317764, 0.4506866412046179,-0.1888314433602345, 0.6828827149065293, -1.882665169519637,  36.97845473304856
97.85,0.3656792787312253,-0.791668154063093,0.4520524652611624, -0.18758403516792,0.6708666580537593,-1.848797265905489, 37.10129127043355
98.11, 0.3637839719717416, -0.792241364379996, 0.4530808101891156,-0.1863642250803189, 0.6615816904204064, -1.821053842408439,  37.19416510680788
98.36, 0.3585225460324581,-0.7940408436006208,  0.455138098552773,-0.1838723377123729, 0.6454090286144202, -1.772567374887235,  37.32305053551266
98.63, 0.3531222634079108,-0.7952098864800499, 0.4579256540185976,-0.1823430875337147, 0.6271535185585619, -1.712353494863138,  37.48053105775234
98.89, 0.3477432756656523,-0.7968568973819293, 0.4595863201000968,-0.1813094491488148, 0.6147275103845643,  -1.66170568350887,  37.62409528847138
99.17,  0.342650306050855,-0.7993084847850258, 0.4599874445300567,-0.1791850089663129, 0.6060879781442827, -1.618986712261149,  37.76290304025285
99.42, 0.3411780404578981,-0.8005097186835981, 0.4592410266671192,-0.1785452801890134, 0.6037477101360487, -1.603391351903863,   37.8459939521471
99.68, 0.3379324665177728,-0.8015930662039676, 0.4606099087089021,-0.1763170976840903, 0.5945406672215439, -1.561278637842846,  37.97039530692452
99.89, 0.3340676722418617,-0.8026070143051317, 0.4627485857856319,-0.1734460145236311,  0.586742858158446, -1.519605811736511,  38.09889179894316
100.14, 0.3312146798163128,-0.8037403916252088, 0.4638272574999648,-0.1707673756723537, 0.5801027959820337, -1.478719881030389,  38.22777034757403
100.41, 0.3282273274342795,-0.8049165346469032, 0.4651763054189194,-0.1672907687345697, 0.5740751207574307, -1.437186754900629,  38.35465560324968
100.64, 0.3243840175013937,-0.8064953874410847, 0.4661960231653597,-0.1643181969848191, 0.5689073529019698, -1.395521717588424,  38.48003781211065
100.88, 0.3207105283123987,-0.8076509574712897, 0.4675482636385119,-0.1619947892480854, 0.5645093956144392, -1.353412647176803,  38.60616796844341
101.12, 0.3161668634021456,-0.8089081939385949, 0.4690674902585557, -0.160252115423221, 0.5604705148668838, -1.309670100623491,  38.73714311244014
101.36, 0.3121224139760869,-0.8098847838472772, 0.4706726122089377,-0.1585324268168264, 0.5576676606338066, -1.265430760219863,  38.86444677808485
101.59, 0.3075046151006763,-0.8116061045070565, 0.4716493903397938,-0.1558277833391544, 0.5552609179999972, -1.219759415298808,  38.99135754634742
101.85, 0.3020028075134006,-0.8135564527166835,   0.47255013303729,-0.1536736051283312,  0.553579915328911, -1.161672429037838,  39.14267812050001
102.12, 0.2990903410133112,-0.8145300351440863, 0.4730044424906584,-0.1528122697771485, 0.5504401904102868, -1.131064578039741,  39.23463936680436
102.37, 0.2938796999011855,-0.8159622820642582, 0.4747457594373316,-0.1498524033186543, 0.5504745977147821, -1.067223318298342,  39.39509573708908
102.62, 0.2916677446085783,-0.8168261574368556, 0.4749497678836386,-0.1488175927731407, 0.5489702850157178, -1.034863905010561,  39.48156950188865
102.87, 0.2870480949454694,-0.8182091875137756, 0.4759195804800405,-0.1470940930885893, 0.5490728701622724,-0.9819360503744692,  39.61085986575667
103.14, 0.2806672006288117,-0.8202418238236204,   0.47653069208923,-0.1461053561245256, 0.5504720258587975,-0.9172088602522451,  39.75811623849585
103.41, 0.2769564946740762,-0.8217144738454792, 0.4763009996123275,-0.1456598226987147, 0.5490836703519407,-0.8700428940902907,  39.87392678278544
103.69, 0.2713833905439526, -0.823572660526151, 0.4771123073421035,-0.1429754419579392, 0.5478464942638666,-0.8075950829177505,  40.02218200394824
103.96, 0.2674427276619236,-0.8253882721185526, 0.4766078755882428,-0.1416069321989241, 0.5461965980864102,-0.7643278609121774,  40.12618969099159
104.19, 0.2624973916904496,-0.8270223983351574, 0.4771582974677244,-0.1394562075169315, 0.5435111115590802,-0.7137463759260789,  40.24271227717693
104.42, 0.2601167577168993,-0.8279709908186997, 0.4771822213530852,-0.1382007271750483, 0.5414309248181324,-0.6731982977435086,  40.33020344942978
104.72, 0.2559923970590153,-0.8293685292515439, 0.4779975573459122,-0.1346590997893563, 0.5420275481253007,-0.6186352733628837,  40.45286020415757
104.99, 0.2521000426786397,-0.8308243048208994, 0.4785967971625105,-0.1308459070651891, 0.5406552122318525,-0.5611234587918181,  40.57987943959492
105.21, 0.2498061163763514,-0.8320042954014004, 0.4784898336578827,-0.1281102587237411,  0.539698074667159,-0.5188059516406462,  40.67376961803655
105.47,  0.244501043425675,-0.8342129782454225, 0.4787527850094849,-0.1228931250556692, 0.5415970868127813,-0.4479058659980524,  40.82775410382534
105.76, 0.2409755818642467,-0.8362202586916332, 0.4781093523677133,-0.1186461028733771, 0.5430983337747644,-0.3862943274653366,  40.96637832413055
106.05, 0.2358427147045692,-0.8385822306788624, 0.4774980664041377,-0.1146850275335897, 0.5460921534734222,-0.3210427148822975,  41.11459604465919
106.32, 0.2327600403530654,-0.8399295412184038, 0.4768909050032554,-0.1136450473108497, 0.5467582133481703,-0.2784243232024278,  41.22707009220721
106.6, 0.2281211604646819,-0.8406135890278132, 0.4784764763358089,-0.1113049609537766, 0.5486388405459461,-0.2334717522383649,  41.34400020575628
106.89,  0.223451963513233,-0.8414525948468623, 0.4799223814591243, -0.108167744969534, 0.5522766536140661,-0.1872825999334458,  41.45581047250371
107.18, 0.2188018526892169, -0.841612279271435, 0.4825027500934522,-0.1049029048272267, 0.5561988181581411,-0.1389738793483429,  41.56712038464994
107.43,  0.2149920798993428, -0.8418300691292557,  0.4846778278208311, -0.1009304025499561,  0.5608999181130135,-0.08870830856613185,   41.68097018602015
107.69,  0.2149971704320696, -0.8421299585025749,  0.4847665896500918,-0.09794746503765461,  0.5625448933560157,-0.05954797253822267,   41.74718789235055
107.95,  0.2110644542533484, -0.8428010974043598,  0.4859262030725478,-0.09493594778516745,  0.5700978105024148,-0.00493474723971168,   41.85255359882839
108.19,  0.2070311918634942, -0.8439175505956908,   0.486296968619747,-0.09195387078869319,  0.5797422659803132, 0.05211926802611673,   41.96444231848007
108.42,  0.2033132721065873, -0.8458521206485605,  0.4848465535065847,-0.09011506856270093,  0.5896486952066133,  0.0938578502093437,   42.05587811420605
108.68, 0.1980834621964552,-0.8482309632947564, 0.4832452941315076,-0.0879781976497363, 0.6054981646935297, 0.1551609119751261,  42.17899720538082
108.94,  0.1914759741101225, -0.8511668755322799,  0.4807577852760436,-0.08787978084461889,  0.6283534236475026,  0.2249644424467369,   42.32975591935608
109.16,  0.1859442692167104, -0.8538127933699469,  0.4784332911373995,-0.08676999022897561,  0.6465373924224445,  0.2645584309376229,   42.44529926383168
109.42,  0.1812935617273322, -0.8555874882476301,  0.4773380800234904,-0.08514725150846275,   0.666662398403238,  0.3040743362539474,   42.56583278881784
109.69,  0.1758872854467207,  -0.857104789851981,  0.4769710044122826,-0.08326287065998811,  0.6884504785411194,  0.3409305758252349,   42.68518590105644
109.96,  0.1709151887142115, -0.8581204084475003,  0.4774026562773092,-0.08064161023738212,  0.7104407248074661,   0.377907602543289,     42.806413147774
110.18,  0.1668917218105224, -0.8578623558021099,  0.4794873494567012,-0.07943686832566554,   0.733619476708365,  0.4110849179152173,   42.92843250898042
110.42,  0.1624509720547416, -0.8570662379478753,  0.4826795765662609,-0.07788821774690113,  0.7568583833413629,  0.4420808170505012,   43.05107530055829
110.65,  0.1577833326813335,  -0.856006471890202,  0.4862854806184597,-0.07669924379915757,  0.7802840702567001,  0.4748499971206246,   43.17874054902661
110.86,  0.1544001141044257, -0.8559813389985936,  0.4876968613168513,-0.07488208171542238,  0.7979639876836971,  0.4977959349261249,   43.27838764873815
111.08,  0.1504066775515697, -0.8554429880671373,  0.4902719769779879,-0.07230156813229521,  0.8190308669653658,  0.5249475680625223,   43.38307777264967
111.3, 0.1457849514919136,-0.8547129489839541,  0.493405050792291,-0.0690143554627437, 0.8483733497118934,  0.564561679103246,  43.51786434871246
111.56,  0.1416416972599863, -0.8543194013094215,  0.4957830260324587,-0.06537724291639041,  0.8758640212000287,   0.601348708364158,   43.65356237066649
111.83,   0.138198276997268, -0.8542489915138127,  0.4971194057616651,-0.06349169864964288,  0.8952588266907898,  0.6280606536542933,   43.75844018535991
112.1, 0.1336291184230697,-0.8547277753157687, 0.4979251956201899,-0.0604416332460791, 0.9241606310143646, 0.6679042468505951,  43.89570018942644
112.33,  0.1297172108004269, -0.8552740501528009,  0.4983651053845271,-0.05754101790965377,  0.9440640586050251,  0.6958605357643692,   44.00079191729985
112.6,  0.1250479216863871, -0.8557901374008265,  0.4990408553849205,-0.05425389677898379,  0.9739285302600061,  0.7365812932358933,   44.13360082600978
112.87,  0.1198565755696995, -0.8564991960551568,  0.4994333448935948,-0.05107705069401353,   1.001934179934427,  0.7751601133607467,   44.26188705228245
113.14, 0.1143571827326911,-0.8574713611752494, 0.4992655600744754,-0.0489714477512766,  1.036270931060401, 0.8221093520239825,  44.41330957829849
113.35,  0.1106118200194321, -0.8584106172175973,   0.498558473847547,-0.04831861260969378,   1.050471552000066,   0.844891428312769,   44.50352379883758
113.62, 0.1061519040169667, -0.858789748965993, 0.4991211779425341,-0.0457054999248972,  1.078544962614076, 0.8837853018282706,  44.62621601891135
113.85,  0.1003657403052652, -0.8597456167352564,  0.4990098186124661,-0.04186163225999975,   1.113085414588032,  0.9308168666937039,   44.76977434765275
114.12, 0.09675289863891107, -0.8605079324325406,  0.4985604474313606,-0.04001821750542794,   1.135474546762884,  0.9623479433611347,   44.88064380532504
114.36,  0.0936812770599777, -0.8608770899561735,  0.4986702624163095,-0.03796612105916439,   1.153450652497429,  0.9876803733053976,   44.96651124750677
114.63, 0.08995695949819588, -0.8613624163310289,  0.4987376265282266,-0.03496163189598592,   1.184008197346377,   1.026137641864898,   45.08263219894853
114.91,  0.0842115470664917, -0.8619511027968826,  0.4989738949935879,-0.03118920474237968,   1.221737671043842,   1.071640587843171,    45.2245395397703
115.16,  0.0811791897992295, -0.8624309122266125,  0.4987660948725833,-0.02922748765623195,    1.23990429888604,   1.095763171627764,   45.30803469378834
115.43, 0.07670313346917912, -0.8628357549292471,  0.4989723123733298,-0.02562661636122618,   1.272311776433285,   1.132076790623041,   45.42144101150963
115.69, 0.07245776901745093, -0.8633700002955679,  0.4988402310591519,-0.02235040995428683,   1.312344811333939,   1.175030558496186,    45.5558600626153
115.96, 0.06751894084481552, -0.8638131665272115,  0.4988945185352251,-0.01926831561294606,   1.347374149465886,   1.213737130582287,   45.68268905814811
116.15, 0.06496166736234338, -0.8640483580643059,  0.4988892175394493,-0.01757748481396543,   1.363817286962538,   1.237416638990765,   45.75905276572691
116.39, 0.06037863507251756, -0.8638506603809433,  0.4999088382614533,-0.01437404132108236,    1.39747916663773,    1.27306259365565,   45.86784895621025
116.63,  0.0549886482186665, -0.8633585535199404,  0.5014658391740831,-0.01092114564047619,   1.440859145544962,   1.317766782108064,   45.99797322151775
116.87, 0.05271222514040524, -0.8632556138433911,  0.5019049567236931,-0.01007886672364408,   1.461434578783446,   1.342635955777369,   46.07716019058564
117.14,  0.04748328920538591,  -0.8633849832514471,   0.5022656606307367,-0.006317969842726534,    1.508206745706154,    1.388392559721312,    46.21002016684614
117.41,  0.04386353037380203,  -0.8638964463521732,   0.5017263404932572,-0.005348138751527981,    1.530712699559557,    1.414621189646296,    46.29003474792371
117.66,  0.04006770994530467,  -0.8640653754125496,   0.5017692957573208,-0.003490289062361568,     1.56105148741718,    1.446005214253851,    46.37859261115886
117.9,   0.03423044790914609,   -0.8648375439310549,     0.500881629476855,-0.0009460155804094372,     1.605529409294615,     1.487726172871701,      46.4966954554633
118.17, 0.02742275731985216, -0.8660285934615979,  0.4992395564485264,0.001155687937815314,   1.659155505778601,   1.537218478810018,   46.63181225319641
118.36,  0.0237249105001977, -0.8669251109286671,  0.4978635617586454,0.002976102434230354,   1.683380426544219,   1.560567823700518,   46.71469171905308
118.6, 0.01920857388074138, -0.8674367007653082,  0.4971455716775886,0.005466632039615005,   1.725778556592302,   1.598114956116582,   46.82655078621094
118.86, 0.01435007115862308, -0.8680281124314576,  0.4962535869921316,0.007256137642988991,   1.766607084121633,   1.632887694286859,   46.93886302106342
119.13,0.009302546599275208,  -0.868690698158082,  0.4951724997312216,0.009650477705972771,   1.805873915908242,   1.662729387156873,   47.04898999538329
119.37,0.003116532851754394,-0.8691929003614028,  0.494312991408332,0.01215147558490723,  1.854928907120497,  1.697253757010505,  47.17819983658157
119.58,0.0003825481704284872,-0.8695852388687422, 0.4935963308637019, 0.0135288878333952,  1.877065698468348,  1.714144484406504,  47.25403160614913
119.82,-0.00293636140036535,-0.8690369509860921, 0.4944829214471412,0.01586816464659083,  1.908763547930546,  1.735142344005409,     47.33878218003
120.08,-0.009138245238534404,-0.8674546466690722, 0.4970220938546931,0.02017348051577908,  1.965494498080203,  1.765832213109936,    47.471852498925
120.33,-0.0121979009809644,-0.8660504443201933, 0.4993255004961445,0.02192912009993347,  1.993733037420548,  1.784569009205051,  47.55301529034509
120.52,-0.01647796863417705,-0.8647105937783562, 0.5013370346672967,0.02577296796652864,   2.03866690014041,  1.809026685822621,  47.66165331411529
120.77,-0.02103045259318992,-0.8641265701365558, 0.5019953911246557, 0.0290279311524185,  2.082285079490044,  1.834655568925922,  47.76800878941537
121.07,-0.02709589303163035,-0.8631000992358178, 0.5032738798622003, 0.0322247696347899,  2.135711525611296,   1.86382672537695,   47.8943945233172
121.25,-0.03029419775599035,-0.8629929322838807, 0.5032261956770304,0.03298270826419269,  2.160325917689515,  1.883385911047864,  47.97217240211936
121.48,-0.03532490633871832,-0.8624057246899492, 0.5037040894064351,0.03591253233937408,   2.20505176770593,  1.908643301718976,  48.07157231692526
121.72,-0.04029009836422615,-0.8621802709780345, 0.5035709111021569,0.03791079597443969,   2.25001736288178,  1.935014930114161,  48.17005918776298
121.93,-0.04526485730673441,-0.8621148504165597, 0.5031267597493748,0.03964269993273339,  2.293969724957301,  1.960945898498472,  48.26756248392957
122.17,-0.04852263312229305,-0.8622941376935349,  0.502385562391667,0.04125679973384883,   2.32682771956039,  1.982279116262192,  48.34614360687144
122.49,-0.05597737873940628,-0.8626363609006023, 0.5007277083042589,0.04467445251622237,  2.398012724829538,  2.018533285960216,  48.48902730678437
122.79,-0.06042841716271385,-0.8627457800830698, 0.4999006755836908,0.04600481006005849,  2.430508642051217,  2.042766792274889,  48.57793013707796
123.01,-0.06345587277208808,-0.8629877218576655, 0.4988956069595771,0.04824645209455256,  2.458561173378508,  2.063629384012147,  48.64747562542426
123.3,-0.06784941923342569,-0.8633128287556763, 0.4974192281326424,0.05158032715205813,   2.50526376081044,  2.090248415389228,  48.74599852589908
123.55,-0.07348759233572738,-0.8639276803484499, 0.4951959067323636,0.05485028263905781,  2.561953256442855,   2.12000276431296,   48.8619842334253
123.76,-0.07685589597780773,-0.8643743863028864, 0.4937276113297842,0.05641046017513429,  2.590270710921037,  2.137715340609035,  48.93212532987459
123.98,-0.0801439187108442,-0.8644234245129003, 0.4928866668313898,0.05840232663627362,  2.626492779166831,  2.156558557956826,  49.00791295079508
124.21,-0.08602988447884158,-0.8639646701039241, 0.4922607257456226,0.06198619464683933,  2.677856913900956,  2.180497009290022,  49.10664414468918
124.5,-0.09193102069729342,-0.8635776138536636, 0.4913949882831626,0.06566856496213158,  2.737369817461687,  2.204611545570328,  49.22803720783492
124.73,-0.09618529062142472,-0.8636029583875255, 0.4903964131178343,0.06669843163955202,  2.775656355178032,  2.219965738588004,  49.31645753723338
125,-0.09947920711255021,-0.8631230288562795, 0.4903802932806891, 0.0681813392490494,  2.804962168818228,  2.232602241156661,  49.38681196738673
125.27,-0.1056198635183033,-0.8621162605815383, 0.4903838462033778,0.07157292577287724,  2.861323951410235,   2.24993198315828,  49.50109392488079
125.55,-0.1098703064363448,-0.8608603720716094, 0.4914557112202571,0.07292614153328877,  2.899239456905322,   2.26306521288606,  49.59039829567191
125.78,-0.1144983636399677,-0.8596057984632315, 0.4921233752295134,0.07603671596340655,  2.938446550492719,  2.276146241414985,  49.68002079069446
126, -0.118396841656652,-0.8580868304078302, 0.4931714580513522,0.08031248333543836,  2.978619821588873,   2.28714944636582,  49.77136136984886
126.22,-0.1213121502212337,-0.8575730282411547, 0.4929628766891343,0.08269503188219907,  3.009911139323298,   2.29694796908833,  49.83990673409336
126.47,-0.1259740714892446,-0.8560565177620736, 0.4935857162098761,0.08757805154664508,   3.06740751724554,  2.309582391472422,  49.95168199435236
126.69, -0.129512350411516,-0.8549897181199781, 0.4940723553384275,0.09005911025527427,  3.096732423821099,  2.319178060255116,  50.02305494124801
126.91, -0.134384722165567,-0.8539636752230592,  0.493884932529853, 0.0936133746727433,  3.143443430478137,   2.32945490747582,  50.11822332770802
127.18,-0.1393231214938112,-0.8530786275413191, 0.4933922917708929,0.09699985628924654,   3.18907074609842,  2.339447268554441,  50.21158479086731
127.44,-0.1443122138752364,-0.8522420707555062, 0.4927588553353095, 0.1002255002434946,  3.233075321863226,  2.347908255558734,   50.2998913270187
127.66,-0.1488447740293186,-0.8518029311932258,  0.491694439015433, 0.1025308780110477,  3.277346934204628,  2.356853844929567,   50.3899221301159
127.88, -0.153342204936798,-0.8513054942963465, 0.4906533471197501, 0.1049924719957955,  3.321358167322946,  2.364633887822924,  50.47748476167298
128.16,-0.1572145743620147,-0.851032541156672,0.4893380616599751,0.1075846437047337, 3.366397120474316, 2.372703739854329, 50.56690414214675
128.43,-0.1622654850983742,-0.8506719133361067, 0.4877921283381171, 0.1099320262156324,   3.41148496321439,  2.378906911640575,  50.65602676982231
128.66,-0.1657915560644863, -0.85050708022286,0.4866057385364591,0.1111967818847172, 3.444323577701298, 2.382774005869742, 50.72668529561227
128.91, -0.171430274733069,-0.8500016922843882, 0.4849530712600064, 0.1137027059648807,  3.497193803186985,  2.386652143465418,  50.81962554574982
129.14,-0.1761732235153013,-0.849391846856526,0.4838766958704422,0.1155804120645848, 3.534517193343034, 2.387663268451893, 50.89358806583994
129.44,-0.1845398940028888,-0.8476008372874597, 0.4827505074847837, 0.1202863181073034,   3.61589623201423,  2.388095056404771,  51.02739539707467
129.71, -0.189367546873393,-0.8463508923437881, 0.4832483034212853, 0.1195833563256368,  3.648117188251363,    2.3843542533979,  51.11259388500599
129.91,-0.1924803166195893,-0.8456219273887958,  0.482942559704567, 0.1209973979427216,  3.674050942168865,  2.381141227586834,  51.17955100150048
130.16,-0.1966212697704021,-0.8444195342124108, 0.4825246723992348, 0.1243570250931121,  3.722106253719947,  2.376133875899764,  51.27606935329697
130.42,-0.2021597558582059,-0.8426983233294462, 0.4821812327426629, 0.1284181856649783,  3.781135632299945,  2.368470180725327,  51.38583445424856
130.64,-0.2061313955091477,-0.8412554223142272, 0.4826315664727382, 0.1298650680747579,  3.818362144418752,   2.36163469426418,  51.47292174022657
130.89,-0.2101150790346495,-0.8392756116339528, 0.4833068707935271, 0.1337219973381877,  3.870077443821634,  2.352007831531524,  51.57783561549187
131.17,-0.2138253332683984,-0.8375672793894655,  0.483879137295936, 0.1364542505316565,  3.904062043751375,   2.34501432079753,  51.66206770085464
131.36,-0.2172629295718436,-0.8362366480914876,  0.483663321726139, 0.1399066892219218,  3.943998540759876,  2.336907179904304,  51.74932567519729
131.63,  -0.22114028479225,-0.8352308665537967, 0.4830375538987699, 0.1419862605005058,  3.975259241388616,  2.329464335491958,   51.8203281839593
131.92,-0.2265191413636761,-0.8336163986357926, 0.4820373642261948, 0.1463275799733077,  4.028269193210361,  2.318571788776609,  51.91651563798642
132.21,-0.2329493135373542,-0.832159067336109,0.4805273973888644,0.1494601183630105, 4.092628685388306, 2.303753846808994, 52.03250722002515
132.52,-0.2406505156488956,-0.8307926918418078, 0.4785587083981888, 0.1511667879067663,  4.160642929319619,  2.285790582617703,  52.16014621360672
132.79,-0.2458655323258607,-0.828607676246333,0.4782508731228874,0.1556745447611709, 4.214335754323198, 2.271752381248011, 52.27257765451552
133.09,-0.2503624164640046,-0.8278834959497963, 0.4768553954557593,   0.15663815636877,  4.245752814563255,  2.261738491648664,   52.3619970659683
133.34,-0.2528073117707925,-0.8279668708112977,  0.475621076685495, 0.1560221715536986,  4.257507892771732,  2.254012019357814,  52.42078641377476
133.61,-0.2574285558764121,-0.826842487997388,0.4742886313056088,0.1584655657408095, 4.298541285756966, 2.237358445960955, 52.50872591530447
133.86, -0.262001865954151,-0.8259016406058663, 0.4726005084265511,  0.160901411944317,  4.339638071264276,  2.218501990818098,  52.60157354915182
134.14,-0.2676672052979761,-0.8242944410282265, 0.4711435956765752, 0.1640599177145676,  4.391817609566939,  2.193033658456006,  52.71931925751698
134.33,-0.2714690336916415,-0.8235640043618259, 0.4703374191332429, 0.1637944116224645,  4.406829481453959,  2.180416466643282,  52.80039253129184
134.5,-0.2746456035992292,-0.8221995238295438, 0.4700262696335911, 0.1662288902148032,   4.43642156771284,  2.163245882733444,   52.8787017025555
134.75,-0.2796638719031129,-0.8199492758500448, 0.4699848008855374, 0.1690697884642794,  4.478909795460152,  2.137721990586333,  52.98734760471979
134.99,-0.2857620257959212, -0.81692394673672,0.4707102055842222,0.1714824622799627, 4.516368091319173, 2.113424094620461, 53.09930170037183
135.26, -0.288779215897385,-0.8149282666425681, 0.4715822399080657, 0.1735156429419278,  4.541056574964013,  2.096442295480013,  53.18654163112883
135.5,-0.2934097240530774,-0.8117704782523667, 0.4727230450203422, 0.1774016624086263,  4.578444008628251,  2.070507051051049,  53.30226433899047
135.73,-0.2973609920303578,-0.8092031051562005, 0.4733670373982918, 0.1808021724943507,  4.612206834224814,   2.04665435704886,  53.41317788540919
135.98,-0.300673077731844,-0.807029455899827,0.4735894518093917,0.1844212336521945, 4.645198585873727, 2.024811706531548, 53.52160507632129
136.22,-0.3046304899031143,-0.8042374254672962,  0.474016556926446, 0.1889701947618967,  4.677295215332644,  2.003241494694564,  53.62787297441454
136.49,-0.3087592417363323,-0.8016860859902779, 0.4738579706095095, 0.1934548435978255,  4.710183437800127,  1.981954523942095,  53.73451257336467
136.75,-0.3117349536583217,-0.8004264402622518, 0.4722426094412833, 0.1977997797634254,  4.745666682538971,  1.961033616504017,  53.83679639466054
137,-0.3149907234771363,-0.7985627447730468,  0.471414879980225, 0.2021024501750186,  4.781729288487915,     1.939808638512,  53.93790497742519
137.27,-0.3188478565167784,-0.7966139759051968,  0.470495720747607, 0.2058518816892093,  4.819618810855532,  1.918387874393799,  54.03607218796901
137.5,-0.3206936590628587,-0.795681368293602,0.4692930926650469,0.2093077471423361, 4.851976027283275, 1.902237096235209, 54.11563441063964
137.74,-0.3251635797041605,-0.7947790511723254, 0.4659825645345777, 0.2131998087499156,  4.895873466577409,  1.876260565380204,  54.22331717807707
138.01,-0.3315002008641913,-0.7927180544282523, 0.4635094440526921, 0.2164802552984444,  4.947758646032332,  1.844411303035972,  54.34373707608299
138.22,-0.3369878557584528,-0.7916637244125398,  0.461185087365625, 0.2168295421795083,  4.992911742663141,   1.82315625203554,  54.43734083105603
138.48,-0.3417971251832345,-0.7907679268341181, 0.4589952095659597, 0.2172169683797192,  5.038373579139273,  1.799326854807674,  54.53309891176739
138.71,-0.3460609927308819,-0.7890985783909698, 0.4584713599408836, 0.2176424537057318,  5.075309627317034,  1.780960646727825,  54.60658579093188
138.99,-0.3515738322457663,-0.7864478957653905,  0.458128684867854, 0.2191179099870524,  5.124350368178303,  1.750262601944484,  54.70647293112209
139.19,-0.3562560910688748,-0.7845772366737798, 0.4576970710289632, 0.2191632977731392,  5.165028280397857,  1.728093430113187,  54.78460422868606
139.44,-0.3610289740281734,-0.7822341428083883, 0.4574415132418215, 0.2202591436232585,  5.207970937443943,  1.702775511553509,  54.86736823870086
139.7,-0.3687317871534536,-0.7783890460548443, 0.4567882991966997, 0.2224653107589235,   5.27205671129215,  1.659614308680169,  54.99401693410792
139.92,-0.3712415114195567,-0.7773716500042888, 0.4567784345618385, 0.2218682544606072,  5.303376982201834,  1.648361037984693,  55.05175562771617
140.19, -0.378443678677579,-0.7744307989080789, 0.4549941796148461, 0.2236439557372766,  5.366218218987803,  1.605169576999854,  55.17762939993067
140.4,-0.3811475047214333,-0.7734111782758792, 0.4544152107453594, 0.2237577883681816,  5.396828876445877,   1.59376545763708,  55.23434637208659
140.66,-0.3871369931059803,-0.7714329837833869, 0.4516474747115224, 0.2258974575692558,  5.450613170710329,  1.559608859269942,  55.34472671533036
140.94,-0.3927596427142611,  -0.7700602436684,0.4488276518640353,0.2264946483874947, 5.501244935427771, 1.528560908044328, 55.44859857313575
141.15,-0.3993746604253851,-0.7683903064857123, 0.4451863846263664, 0.2277812615248109,  5.557186458909186,  1.493084809130456,  55.56893981288609
141.39,-0.4033147785442056,-0.7661992319065026,  0.444965169311222, 0.2286502289156672,  5.595474878871691,  1.471987270798963,  55.65825296397281
141.66,-0.4074471741975155,-0.7635229276638612, 0.4443753879895454, 0.2314066904150228,  5.634001602387833,  1.449493350179783,  55.74782385766559
141.92,-0.4120938220373482,-0.7608292796959277, 0.4425892113447977,  0.235438488032107,  5.672412262902938,  1.425975218988942,  55.83744520139063
142.19,-0.4156158342803706,-0.7593915213915143, 0.4394913883121482, 0.2396545801423409,  5.709404062319793,  1.401582665519405,  55.92708068398571
142.46,-0.4180958168293402,-0.7581172851872507, 0.4366084122641635, 0.2445938814441475,  5.746064365725088,  1.376002973045718,  56.01689767534452
142.69,-0.4212768781680964,-0.7563748066260019, 0.4343684174179873,  0.248487473370073,  5.782502946985066,  1.349132843166323,  56.10698572800846
142.94,-0.4243992880133357,-0.7544695925842793, 0.4328031091316317, 0.2516770739958383,  5.817899439838806,  1.320967092758621,  56.19533217760687
143.16,-0.4283989846044974,-0.7519707368393701, 0.4315946549849414, 0.2544393392640927,  5.853331369878896,  1.291217280542702,  56.28887967689789
143.36,-0.4320131039316988,-0.7498539290964887, 0.4306901385244564, 0.2561030462084949,  5.888618124816301,  1.260615567586213,  56.37834953703869
143.59, -0.436788734158872,-0.7478462664214803, 0.4285219311199487, 0.2575063508152772,  5.922799273877652,  1.229873833963318,  56.46918888551976
143.84,-0.4409003853569486,-0.745669267698772,0.4278172454573947,0.2579837214642555, 5.945753861063621,  1.20703512246949, 56.54359782541236
144.08,-0.4471953512342295,-0.7426849190469209, 0.4259602422173542, 0.2588287147024531,   5.98191243826625,  1.169732745640279,  56.64503767102661
144.32,-0.4515540113931371,-0.740679471273469,0.4246433858135233, 0.259171551608729,  6.00166270912795, 1.143818535184773, 56.72289328813602
144.49,-0.4572255405447168,-0.7371677152818714, 0.4234007861487475,  0.261264887724983,  6.031497109364139,  1.104678319850569,  56.82552233129514
144.68,-0.4631568301342628,-0.7334814647573908, 0.4218465981752413,  0.263695168357213,  6.063392979579731,  1.058256242885486,  56.95210480635651
144.89, -0.467521254575354,-0.7308070555564428, 0.4211663895539641,  0.264504818536291,  6.074876581845508,  1.031901615199779,  57.05679534482783
145.11,-0.4715285867341146,-0.7275854994009994, 0.4209734789055789, 0.2665716895352718,  6.089669869950914,  1.002842499538637,  57.14636957876851
145.34,-0.4748875732322851,-0.7249250831697559,  0.420246175013211, 0.2689936274659081,  6.102256719889196, 0.9732398190856147,  57.24242615071644
145.58,-0.4792247584560115,-0.7204532440356343, 0.4204869365524191,  0.272911144660122,  6.119054243864203, 0.9350861512286164,  57.35966890265298
145.82,-0.4806336781917898,-0.7180740703748633, 0.4207945824824235, 0.2762097370589563,  6.123734463699941, 0.9183713172783091,   57.4295869164619
146.09,-0.4834853959088107,-0.7138328215373699, 0.4193963257740627, 0.2842363442907016,  6.142240843173655, 0.8707537313689097,  57.58338773259555
146.3,-0.4843933726731154,-0.7123941792895507, 0.4184165058911924, 0.2877224775233342,  6.146601246257566, 0.8574856723634168,   57.6387229592959
