time,qPTAM0,qPTAMi,qPTAMj,qPTAMk,XPTAM,YPTAM,ZPTAM
0.31,  0.8680490255355835,0.005927890073508024,-0.01508050039410591, -0.4962129890918732,-0.04542656987905502,  -1.296088457107544,  0.7616578936576843
0.46,  0.8683537244796753,0.006028466857969761,-0.01497025601565838, -0.4956817030906677,-0.04619643464684486,  -1.295498609542847,  0.7556256651878357
0.67,  0.8696989417076111,0.006711477879434824,-0.01420772075653076, -0.4933313727378845,-0.04592453315854073,  -1.295270085334778,  0.7496360540390015
0.89,  0.8717546463012695,0.007822309620678425,-0.01249626930803061, -0.4897197782993317,-0.04640769213438034,  -1.295111536979675,  0.7448630332946777
1.11,  0.8739834427833557,0.008984694257378578, -0.0107429176568985, -0.4857527613639832,-0.04723839834332466,  -1.294090032577515,  0.7410674095153809
1.27,   0.8760573267936707, 0.009984663687646389,-0.009428824298083782,  -0.4820103645324707, -0.04863379895687103,   -1.291192889213562,   0.7384561896324158
1.46,   0.8775658011436462,  0.01048280950635672,-0.009058510884642601,  -0.4792549014091492, -0.05120375752449036,   -1.286243796348572,   0.7377009391784668
1.73,   0.8784552812576294,  0.01052992418408394,-0.009518448263406754,  -0.4776126146316528,   -0.054762352257967,    -1.27855372428894,   0.7375959753990173
1.97,  0.8786700367927551,0.009940406307578087,-0.01076128613203764, -0.4772036075592041,-0.05988530814647675,   -1.26820182800293,  0.7386614084243774
2.21,  0.8780695199966431,0.008834122680127621,-0.01264143455773592, -0.4782834053039551,-0.06512261927127838,  -1.254393219947815,  0.7410075664520264
2.45,  0.8767216205596924,0.007288477849215269,-0.01496038306504488, -0.4807091355323792,-0.07169818878173828,  -1.238610982894897,  0.7441287040710449
2.68,  0.8749082088470459,0.005703466013073921,-0.01744627021253109, -0.4839397966861725,-0.07834185659885406,  -1.218922734260559,  0.7488713264465332
2.97,  0.8729096055030823,0.004156081471592188,-0.01966024935245514, -0.4874668717384338,-0.08451856672763824,  -1.197779417037964,  0.7541390657424927
3.22,  0.8710225820541382, 0.00299793528392911,-0.02121680416166782,  -0.490774393081665,-0.09068141132593155,  -1.174682974815369,  0.7618007063865662
3.45,  0.8694252967834473,0.002351479837670922,-0.02172921225428581, -0.4935797452926636,-0.09622783958911896,  -1.150493979454041,  0.7699359655380249
3.67,   0.868334949016571,0.002269305987283587,-0.02120872214436531, -0.4955183267593384, -0.1000351831316948,  -1.125934600830078,  0.7794655561447144
3.93,  0.8677430152893066, 0.00262079993262887,-0.01994331367313862, -0.4966048896312714, -0.1027175337076187,  -1.100774526596069,  0.7896672487258911
4.18,  0.8675874471664429,0.003254563780501485,-0.01839856617152691, -0.4969324767589569, -0.1056243404746056,  -1.074980735778809,   0.801547110080719
4.4,  0.8679030537605286,0.004060630686581135,-0.01684080623090267, -0.4964304268360138, -0.1077678054571152,  -1.050355911254883,  0.8143810629844666
4.61,  0.8686561584472656,0.004894912708550692,-0.01544461026787758, -0.4951494336128235, -0.1102204620838165,  -1.025325417518616,  0.8277729749679565
4.8,  0.8695541024208069,0.005619511473923922,-0.01415380276739597, -0.4936018288135529, -0.1119496151804924, -0.9998274445533752,  0.8421286940574646
4.99,  0.8703950643539429,0.006167737301439047,-0.01316080056130886, -0.4921383559703827, -0.1144237145781517, -0.9745538830757141,  0.8576475381851196
5.25,  0.8709663152694702,0.006343350280076265,-0.01274122949689627, -0.4911354780197144, -0.1167939007282257,  -0.947715699672699,  0.8736439943313599
5.5,  0.8711992502212524,0.006187424529343843,-0.01290837023407221, -0.4907198250293732, -0.1196254268288612, -0.9203397035598755,  0.8907109498977661
5.73,  0.8711687326431274,0.005627162288874388,-0.01392285153269768, -0.4907529950141907, -0.1231489405035973, -0.8913294076919556,  0.9087852239608765
6,  0.8706102967262268,0.004611111711710691,-0.01544653624296188, -0.4917080700397491, -0.1267818063497543, -0.8617287278175354,  0.9285292029380798
6.27,  0.8697589635848999,0.003381120041012764,-0.01713452115654945,  -0.493166595697403, -0.1307854801416397, -0.8312597274780273,  0.9484887719154358
6.48,   0.868816077709198, 0.00178519613109529,-0.01919562183320522, -0.4947584569454193, -0.1346686035394669, -0.8000487089157104,  0.9703856706619263
6.68,   0.8679839372634888,0.0003074072301387787,  -0.0211451631039381,  -0.4961407482624054,  -0.1378480494022369,  -0.7676647901535034,    0.993305504322052
6.91,   0.8670979738235474,-0.001071284292265773, -0.02264850772917271,  -0.4976203143596649,  -0.1398784220218658,  -0.7353563904762268,     1.01784873008728
7.13,   0.8660677075386047,-0.002273733727633953, -0.02374761924147606,  -0.4993561804294586,  -0.1413849741220474,  -0.7030453681945801,    1.043739438056946
7.31,    0.865010142326355,-0.003076435765251517,  -0.0243647824972868,  -0.5011519193649292,  -0.1414718478918076,  -0.6704453229904175,    1.071088910102844
7.55,   0.8640949726104736,-0.003452828852459788, -0.02399395406246185,   -0.502743661403656,  -0.1401194781064987,  -0.6391758322715759,    1.099720478057861
7.78,   0.8632327318191528,-0.003347729099914432, -0.02284692227840424,  -0.5042766928672791,  -0.1365789026021957,  -0.6073998808860779,    1.130998849868774
8,   0.8623781204223633,-0.002845641458407044, -0.02107981592416763,  -0.5058165788650513,  -0.1315046101808548,  -0.5771660804748535,    1.163529515266418
8.24,    0.861481785774231,-0.002167547820135951, -0.01904642395675182,  -0.5074254274368286,  -0.1258560717105865,  -0.5483459234237671,    1.197555661201477
8.46,   0.8607948422431946,-0.001579064875841141, -0.01695430278778076,  -0.5086661577224731,  -0.1188411861658096,  -0.5204899311065674,      1.2330002784729
8.7,   0.8603335618972778,-0.001180290477350354, -0.01516727451235056,  -0.5095034241676331,  -0.1110651642084122,  -0.4938028752803802,    1.269786238670349
8.93,    0.8604306578636169,-0.0008769204723648727,  -0.01346070226281881,   -0.5093879699707031,   -0.1034307852387428,   -0.4687228798866272,     1.307525277137756
9.13,    0.8613675832748413,-0.0004471525026019663,  -0.01167934667319059,   -0.5078466534614563,  -0.09516534954309464,   -0.4453577697277069,      1.34581196308136
9.37,    0.8629099130630493,-0.0002321433275938034, -0.009986832737922668,   -0.5052580237388611,  -0.08664515614509583,   -0.4242800176143646,     1.385679125785828
9.62,    0.8648535013198853,-0.0002317856415174901, -0.009012029506266117,   -0.5019423961639404,  -0.07919289916753769,   -0.4047825932502747,     1.427466630935669
9.87,    0.8669964671134949,-0.0006447624182328582, -0.008560623973608017,    -0.498239278793335,  -0.07201892882585526,   -0.3854441344738007,     1.469301581382751
10.12,   0.8690640330314636,-0.001484651118516922,-0.008881081826984882,  -0.4946165978908539, -0.06468157470226288,  -0.3660735189914703,    1.512642025947571
10.29,   0.8709505200386047,-0.002867514966055751,-0.009941942989826202,  -0.4912607669830322, -0.05813214555382729,  -0.3469509184360504,    1.556101679801941
10.5,   0.8725433349609375,-0.004346533212810755, -0.01122158952057362,  -0.4883874356746674, -0.05189762264490128,  -0.3269415497779846,    1.600467562675476
10.7,   0.8736346960067749,-0.005933890119194984, -0.01259319484233856,  -0.4863821864128113, -0.04535076022148132,  -0.3061746954917908,     1.64589786529541
10.99,   0.8741827607154846,-0.007658369373530149, -0.01407370809465647,  -0.4853315651416779, -0.03891825303435326,   -0.282648503780365,    1.690953731536865
11.26,   0.8740970492362976,-0.009259741753339767, -0.01512165740132332,  -0.4854265749454498,  -0.0311359316110611,  -0.2581132352352142,    1.737265467643738
11.5,  0.8733945488929749,-0.01082289963960648,-0.01617513038218021,  -0.486623227596283,-0.02314835600554943,  -0.231523871421814,   1.784160017967224
11.71,  0.8723517060279846, -0.0122818723320961,-0.01702789776027203,  -0.488426685333252,-0.01443110499531031, -0.2035049796104431,   1.831193327903748
11.92,   0.8711053133010864,  -0.0135215986520052, -0.01726612448692322,  -0.4906052947044373,-0.004311531782150269,  -0.1736514568328857,    1.879216909408569
12.14,  0.8696481585502625,-0.01439043879508972,-0.01674176752567291, -0.4931771457195282,0.007164595182985067,  -0.142725333571434,   1.927645564079285
12.4,  0.8681381344795227,-0.01493615098297596,-0.01562184002250433, -0.4958507716655731,  0.0203838087618351, -0.1117768213152885,   1.977517604827881
12.62,  0.8667610883712769,-0.01532276812940836,-0.01396437361836433, -0.4982914328575134,  0.0343194268643856,-0.08063556253910065,    2.02836012840271
12.84,  0.8656466603279114,-0.01546980626881123,-0.01190342847257853, -0.5002737045288086, 0.05013312771916389,-0.04788463935256004,   2.080021858215332
13.04,   0.8648260831832886, -0.01533552724868059,-0.009473600424826145,  -0.5017468333244324,  0.06599161773920059, -0.01668986864387989,    2.132994890213013
13.25,   0.8642222285270691, -0.01520996913313866,-0.007075062487274408,  -0.5028294920921326,  0.08346359431743622,  0.01484000403434038,    2.186418771743774
13.5,   0.8639250993728638, -0.01528145093470812,-0.004989565815776587,  -0.5033626556396484,   0.1006832122802734,  0.04516595229506493,    2.240595579147339
13.75,   0.8639341592788696, -0.01557591650635004,-0.003277977462857962,   -0.503352165222168,   0.1187018156051636,   0.0737566202878952,    2.296152114868164
13.97,   0.8642238974571228, -0.01611576043069363,-0.002043426968157291,  -0.5028440356254578,   0.1361857354640961,   0.1013907790184021,     2.35204029083252
14.18,    0.864782452583313, -0.01695875637233257,-0.001271096291020513,  -0.5018576383590698,   0.1533989757299423,    0.129192903637886,    2.408515453338623
14.36,   0.8655840754508972, -0.01810359954833984,-0.001018819049932063,  -0.5004341602325439,   0.1706637293100357,   0.1558074206113815,     2.46574592590332
14.6,   0.8665473461151123,  -0.0194372832775116,-0.001154689583927393,  -0.4987138211727142,   0.1874310076236725,   0.1816106885671616,    2.523528337478638
14.75,   0.8673858046531677, -0.02118829637765884,-0.001987044233828783,  -0.4971799850463867,   0.2044174075126648,   0.2073769420385361,    2.581719636917114
15.02,   0.8680709600448608, -0.02311175502836704,-0.003168742638081312,  -0.4958906471729279,    0.221278116106987,   0.2329608947038651,    2.640409708023071
15.3,   0.8685701489448547, -0.02495729364454746,-0.004385593347251415,  -0.4949168860912323,   0.2387307584285736,     0.25839564204216,    2.699612617492676
15.53,   0.8688382506370544, -0.02691368013620377,-0.005458064842969179,  -0.4943327903747559,   0.2569712698459625,   0.2851746678352356,    2.759156465530396
15.77,   0.8688225150108337, -0.02880393527448177,-0.006266851909458637,   -0.494244396686554,   0.2760203778743744,   0.3119941353797913,    2.818733692169189
16,   0.8684840798377991, -0.03049643710255623,-0.006820186972618103,  -0.4947300553321838,   0.2963848412036896,    0.339193731546402,    2.879050254821777
16.23,   0.8679483532905579, -0.03200150653719902,-0.006925106048583984,   -0.495572954416275,   0.3176729679107666,   0.3669255375862122,     2.93995213508606
16.47,   0.8672727346420288, -0.03325929865241051,-0.006561458110809326,  -0.4966766536235809,   0.3404689431190491,   0.3947849273681641,    3.001294851303101
16.73,   0.8665891289710999, -0.03411437571048737,-0.005522140767425299,   -0.497823178768158,   0.3641515374183655,   0.4229039251804352,    3.062367677688599
16.96,    0.865919291973114, -0.03470869362354279,-0.003788740141317248,  -0.4989626407623291,   0.3897824287414551,   0.4511591494083405,    3.124722242355347
17.22,   0.8652205467224121, -0.03497466444969177,-0.001637340057641268,  -0.5001664161682129,   0.4165524542331696,   0.4791902899742126,    3.186891555786133
17.4,   0.8646689653396606, -0.03533858060836792,0.0007539846119470894,  -0.5010959506034851,   0.4443871676921844,   0.5070759654045105,    3.250266551971436
17.66,  0.8643839955329895,-0.03564996644854546, 0.00289038778282702, -0.5015575885772705,  0.4733579158782959,  0.5337904691696167,   3.314443826675415
17.93,  0.8642592430114746,-0.03588817268610001,0.005021112971007824, -0.5017387866973877,  0.5024294257164001,  0.5603375434875488,   3.378864049911499
18.16,  0.8643767833709717,-0.03646813333034515,0.007041738368570805, -0.5014700889587402,  0.5321687459945679,  0.5856595039367676,   3.443739175796509
18.42,  0.8647735714912415,-0.03709973022341728, 0.00875259842723608, -0.5007120966911316,  0.5620558857917786,  0.6106644868850708,    3.50858473777771
18.68,  0.8653379678726196,-0.03816156834363937,0.009981253184378147, -0.4996330738067627,  0.5926415324211121,  0.6351343393325806,   3.573960304260254
18.91,  0.8660199642181396,-0.03928657621145248, 0.01073568686842918, -0.4983469843864441,  0.6221926808357239,  0.6593227386474609,   3.639313459396362
19.17,  0.8667410612106323,-0.04089416190981865, 0.01094643026590347, -0.4969575107097626,  0.6518023014068604,  0.6823316812515259,   3.704285621643066
19.36,  0.8673975467681885,-0.04297405481338501, 0.01041332166641951, -0.4956462681293488,  0.6810154914855957,  0.7058432698249817,   3.769740581512451
19.64,  0.8679967522621155,-0.04539692401885986,0.009365162812173367, -0.4944007098674774,  0.7102285027503967,   0.729754626750946,   3.835268020629883
19.83,  0.8684399127960205,-0.04784856364130974,0.008528734557330608, -0.4934053122997284,  0.7398549318313599,  0.7530175447463989,   3.900649309158325
20.02,  0.8686748743057251,-0.05029024183750153, 0.00756352161988616, -0.4927642643451691,  0.7702217698097229,  0.7768477201461792,   3.965954065322876
20.29,  0.8686454892158508,-0.05274308100342751,0.006738191936165094, -0.4925715327262878,  0.8021492958068848,  0.8014553785324097,   4.031617164611816
20.47,  0.8682940006256104,-0.05494733899831772,0.006266009528189898, -0.4929564595222473,  0.8342891335487366,  0.8261371850967407,   4.096925735473633
20.7,   0.867738664150238,-0.05689069256186485,0.006289458833634853, -0.4937129616737366,  0.8683626055717468,  0.8511313199996948,   4.162296295166016
20.96,  0.8671203255653381,-0.05835902318358421,0.007084812968969345, -0.4946163594722748,  0.9035521745681763,  0.8771344423294067,   4.227500438690186
21.21,   0.866356372833252,-0.05959783494472504,0.008463917300105095, -0.4957843124866486,  0.9411402344703674,  0.9033524990081787,   4.292603015899658
21.45,  0.8655815720558167,-0.06043866276741028, 0.01068066619336605, -0.4969915151596069,  0.9801647663116455,  0.9303308129310608,   4.356833457946777
21.7,  0.8648370504379272,-0.06108267232775688, 0.01323783863335848, -0.4981460571289062,   1.020017147064209,  0.9562346935272217,   4.421550750732422
21.97,   0.864177942276001,-0.06147525459527969, 0.01601496711373329, -0.4991590976715088,   1.060697317123413,   0.982434093952179,   4.485707759857178
22.17, 0.8636949062347412,-0.0619022361934185,0.01897327229380608,-0.4998382031917572,  1.102482557296753,  1.008376359939575,  4.550142765045166
22.42,  0.8634119033813477,-0.06253290176391602, 0.02154095284640789, -0.5001444220542908,   1.144060492515564,   1.033501982688904,   4.614785671234131
22.66,  0.8632881045341492,-0.06344570964574814, 0.02364116534590721, -0.5001483559608459,   1.186446666717529,   1.057831048965454,   4.679056644439697
22.91,  0.8630979061126709,-0.06457260251045227, 0.02518453449010849, -0.5002570152282715,   1.228965520858765,   1.081408739089966,   4.743340969085693
23.12,  0.8628252744674683,-0.06581255793571472, 0.02669827826321125, -0.5004871487617493,   1.271481990814209,   1.104575634002686,   4.808762073516846
23.34,  0.8625313639640808,-0.06695770472288132, 0.02810591273009777, -0.5007647275924683,   1.314260244369507,   1.127452969551086,   4.873725891113281
23.58,  0.8620560765266418,-0.06823988258838654,  0.0293542891740799, -0.5013381242752075,    1.35604453086853,   1.149215459823608,   4.939173698425293
23.84,  0.8614538908004761,-0.06958089023828506, 0.03051836974918842, -0.5021187663078308,   1.398134112358093,   1.171337008476257,   5.004608154296875
24.07,  0.8608834743499756,-0.07102831453084946, 0.03142448887228966, -0.5028380155563354,   1.439082384109497,   1.191580295562744,   5.070361137390137
24.32,  0.8604021668434143,-0.07256399840116501, 0.03228707611560822, -0.5033876299858093,   1.480409026145935,   1.211372256278992,   5.135846138000488
24.59,  0.8601020574569702,-0.07431524246931076,  0.0329221598803997, -0.5036037564277649,   1.520790696144104,   1.229610085487366,   5.201194763183594
24.83,   0.859953761100769,-0.07626116275787354, 0.03324525430798531, -0.5035449266433716,   1.561625719070435,   1.246534705162048,   5.266444683074951
25.09,   0.860052227973938,-0.07848794013261795, 0.03315603360533714, -0.5030402541160583,   1.601411819458008,    1.26296591758728,   5.332247257232666
25.35,  0.8603706359863281,-0.08087962120771408, 0.03299099206924438, -0.5021268725395203,    1.64148211479187,   1.277618288993835,   5.398538112640381
25.59, 0.8609094023704529, -0.083157017827034,0.03288718685507774,-0.5008366107940674,  1.680965423583984,  1.291702508926392,  5.464144706726074
25.8,  0.8614099621772766,-0.08544392883777618, 0.03305875509977341, -0.4995780885219574,   1.720765113830566,   1.304879426956177,   5.529879570007324
26.07,  0.8619127869606018,-0.08740966022014618, 0.03362227231264114, -0.4983316659927368,   1.761404633522034,   1.317188501358032,   5.596266746520996
26.33,  0.8622729778289795,-0.08902084827423096, 0.03465405106544495, -0.4973516464233398,   1.802088737487793,   1.328760504722595,    5.66214656829834
26.61,  0.8624971508979797,-0.09042831510305405, 0.03619767725467682,  -0.496598482131958,   1.843338966369629,   1.339951276779175,   5.728355884552002
26.88,   0.862500786781311,-0.09159213304519653, 0.03835804387927055, -0.4962165951728821,   1.885703444480896,   1.349895358085632,   5.794464588165283
27.15,  0.8622845411300659,-0.09273134171962738, 0.04061122238636017, -0.4962015151977539,   1.928388833999634,   1.360001444816589,   5.860689163208008
27.43,  0.8618326783180237,-0.09368662536144257, 0.04299436137080193,  -0.496606171131134,   1.970006823539734,    1.36989164352417,   5.928428173065186
27.72,  0.8612160086631775,-0.09474103152751923, 0.04544131457805634, -0.4972576498985291,     2.0126793384552,   1.379688739776611,   5.995952606201172
27.99,  0.8604628443717957,-0.09587227553129196, 0.04781034588813782, -0.4981217682361603,   2.054299354553223,   1.388721108436584,   6.064114570617676
28.21,  0.8596779108047485,-0.09744816273450851, 0.04955081269145012, -0.4990004301071167,   2.095632314682007,    1.39824104309082,   6.133107662200928
28.44,  0.8589246869087219,-0.09944304823875427, 0.05036590620875359, -0.4998216331005096,   2.135884523391724,    1.40714418888092,   6.202792644500732
28.69, 0.8581324219703674,-0.1018074154853821,0.05074708163738251,-0.5006672739982605,   2.17535400390625,   1.41400158405304,  6.273126125335693
28.94,  0.857388436794281,-0.1042201966047287,0.05072431266307831,-0.5014471411705017,  2.214323997497559,  1.420809984207153,  6.344505786895752
29.15, 0.8567256927490234,-0.1067007333040237,0.05060388520359993,-0.5020699501037598,  2.253216505050659,  1.426290988922119,  6.416716575622559
29.39, 0.8562484383583069,-0.1091433614492416,0.05042253062129021,-0.5023772120475769,  2.291746854782104,  1.430314540863037,  6.488854885101318
29.64, 0.8560511469841003,-0.1113125905394554,0.05078580230474472,-0.5022009015083313,  2.330130100250244,  1.433422803878784,  6.562368392944336
29.89, 0.8559615612030029,-0.1132712289690971,0.05165594071149826,-0.5018267035484314,  2.368295192718506,  1.435211539268494,  6.636255264282227
30.09, 0.8562189936637878,-0.1148978844285011,0.05293475463986397,-0.5008836388587952,  2.406912326812744,  1.436290144920349,  6.710953235626221
30.33, 0.8566997051239014,-0.1161920204758644,0.05474568530917168,-0.4995667338371277,   2.44539999961853,   1.43559455871582,  6.786982536315918
30.61, 0.8570550680160522,-0.1174649223685265, 0.0569005087018013,-0.4984174072742462,  2.484286308288574,  1.433939337730408,  6.863256931304932
30.79, 0.8574212789535522, -0.118897333741188,0.05915823951363564,-0.4971834719181061,  2.522721767425537,  1.430890917778015,  6.940451145172119
31.06, 0.8578562140464783,-0.1204541400074959,0.06108227372169495,-0.4958240687847137,  2.560654163360596,  1.426870346069336,  7.018199443817139
31.29, 0.8582665920257568,-0.1220792084932327,0.06290332973003387,-0.4944868385791779,  2.598867416381836,  1.422343969345093,  7.097005367279053
31.48, 0.8585553765296936,-0.1236871108412743,0.06463359296321869,-0.4933615624904633,  2.636179447174072,  1.417965173721313,  7.176310062408447
31.72, 0.8585536479949951,-0.1253750622272491,0.06640414893627167,-0.4927029609680176,  2.673064708709717,  1.414023399353027,  7.256684303283691
31.95, 0.8583763241767883,-0.1269754767417908,0.06813006848096848,-0.4923663139343262,  2.709867715835571,  1.410138964653015,  7.337967395782471
32.19,  0.858203649520874,-0.1285885721445084,0.06981846690177917,-0.4920120239257812,   2.74514627456665,  1.406334519386292,  7.419631481170654
32.38, 0.8578082323074341,-0.1302808821201324,0.07139814645051956,-0.4920296967029572,  2.780174493789673,  1.401926875114441,   7.50222110748291
32.64, 0.8572779297828674,-0.1321815401315689,0.07283150404691696, -0.492236852645874,  2.814081192016602,  1.397780299186707,  7.585504055023193
32.84, 0.8565555810928345,-0.1343663930892944,0.07393138855695724,-0.4927385747432709,   2.84676194190979,  1.393207907676697,   7.66936206817627
33.1, 0.8558722138404846, -0.136773556470871,0.07443097978830338,-0.4931883811950684,  2.879364252090454,   1.38860821723938,  7.753737449645996
33.29, 0.8550558686256409,-0.1396141797304153,0.07461047917604446,-0.4937809109687805,  2.910377025604248,  1.383845567703247,  7.838598251342773
33.49, 0.8542333245277405,-0.1428391933441162,0.07405664026737213,-0.4943652451038361,  2.940636396408081,  1.378419160842896,  7.924116611480713
33.75, 0.8534610867500305,-0.1462678760290146,0.07308542728424072,-0.4948408007621765,  2.969571590423584,  1.372352480888367,  8.009718894958496
33.95, 0.8527530431747437, -0.149741604924202,0.07187395542860031,-0.4951997399330139,  2.998719692230225,  1.365276217460632,  8.095376014709473
34.2, 0.8523110747337341,-0.1533684134483337,0.07047442346811295,-0.4950518310070038,  3.028603553771973,   1.35759961605072,  8.181056022644043
34.46, 0.8519349694252014,-0.1568082720041275,0.06933534890413284,-0.4947823584079742,  3.058617353439331,  1.349450826644897,    8.2664794921875
34.7, 0.8515369892120361,-0.1600652188062668,0.06851370632648468,-0.4945389330387115,  3.089203596115112,  1.340075969696045,  8.351831436157227
34.96, 0.8509855270385742,-0.1629804223775864,0.06815211474895477,-0.4945860207080841,  3.121383428573608,  1.330083012580872,  8.436553955078125
35.2, 0.8501982092857361,-0.1659674197435379,0.06830416619777679,-0.4949255287647247,  3.154021739959717,  1.318302273750305,  8.520256996154785
35.49, 0.8493534326553345,-0.1686036288738251,0.06887032836675644, -0.495406299829483,  3.188478231430054,  1.305494904518127,  8.604411125183105
35.69, 0.8485961556434631,-0.1710618287324905,0.06984811276197433,-0.4957243204116821,  3.224358797073364,  1.291635513305664,  8.688578605651855
35.95, 0.8479721546173096,-0.1732005774974823,0.07138418406248093,-0.4958306849002838,  3.261884450912476,  1.276229739189148,  8.771807670593262
36.16, 0.8473824262619019,-0.1748749613761902,0.07345569878816605,-0.4959485828876495,  3.301764965057373,  1.258908271789551,   8.85489559173584
36.43, 0.8469275236129761,-0.1762489676475525,0.07605783641338348,-0.4958469569683075,  3.342250108718872,  1.240713953971863,  8.936728477478027
36.7, 0.8467097878456116,-0.1774089783430099, 0.0790923684835434,-0.4953301548957825,  3.383841037750244,  1.220807552337646,  9.018169403076172
36.96, 0.8465926051139832,-0.1787507385015488, 0.0821111798286438,-0.4945562183856964,  3.426930904388428,  1.199534773826599,  9.100104331970215
37.21, 0.8465251326560974,-0.1801301538944244,0.08487244695425034,-0.4937043488025665,  3.470282793045044,  1.176657676696777,   9.18073844909668
37.41, 0.8463549017906189,-0.1816889494657516,0.08735262602567673,-0.4929918944835663,  3.514200448989868,  1.153132438659668,  9.260900497436523
37.68, 0.8461903929710388,-0.1834435611963272, 0.0895024910569191,-0.4922382831573486,  3.558639526367188,  1.128179311752319,  9.342026710510254
37.93, 0.8460144400596619,-0.1852285265922546,0.09141900390386581,-0.4915195405483246,  3.603251218795776,  1.101867198944092,   9.42173957824707
38.14, 0.8457977771759033,-0.1870599985122681,0.09336809813976288,-0.4908319711685181,  3.648044586181641,  1.074481964111328,  9.501735687255859
38.38, 0.8456538319587708, -0.188823401927948,0.09544098377227783,-0.4900054633617401,  3.693324565887451,  1.046388030052185,  9.580864906311035
38.59,  0.845613420009613,-0.1906354278326035,0.09765616804361343,-0.4889358878135681,  3.738131284713745,  1.017659068107605,  9.660813331604004
38.81, 0.8456478714942932,-0.1925519853830338,0.09995146840810776,-0.4876598119735718,  3.783591985702515, 0.9875082969665527,  9.739985466003418
39.06,  0.845576286315918,-0.1943310350179672, 0.1021573916077614,-0.4866199791431427,  3.829162120819092, 0.9576043486595154,  9.819034576416016
39.26, 0.8453464508056641,-0.1961289942264557, 0.1042690575122833,-0.4858494699001312,  3.874531507492065,  0.926688551902771,  9.898021697998047
39.52, 0.8449192047119141, -0.197882741689682, 0.1065430864691734,-0.4853880405426025,  3.919617176055908, 0.8954042196273804,  9.977086067199707
39.75, 0.8443319797515869,-0.1998392343521118, 0.1088546141982079,-0.4850953221321106,  3.964147090911865, 0.8650522828102112,  10.05630493164062
40, 0.8437609672546387,-0.2015967518091202, 0.1109555587172508,-0.4848855435848236,  4.007999897003174, 0.8338949084281921,  10.13538265228271
40.24,  0.843030571937561,-0.2037506103515625, 0.1126544550061226,-0.4848640263080597,  4.050642013549805, 0.8027440905570984,  10.21512794494629
40.45, 0.8424656987190247,-0.2060428112745285, 0.1140403151512146,-0.4845530390739441,  4.093456268310547, 0.7711479067802429,  10.29500102996826
40.67, 0.8420162200927734,-0.2080683261156082, 0.1157252639532089,-0.4840691387653351,  4.135200977325439, 0.7396804094314575,  10.37530040740967
40.92, 0.8417662978172302,-0.2099315077066422,  0.117645725607872,-0.4832356572151184,  4.175887107849121, 0.7075002193450928,  10.45673847198486
41.12, 0.8416033983230591,-0.2117458432912827, 0.1198147311806679, -0.482193797826767,   4.21530818939209, 0.6744476556777954,  10.53832626342773
41.36, 0.8413283824920654,-0.2134492546319962, 0.1220924630761147,-0.4813505113124847,  4.254298686981201, 0.6423646807670593,  10.62003803253174
41.64, 0.8410544991493225,-0.2152463644742966, 0.1244826391339302,-0.4804158210754395,  4.291913986206055, 0.6097890734672546,  10.70223426818848
41.9, 0.8407303690910339,-0.2172167152166367,  0.126695841550827,-0.4795169532299042,  4.328286647796631, 0.5776941180229187,  10.78531932830811
42.13, 0.8404084444046021,-0.2192943543195724, 0.1285913735628128,-0.4786301553249359,  4.363198280334473, 0.5459186434745789,  10.86937427520752
42.34, 0.8399930596351624,-0.2215275913476944, 0.1302510350942612,-0.4778816103935242,  4.396946907043457, 0.5141840577125549,  10.95473575592041
42.53, 0.8396701216697693,-0.2239524871110916, 0.1315106749534607,-0.4769730567932129,  4.429162979125977, 0.4831362962722778,  11.04126453399658
42.76, 0.8393251895904541,-0.2262678444385529, 0.1330453604459763,-0.4760609269142151,  4.459781169891357, 0.4524601101875305,  11.12834548950195
43.02, 0.8390054702758789,-0.2285812646150589, 0.1346219778060913,-0.4750750660896301,  4.489391326904297, 0.4221810698509216,  11.21704006195068
43.27, 0.8385564088821411,-0.2309715151786804, 0.1361941546201706,-0.4742630422115326,   4.51801872253418, 0.3931934237480164,  11.30583953857422
43.51, 0.8378598093986511,-0.2336528301239014, 0.1372434496879578,-0.4738781154155731,   4.54594087600708, 0.3647311627864838,  11.39584827423096
43.75, 0.8368687629699707,-0.2367416173219681, 0.1376443058252335, -0.473980039358139,   4.57207202911377, 0.3371796309947968,  11.48717880249023
44.02, 0.8357539772987366,-0.2400198578834534, 0.1376187205314636,-0.4743056297302246,  4.596964836120605, 0.3098223805427551,  11.57921028137207
44.31,  0.834422767162323, -0.243706688284874, 0.1368851214647293,-0.4749811887741089,  4.620791912078857, 0.2837441861629486,  11.67118167877197
44.57, 0.8329411149024963,-0.2476225346326828, 0.1357062608003616,-0.4758938848972321,  4.643933773040771, 0.2578249871730804,  11.76434898376465
44.82, 0.8314000368118286,-0.2515902817249298, 0.1343306601047516,-0.4768967628479004,   4.66709566116333, 0.2318327873945236,  11.85738468170166
45.07,  0.829873263835907,-0.2553668916225433, 0.1331772059202194,-0.4778712391853333,  4.689364433288574, 0.2060243338346481,  11.95062446594238
45.33, 0.8282966613769531,-0.2588901221752167, 0.1326175928115845,-0.4788654148578644,  4.711293697357178, 0.1793239563703537,  12.04375171661377
45.63, 0.8268030285835266,-0.2619753479957581, 0.1326396018266678,-0.4797617793083191,  4.733413696289062, 0.1515357494354248,  12.13647079467773
45.84, 0.8253471255302429,-0.2649270594120026, 0.1332359313964844,-0.4804820120334625,  4.756237506866455, 0.1231726482510567,  12.22956085205078
46.03, 0.8240009546279907,-0.2673985362052917, 0.1345399469137192,-0.4810596704483032,   4.77982759475708,0.09319570660591125,  12.32202529907227
46.29, 0.8227086663246155,-0.2695978581905365, 0.1365602016448975,-0.4814745485782623,   4.80418062210083,0.06218085065484047,  12.41476440429688
46.56, 0.8216110467910767,-0.2714143097400665, 0.1392750591039658,-0.4815506339073181,  4.829222202301025,0.02894415520131588,   12.5075101852417
46.75,  0.8207738995552063, -0.2731208801269531,  0.1422046720981598, -0.4811569452285767,    4.85399341583252,-0.00522718345746398,   12.60034275054932
47.02, 0.8204396963119507,-0.2746858894824982, 0.1454534083604813,-0.4798631072044373,  4.878335952758789,-0.0410468727350235,  12.69269275665283
47.26,  0.8203343749046326, -0.2760296761989594,   0.148959681391716,  -0.478193610906601,   4.903246879577637,-0.07894692569971085,   12.78539752960205
47.5, 0.8202555775642395,-0.2773716151714325,  0.152558907866478,-0.4764142632484436,  4.927164077758789,-0.1171547546982765,  12.87773990631104
47.73, 0.8201871514320374,-0.2792778015136719, 0.1553073525428772,-0.4745266735553741,  4.950397968292236,-0.1567367315292358,  12.97046756744385
47.96, 0.8200880885124207,-0.2814644277095795, 0.1574518233537674,-0.4726956784725189,  4.972835063934326,-0.1963163465261459,  13.06325054168701
48.24, 0.8199379444122314,-0.2841074168682098, 0.1588667184114456,-0.4708981812000275,  4.995139598846436, -0.237114205956459,   13.1555643081665
48.46, 0.8197992444038391,-0.2869611084461212, 0.1599238961935043,-0.4690477550029755,  5.015448570251465,-0.2787149846553802,  13.24767780303955
48.7, 0.8195435404777527,-0.2899091243743896, 0.1608292460441589,-0.4673692882061005,  5.035513401031494,-0.3195423781871796,  13.34045028686523
48.91, 0.8191404938697815,-0.2927356064319611, 0.1617328673601151,-0.4660001993179321,  5.055558204650879,-0.3606979250907898,  13.43334674835205
49.17, 0.8183808326721191,-0.2956632375717163, 0.1630411595106125,-0.4650297462940216,  5.075227737426758,-0.4020412862300873,  13.52614402770996
49.42,  0.817473292350769,-0.2984498143196106, 0.1643788814544678,-0.4643745422363281,  5.094482898712158,-0.4431723356246948,  13.61913681030273
49.63, 0.8163126111030579,-0.3011958599090576, 0.1659032106399536, -0.464101105928421,  5.113726139068604,-0.4834745526313782,  13.71241474151611
49.9, 0.8150092363357544,-0.3036089539527893, 0.1677288860082626,-0.4641632437705994,  5.132430553436279,-0.5247896313667297,  13.80571269989014
50.11, 0.8136441707611084,-0.3059714436531067, 0.1698062121868134,-0.4642514884471893,  5.150696754455566,-0.5656535029411316,  13.89937877655029
50.36, 0.8122435212135315, -0.308125764131546, 0.1722848117351532,-0.4643661081790924,  5.169133186340332,-0.6067126393318176,   13.9931116104126
50.63, 0.8109913468360901,-0.3100041449069977, 0.1749856173992157,-0.4642945826053619,  5.186708450317383,-0.6472486853599548,  14.08764934539795
50.84, 0.8098894953727722,-0.3117499649524689, 0.1777538061141968,-0.4639973044395447,  5.204392910003662,-0.6883519887924194,  14.18279457092285
51.1, 0.8088998198509216,-0.3136570155620575, 0.1806622892618179,-0.4633145928382874,  5.220777034759521,-0.7290064692497253,  14.27880001068115
51.33, 0.8080586791038513,-0.3158388137817383, 0.1830712109804153,-0.4623536467552185,  5.235165119171143,-0.7697073817253113,  14.37491798400879
51.59, 0.8074046969413757,-0.3183205127716064,  0.184990182518959, -0.461028516292572,  5.248984336853027,-0.8108483552932739,  14.47256660461426
51.87,  0.806553065776825,-0.3210578560829163, 0.1865958720445633,-0.4599727392196655,  5.261298179626465,-0.8512381315231323,  14.57091903686523
52.09, 0.8058032393455505,-0.3239823877811432, 0.1879890710115433,-0.4586671888828278,  5.273495197296143,-0.8918700218200684,  14.67056179046631
52.31, 0.8051044940948486,-0.3268400728702545, 0.1893588453531265,-0.4573013186454773,  5.283265113830566,-0.9313876628875732,  14.77170181274414
52.56,  0.804503321647644,-0.3297903835773468, 0.1905696243047714,-0.4557355642318726,  5.292101383209229,-0.9711751937866211,  14.87361717224121
52.77, 0.8039495944976807, -0.332744836807251, 0.1917070597410202,-0.4540851414203644,  5.299959182739258, -1.010130405426025,  14.97681427001953
53, 0.8034222722053528,-0.3355807065963745,  0.192923367023468,-0.4524132609367371,  5.306641578674316, -1.047967791557312,  15.08124446868896
53.24, 0.8027917742729187,-0.3384836316108704, 0.1941054463386536,-0.4508617222309113,  5.313046932220459,   -1.0860196352005,  15.18705940246582
53.47, 0.8020172715187073,-0.3414797484874725, 0.1951333582401276,-0.4495351314544678,  5.318705558776855, -1.122579574584961,  15.29341697692871
53.69, 0.8010278344154358,-0.3445249795913696, 0.1961990594863892,-0.4485106766223907,  5.323817253112793, -1.158453822135925,  15.40056991577148
53.97, 0.7996764183044434,-0.3477014899253845, 0.1971260011196136,-0.4480642378330231,  5.328897953033447, -1.193776845932007,  15.50856876373291
54.21,  0.797850489616394,-0.3510040938854218, 0.1980009824037552,-0.4483584761619568,  5.332943439483643, -1.228135824203491,  15.61685752868652
54.42, 0.7954474091529846,-0.3544465005397797, 0.1987637430429459,   -0.4495809674263,  5.336249351501465, -1.260916709899902,  15.72584915161133
54.66, 0.7926220893859863, -0.357929140329361, 0.1993452459573746,-0.4515499472618103,  5.339218616485596, -1.293733716011047,  15.83468627929688
54.88, 0.7895702123641968,-0.3613823354244232, 0.1998979300260544,-0.4538959264755249,  5.342643737792969, -1.326400756835938,  15.94388866424561
55.13, 0.7866353988647461,-0.3648367822170258, 0.2004906386137009,-0.4559620022773743,  5.345812797546387, -1.359301090240479,  16.05296325683594
55.4, 0.7840642929077148,-0.3680517077445984, 0.2013462036848068,-0.4574273526668549,  5.348922729492188, -1.393461585044861,   16.1611499786377
55.61, 0.7818916440010071,-0.3711133301258087, 0.2023646384477615,-0.4582224488258362,  5.350846767425537, -1.427964568138123,  16.26992797851562
55.83,  0.780036985874176,-0.3740623295307159, 0.2038242667913437,-0.4583386480808258,   5.35268497467041, -1.464650273323059,   16.3787841796875
56.07, 0.7786157727241516,-0.3767833113670349, 0.2056500464677811,-0.4577104449272156,  5.352919101715088, -1.502365350723267,  16.48705673217773
56.29, 0.7777484655380249,-0.3791390955448151, 0.2080206871032715,-0.4561657309532166,  5.353373527526855, -1.542337417602539,  16.59519577026367
56.5, 0.7772485017776489,-0.3812858164310455, 0.2109886109828949,-0.4538596868515015,  5.353028297424316, -1.584076762199402,  16.70338249206543
56.72, 0.7769840359687805,-0.3832596242427826, 0.2140790671110153,  -0.45119509100914,  5.352725505828857,  -1.62672221660614,  16.81162643432617
56.98, 0.7767165303230286,-0.3853454887866974, 0.2170674502849579, -0.448442816734314,  5.351897716522217, -1.670679807662964,  16.91902542114258
57.24, 0.7764537930488586, -0.387540191411972, 0.2198685109615326,-0.4456331729888916,  5.349485397338867, -1.715073704719543,  17.02652359008789
57.51, 0.7760552167892456,-0.3898342847824097, 0.2225428968667984,-0.4429911375045776,  5.346118450164795, -1.760310411453247,  17.13342666625977
57.74, 0.7755352854728699,-0.3924233019351959, 0.2246738821268082,-0.4405332803726196,  5.342360019683838, -1.805002808570862,  17.24012756347656
57.97, 0.7746574282646179,-0.3954673111438751, 0.2261871993541718,-0.4385769665241241,  5.337418079376221, -1.848833441734314,  17.34691429138184
58.26,  0.773637592792511,-0.3985850214958191, 0.2273210734128952, -0.436965674161911,  5.332184791564941, -1.893187999725342,  17.45336723327637
58.53, 0.7724701762199402,-0.4018504321575165, 0.2282989025115967,-0.4355280697345734,  5.326597690582275, -1.936748147010803,  17.55995941162109
58.77, 0.7712039947509766,-0.4050083458423615, 0.2292891442775726,-0.4343248605728149,  5.319647789001465, -1.979809045791626,  17.66760635375977
59.06,  0.769799530506134,-0.4081146419048309, 0.2303277850151062,-0.4333580732345581,   5.31244421005249, -2.022518396377563,   17.7743968963623
59.32, 0.7682667374610901,-0.4112018048763275,  0.231424480676651,-0.4325748085975647,  5.304321765899658, -2.064506053924561,  17.88150024414062
59.54, 0.7666450142860413,-0.4140357077121735, 0.2327660769224167,-0.4320286512374878,  5.297722816467285, -2.106093168258667,  17.98923110961914
59.76, 0.7648466229438782,-0.4166046679019928, 0.2345759123563766, -0.431767612695694,  5.290575504302979, -2.147283315658569,  18.09794044494629
60.03,  0.763071596622467,-0.4190317988395691, 0.2368212640285492,-0.4313336610794067,  5.283113479614258, -2.188224792480469,  18.20703506469727
60.29, 0.7614696621894836,-0.4212526381015778, 0.2394255101680756,-0.4305630922317505,  5.275022506713867, -2.228192329406738,  18.31588363647461
60.52, 0.7600817680358887,-0.4233168363571167, 0.2423190623521805,-0.4293704628944397,  5.266414165496826, -2.268789768218994,  18.42607879638672
60.78, 0.7589262723922729,-0.4252005219459534, 0.2452214658260345,-0.4279028475284576,  5.257160186767578,  -2.30856466293335,  18.53750419616699
61.01, 0.7576048374176025,-0.4273634850978851,  0.248151034116745,-0.4263981878757477,  5.247611999511719, -2.347909450531006,  18.64933776855469
61.23, 0.7562840580940247,-0.4295848608016968, 0.2507695853710175,-0.4249762892723083,  5.237435340881348, -2.386378288269043,  18.76238632202148
61.48,  0.754909873008728,-0.4318224787712097, 0.2534038126468658, -0.423586905002594,  5.225344181060791, -2.424598217010498,  18.87625312805176
61.71, 0.7535655498504639,-0.4341123700141907, 0.2558731138706207,-0.4221531748771667,  5.212353706359863, -2.461683750152588,  18.99098777770996
61.98, 0.7522411346435547,-0.4368676841259003, 0.2575682103633881,-0.4206393659114838,   5.19853687286377, -2.496832132339478,  19.10712242126465
62.19, 0.7509956955909729,-0.4398303031921387,  0.258842945098877,-0.4189917743206024,  5.183324813842773, -2.531366109848022,  19.22464370727539
62.42, 0.7497443556785583,-0.4431549608707428, 0.2595334649085999,-0.4172990024089813,  5.167789459228516, -2.563886880874634,  19.34364128112793
62.68, 0.7484797239303589,-0.4467516541481018, 0.2599814832210541,-0.4154511690139771,  5.151020526885986, -2.596290588378906,  19.46323776245117
62.87, 0.7468594908714294,  -0.45050048828125, 0.2601472437381744,-0.4142131507396698,   5.13342809677124, -2.626932859420776,  19.58354949951172
63.09, 0.7447036504745483,-0.4544137716293335, 0.2603190839290619,-0.4137119054794312,  5.115405082702637, -2.656314849853516,  19.70511054992676
63.31, 0.7422716617584229,-0.4583827555179596, 0.2602519392967224,-0.4137462079524994,  5.097217559814453, -2.684759616851807,  19.82723426818848
63.56, 0.7396673560142517,-0.4621638059616089, 0.2605861127376556,-0.4139935672283173,  5.078667163848877, -2.711492538452148,  19.95002365112305
63.8, 0.7369340062141418,-0.4656397998332977, 0.2615016400814056,-0.4143955707550049,  5.060420513153076, -2.738377809524536,  20.07299995422363
64.05, 0.7341657280921936,-0.4687265157699585, 0.2629203200340271,-0.4149312973022461,  5.042050838470459, -2.765237092971802,  20.19684791564941
64.28, 0.7312687635421753,-0.4715046882629395, 0.2648882567882538,-0.4156471490859985,     5.023681640625, -2.791405916213989,  20.32120513916016
64.56, 0.7283561825752258,-0.4739689826965332, 0.2672652900218964,-0.4164359867572784,   5.00507640838623,  -2.81758189201355,  20.44541358947754
64.84,  0.725591242313385,-0.4763310253620148, 0.2697342336177826,-0.4169753789901733,  4.986237525939941, -2.844588756561279,  20.57031059265137
65.07, 0.7231595516204834,-0.4786695241928101, 0.2721642553806305,-0.4169428646564484,  4.967024326324463, -2.872136354446411,  20.69443511962891
65.38, 0.7209198474884033, -0.481070339679718, 0.2745284736156464,-0.4165080785751343,  4.946533679962158, -2.900387763977051,  20.81943321228027
65.6, 0.7189361453056335,-0.4834392964839935, 0.2768120169639587,-0.4156818389892578,  4.925138473510742, -2.928804159164429,  20.94419288635254
65.81, 0.7173653841018677,-0.4858590960502625, 0.2788934707641602, -0.414180189371109,  4.902037143707275, -2.958039522171021,  21.06816101074219
66.02, 0.7159416079521179,-0.4882438778877258, 0.2810723781585693,-0.4123624861240387,  4.877438545227051, -2.987163782119751,  21.19146728515625
66.3, 0.7145929932594299,-0.4907360076904297, 0.2831956148147583,-0.4102855622768402,  4.851920127868652,  -3.01683783531189,  21.31497573852539
66.53,  0.713582456111908,-0.4932787716388702, 0.2849284410476685,-0.4077878296375275,  4.825749397277832,  -3.04741907119751,  21.43889617919922
66.77, 0.7126396298408508,-0.4961988031864166, 0.2862108051776886,-0.4049862623214722,  4.798449039459229, -3.077693939208984,            21.5625
67.01, 0.7116998434066772,-0.4991555511951447, 0.2873438000679016,-0.4021934568881989,  4.769620418548584, -3.107881546020508,  21.68585395812988
67.24, 0.7107291221618652,-0.5022543668746948, 0.2882624864578247, -0.399385005235672,  4.740297317504883, -3.137734174728394,  21.80851173400879
67.5, 0.7095807194709778,-0.5052313208580017, 0.2892544865608215,-0.3969475328922272,  4.710180759429932, -3.167019367218018,   21.9309139251709
67.72,  0.708556592464447,-0.5081872940063477,  0.290280669927597,-0.3942452669143677,  4.679793357849121, -3.195423364639282,  22.05283355712891
67.98, 0.7074946761131287,-0.5111392736434937,  0.291191965341568,-0.3916556239128113,  4.649630546569824, -3.223637580871582,  22.17441558837891
68.19, 0.7059144973754883,-0.5142186284065247, 0.2921145856380463, -0.389784574508667,  4.619166851043701, -3.250200748443604,  22.29643630981445
68.43, 0.7039117813110352,-0.5171031355857849, 0.2934254109859467,-0.3886039555072784,  4.588866233825684, -3.276660203933716,   22.4187068939209
68.6, 0.7016938328742981,-0.5199563503265381, 0.2947067618370056, -0.387837678194046,  4.558880805969238, -3.301968097686768,  22.54042434692383
68.87, 0.6992646455764771,-0.5225615501403809, 0.2961717545986176,-0.3876075446605682,  4.528745174407959, -3.326563119888306,  22.66190910339355
69.14, 0.6966686844825745,-0.5250739455223083, 0.2978999018669128, -0.387562483549118,  4.499202251434326, -3.350283861160278,  22.78299140930176
69.43, 0.6938947439193726,-0.5275021195411682, 0.2997546792030334,-0.3878114521503448,  4.469295978546143, -3.373732566833496,  22.90335655212402
69.72, 0.6910965442657471,-0.5298810005187988, 0.3016082644462585,-0.3881277143955231,  4.439474582672119, -3.396400213241577,  23.02298927307129
70.01, 0.6884845495223999,-0.5322919487953186, 0.3032805621623993,-0.3881677091121674,  4.408607482910156, -3.418641567230225,  23.14238929748535
70.21, 0.6861564517021179,-0.5346185564994812, 0.3049527406692505,-0.3877822756767273,  4.378397941589355, -3.441242933273315,   23.2617301940918
70.46, 0.6838144063949585,-0.5370662808418274, 0.3065813183784485, -0.387252539396286,  4.347926139831543, -3.463737726211548,   23.3799877166748
70.69, 0.6816567182540894,-0.5394726395606995, 0.3080810308456421,-0.3865209519863129,  4.316418170928955,  -3.48552680015564,  23.49782943725586
70.92, 0.6796360611915588,-0.5419020056724548, 0.3097849786281586,-0.3853171169757843,  4.284391403198242,  -3.50736927986145,  23.61574363708496
71.15, 0.6778011918067932,-0.5442536473274231, 0.3115986883640289,-0.3837691247463226,  4.252203941345215, -3.529919385910034,  23.73334884643555
71.38,  0.676106333732605,-0.5465719699859619, 0.3132833242416382,-0.3820887207984924,  4.219270706176758,  -3.55121898651123,  23.85111808776855
71.65, 0.6745414137840271,-0.5489140152931213, 0.3151717782020569,-0.3799382150173187,  4.184683799743652, -3.572963714599609,  23.96884536743164
71.92, 0.6730329394340515,-0.5512335300445557, 0.3170849084854126,-0.3776564002037048,  4.150770664215088, -3.594960927963257,  24.08631134033203
72.19, 0.6714296340942383,-0.5537503957748413, 0.3190502524375916,-0.3751647770404816,  4.115586280822754,  -3.61668848991394,   24.2029914855957
72.43, 0.6698457598686218,-0.5562863349914551, 0.3209990859031677,-0.3725731372833252,  4.080014705657959, -3.637387752532959,  24.32062149047852
72.68, 0.6682354211807251,-0.5586959719657898, 0.3228862583637238,-0.3702211081981659,  4.043684959411621, -3.657313585281372,   24.4383487701416
72.92, 0.6663097739219666,-0.5612113475799561, 0.3246682286262512,-0.3683240413665771,  4.007436275482178, -3.676932096481323,  24.55633354187012
73.15,  0.664231538772583,-0.5638338327407837, 0.3260308802127838,-0.3668660521507263,  3.971299886703491, -3.694855690002441,  24.67443656921387
73.43, 0.6617798209190369,-0.5666245222091675, 0.3273023962974548, -0.365863710641861,  3.935176134109497, -3.711289882659912,  24.79332160949707
73.66, 0.6591172814369202,-0.5695169568061829, 0.3284046053886414,-0.3651907444000244,  3.898386716842651, -3.727030277252197,  24.91226196289062
73.91, 0.6562334299087524,-0.5725024938583374,  0.329332560300827,-0.3648802638053894,  3.861570119857788, -3.741930961608887,  25.03117561340332
74.18, 0.6533227562904358,-0.5754266977310181, 0.3301977217197418,-0.3647216856479645,  3.824925184249878, -3.756721258163452,  25.15037727355957
74.37, 0.6504619121551514,-0.5783669948577881, 0.3309397101402283,-0.3645117282867432,  3.787028312683105, -3.770048379898071,  25.26922416687012
74.63, 0.6478615999221802,-0.5811898708343506, 0.3317551612854004,-0.3639109432697296,  3.748903751373291, -3.781876564025879,  25.38906860351562
74.9, 0.6454917788505554,-0.5838762521743774, 0.3328717947006226,-0.3628005385398865,  3.710798501968384, -3.794296741485596,  25.50825500488281
75.17, 0.6435237526893616,-0.5864561796188354, 0.3342686295509338,-0.3608458638191223,   3.67197322845459, -3.806804418563843,  25.62825775146484
75.45, 0.6418061256408691, -0.589019775390625,  0.335735946893692,-0.3583586513996124,  3.632984161376953, -3.819828033447266,  25.74756622314453
75.66, 0.6404571533203125,-0.5914431214332581,  0.337385505437851,-0.3552177548408508,  3.593692779541016,  -3.83221960067749,  25.86794090270996
75.91, 0.6389414072036743,-0.5938470959663391, 0.3391694724559784,-0.3522251844406128,  3.554758548736572, -3.844474315643311,  25.98733520507812
76.14, 0.6374354362487793,-0.5961791276931763, 0.3409796953201294,-0.3492540121078491,  3.515952825546265,  -3.85672402381897,  26.10738372802734
76.36, 0.6359245777130127,-0.5986140966415405, 0.3427038490772247,-0.3461417853832245,  3.476417064666748, -3.867814302444458,  26.22773742675781
76.58, 0.6340634226799011,-0.6011753678321838, 0.3444454073905945,-0.3433775007724762,  3.437476396560669, -3.877542018890381,  26.34770393371582
76.79, 0.6320825815200806,-0.6038057208061218, 0.3458714485168457,-0.3409723043441772,  3.399574995040894, -3.886171340942383,  26.46795082092285
77.04, 0.6297584176063538,-0.6063182353973389, 0.3474387526512146,-0.3392165303230286,  3.361392736434937, -3.893224239349365,  26.58811378479004
77.27,  0.627125084400177,-0.6087044477462769, 0.3492008149623871,-0.3380100727081299,  3.324898719787598, -3.899385213851929,  26.70953941345215
77.52, 0.6240426301956177,-0.6110949516296387, 0.3511314690113068,-0.3374009132385254,  3.289323091506958,  -3.90452766418457,  26.83064651489258
77.76, 0.6208643913269043,-0.6133615374565125, 0.3531573712825775,-0.3370369672775269,  3.254196166992188, -3.907274961471558,  26.95248985290527
78.09, 0.6178046464920044,-0.6156570911407471, 0.3550920188426971,-0.3364408314228058,  3.218658208847046, -3.909078598022461,  27.07539749145508
78.35, 0.6149137020111084,-0.6180327534675598, 0.3567872643470764,-0.3355866670608521,  3.184531927108765, -3.910347938537598,  27.19904327392578
78.61, 0.6121199131011963,-0.6204288005828857, 0.3583360910415649,-0.3346215486526489,  3.149689674377441, -3.909805536270142,  27.32219123840332
78.8, 0.6094672679901123, -0.622906506061554, 0.3597604036331177,-0.3333294689655304,  3.115099668502808, -3.908297538757324,   27.4461555480957
79.09, 0.6069192886352539, -0.625438928604126, 0.3609549701213837,-0.3319420516490936,  3.080588102340698, -3.906051397323608,   27.5703010559082
79.33, 0.6043272018432617,-0.6281817555427551, 0.3620598316192627,-0.3302846550941467,  3.046000242233276, -3.902288675308228,  27.69685935974121
79.6, 0.6017346978187561,-0.6311497092247009, 0.3628118336200714,-0.3285300135612488,  3.011312484741211, -3.898140668869019,  27.82281684875488
79.82, 0.5991129279136658,-0.6341689825057983, 0.3635935485363007,-0.3266375660896301,  2.976842403411865, -3.892583131790161,  27.94904136657715
80.11, 0.5963478088378906,-0.6370810866355896, 0.3643945753574371,-0.3251347243785858,  2.943090915679932, -3.886341094970703,  28.07520484924316
80.37, 0.5932827591896057,-0.6399597525596619, 0.3654248118400574,-0.3239302039146423,  2.909212827682495, -3.879468202590942,   28.2021541595459
80.67, 0.5899538397789001,-0.6427299380302429, 0.3668361008167267,-0.3229286074638367,  2.876266002655029, -3.871553182601929,  28.32911109924316
80.9, 0.5865960717201233,-0.6450215578079224, 0.3686655461788177,-0.3223924934864044,  2.843907594680786, -3.863498210906982,  28.45645332336426
81.13, 0.5829536318778992,-0.6470353007316589, 0.3711539506912231,-0.3221088349819183,  2.811637878417969, -3.855376720428467,  28.58416366577148
81.39, 0.5793141722679138,-0.6485775113105774, 0.3743478357791901,-0.3218771815299988,  2.779557704925537, -3.846756458282471,  28.71101188659668
81.65, 0.5757447481155396,-0.6500665545463562, 0.3776055872440338,-0.3214722871780396,   2.74729585647583, -3.836910247802734,  28.83901977539062
81.95, 0.5724523663520813,-0.6516727805137634, 0.3805326521396637,-0.3206474184989929,  2.714145660400391, -3.827287197113037,  28.96731567382812
82.24, 0.5693870782852173,-0.6534033417701721, 0.3833414018154144,-0.3192346394062042,  2.680630683898926, -3.816609382629395,  29.09543609619141
82.48,   0.56653892993927,-0.6554158926010132, 0.3857044577598572, -0.317324310541153,  2.646180152893066, -3.804853439331055,  29.22341728210449
82.69, 0.5639095902442932,-0.6576455235481262, 0.3877036273479462,-0.3149496018886566,  2.610897064208984, -3.791636228561401,  29.35134696960449
82.96,  0.561523973941803,-0.6601226925849915, 0.3891037106513977,-0.3122917413711548,  2.574344635009766, -3.777623176574707,  29.47973442077637
83.2, 0.5593141317367554,-0.6628374457359314, 0.3900291919708252,-0.3093386292457581,   2.53644323348999, -3.763179540634155,  29.60857391357422
83.45, 0.5572173595428467,-0.6659190654754639, 0.3904114067554474,-0.3060041069984436,  2.497671365737915, -3.747944355010986,  29.73708724975586
83.72, 0.5549177527427673,-0.6692007184028625,  0.390440970659256,-0.3029711842536926,  2.458954811096191, -3.731194496154785,  29.86584663391113
83.89, 0.5521963238716125,-0.6725829243659973, 0.3902783989906311,-0.3006545603275299,  2.420492172241211, -3.712640523910522,  29.99498748779297
84.13, 0.5492449402809143,-0.6759036183357239,  0.390314906835556,-0.2985590994358063,  2.381609678268433, -3.693237066268921,   30.1234016418457
84.43,  0.546008288860321,-0.6790084838867188, 0.3907475471496582,-0.2968800961971283,  2.342361688613892, -3.672701835632324,  30.25209808349609
84.7,  0.542511522769928,-0.6820080280303955, 0.3914475440979004,-0.2954895794391632,  2.304455280303955, -3.651798725128174,  30.38022232055664
84.96, 0.5388078689575195,-0.6847487092018127, 0.3925171196460724,-0.2945073843002319,  2.265931844711304, -3.630202770233154,  30.50852584838867
85.24, 0.5349770188331604,-0.6871728301048279, 0.3939655125141144,-0.2939103245735168,  2.228601217269897,  -3.60810112953186,  30.63657188415527
85.53, 0.5311457514762878,-0.6892581582069397, 0.3960351347923279,-0.2931936383247375,  2.190706491470337, -3.585436582565308,  30.76470947265625
85.77, 0.5276352763175964,-0.6912217140197754, 0.3981826305389404,-0.2919984757900238,  2.152805328369141, -3.562134981155396,  30.89312934875488
86.03, 0.5243231058120728,-0.6930384039878845, 0.4005731344223022,-0.2903845608234406,  2.115507125854492, -3.539326429367065,  31.02133750915527
86.28, 0.5211403369903564,-0.6949175000190735, 0.4027731120586395,-0.2885744273662567,  2.076738834381104, -3.515164136886597,  31.14923858642578
86.52, 0.5182524919509888,-0.6970409750938416, 0.4044724702835083,-0.2862676978111267,  2.038476943969727, -3.491722583770752,  31.27783012390137
86.79,  0.515716552734375,-0.6994014978408813, 0.4056665897369385,-0.2833859622478485,   1.99833619594574,  -3.46677303314209,  31.40652084350586
86.96, 0.5134034752845764,-0.7019237875938416, 0.4064785838127136,-0.2801677584648132,  1.957938313484192, -3.441219091415405,   31.5356502532959
87.21, 0.5111953616142273,-0.7047278881072998, 0.4068639874458313, -0.276583731174469,  1.918135046958923, -3.414503335952759,  31.66470909118652
87.48, 0.5088239312171936,-0.7076742649078369, 0.4070399701595306,-0.2731532752513885,  1.878677606582642, -3.387781381607056,  31.79385757446289
87.69, 0.5061295032501221,-0.7107212543487549, 0.4071279764175415,-0.2701000571250916,  1.839057922363281, -3.359528064727783,  31.92347145080566
87.95, 0.5032275915145874,-0.7136650085449219, 0.4073408842086792,-0.2674259543418884,  1.800006508827209, -3.330797433853149,  32.05405807495117
88.24, 0.5001232028007507,-0.7166140079498291, 0.4075791835784912,-0.2649891972541809,  1.762828946113586, -3.301217555999756,  32.18534469604492
88.5, 0.4966807663440704,-0.7194116115570068, 0.4080639481544495,-0.2631309926509857,  1.726349711418152, -3.271004438400269,  32.31769180297852
88.78, 0.4930747449398041,-0.7218603491783142, 0.4090690016746521,-0.2616418600082397,  1.691183686256409, -3.239840745925903,  32.45035552978516
88.97, 0.4891685843467712,-0.7240403890609741,  0.410544753074646,-0.2606368958950043,  1.657505512237549, -3.208476066589355,  32.58405303955078
89.26, 0.4850561618804932,-0.7257470488548279, 0.4127960205078125,-0.2600194811820984,  1.625039458274841, -3.176783084869385,  32.71780776977539
89.5, 0.4809429347515106,-0.7271624207496643, 0.4155101478099823,-0.2593819499015808,  1.592411637306213,  -3.14574670791626,  32.85286712646484
89.74, 0.4771202802658081,-0.7284132838249207, 0.4183515012264252,-0.2583627104759216,  1.560577630996704, -3.113742828369141,   32.9877815246582
89.96, 0.4734394252300262, -0.729881763458252, 0.4208276569843292,-0.2569645047187805,  1.529992938041687,  -3.08141303062439,   33.1224250793457
90.24, 0.4700006246566772,-0.7315720319747925, 0.4228723049163818,-0.2551073431968689,  1.499334096908569, -3.049116134643555,  33.25725555419922
90.48,  0.466447114944458,-0.7334604859352112, 0.4245827198028564,-0.2533600330352783,  1.468117356300354, -3.015933513641357,  33.39164733886719
90.74, 0.4628655314445496,-0.7354678511619568, 0.4260545074939728,-0.2516328692436218,   1.43734872341156, -2.981597900390625,  33.52645111083984
91.04, 0.4592458307743073,-0.7376834154129028,  0.427154004573822, -0.249909833073616,  1.406440615653992, -2.946579456329346,  33.66130065917969
91.34, 0.4556193351745605,-0.7400018572807312, 0.4281789064407349,-0.2479314804077148,  1.375500679016113, -2.910795211791992,  33.79541778564453
91.63, 0.4520652592182159,-0.7422059178352356, 0.4292746782302856,-0.2459462583065033,  1.344561457633972, -2.874138593673706,  33.92866897583008
91.92, 0.4487416744232178,-0.7443035840988159, 0.4304226338863373,-0.2436767667531967,  1.313372492790222, -2.837316751480103,  34.06200790405273
92.22, 0.4453422129154205, -0.746411919593811, 0.4315377771854401,-0.2414821982383728,  1.282565832138062, -2.800514221191406,  34.19532012939453
92.44, 0.4418996274471283,-0.7483883500099182, 0.4327559769153595,-0.2395011931657791,  1.252114772796631, -2.763231992721558,  34.32790756225586
92.7, 0.4383518397808075,-0.7503607869148254, 0.4340145587921143,-0.2375640273094177,  1.220544457435608, -2.725333213806152,  34.46059417724609
92.92, 0.4349042177200317,-0.7523512840270996, 0.4350880682468414,-0.2356337159872055,  1.189262986183167, -2.686173915863037,  34.59262084960938
93.16, 0.4313523173332214,-0.7543427348136902, 0.4362298250198364,-0.2336765676736832,  1.158716082572937, -2.646737575531006,  34.72379302978516
93.39, 0.4279829859733582,-0.7563777565956116, 0.4371535181999207,-0.2315578013658524,  1.127734899520874, -2.606750011444092,  34.85475540161133
93.65, 0.4246896803379059,-0.7586017251014709, 0.4376842081546783,-0.2293329983949661,   1.09668242931366, -2.566462993621826,  34.98500442504883
93.91, 0.4214098453521729,-0.7611353993415833, 0.4377282857894897,-0.2268909513950348,  1.065228819847107, -2.525542259216309,  35.11511611938477
94.16, 0.4181735515594482, -0.763668417930603, 0.4377555251121521,-0.2242999970912933,  1.034633278846741, -2.483957529067993,  35.24514389038086
94.38, 0.4150151312351227,-0.7661930322647095, 0.4377026855945587,-0.2216439247131348,  1.004453897476196, -2.442256212234497,  35.37446212768555
94.62, 0.4117044806480408,-0.7688097953796387, 0.4376588761806488,-0.2188255488872528,  0.974978506565094, -2.400835275650024,  35.50364685058594
94.86, 0.4084375202655792,-0.7713683247566223,  0.437572181224823,-0.2161000967025757, 0.9463943839073181, -2.358540534973145,  35.63261795043945
95.1, 0.4051928818225861,-0.7738388776779175, 0.4375793933868408,-0.2133432030677795, 0.9178317785263062, -2.316643238067627,  35.76081466674805
95.33, 0.4018713533878326, -0.776067852973938, 0.4380157887935638,-0.2106164395809174, 0.8904573917388916, -2.275137901306152,  35.88878631591797
95.58, 0.3985709249973297, -0.778134286403656,  0.438648909330368,-0.2079287767410278, 0.8641563057899475, -2.233776569366455,  36.01609802246094
95.84, 0.3951906263828278,-0.7800053954124451, 0.4395946264266968,-0.2053568959236145, 0.8392429947853088, -2.193068981170654,  36.14380645751953
96.08, 0.3916797935962677, -0.781813383102417, 0.4407391846179962,-0.2027380615472794, 0.8155989050865173, -2.151530742645264,  36.27111053466797
96.33, 0.3882797062397003,-0.7833347320556641, 0.4421404600143433,  -0.20034059882164, 0.7926357388496399, -2.111342191696167,  36.39799118041992
96.57, 0.3847640454769135,-0.7848935127258301, 0.4435249865055084,-0.1979477405548096, 0.7716603875160217, -2.071309804916382,  36.52474594116211
96.84,  0.381157398223877,-0.7863016128540039, 0.4451303780078888,-0.1957210749387741, 0.7519928216934204, -2.030977964401245,  36.65132522583008
97.09, 0.3775155246257782,-0.7876504063606262, 0.4467737376689911,-0.1936003267765045, 0.7334475517272949, -1.990987062454224,  36.77798461914062
97.37, 0.3736507594585419,-0.7888362407684326,  0.448698878288269,-0.1918091922998428, 0.7167405486106873, -1.950554370880127,  36.90484237670898
97.62, 0.3696130514144897,-0.7898145318031311,  0.450964093208313,-0.1902881413698196, 0.7009716629981995,  -1.91002082824707,  37.03234100341797
97.85, 0.3654742538928986,-0.7907198071479797, 0.4532957077026367,-0.1889782100915909, 0.6868385076522827,  -1.86963415145874,   37.1599235534668
98.11, 0.3613240122795105, -0.791759729385376, 0.4553780257701874,-0.1875934898853302,  0.673258900642395, -1.829266667366028,  37.28731155395508
98.36, 0.3571478724479675,-0.7928529977798462, 0.4573250412940979, -0.186231717467308, 0.6604374051094055, -1.788422346115112,  37.41511154174805
98.63, 0.3528831899166107, -0.794080913066864, 0.4590684771537781,-0.1848351210355759, 0.6488878726959229,  -1.74720561504364,  37.54362487792969
98.89, 0.3486782908439636,-0.7956551313400269, 0.4602625966072083,-0.1830673515796661, 0.6371447443962097, -1.705028891563416,   37.6723518371582
99.17, 0.3447290062904358,-0.7973491549491882, 0.4610887467861176,-0.1810865551233292, 0.6253678202629089, -1.662741422653198,  37.80121994018555
99.42, 0.3408434987068176,-0.7990087866783142, 0.4620324075222015, -0.178705632686615, 0.6147567629814148,   -1.6202232837677,  37.93014144897461
99.68, 0.3373357951641083,-0.8003876805305481,  0.463223785161972,-0.1760874539613724, 0.6047497391700745, -1.576586484909058,  38.05976867675781
99.89, 0.3338838219642639,-0.8017609715461731, 0.4644626975059509,-0.1731308102607727, 0.5949277281761169, -1.532617807388306,  38.18960189819336
100.14, 0.3304698765277863,-0.8032037615776062,  0.465541809797287,-0.1700681149959564, 0.5855321288108826, -1.487991571426392,  38.31988143920898
100.41, 0.3272038102149963,-0.8046919703483582, 0.4664599299430847,-0.1668009757995605,  0.576759934425354, -1.443320155143738,  38.45013809204102
100.64, 0.3236324191093445,-0.8062838912010193, 0.4672406911849976,-0.1638702750205994,  0.568386971950531,  -1.39743435382843,  38.57977676391602
100.88, 0.3199157118797302,-0.8077690005302429,  0.468169629573822,-0.1611812263727188, 0.5610119104385376, -1.350626111030579,  38.70905685424805
101.12,0.3161230087280273,-0.809205949306488,0.4690901935100555,-0.158761739730835, 0.555052638053894,-1.303306579589844, 38.83709716796875
101.36, 0.3121417164802551,-0.8106582164764404, 0.4699323177337646,-0.1567270308732986, 0.5499069094657898, -1.254953503608704,  38.96516418457031
101.59, 0.3081013858318329,-0.8122061491012573, 0.4706248939037323,-0.1546152830123901, 0.5450004935264587, -1.206635713577271,  39.09201431274414
101.85,   0.30377396941185, -0.813789963722229, 0.4713129997253418,-0.1527425348758698,  0.541700005531311, -1.157050013542175,  39.21907043457031
102.12, 0.2994527816772461,-0.8153137564659119, 0.4719279408454895, -0.151243269443512, 0.5398203134536743, -1.106697916984558,  39.34513092041016
102.37, 0.2951109707355499,-0.8167581558227539, 0.4726130366325378,-0.1498382836580276, 0.5376426577568054, -1.055625081062317,  39.47061920166016
102.62,  0.290674239397049,-0.8183148503303528, 0.4730883836746216,-0.1485113352537155, 0.5357775688171387, -1.004516243934631,   39.5951042175293
102.87, 0.2859690487384796,-0.8198626041412354, 0.4736123979091644,  -0.14743572473526, 0.5353793501853943,-0.9532535672187805,   39.7190055847168
103.14, 0.2811563611030579, -0.821561336517334, 0.4738640785217285,-0.1464236825704575, 0.5352892875671387, -0.901349663734436,   39.8421630859375
103.41, 0.2764204442501068,-0.8232936859130859, 0.4740041792392731,-0.1452522575855255, 0.5345616340637207, -0.849200963973999,  39.96511459350586
103.69, 0.2717034816741943,-0.8250563144683838, 0.4741101562976837,-0.1437979638576508, 0.5343778133392334,-0.7968146800994873,  40.08631134033203
103.96, 0.2673324942588806,-0.8266627192497253, 0.4743305742740631,-0.1420266479253769, 0.5343181490898132,-0.7447555065155029,  40.20712661743164
104.19, 0.2629655599594116,-0.8282367587089539, 0.4746571779251099,-0.1399017870426178, 0.5345363020896912,-0.6926491856575012,  40.32704162597656
104.42, 0.2589100301265717,-0.8297863602638245, 0.4749314188957214,-0.1373291164636612, 0.5339856743812561,-0.6415271162986755,  40.44640350341797
104.72, 0.2552586495876312,-0.8312589526176453, 0.4752461910247803, -0.134132593870163, 0.5340302586555481,-0.5901939868927002,  40.56504440307617
104.99, 0.2517354488372803,-0.8327748775482178, 0.4754420518875122,-0.1306487917900085, 0.5335999131202698,-0.5390282869338989,  40.68330764770508
105.21, 0.2482726573944092, -0.834257960319519, 0.4756721556186676,-0.1269223839044571, 0.5340836048126221,-0.4880017042160034,   40.8011474609375
105.47, 0.2448250204324722,-0.8358293771743774,   0.47567018866539,-0.1232347413897514, 0.5348681211471558,-0.4376209080219269,   40.9179573059082
105.76, 0.2412623912096024,-0.8374059796333313, 0.4756238162517548,-0.1196854710578918, 0.5359411239624023, -0.387843906879425,  41.03418731689453
106.05, 0.2374792098999023,-0.8388743996620178, 0.4757407307624817,-0.1164605021476746, 0.5380789041519165,-0.3384400606155396,  41.15034103393555
106.32, 0.2335158884525299,-0.8401612639427185, 0.4761707186698914,-0.1134011894464493, 0.5409358143806458,-0.2900269031524658,  41.26611709594727
106.6, 0.2295198738574982,-0.8411484360694885, 0.4770705103874207,-0.1104202643036842, 0.5449085235595703,-0.2423492223024368,  41.38185119628906
106.89, 0.2256978154182434, -0.841758131980896, 0.4785317778587341, -0.107284776866436, 0.5499048829078674,-0.1956349909305573,  41.49715805053711
107.18,  0.221989706158638,-0.8421916961669922, 0.4802221953868866, -0.104015901684761, 0.5563556551933289,-0.1490921229124069,  41.61305236816406
107.43,  0.218421459197998,-0.8426756858825684, 0.4817391633987427,-0.1005791053175926, 0.5632119178771973, -0.103268139064312,  41.72978210449219
107.69,  0.2148483097553253, -0.8432239294052124,  0.4830501973628998,-0.09733980894088745,  0.5720857381820679, -0.0569031797349453,   41.84639739990234
107.95,  0.2108073681592941, -0.8440333008766174,   0.483955442905426, -0.0946262925863266,  0.5821517109870911,-0.01013446226716042,   41.96322631835938
108.19,  0.2065660953521729, -0.8452036380767822,  0.4841887652873993,-0.09231191873550415,  0.5938988327980042, 0.03642620891332626,   42.08090209960938
108.42,  0.2019716501235962, -0.8468073606491089,  0.4836682677268982,-0.09049179404973984,   0.606660008430481, 0.08269573748111725,   42.19964218139648
108.68,   0.197062760591507, -0.8487397432327271,  0.4825813174247742,-0.08900193870067596,  0.6215803027153015,  0.1293052732944489,   42.31907272338867
108.94,  0.1920868009328842,  -0.850841760635376,  0.4810977280139923,-0.08783454447984695,  0.6372537016868591,   0.175148069858551,   42.43838119506836
109.16,  0.1869452595710754, -0.8528282642364502,  0.4798527657985687,-0.08646222203969955,  0.6550365090370178,  0.2200358510017395,   42.55926895141602
109.42,  0.1818783432245255, -0.8545457720756531,   0.479032576084137,-0.08484423905611038,   0.673566997051239,  0.2642973959445953,   42.68029022216797
109.69,  0.1768279671669006, -0.8557939529418945,  0.4789729416370392,-0.08326133340597153,  0.6928178071975708,  0.3068486452102661,   42.80258178710938
109.96,   0.171924889087677, -0.8565524220466614,  0.4796864092350006,-0.08160709589719772,  0.7137670516967773,  0.3479703068733215,   42.92443466186523
110.18,  0.1671296954154968, -0.8566977977752686,  0.4813831150531769,-0.08003649860620499,  0.7350659966468811,  0.3877016007900238,   43.04756164550781
110.42,  0.1622955352067947, -0.8564609289169312,  0.4837454855442047,-0.07825674116611481,  0.7574966549873352,  0.4261105954647064,   43.17010116577148
110.65,  0.1575704663991928, -0.8561001420021057,  0.4862540066242218,-0.07628971338272095,  0.7809252142906189,  0.4623633921146393,   43.29228973388672
110.86,  0.1531560868024826, -0.8556317687034607,  0.4888550341129303,-0.07387323677539825,  0.8049333691596985,   0.498110294342041,   43.41522216796875
111.08,  0.1489889770746231, -0.8552520871162415,  0.4912108480930328,-0.07111277431249619,  0.8282617926597595,  0.5334993600845337,   43.53726196289062
111.3,  0.1447615623474121, -0.8549920320510864,  0.4933477640151978,-0.06811524927616119,  0.8525238037109375,  0.5684229731559753,   43.65962219238281
111.56,  0.1407310962677002, -0.8548471331596375,   0.495166152715683,-0.06511995196342468,  0.8762462139129639,  0.6028013229370117,   43.78230285644531
111.83,  0.1366668194532394, -0.8548978567123413,  0.4965773820877075,-0.06230347603559494,   0.900342583656311,  0.6370621919631958,   43.90373229980469
112.1,  0.1324693560600281, -0.8553528785705566,  0.4972907900810242,-0.05936436355113983,  0.9244992733001709,  0.6724052429199219,   44.02476119995117
112.33,  0.1282248795032501,  -0.855874240398407,  0.4978469610214233,-0.05643602460622787,  0.9492711424827576,  0.7078069448471069,   44.14458847045898
112.6,  0.1239599511027336, -0.8565035462379456,  0.4981333613395691,-0.05383068323135376,  0.9742447733879089,  0.7434172034263611,    44.2636604309082
112.87,  0.1194543689489365, -0.8571795225143433,  0.4983125627040863,-0.05155035108327866,  0.9996910691261292,  0.7794976830482483,   44.38257598876953
113.14,  0.1147418990731239, -0.8579023480415344,  0.4983859956264496,-0.04947942122817039,   1.025368571281433,  0.8158822059631348,   44.50144195556641
113.35,  0.1099400818347931, -0.8586870431900024,  0.4983110725879669,-0.04748481512069702,   1.052208781242371,  0.8527181148529053,   44.61919784545898
113.62, 0.1055471003055573,-0.8593575358390808, 0.4983237981796265,-0.0451311469078064,  1.078650951385498, 0.8897935748100281,  44.73529052734375
113.85,   0.101109080016613, -0.8600238561630249,  0.4983182847499847,-0.04258879274129868,   1.105182290077209,   0.926542341709137,   44.85078811645508
114.12, 0.09686589241027832, -0.8607308268547058,  0.4981688261032104,-0.03982721269130707,   1.132339477539062,  0.9634310007095337,   44.96699142456055
114.36, 0.09262377023696899, -0.8613740801811218,  0.4980790913105011,-0.03703648969531059,   1.160386204719543,   1.000902056694031,   45.08202743530273
114.63,0.08848482370376587,-0.8620017170906067, 0.4979540109634399,-0.0341215543448925,  1.188192129135132,  1.037125468254089,  45.19668579101562
114.91, 0.08447737246751785, -0.8625748157501221,  0.4978581666946411,-0.03105641528964043,   1.216719627380371,   1.074345350265503,   45.31039047241211
115.16, 0.08052613586187363, -0.8631267547607422,  0.4977387487888336,-0.02797866053879261,   1.246258020401001,   1.110594511032104,   45.42380142211914
115.43, 0.07672030478715897, -0.8635860085487366,  0.4977084100246429,-0.02486992813646793,   1.275431871414185,   1.147089242935181,    45.5363655090332
115.69, 0.07268150895833969, -0.8639531135559082,  0.4978137314319611,-0.02197394892573357,   1.305233597755432,   1.183099627494812,   45.64839553833008
115.96,0.06854195892810822,-0.8641741871833801, 0.4981374144554138,-0.0190532673150301,  1.336413502693176,  1.219228029251099,  45.75952911376953
116.15, 0.06427031755447388, -0.8642610311508179,  0.4986529052257538,-0.01632429473102093,   1.368074655532837,   1.254195213317871,   45.86959457397461
116.39, 0.05998430028557777, -0.8641999959945679,  0.4993731677532196,-0.01362723670899868,   1.400174975395203,   1.288964509963989,   45.97930908203125
116.63, 0.05564949288964272, -0.8640912771224976,  0.5001235604286194,-0.01117148902267218,   1.433228850364685,   1.323960185050964,   46.08845901489258
116.87,  0.05122478306293488,  -0.8640750646591187,   0.5006703734397888,-0.008855553343892097,    1.467108368873596,    1.358766436576843,    46.19701385498047
117.14,  0.04678809642791748,  -0.8642371296882629,   0.5008602142333984,-0.006566545460373163,    1.501546621322632,    1.394473314285278,    46.30527496337891
117.41, 0.04217355698347092, -0.8646469116210938,  0.5005855560302734,-0.00449493108317256,   1.537576675415039,   1.430040597915649,   46.41301345825195
117.66, 0.03752126544713974, -0.8651255965232849,  0.5001422762870789,-0.00255075073800981,   1.574170708656311,   1.465263724327087,   46.52050018310547
117.9,   0.03289267420768738,   -0.8658254146575928,    0.4992625415325165,-0.0005341543001122773,     1.611725330352783,     1.500758051872253,     46.62797927856445
118.17,0.02798081189393997,-0.8667429089546204, 0.4979666471481323,0.00141987728420645,  1.649786710739136,  1.535660743713379,  46.73485565185547
118.36, 0.02317559532821178, -0.8676336407661438,  0.4966500401496887,0.003529320936650038,   1.687899947166443,   1.570413827896118,   46.84152603149414
118.6, 0.01823766902089119, -0.8684729933738708,  0.4953682720661163,0.005598434247076511,   1.726237893104553,   1.604204177856445,    46.9478645324707
118.86, 0.01341711636632681, -0.8691180348396301,  0.4943636059761047,0.007574012968689203,   1.765002965927124,   1.636991262435913,   47.05406188964844
119.13,0.008719083853065968, -0.8695456385612488,  0.4936780631542206,0.009760711342096329,   1.804039001464844,   1.669207811355591,   47.15952682495117
119.37,0.004010464530438185,-0.8697367906570435, 0.4933491945266724,0.01213936600834131,  1.844009280204773,  1.699433326721191,  47.26443862915039
119.58,-0.0003963571507483721,-0.8695563077926636, 0.4936133027076721,0.01471551693975925,  1.884190559387207,  1.728585600852966,   47.3692626953125
119.82,-0.004826877266168594,-0.8688867688179016, 0.4946702122688293,0.01768813468515873,  1.924648284912109,  1.756573796272278,  47.47320175170898
120.08,-0.008875981904566288,-0.8678339719772339, 0.4963456392288208,0.02062461338937283,  1.964738845825195,   1.78337836265564,  47.57780456542969
120.33,-0.01314481161534786,-0.8665561676025391, 0.4983494877815247, 0.0235445462167263,  2.005257844924927,  1.809807538986206,  47.68112182617188
120.52,-0.01725137606263161,-0.8654351830482483, 0.5000170469284058,0.02657511830329895,  2.046022653579712,  1.835145950317383,  47.78351974487305
120.77,-0.02167074009776115,-0.8645706176757812,  0.501181423664093,0.02939667366445065,  2.087145805358887,  1.860795378684998,  47.88540267944336
121.07,-0.02612335979938507,-0.8638319373130798, 0.5020833015441895, 0.0319889672100544,  2.127587080001831,    1.8856520652771,  47.98603439331055
121.25,-0.03082331642508507,-0.8633357882499695, 0.5025157332420349,0.03432421013712883,  2.170098066329956,  1.910432100296021,  48.08646392822266
121.48,-0.0356435514986515, -0.863040030002594, 0.5025581121444702,0.03641043230891228,  2.213136196136475,   1.93471622467041,  48.18549728393555
121.72,-0.0404706746339798,-0.8629160523414612, 0.5022634863853455,0.03831944242119789,  2.255624771118164,  1.959444046020508,  48.28410339355469
121.93,-0.04527871683239937,-0.8628716468811035, 0.5017745494842529,0.04029355570673943,   2.29875659942627,  1.984701991081238,  48.38107299804688
122.17,-0.05007355660200119,-0.8630082607269287, 0.5009143948554993,0.04234521463513374,  2.341803789138794,  2.009394645690918,  48.47782516479492
122.49,-0.0547492690384388,-0.8632566928863525,  0.499807596206665,0.04451654851436615,  2.384966850280762,  2.035027742385864,  48.57381439208984
122.79,-0.05951590836048126,-0.8635435700416565, 0.4985522329807281, 0.0468505397439003,  2.428613185882568,  2.060117959976196,  48.66944122314453
123.01,-0.06404908746480942,-0.8639179468154907,  0.497103750705719, 0.0492987260222435,  2.472113847732544,  2.084771871566772,  48.76461029052734
123.3,-0.0685812309384346,-0.8642920255661011, 0.4955800175666809,0.05191619694232941,  2.515558958053589,  2.108517646789551,  48.85970687866211
123.55,-0.07309231907129288,-0.8646413683891296, 0.4940490126609802,0.05447296798229218,  2.559267997741699,  2.131573915481567,  48.95393371582031
123.76,-0.07764030992984772,-0.8649184107780457, 0.4925905764102936,0.05693548545241356,   2.60235595703125,  2.154055833816528,  49.04780578613281
123.98, -0.082093246281147,-0.8649141788482666, 0.4915770888328552,0.05945688113570213,  2.645219564437866,  2.174631118774414,  49.14123916625977
124.21,-0.08673175424337387,-0.8647654056549072,   0.49073126912117,0.06196897104382515,    2.6884446144104,  2.194655418395996,  49.23402404785156
124.5,-0.09133657813072205,-0.8643645048141479, 0.4902744591236115,0.06451033800840378,  2.731515645980835,  2.213395357131958,  49.32619857788086
124.73,-0.09611755609512329,-0.8637793660163879, 0.4900826811790466,0.06681711226701736,  2.774161815643311,  2.231184244155884,  49.41823577880859
125, -0.100844144821167,-0.8630244135856628, 0.4901367425918579,0.06916802376508713,  2.815720558166504,   2.24701976776123,  49.50943374633789
125.27,-0.1055365279316902,-0.8620345592498779, 0.4905618727207184,0.07145979255437851,  2.858605623245239,  2.261937379837036,  49.60060119628906
125.55,-0.1100522577762604,-0.8608670830726624, 0.4912289083003998,0.07409125566482544,  2.900114297866821,   2.27478551864624,  49.69221878051758
125.78,-0.1143671572208405,-0.8596137166023254, 0.4919582605361938, 0.0772041529417038,  2.942367315292358,  2.286513566970825,  49.78302383422852
126,-0.1185358315706253,-0.858400285243988,0.4925399124622345,0.0806325301527977, 2.984034776687622, 2.298432350158691,  49.8735466003418
126.22, -0.122653104364872, -0.857262909412384, 0.4929405450820923,0.08405441790819168,  3.025550365447998,  2.309053897857666,  49.96367263793945
126.47,-0.1266485154628754,-0.8561518788337708, 0.4932587444782257,0.08751489967107773,  3.066651821136475,  2.318310976028442,  50.05415725708008
126.69,-0.1307064145803452,-0.8550572395324707, 0.4934680163860321,0.09100131690502167,  3.107420206069946,   2.32691764831543,  50.14386367797852
126.91,-0.1349359899759293,-0.8541374206542969, 0.4933278560638428,0.09417064487934113,  3.148988962173462,  2.335272789001465,  50.23303985595703
127.18,-0.1391854286193848,-0.8534965515136719, 0.4926501512527466, 0.0972924530506134,  3.190075397491455,  2.343155384063721,  50.32157135009766
127.44,-0.1435730755329132,-0.8529108166694641, 0.4918103218078613, 0.1002570390701294,  3.232212066650391,   2.35001277923584,  50.41057205200195
127.66,-0.1481023877859116,-0.8524243235588074, 0.4907698035240173, 0.1028707101941109,   3.27484130859375,  2.356936454772949,  50.49913787841797
127.88,-0.1527600735425949,-0.8519952893257141, 0.4895629286766052, 0.1053351536393166,   3.31846809387207,  2.363350391387939,  50.58746719360352
128.16,-0.1574076861143112,-0.8516411781311035, 0.4881618916988373, 0.1078289598226547,  3.362243175506592,  2.368544340133667,  50.67641830444336
128.43,-0.1622265577316284,-0.8512938618659973, 0.4867031872272491, 0.1100012585520744,  3.405339241027832,  2.372937917709351,  50.76472854614258
128.66,-0.1671746820211411,-0.8507885336875916,  0.485442578792572, 0.1120532304048538,  3.449977159500122,  2.374938488006592,  50.85285186767578
128.91,-0.1721795350313187,-0.850167453289032,0.4843171238899231,0.1140412986278534, 3.494512319564819, 2.377051591873169, 50.94204711914062
129.14,-0.1770959496498108,-0.8493605852127075,  0.483513355255127, 0.1159196719527245,  3.538727521896362,  2.377828598022461,  51.03163909912109
129.44,-0.1821456700563431,-0.848307728767395,0.4830030798912048,0.1179148629307747, 3.583464384078979, 2.377043008804321, 51.12139892578125
129.71,-0.1871863156557083,-0.8471006751060486, 0.4827309250831604, 0.1197977364063263,  3.626638889312744,  2.374807596206665,  51.21167373657227
129.91,-0.1920107007026672,-0.8458052277565002, 0.4825454354286194,   0.12204210460186,  3.670928478240967,  2.371309518814087,  51.30159378051758
130.16,-0.1966498494148254,-0.8444141745567322,  0.482408344745636, 0.1247984766960144,  3.714303493499756,  2.366753816604614,  51.39173126220703
130.42,-0.2010693997144699,-0.8429254293441772, 0.4824692606925964, 0.1275547742843628,  3.757841110229492,  2.361337184906006,  51.48278427124023
130.64,-0.2055491656064987,-0.8412004113197327, 0.4828365445137024, 0.1303813010454178,  3.801079511642456,  2.355138063430786,  51.57453155517578
130.89,-0.2099518626928329,-0.8394240140914917, 0.4831609427928925,  0.133573979139328,  3.843834161758423,  2.347665309906006,   51.6668701171875
131.17,-0.2141474336385727,-0.8377369046211243, 0.4833528399467468, 0.1367727369070053,  3.886056423187256,  2.339147567749023,  51.75949478149414
131.36, -0.218500167131424,-0.8362323045730591, 0.4831021130084991, 0.1399447023868561,  3.928869247436523,  2.329449415206909,  51.85214996337891
131.63,-0.2229684144258499,-0.8349072337150574,  0.482504665851593, 0.1428397297859192,  3.971216201782227,  2.319963216781616,  51.94565582275391
131.92,-0.2275127768516541,-0.8337303996086121, 0.4816364049911499, 0.1454543173313141,   4.01377534866333,  2.309344530105591,  52.04061508178711
132.21,-0.2323806285858154,-0.832727313041687,0.4804362952709198,0.1474596858024597, 4.056888580322266, 2.297515630722046, 52.13586044311523
132.52,-0.2374632954597473,-0.8317273855209351, 0.4791640937328339, 0.1491357386112213,  4.099691390991211,   2.28597092628479,  52.23196029663086
132.79,-0.2425830662250519,-0.8307588696479797, 0.4777244627475739, 0.1509020328521729,  4.143099308013916,  2.273251533508301,  52.32851409912109
133.09,-0.2476810365915298,-0.8296269178390503,  0.476413756608963, 0.1529775857925415,  4.185907363891602,  2.259598970413208,  52.42565536499023
133.34,-0.2526034116744995,-0.8284913897514343, 0.4751109182834625, 0.1551197320222855,  4.228578567504883,  2.245574951171875,   52.5238151550293
133.61,-0.2571082711219788,-0.8272137641906738, 0.4740442633628845, 0.1577773988246918,  4.270204544067383,  2.229970216751099,  52.62343215942383
133.86,-0.2616362869739532,-0.8258770704269409, 0.4729847311973572, 0.1604927033185959,  4.311474800109863,  2.213199853897095,   52.7239990234375
134.14,-0.2661900818347931,-0.8244531750679016,  0.472049206495285, 0.1630593538284302,  4.352372169494629,  2.196288108825684,  52.82526779174805
134.33,-0.2708077430725098,-0.8227691650390625, 0.4715086221694946, 0.1655071228742599,  4.393192768096924,  2.178097248077393,  52.92719650268555
134.5,-0.2753855586051941,-0.8208359479904175, 0.4713985621929169, 0.1678496301174164,  4.433391571044922,  2.158841609954834,  53.02973556518555
134.75, -0.280046135187149,-0.8185808062553406,  0.471716433763504, 0.1702415496110916,  4.472568035125732,  2.138464450836182,  53.13248443603516
134.99,-0.2846176326274872,-0.8161608576774597, 0.4722751379013062, 0.1727118641138077,  4.511187076568604,  2.117047071456909,  53.23623657226562
135.26,-0.2889546155929565,-0.8136318325996399, 0.4729402363300323, 0.1755987554788589,   4.55004358291626,  2.095482349395752,  53.33908081054688
135.5,-0.2930083572864532,-0.8111038208007812, 0.4735665917396545, 0.1788585186004639,   4.58808422088623,  2.073643445968628,  53.44307708740234
135.73,-0.2968856394290924,-0.8086557388305664,  0.474009096622467, 0.1823434978723526,  4.625621318817139,  2.052078247070312,  53.54695892333984
135.98,-0.3007183372974396,-0.8062983751296997,  0.474160224199295, 0.1860710978507996,  4.663401126861572,  2.029515266418457,  53.64995956420898
136.22,-0.3043389320373535,-0.804145336151123,0.4739421010017395,0.1900156289339066, 4.701027393341064, 2.007093191146851, 53.75313568115234
136.49,-0.3079614043235779,-0.802135169506073,0.4733832478523254,0.1940262168645859, 4.738926887512207,  1.98517644405365, 53.85494613647461
136.75,-0.3114384412765503,-0.8004725575447083, 0.4721654057502747, 0.1982638388872147,  4.777335643768311,  1.963680624961853,  53.95695495605469
137,-0.3149591386318207,-0.7988784909248352, 0.4708310961723328, 0.2022646069526672,   4.81677770614624,   1.94216251373291,  54.05764007568359
137.27,-0.3186607956886292,-0.7974496483802795, 0.4691833555698395, 0.2059011906385422,  4.856781482696533,  1.920792698860168,  54.15799331665039
137.5, -0.322519451379776,-0.7961999177932739, 0.4672296047210693, 0.2091466635465622,  4.898382663726807,  1.898487567901611,  54.25750732421875
137.74,-0.3268522620201111,-0.7951160073280334, 0.4648401439189911, 0.2118506729602814,  4.941720008850098,  1.876493334770203,  54.35589218139648
138.01,-0.3315841853618622,-0.7939531803131104, 0.4626372456550598, 0.2136726826429367,  4.985938549041748,  1.853315830230713,  54.45392608642578
138.22,-0.3367058634757996,-0.7925904393196106, 0.4607422351837158, 0.2148141860961914,  5.030403137207031,  1.828991651535034,  54.55035400390625
138.48,-0.3422719836235046,-0.7909339666366577, 0.4591766595840454, 0.2154742777347565,  5.076136112213135,  1.803886771202087,  54.64608383178711
138.71,-0.3478027880191803,-0.7889585494995117,  0.458180844783783, 0.2159789949655533,  5.122616291046143,  1.777706027030945,  54.74098968505859
138.99,-0.3534006476402283,-0.786684513092041,0.4575518071651459,0.2165195792913437, 5.170231342315674, 1.750330209732056, 54.83526229858398
139.19,-0.3589789271354675,-0.7843337655067444, 0.4570712447166443, 0.2168859839439392,  5.217405796051025,  1.722748637199402,  54.92909622192383
139.44,-0.3643074333667755,-0.7819834351539612, 0.4566043019294739, 0.2174706310033798,   5.26441764831543,  1.695165753364563,  55.02252960205078
139.7, -0.369573175907135,-0.7796679139137268, 0.4559545516967773, 0.2182614356279373,  5.310771465301514,  1.667052507400513,  55.11536407470703
139.92,-0.3749608099460602,-0.7773211002349854, 0.4551979303359985, 0.2190206795930862,  5.356526851654053,  1.639102935791016,  55.20856475830078
140.19, -0.380133718252182,-0.7752330303192139, 0.4539631009101868, 0.2200649678707123,   5.40204381942749,  1.612111210823059,  55.30080795288086
140.4,-0.3851765096187592,-0.7733294367790222, 0.4523616433143616, 0.2212883532047272,  5.446522235870361,  1.585135817527771,  55.39299011230469
140.66,-0.3901587128639221,-0.7715389728546143, 0.4504431486129761, 0.2227189540863037,  5.489974498748779,  1.558461904525757,   55.4848747253418
140.94,-0.3950363993644714,-0.7697415351867676, 0.4484343826770782, 0.2243874967098236,  5.532183647155762,  1.531769514083862,  55.57585906982422
141.15,-0.3996768295764923,-0.7678786516189575, 0.4465819597244263, 0.2262395620346069,   5.57270622253418,   1.50532591342926,  55.66690063476562
141.39,-0.4039318263530731,-0.7657890915870667, 0.4450665414333344, 0.2287375330924988,  5.611312389373779,  1.479467153549194,  55.75776672363281
141.66,-0.4078501164913177,-0.7637066245079041,  0.443500429391861, 0.2317688912153244,  5.648433685302734,  1.453409552574158,  55.84884643554688
141.92,-0.4113270938396454,-0.7617064714431763, 0.4417157471179962, 0.2355831563472748,   5.68350887298584,  1.427468180656433,  55.93978500366211
142.19,-0.4146913588047028,-0.7598258852958679, 0.4395132064819336, 0.2398392111063004,  5.717044830322266,  1.401229023933411,  56.03021621704102
142.46,-0.4178583323955536,-0.7579783201217651, 0.4373447299003601, 0.2441145032644272,  5.749943733215332,  1.374676465988159,  56.12182998657227
142.69,-0.4212692975997925,-0.7559504508972168, 0.4353847801685333, 0.2480124831199646,  5.781230926513672,  1.348133563995361,  56.21324920654297
142.94,-0.4249561131000519,-0.7536354660987854, 0.4339046776294708, 0.2513395547866821,  5.812175750732422,  1.320018887519836,  56.30467224121094
143.16,-0.4289169311523438,-0.751282811164856,0.4324378967285156,0.2541669607162476, 5.842036724090576, 1.292355418205261, 56.39732360839844
143.36,-0.4332282543182373,-0.7488126754760742, 0.4310734272003174, 0.2564518451690674,  5.871581077575684,  1.263938665390015,  56.49064254760742
143.59,-0.4376979470252991,-0.7463686466217041, 0.4297139942646027, 0.2582619190216064,  5.899832725524902,   1.23461639881134,  56.58457946777344
143.84, -0.442362904548645,-0.7437607645988464, 0.4285001754760742, 0.2598491013050079,  5.927227973937988,  1.204145789146423,   56.6794548034668
144.08,-0.4471272528171539,-0.7411652207374573, 0.4273158013820648, 0.2610584199428558,  5.953654289245605,  1.173583149909973,  56.77437210083008
144.32,-0.4519414007663727,-0.7384547591209412, 0.4261415302753448, 0.2623659074306488,   5.97919225692749,  1.142646670341492,   56.8700065612793
144.49,-0.4565645158290863,-0.7356274724006653, 0.4251726269721985, 0.2638717293739319,  6.003302574157715,  1.110496640205383,  56.96676635742188
144.68,-0.461067795753479,-0.732703685760498, 0.424370288848877,0.2654629945755005, 6.026251792907715, 1.078344941139221, 57.06436538696289
144.89,-0.4654369652271271,-0.7297074198722839, 0.4236865639686584,   0.26717808842659,  6.048113822937012,   1.04635751247406,  57.16288375854492
145.11,-0.4694734513759613,-0.7266161441802979, 0.4231579303741455, 0.2693697214126587,  6.068399906158447,  1.014015674591064,  57.26211929321289
145.34,-0.4731333255767822,-0.7233239412307739, 0.4227621555328369, 0.2724307477474213,   6.08749532699585, 0.9815346598625183,   57.3620491027832
145.58,-0.4762692153453827,-0.7200443148612976, 0.4223640859127045,    0.2762451171875,  6.105640888214111, 0.9486532807350159,  57.46243286132812
145.82,-0.4789543151855469,-0.7169037461280823,  0.421720415353775, 0.2807181477546692,  6.122073650360107, 0.9168967604637146,   57.5626335144043
146.09,-0.4814581573009491,-0.7141416668891907, 0.4203601181507111, 0.2854751944541931,  6.138193607330322, 0.8852056860923767,  57.66291427612305
146.3,-0.483759343624115,-0.711600124835968,0.4187538325786591,0.2902521789073944, 6.153977870941162,0.8536548614501953, 57.76369094848633
