This is pdfTeX, Version 3.1415926-2.3-1.40.12 (TeX Live 2011) (format=latex 2011.8.15)  20 SEP 2011 07:47
entering extended mode
 restricted \write18 enabled.
 file:line:error style messages enabled.
 %&-line parsing enabled.
**timereport.sty
(./timereport.sty
LaTeX2e <2009/09/24>
Babel <v3.8l> and hyphenation patterns for english, dumylang, nohyphenation, bu
lgarian, russian, ukrainian, swedish, ukenglish, loaded.
(/usr/share/texmf-dist/tex/latex/graphics/color.sty
Package: color 2005/11/14 v1.0j Standard LaTeX Color (DPC)

(/usr/share/texmf-dist/tex/latex/latexconfig/color.cfg
File: color.cfg 2007/01/18 v1.5 color configuration of teTeX/TeXLive
)
Package color Info: Driver file: dvips.def on input line 130.

(/usr/share/texmf-dist/tex/latex/graphics/dvips.def
File: dvips.def 1999/02/16 v3.0i Driver-dependant file (DPC,SPQR)
)
(/usr/share/texmf-dist/tex/latex/graphics/dvipsnam.def
File: dvipsnam.def 1999/02/16 v3.0i Driver-dependant file (DPC,SPQR)
))
(/usr/share/texmf-dist/tex/latex/tools/array.sty
Package: array 2008/09/09 v2.4c Tabular extension package (FMi)
\col@sep=\dimen102
\extrarowheight=\dimen103
\NC@list=\toks14
\extratabsurround=\skip41
\backup@length=\skip42
)
(/usr/share/texmf-dist/tex/latex/colortbl/colortbl.sty
Package: colortbl 2001/02/13 v0.1j Color table columns (DPC)
\everycr=\toks15
\minrowclearance=\skip43
)
(/usr/share/texmf-dist/tex/latex/forloop/forloop.sty
Package: forloop 2006/09/18 v3.0 For Loops for LaTeX

(/usr/share/texmf-dist/tex/latex/base/ifthen.sty
Package: ifthen 2001/05/26 v1.1c Standard LaTeX ifthen package (DPC)
))
(/usr/share/texmf-dist/tex/latex/supertabular/supertabular.sty
Package: supertabular 2004/02/20 v4.1e the supertabular environment
\c@tracingst=\count79
\ST@wd=\dimen104
\ST@rightskip=\skip44
\ST@leftskip=\skip45
\ST@parfillskip=\skip46
\ST@pageleft=\dimen105
\ST@headht=\dimen106
\ST@tailht=\dimen107
\ST@pagesofar=\dimen108
\ST@pboxht=\dimen109
\ST@lineht=\dimen110
\ST@stretchht=\dimen111
\ST@prevht=\dimen112
\ST@toadd=\dimen113
\ST@dimen=\dimen114
\ST@pbox=\box26
)
(/usr/share/texmf-dist/tex/latex/xpackages/xbase/xparse.sty
(/usr/share/texmf-dist/tex/latex/expl3/l3names.sty
Package: l3names 2011/01/08 v2122 L3 Experimental Naming Scheme for TeX Primiti
ves
)
Package: xparse 2011/04/08 v2219 Generic document command parser

(/usr/share/texmf-dist/tex/latex/expl3/expl3.sty
Package: expl3 2011/04/09 v2222 L3 Experimental code bundle wrapper

(/usr/share/texmf-dist/tex/latex/etex-pkg/etex.sty
Package: etex 1998/03/26 v2.0 eTeX basic definition package (PEB)
\et@xins=\count80
)
(/usr/share/texmf-dist/tex/latex/expl3/l3basics.sty
Package: l3basics 2011/04/23 v2246 L3 Experimental basic definitions
)
(/usr/share/texmf-dist/tex/latex/expl3/l3expan.sty
Package: l3expan 2011/04/09 v2223 L3 Experimental Argument Expansion module
)
(/usr/share/texmf-dist/tex/latex/expl3/l3tl.sty
Package: l3tl 2011/04/09 v2223 L3 Experimental Token Lists
)
(/usr/share/texmf-dist/tex/latex/expl3/l3int.sty
Package: l3int 2011/04/11 v2229 L3 Experimental Integer module
\l_tmpa_int=\count81
\l_tmpb_int=\count82
\l_tmpc_int=\count83
\g_tmpa_int=\count84
\g_tmpb_int=\count85
\c_max_int=\count86
\g_tl_inline_level_int=\count87
\g_prg_inline_level_int=\count88
)
(/usr/share/texmf-dist/tex/latex/expl3/l3quark.sty
Package: l3quark 2011/04/14 v2234 L3 Experimental Quark Commands
)
(/usr/share/texmf-dist/tex/latex/expl3/l3seq.sty
Package: l3seq 2011/04/21 v2245 The LaTeX3 kernel: sequences and stacks
\g_seq_nesting_depth_int=\count89
)
(/usr/share/texmf-dist/tex/latex/expl3/l3toks.sty
Package: l3toks 2011/04/09 v2223 L3 Experimental Token Registers
\l_tmpb_toks=\toks16
\l_tmpc_toks=\toks17
\g_tmpa_toks=\toks18
\g_tmpb_toks=\toks19
\g_tmpc_toks=\toks20
\c_empty_toks=\toks21
\l_tl_replace_toks=\toks22
)
(/usr/share/texmf-dist/tex/latex/expl3/l3prg.sty
Package: l3prg 2011/04/09 v2223 L3 Experimental control structures
)
(/usr/share/texmf-dist/tex/latex/expl3/l3clist.sty
Package: l3clist 2011/04/09 v2223 L3 Experimental comma separated lists
\g_clist_map_inline_int=\count90
)
(/usr/share/texmf-dist/tex/latex/expl3/l3token.sty
Package: l3token 2011/04/09 v2223 L3 Experimental token investigation and manip
ulation
)
(/usr/share/texmf-dist/tex/latex/expl3/l3prop.sty
Package: l3prop 2011/04/09 v2223 L3 Experimental Property Lists
\g_prop_inline_level_int=\count91
)
(/usr/share/texmf-dist/tex/latex/expl3/l3msg.sty
Package: l3msg 2010/10/02 v2052 L3 Experimental LaTeX Messages module
\l_msg_redirect_classes_prop=\toks23
\l_msg_redirect_names_prop=\toks24
\l_msg_redirect_fatal_prop=\toks25
\l_msg_redirect_error_prop=\toks26
\l_msg_redirect_warning_prop=\toks27
\l_msg_redirect_info_prop=\toks28
\l_msg_redirect_log_prop=\toks29
\l_msg_redirect_trace_prop=\toks30
\l_msg_redirect_none_prop=\toks31
)
(/usr/share/texmf-dist/tex/latex/expl3/l3io.sty
Package: l3io 2010/10/03 v2063 L3 Experimental i/o module
\g_iow_streams_prop=\toks32
\g_ior_streams_prop=\toks33
\l_iow_stream_int=\count92
)
(/usr/share/texmf-dist/tex/latex/expl3/l3skip.sty
Package: l3skip 2011/02/15 v2149 L3 Experimental skip registers
\l_tmpa_skip=\skip47
\l_tmpb_skip=\skip48
\l_tmpc_skip=\skip49
\g_tmpa_skip=\skip50
\g_tmpb_skip=\skip51
\l_tmpa_dim=\dimen115
\l_tmpb_dim=\dimen116
\l_tmpc_dim=\dimen117
\l_tmpd_dim=\dimen118
\g_tmpa_dim=\dimen119
\g_tmpb_dim=\dimen120
)
(/usr/share/texmf-dist/tex/latex/expl3/l3box.sty
Package: l3box 2011/04/09 v2223 L3 Experimental Box module
\l_tmpb_box=\box27
)
(/usr/share/texmf-dist/tex/latex/expl3/l3keyval.sty
Package: l3keyval 2011/04/09 v2223 L3 Experimental keyval processing
\l_KV_level_int=\count93
)
(/usr/share/texmf-dist/tex/latex/expl3/l3keys.sty
Package: l3keys 2010/11/11 v2082 L3 Experimental key-value support
\l_keys_choice_int=\count94
)
(/usr/share/texmf-dist/tex/latex/expl3/l3precom.sty
Package: l3precom 2011/04/09 v2223 L3 Experimental precompilation module
\g_gen_sym_int=\count95
\g_ggen_sym_int=\count96
)
(/usr/share/texmf-dist/tex/latex/expl3/l3xref.sty
Package: l3xref 2011/04/09 v2223 L3 Experimental cross referencing
\g_xref_all_curr_immediate_fields_prop=\toks34
\g_xref_all_curr_deferred_fields_prop=\toks35
)
(/usr/share/texmf-dist/tex/latex/expl3/l3file.sty
Package: l3file 2011/04/21 v2242 The LaTeX3 kernel: file operations
)
(/usr/share/texmf-dist/tex/latex/expl3/l3fp.sty
Package: l3fp 2011/03/19 v2201 L3 Experimental floating-point operations
\c_one_million=\count97
\c_one_hundred_million=\count98
\c_five_hundred_million=\count99
\c_one_thousand_million=\count100
\c_fp_pi_by_four_decimal_int=\count101
\c_fp_pi_by_four_extended_int=\count102
\c_fp_pi_decimal_int=\count103
\c_fp_pi_extended_int=\count104
\c_fp_two_pi_decimal_int=\count105
\c_fp_two_pi_extended_int=\count106
\l_fp_count_int=\count107
\l_fp_div_offset_int=\count108
\l_fp_exp_integer_int=\count109
\l_fp_exp_decimal_int=\count110
\l_fp_exp_extended_int=\count111
\l_fp_exp_exponent_int=\count112
\l_fp_input_a_sign_int=\count113
\l_fp_input_a_integer_int=\count114
\l_fp_input_a_decimal_int=\count115
\l_fp_input_a_exponent_int=\count116
\l_fp_input_b_sign_int=\count117
\l_fp_input_b_integer_int=\count118
\l_fp_input_b_decimal_int=\count119
\l_fp_input_b_exponent_int=\count120
\l_fp_input_a_extended_int=\count121
\l_fp_input_b_extended_int=\count122
\l_fp_mul_a_i_int=\count123
\l_fp_mul_a_ii_int=\count124
\l_fp_mul_a_iii_int=\count125
\l_fp_mul_a_iv_int=\count126
\l_fp_mul_a_v_int=\count127
\l_fp_mul_a_vi_int=\count128
\l_fp_mul_b_i_int=\count129
\l_fp_mul_b_ii_int=\count130
\l_fp_mul_b_iii_int=\count131
\l_fp_mul_b_iv_int=\count132
\l_fp_mul_b_v_int=\count133
\l_fp_mul_b_vi_int=\count134
\l_fp_mul_output_int=\count135
\l_fp_output_sign_int=\count136
\l_fp_output_integer_int=\count137
\l_fp_output_decimal_int=\count138
\l_fp_output_exponent_int=\count139
\l_fp_output_extended_int=\count140
\l_fp_round_position_int=\count141
\l_fp_round_target_int=\count142
\l_fp_split_sign_int=\count143
\l_fp_tmp_int=\count144
\l_fp_trig_octant_int=\count145
\l_fp_trig_sign_int=\count146
\l_fp_trig_decimal_int=\count147
\l_fp_trig_extended_int=\count148
\l_fp_tmp_dim=\dimen121
\l_fp_tmp_skip=\skip52
)
(/usr/share/texmf-dist/tex/latex/expl3/l3luatex.sty
Package: l3luatex 2010/07/18 v1985 L3 Experimental LuaTeX functions
\g_cctab_allocate_int=\count149
\g_cctab_stack_int=\count150
)
(/usr/share/texmf-dist/tex/latex/tools/calc.sty
Package: calc 2007/08/22 v4.3 Infix arithmetic (KKT,FJ)
\calc@Acount=\count151
\calc@Bcount=\count152
\calc@Adimen=\dimen122
\calc@Bdimen=\dimen123
\calc@Askip=\skip53
\calc@Bskip=\skip54
LaTeX Info: Redefining \setlength on input line 76.
LaTeX Info: Redefining \addtolength on input line 77.
\calc@Ccount=\count153
\calc@Cskip=\skip55
))
\c_xparse_shorthands_prop=\toks36
\l_xparse_m_args_int=\count154
\l_xparse_mandatory_args_int=\count155
\l_xparse_processor_int=\count156
\l_xparse_total_args_int=\count157
)
(/usr/share/texmf-dist/tex/latex/preprint/fullpage.sty
Package: fullpage 1999/02/23 1.1 (PWD)
\FP@margin=\skip56
)
\c@summaryreportweek=\count158
\c@summaryreportweekcounter=\count159
\c@summaryreportweeks=\count160
\c@summaryreportactivities=\count161
\c@summaryreportrows=\count162
\c@summaryreportloop=\count163
\c@summaryreportcolumns=\count164
)
*
! Emergency stop.
<*> timereport.sty
                  
End of file on the terminal!

 
Here is how much of TeX's memory you used:
 4850 strings out of 494798
 82804 string characters out of 3175976
 113640 words of memory out of 3000000
 8020 multiletter control sequences out of 15000+200000
 3640 words of font info for 14 fonts, out of 3000000 for 9000
 206 hyphenation exceptions out of 8191
 38i,0n,33p,221b,53s stack positions out of 5000i,500n,10000p,200000b,50000s
No pages of output.
