time,qPTAM0,qPTAMi,qPTAMj,qPTAMk,XPTAM,YPTAM,ZPTAM
0.06,  0.8806774616241455,-0.03029068745672697,-0.03084511682391181,  -0.471739649772644,  0.1672135453061743, -0.8616401457792813,  0.4898601529096159
0.21,  0.8799733805720236,-0.03417273769893836,-0.02846044931874561, -0.4729366890676033,   0.166873659143683, -0.8617095038718056,  0.4860785179046544
0.25,  0.8800120495721746,-0.03536681512241935,-0.02689088463550393, -0.4728687945701691,  0.1670119065968683, -0.8617405232556035,   0.484756817581481
0.35,  0.8803545795158447,-0.04039992480599325,-0.02466275426645967, -0.4719485612987816,  0.1688196822624305, -0.8609436798360516,  0.4843456880117741
0.38,  0.8808982844777171,-0.04066282639226032,-0.02728764997535185,  -0.470765511344744,  0.1713372091431797, -0.8595805621089615,  0.4913278397744057
0.41,  0.8810859926258962,-0.04219443448988397,-0.02853748594565353, -0.4702050092792157,  0.1723658245410377,  -0.859087190998683,  0.4849743455869704
0.44,  0.8811775360671277,-0.04441939049895421,-0.02849378925284132, -0.4698310411320539,  0.1734786800794501, -0.8582452675574036,  0.4821606655813204
0.59,  0.8807026946032652,-0.04940248056872448, -0.0278257553306637, -0.4702636723491725,  0.1750761501864277, -0.8565605786884342,  0.4838622567259298
0.66,  0.8800751533647635,-0.04693983724270506,-0.02909005685319435, -0.4716123198780349,  0.1759869306939384, -0.8552277363347049,  0.4794260609126177
0.72,  0.8799021475889208,  -0.044283127467658,-0.03013791783518924, -0.4721259966973808,  0.1759692216744112, -0.8539427952657324,  0.4683770597220588
0.91,   0.880350617075581,-0.04088862690021094,-0.03115340230658015, -0.4715298636231122,  0.1779751580486871, -0.8505125259427148,  0.4755083428956597
0.99,  0.8806580765426819,-0.03800075371884754,-0.03037825972532257,  -0.471247802999496,  0.1792098195045573, -0.8473809803532065,  0.4765365820813472
1.05,  0.8795578800122288,-0.03820421275337432,-0.02992558004723017, -0.4733105418791904,  0.1794979264692032, -0.8437123257104241,  0.4832002548967642
1.26,  0.8778467704201733,-0.03933565455226284,-0.02863259193987663, -0.4764640219171525,  0.1802370918777823, -0.8393196575768522,  0.4911770140052083
1.31,  0.8785472694295891,-0.04149888137948482,-0.02736118601847445, -0.4750620372967874,  0.1784739759060576, -0.8355450232681033,  0.4898723188674586
1.38,  0.8791790232387133,-0.04347864308797017,-0.02632161078499817, -0.4737732169052842,    0.17571344274867, -0.8315990712157861,  0.4853464403699259
1.51,  0.8798086327484067,-0.04615492136586441,-0.02482748581523936, -0.4724300207247966,  0.1730078704405944,  -0.826693283091986,  0.4828448268491414
1.64,  0.8798891869942451,-0.04607535965210557,-0.02466046152580201, -0.4722964927243449,  0.1692848126322354,   -0.82055380063641,  0.4871678103909881
1.71,  0.8803701570341651, -0.0456421984237087,-0.02622381497749623,  -0.471357108160643,  0.1647042174996415, -0.8157596697965961,  0.4877179893072203
1.85,  0.8809832604302602,-0.04754909051825318,-0.02882350086728239, -0.4698689393747542,  0.1592364786971801, -0.8099616413072421,  0.4932836982914259
1.92,  0.8820833396564034,-0.04999042746863253,-0.03124725971440928, -0.4673901832316306,  0.1521749001053548, -0.8062064108262885,  0.4834018836369819
2.05,  0.8828597152323305,-0.05341553761516005,-0.03380900476088491, -0.4653627513210504,  0.1459721481768858, -0.7997373612641639,  0.4913141717751497
2.19,  0.8824655528058478,-0.05604629790659132,-0.03318771823765398, -0.4658454373706588,  0.1382167666226027, -0.7937180901472953,  0.4895760907200943
2.25, 0.8828396635416909,-0.0576847523868676,-0.0326026060440382,-0.4649770999282055, 0.1309720145089766,-0.7898447215268515, 0.4815271468030001
2.39,  0.8842747457790537,-0.06296106482738206,-0.03303667030528309, -0.4615221471036676,  0.1220621086624339,  -0.782643265323544,  0.4728650133177171
2.53,  0.8849944507251266,-0.06660060103019844,-0.03132611672445729, -0.4597476395784545,  0.1139946423107416, -0.7750175580937489,  0.4827214044764341
2.58,  0.8851127596789102,-0.06780971619123199,-0.03014044903120044, -0.4594222828016651,  0.1070698127864737, -0.7710032649880884,  0.4844464274988773
2.64,  0.8857311770204165,-0.06937118753807525,-0.02990550771510592, -0.4580104983084275,  0.1006260865738613, -0.7664802786398841,  0.4847173953792047
2.85,  0.8866193993109461,-0.07340587694294004,-0.03103012275010103, -0.4555818093786189, 0.09318309113759084, -0.7584590609415978,  0.4827673982643728
2.89,   0.887140148405493,-0.07274247106301424,-0.03322749659758434, -0.4545182713812845, 0.08650331476661158, -0.7556148157152248,  0.4780481506600349
2.97,  0.8878905906005001,-0.07135691490668061,-0.03456075790858176, -0.4531711369777736, 0.08084491908739583,  -0.751109494415176,  0.4856727725910399
3.16, 0.8897414965619863,-0.0669079234908318,-0.0355571962770824,-0.4501323365650846,0.07464951130582781,-0.7384173384896441, 0.5027624601062474
3.24,  0.8902639297020494,-0.06503542379024219,-0.03476369695239823, -0.4494352568022871, 0.06889890374689046, -0.7350554077346774,   0.500397051057779
3.3,  0.8899695540818071,-0.06380676671221258,-0.03558078985674229, -0.4501299060062335, 0.06428394057961567, -0.7329712384626073,  0.5021615354491408
3.37,  0.8894779277479323,-0.06277497595827491,-0.03849222815860012, -0.4510063218768842, 0.05946855262268103, -0.7312462409554059,  0.5012737269595365
3.57,  0.8902895194998358,-0.05833493658115041,-0.04795708186732098, -0.4490899247371769, 0.05355261238874259, -0.7205736092005786,  0.4904043445538225
3.64,  0.8906549612006591,-0.05236368877513725,-0.05408125791369936, -0.4484049924876308, 0.04749043314786136, -0.7147741522436231,  0.4930401594044516
3.71,  0.8905962752757677,-0.04853773892840524, -0.0566478794906525, -0.4486350584525322, 0.04315390621858446, -0.7145243165058273,  0.4930972596118636
3.85,  0.8920513099945356,-0.03800908838089001,-0.06063745088875744,  -0.446231895594709, 0.03930591254057562, -0.7090374410233744,  0.4893406257806856
3.98,  0.8933060081516973,-0.02590359076037085,-0.06462318755047633, -0.4440239396422927, 0.03558363880931838, -0.7060845389127782,  0.4821877560606898
4.05,  0.8936553150687372,-0.01723372333711531,-0.06878995182817299,  -0.443115283775747, 0.02998002068549353, -0.7075441450167421,  0.4772386961163547
4.18,   0.8938046321740262,-0.001240706377737877, -0.07664022248916397,  -0.4418575019252214,  0.02554188762685009,  -0.7034952245426749,   0.4615987453341502
4.33,  0.8938391196769198, 0.01537419019812952,-0.08593359730069822,  -0.439807588411966, 0.02150411469419177,  -0.699377016998987,  0.4458814338849735
4.37,  0.8941814055328247, 0.01409100273351782,-0.08669391702997417, -0.4390048495747554, 0.01535781018645711, -0.7045412425834218,  0.4462189903420686
4.48,  0.8950156871665363, 0.03462850235433723,-0.09650788392403764, -0.4340899105598515, 0.01048801419878804,  -0.697826372748157,  0.4492773190784142
4.54,  0.8953774502968532, 0.04630728766769926, -0.1027379060655779, -0.4308129696572229,0.005770180755178396, -0.6955845861213863,  0.4553466355790419
4.66,  0.8939564001914286, 0.07286136678253613, -0.1114155616494302, -0.4279249746959771,0.001292195423472432, -0.6884911907535527,  0.4680505973764658
4.79,   0.8938626662392046,  0.09560797487459027,  -0.1177460519511894,  -0.4219058566231041,-0.003228849244414954,  -0.6812706137205091,   0.4792308761228751
4.87,   0.8933940312499069,   0.1012939281237724,  -0.1211526338144003,  -0.4206051829578158,-0.008845335740219845,  -0.6832103728325143,   0.4775644200445632
5,  0.8927027408466088,   0.116358877662965,  -0.126808413477941, -0.4164878028274331,-0.01547750544674667, -0.6742891195675211,  0.4720720876939637
5.13,  0.8911175386506486,   0.121389764966337, -0.1306862491697351, -0.4172471654875805,-0.02257039209298161, -0.6669067986551978,  0.4815817251519838
5.2,  0.8914374668851677,  0.1186575964148048, -0.1322867258347709, -0.4168451453155964,-0.02792661610156669, -0.6635091665564924,  0.4744351464128949
5.27,  0.8905718721233518,  0.1167462346793162, -0.1337343972214648, -0.4187686757979514,-0.03211231450548615, -0.6608895820754547,  0.4735429674240559
5.48,  0.8888201803471205,  0.1181588568359038,  -0.137023777029939, -0.4210245736845313,-0.04068016342995402,   -0.62467367017568,  0.4725110043652683
5.54,  0.8878176809333791,  0.1126505908934139, -0.1361973963296468, -0.4248998877209947,-0.04257252115945685, -0.6295399138578052,  0.4723973589960141
5.6,  0.8875462598623676,  0.1101903114225529, -0.1354989131941845, -0.4263329824854813,-0.04426438885376423, -0.6307727446512197,  0.4645699677496082
5.81,    0.88282356104985,  0.1092420143971905, -0.1339673208404876, -0.4367396648478073,-0.04675897240884824, -0.6155228549180364,  0.4610548883272849
5.87,  0.8814530274296106,  0.1094954042953326, -0.1258597758064615, -0.4418265148971603,-0.04547563592147145, -0.6166813881751323,  0.4676883236505247
5.94,  0.8832579616825433,  0.1086515996034603, -0.1216486077201436, -0.4396042024669537,-0.04374366829628974, -0.6218560455546261,  0.4656540427743057
6.01,  0.8850772930595706,  0.1068135236364943, -0.1194306804235036, -0.4369958862633898,-0.04215697488805741, -0.6246678882188057,  0.4655260690718714
6.21,  0.8848484254851929,  0.1003916611271604, -0.1135240304782398, -0.4405418349661331,-0.03941188621993854, -0.6115480309397581,  0.4722568821952525
6.26,  0.8869646385713934,  0.0968532800755752, -0.1164553424625342, -0.4362927467117707,-0.03582897695448718, -0.6205662125372119,   0.474837328744634
6.33,  0.8867067801451417, 0.09057999959573743, -0.1166169747322308,  -0.438117411752856,-0.03237413832917634, -0.6186667938522432,  0.4622322092962918
6.51,  0.8829647892472169, 0.07981535458740263, -0.1132523346644594, -0.4485271835391939,-0.02638774025125415, -0.5972410549470327,  0.4693355562977708
6.57,   0.880858470995587, 0.07155574710818402, -0.1077829917002596, -0.4553580913853351,-0.01953558046023929, -0.5993269350538132,  0.4769626964255974
6.65,  0.8794545736114219, 0.06347662750846406, -0.1036686891921813,  -0.460199097298252,-0.01238922388952322,  -0.598493165089456,  0.4873796624410867
6.83,   0.8652671795220817,  0.03817572480133169, -0.08447320990102811,  -0.4926658446103802,-0.002082714044818509,  -0.5762780780539896,   0.4797420495081095
6.9,  0.8629485914395656, 0.03706284977235547,-0.08112736737594459, -0.4973574765907491,0.002533819183975181, -0.5899883286203041,  0.4832574014056403
6.96,  0.8617516628954802, 0.03111563685246682,-0.07630845420122395, -0.5005925928501211,0.007777445353069953, -0.5990375062655929,  0.4817602816619501
7.03,  0.8616747841817514, 0.02365923739906778,-0.06996310720777571,  -0.502057771555931, 0.01521669221661543, -0.6044070224239436,  0.4809776482359973
7.24,   0.856624038226556,0.005814722635226144,-0.04949094878693178, -0.5135290913669059, 0.02601977428476015,  -0.600790814750822,  0.4780926706681022
7.3,   0.860777122636506,0.005010291874657569,-0.04587084617932016, -0.5068861244407753, 0.03316292280538428,  -0.612752629986461,  0.4875390997602482
7.37,  0.8642472813219305,0.002020769156421687, -0.0404820377723327, -0.5014317435068459,  0.0366117027823156, -0.6211743573220266,  0.4891972898513688
7.43,   0.8679831118033319,-0.002750188581356006, -0.03948819074331972,  -0.4950136083358095,  0.04202174543888978,  -0.6273709737828888,   0.4835966682591921
7.57,  0.8729046574826083,-0.01424593981197725,-0.03655327383164106, -0.4863110176369443, 0.04932448433069361, -0.6312861129652606,  0.4750052438742075
7.64,  0.8751643708143525,-0.01829123534441324,-0.04184721744659958, -0.4816654448032561, 0.05445032070223629, -0.6367366453728226,  0.4585665840137961
7.71,  0.8771590378050538,-0.02127249368737144,-0.04633498486095147, -0.4774857151224696, 0.06070674762645318, -0.6405338201689494,  0.4577387717725873
7.85,  0.8791517201903918,-0.02617732092613073,-0.04703296859926581, -0.4734922767891717, 0.06852580617393798, -0.6440064551482835,  0.4651909743818476
7.99,  0.8812664747221456,-0.02666676337052204,-0.04971574830050818, -0.4692405184890901, 0.07836244704991403, -0.6480161141180167,  0.4598399317438592
8.05,  0.8820834132043092,-0.02085430860659537,-0.04934403922920022, -0.4680375533157263, 0.08353169824542298, -0.6524178054284905,  0.4428816474698933
8.17,  0.8832633290988121,-0.01404975360382443,-0.04674212053730625, -0.4663300393707001,  0.0931279995218941,  -0.656144130516787,  0.4329535125298815
8.31,   0.8852214316160769,-0.006630847951047569, -0.04260622325222432,  -0.4631671341557633,   0.1045171274276436,  -0.6566656912690597,   0.4534228724231731
8.38,    0.886286056834105,-0.003875129283776757, -0.04169373975198529,  -0.4612414513666664,   0.1073922101257902,  -0.6594506636154407,   0.4471339706721054
8.42,    0.886990411542231,-0.002643575115771624, -0.04282285502797822,  -0.4597904522593433,   0.1103613020370951,   -0.661588779082534,   0.4416860857137502
8.56,    0.8879367895712853,-0.0002590770963184497,  -0.04547557403348107,   -0.4577119163077039,    0.1183247393082622,   -0.6622590448607537,    0.4513786228914489
8.6,  0.8882428593475771, 0.00112246776249858,-0.04779339207292749, -0.4568798420998389,  0.1198539850216589, -0.6638703767258972,  0.4474517657164609
8.68,  0.8890326503661696,0.002658822358642732,-0.05006821324475166, -0.4550901963653966,  0.1221640056654147, -0.6650634151122441,  0.4382144353460117
8.74,  0.8897195172294045,0.004696331781266383, -0.0497579420194933, -0.4537634933461572,  0.1236646534186369,  -0.665615857415673,  0.4375853636750266
8.8,  0.8902302781331031,0.005694885054934096,-0.04837838051503368, -0.4528986509550004,   0.125044662408536, -0.6663462628727409,  0.4369374015337915
8.93,  0.8913891404302556,0.005519973230506625,-0.04557357066922016, -0.4509079899867035,  0.1294633408141523, -0.6666351405324107,  0.4341293512875344
8.99,   0.8928567661641753,0.0007888553101588203, -0.04311902128131681,   -0.448271076899614,   0.1304412942385302,   -0.667082756462719,   0.4512461493287614
9.12,   0.8959972999843356,-0.008038452817912656,  -0.0401884509769905,  -0.4421641614423222,   0.1347220113760031,   -0.664985357384041,   0.4606944466411231
9.27,  0.8982459541975543,-0.01951570671992714, -0.0359044916062391, -0.4375891292071731,  0.1363741037785181, -0.6653254758228453,  0.4534875708889297
9.33,  0.8973580268494585,-0.02123362479477214, -0.0351634841628366, -0.4393873800728675,  0.1344462385073787, -0.6674939696087064,  0.4474627865300664
9.47,  0.8954680442146548,-0.02258614282482768,-0.03349689345165063,  -0.443288666255538,  0.1363542832830686, -0.6664038037579275,  0.4539433569940461
9.54,  0.8924467978626555,-0.01977688167213121,-0.03165146099614327, -0.4496062816639423,  0.1357703713545493, -0.6678227602350788,  0.4574782160658833
9.68,  0.8902658366954253,-0.01493182868409498,-0.02836892734634669, -0.4543115891381253,  0.1326329462850215,  -0.671121312174489,  0.4464007496142151
9.75,  0.8894176907564646,-0.01239767119597318,-0.02624564554897973, -0.4561728518521452,  0.1285322695972018, -0.6770937261175826,  0.4451506939400582
9.82,  0.8896109177418388,-0.01108312016899693,-0.02343912008612661, -0.4559826999901186,  0.1236227722120793, -0.6823356938263903,  0.4296450997235688
9.88,   0.890242576866779,-0.01153162963566506,-0.02131472528346995, -0.4548416140773408,   0.119156858020907, -0.6871218040706787,  0.4160323975324082
10.02,  0.8925973227866555,-0.01658218036403108,-0.01654194225267644, -0.4502459887148655,  0.1143537128336974, -0.6903511364907921,  0.4055534654466355
10.15,   0.8990626762320765, -0.02640463894110767,-0.009948919187406091,  -0.4369097776597086,   0.1072419841885669,  -0.6934137115829889,   0.3953060974282684
10.22,   0.902166591843777,-0.03562199973809799,-0.01151309828950053, -0.4297603958280315,  0.1023934491620528, -0.6990467066882998,  0.3980174173796118
10.29,  0.9033886381427523,-0.04227353272036355, -0.0134268701358575, -0.4265227680008727, 0.09641762522053085, -0.7036445432532633,  0.3925846899312305
10.5,  0.9038927712890292,-0.05314052205052766, -0.0166603683628436, -0.4241183922120073, 0.08674623197210068,  -0.698569345270041,  0.4037621873727691
10.57,   0.902491188416551,-0.05304066864738649,-0.01791772870036684, -0.4270542504846276,  0.0789257749107227, -0.7093636638611204,  0.3911314617017957
10.62,  0.9019297660187777,-0.05393951775268607,-0.01975562521732929, -0.4280455307850326, 0.07329871973999043, -0.7175433082715944,  0.3863837689508196
10.82,   0.906191805272357,-0.05491895491264615,-0.01865266551625044, -0.4188704263570248, 0.06023167568351825, -0.7125147965587572,  0.3897651964355327
10.88,  0.9058076115117836,-0.04915681176751135,-0.01887122468536648, -0.4204046755471363, 0.05573224241859271, -0.7200824895089531,  0.3983680885967545
10.95,  0.9056039370595859,-0.04282441183851304,-0.01946996740142107, -0.4215074552853109, 0.05133874264667063, -0.7267726449760357,  0.3995922067686852
11.15,  0.9062582301972919,-0.03021607726815662,-0.01999089177939761, -0.4211690974880627, 0.04134501416883826,  -0.724560886027468,  0.3824362967016986
11.22,  0.9063733263275634,-0.02284161903860116,-0.02073432500712308, -0.4213499461100596, 0.03961109163244803, -0.7329842074181611,  0.3981825733478896
11.29,  0.9047996645521188, -0.0116678633963696,-0.02313501054037903, -0.4250485088037377, 0.03655093102533416, -0.7375849492862594,  0.4181499397972581
11.48,   0.9008640937127875,0.0001441284447067925, -0.02869934138312477,  -0.4331515292008693,  0.03402915926237232,   -0.741593717767987,   0.4337054874489006
11.54,  0.9008461504037187,0.002940818896885466,-0.03051627835883239, -0.4330546815368586,  0.0347698838813468, -0.7529427014611904,  0.4488634907264406
11.61,  0.9017111821585305,0.006600992492572955,-0.03089636562792922, -0.4311830481572893, 0.03291609251535083, -0.7593304113439355,  0.4491821556141444
11.67,  0.9018050411194217, 0.01001534864665543,-0.03265418952609606, -0.4307912488297843, 0.03179967273570948, -0.7648721372991646,  0.4535066404233191
11.88,   0.898174561922531, 0.01494535267848601,-0.04031612200337534, -0.4375314144310575, 0.02976410830573216, -0.7684413674747912,  0.4768832356757872
11.95,  0.8990189852406192, 0.01505532159422807,-0.04075194876817106, -0.4357493725744946, 0.03036189023259847, -0.7763598877956366,  0.4822642729962193
12.03,  0.9002041269273151, 0.01644889899916685,-0.04049379864093844, -0.4332692597164262, 0.02946190319350388, -0.7813170478313675,  0.4789496672084491
12.07, 0.9004253838964261,0.01692062689976559,-0.0411840925859599,-0.4327259253811947,0.02895696396045959,-0.7861847709663647,  0.477830472195101
12.18,  0.9002982898177856, 0.01680093681908135,-0.04206609445234868, -0.4329101490258058, 0.02877220973684184, -0.7905975679332057,  0.4789040695970079
12.26,  0.9001099221266533, 0.01697017487900476,-0.04338661377396485, -0.4331648399371797, 0.02794958858014003, -0.7949217225639088,  0.4743558356810013
12.32,  0.8997410307060003, 0.01663198567563906,-0.04453435322786112, -0.4338273638880021, 0.02700745315138647, -0.7993575817077707,  0.4665074043411322
12.39,  0.8995600210949661,  0.0168293913917209,-0.04519656677188513, -0.4341265321814486, 0.02662321897108697, -0.8036377358161351,  0.4668410105741521
12.52,  0.8980081467501481,  0.0167508785088949,-0.04754473065662104, -0.4370815834431623, 0.02480014599840971, -0.8064608396349625,  0.4633549438765324
12.59,  0.8981149841661036, 0.01701914869141069,-0.04602823576332288, -0.4370140282250708, 0.02272377190753821, -0.8081815990465273,  0.4623065937764558
12.66,  0.8987340284789403, 0.01645455843728333,-0.04500440727030763, -0.4358681365341418, 0.02581946384803706, -0.8155093747063987,  0.4774044801941217
12.72,  0.8995358161778466, 0.01538517526171207,-0.04390284361031066, -0.4343629676632178, 0.02784789536092509, -0.8214440538716906,  0.4846398059547041
12.84,  0.8997730746608332, 0.01293460078324232,-0.04347779725055995, -0.4339940401930139, 0.02974646006889354, -0.8281215846959624,  0.4796456723148753
12.91,  0.9007875286592939, 0.01108429589519583,-0.04298844756094158, -0.4319849482696556,  0.0305932583577496, -0.8331180038033521,  0.4712583333679595
12.98,  0.9020051853909148,0.006253834324254859, -0.0424397624678923,  -0.429588683748376, 0.03199493152565409, -0.8378950088234426,  0.4705340981579749
13.18,   0.9043662225765522,-0.006162961198290295, -0.04162269078894054,  -0.4246779256592245,  0.02758092871234957,  -0.8365496866851244,   0.4501258240036263
13.25,  0.9044872996735343,-0.01374373704858939,-0.04046501125962002, -0.4243541596871933, 0.03097288344479013, -0.8429518040697822,  0.4487709129484821
13.31,   0.904243717472359,-0.02130609324294236,-0.03930154698947497, -0.4246701941101745, 0.03467296545073768, -0.8495189001065214,  0.4489190741846315
13.52,  0.9043426843185908,-0.03312002150959414,-0.03629127946010496, -0.4239697537427004, 0.03414075488850349, -0.8465656237703048,  0.4360963679617588
13.59,  0.9024202261297396,-0.04229584655644225,-0.03096558969538668, -0.4276563628074391, 0.03945798487555982, -0.8529219945520649,  0.4406969826228835
13.66,  0.9027935437559861,-0.04735941085269602,-0.02833535110421961, -0.4265185189330495,  0.0444254598042396, -0.8601778284570337,  0.4358414945828055
13.73,  0.9026894873306672,-0.05395750035857999,-0.02554176044973613, -0.4261313549244257, 0.04814991336173927,  -0.866255472358185,  0.4254842443742181
13.87,  0.8995704413722728,-0.06700418287060489, -0.0199997104385165, -0.4311420967945019,  0.0547698824281287, -0.8711544362948227,  0.4422219584022182
13.93,  0.8984631570232864,-0.07001859023455126, -0.0179293553162225, -0.4330588023237807, 0.05931666523430277,  -0.877862378347865,  0.4433821523279037
14,  0.8977709450699716, -0.0737834318878095,-0.01547451516834331, -0.4339630287319177, 0.06546832175479887, -0.8840486852037259,  0.4522368750944192
14.14,  0.8970992547080144,-0.08073245760129083,-0.01076707555224032, -0.4342571854729411, 0.07150251390678926, -0.8858894536017845,  0.4549540657133588
14.27,   0.8960724261425903, -0.08974364345149743,0.0002953478229185125,   -0.434741571390974,  0.08033457820261407,   -0.887451593502797,   0.4620832104234421
14.35,  0.8970033872354846,-0.09180788275695562,0.003264938228812075, -0.4323720755194095, 0.08740767703934216, -0.8942856132801852,  0.4615162475360111
14.48,  0.896684139328372,-0.1045342406335338,0.01232873558321562,-0.4299746325655434,0.09722272079802217,-0.8923858404843034, 0.4616744897710687
14.62, 0.8964979094135735,-0.1099489358191032,0.01253828621167347,-0.4290053110009953, 0.1031177481506199, -0.899832450155017, 0.4636309727324074
14.68, 0.8956905916897995,-0.1155986018482024, 0.0135285241704198,-0.4291763527988642, 0.1070798056155039,-0.9063220982572164, 0.4576725487084685
14.76, 0.8951619100330213, -0.127690255812156,0.01664282901734115,-0.4267357557058074, 0.1141193938670904,-0.9062596300930978, 0.4533281328021561
14.82, 0.8948272732073541,-0.1312047831699079,0.01924223248229015,-0.4262619242268466, 0.1181505611888821,-0.9103454415969298, 0.4530596786451073
14.89, 0.8948258940397171,-0.1350013377476206,0.02212923890366014,-0.4249371606564507, 0.1217187373987042, -0.912954021450103, 0.4484051237231869
15.02, 0.8935659616269787,-0.1460435644275639,0.02832684669878979,-0.4235667300743717, 0.1304115115205146,-0.9107355317140118, 0.4536171740659607
15.16, 0.8915220299951874,-0.1546526329961055, 0.0322349364508818,-0.4245373688752112, 0.1366606431357074,-0.9099251301204233, 0.4470893448706297
15.23,  0.890136558128357,-0.1589177943397212,0.03492487145804313,-0.4256551790335541, 0.1397500028821204,-0.9136478581216689, 0.4471465186493014
15.37, 0.8881180009361043,-0.1704740003176012,0.04095935917869378,-0.4248616222765838, 0.1480825187844853,-0.9113551444874298, 0.4575484689287967
15.49, 0.8844394418110005,-0.1802012768480986,0.04475956296665209,-0.4281249708592608, 0.1550336000514875,-0.9119523377208341, 0.4711052824803628
15.55, 0.8833226319208123,-0.1841102748225392,0.04615323411347716, -0.428619235663744, 0.1554871826067468,-0.9150439663896079, 0.4585763459243868
15.68, 0.8798934786008188,-0.1925775150763459, 0.0516440268905394,-0.4313169334122497, 0.1596935492124799,-0.9159360135048802, 0.4636128570092297
15.76,  0.878842974399985,-0.1958354384928209,0.05468532339661061,-0.4316167957134746, 0.1604258989009344,-0.9192874261377393, 0.4698632924965391
15.82, 0.8782945875900368,-0.2007143707247757,0.05677323723359012,-0.4302199366457474, 0.1613499593752631,-0.9218029734229685, 0.4692706510866621
15.89, 0.8769041542740578,-0.2049509925913647,0.05972047282318946,-0.4306596051841131, 0.1624861366092033,-0.9229877482735535, 0.4685055588277861
15.96, 0.8757457801821483,-0.2097125027262382,0.06339265524143359,-0.4301992579186371, 0.1638068542571208, -0.923912214992896, 0.4629319876903605
16.17, 0.8722721024809952,-0.2232236928341854,0.07320712093854753, -0.428897791080334, 0.1718159033307013,-0.9164362435636825, 0.4421501084603694
16.22, 0.8723191198391971,-0.2243381102049165,0.07459994409147364, -0.427979730096008, 0.1721577675070288,-0.9183273469395683, 0.4484278370558067
16.28, 0.8713008766864178,-0.2273518020835609,0.07868677388530704,-0.4277316536675858,  0.171845960851719,-0.9206150144009193, 0.4520800879253602
16.48, 0.8679068431716568,-0.2376816635357222,0.08691324174131101,-0.4274239843101516, 0.1785736798291543,-0.9142708656950442, 0.4428290424207438
16.55,  0.867995559897754,-0.2381457195508745,0.08891197736295278,-0.4265735811060481, 0.1760039563856229,-0.9167980714331162, 0.4370079226540821
16.69, 0.8674018479660724,-0.2437260411662255, 0.0935022744923836,-0.4236378302584418, 0.1768113867677434,-0.9142501112588306, 0.4190544994714336
16.82, 0.8672016154279738,-0.2483059963702333, 0.0972891866377015,-0.4205238876543407, 0.1776956261954386,-0.9107838486736294, 0.3984118537067478
16.89, 0.8660373212834257,-0.2514414994928228,0.09915921715899412, -0.420623365599549, 0.1740342389493851,-0.9126257186504325, 0.3893030478360382
17.02, 0.8634550228571711,-0.2620050520987703, 0.1026077529593145,-0.4186531509124592, 0.1812556649242582,-0.9034546246938822, 0.4278225160195542
17.16,  0.861481980033358, -0.264580251105122, 0.1042953021963674,-0.4206763771613177, 0.1780904205901425, -0.903420261724012, 0.4099995656585635
17.23, 0.8601283260312098,-0.2689148687945053, 0.1078714765999687,-0.4197949930561021, 0.1760061866138302,-0.9025307779467671, 0.4224504493800229
17.3, 0.8592232262624724, -0.269206356191344, 0.1086485421126183,-0.4212587270228799, 0.1719112028542395,-0.9066183342447126, 0.4364467039623904
17.51,  0.858090420012005,-0.2735402052804234, 0.1103710579378314,-0.4203270777707471, 0.1726900766445241,-0.9032056056548899, 0.4318518957789909
17.57, 0.8599882255062881,-0.2714638587461995, 0.1074601590190686, -0.418545069458013, 0.1689345233916099, -0.904612696978657, 0.4334675845502243
17.63, 0.8616050592355122,-0.2697092700795451, 0.1052706348035639,-0.4169073764516893, 0.1662815715170139,-0.9041737426596317,  0.432571617478814
17.84, 0.8642469550605205,-0.2652217353046031, 0.1034683893472372,-0.4147637396824485, 0.1702474654954032,-0.8937810180279828, 0.4568448479178751
17.91, 0.8670764017306222,-0.2599196990838076, 0.1000373974426154,-0.4130530453365708, 0.1677671267349322,-0.8931047428706275, 0.4553876249918222
17.97, 0.8695164956254136,-0.2545806551662246,0.09797926731724246,-0.4117400303410637, 0.1653441942551173,-0.8911354160909146, 0.4539322805378272
18.17, 0.8729610470174932,-0.2444164356978392,0.09542041893637221,-0.4112111325824496, 0.1692383438722289, -0.878809397546348, 0.4638597782190291
18.25, 0.8744754203145677,  -0.24026119640252,0.09346615699179167,-0.4108909950642913, 0.1656565881598955,-0.8771215880875095, 0.4634409080629081
18.31, 0.8756512761259108, -0.236242578112597,0.09101824001155773,-0.4112663400399109, 0.1638698171444286,-0.8749005069679003, 0.4708979801959119
18.51, 0.8782691135493078,-0.2199800012089524,0.08403414869904968,-0.4161615799959146, 0.1686138982712782,-0.8559619364106009, 0.4745851097511891
18.59, 0.8800007888250032,-0.2163426502587655,0.08029096547611067,-0.4151480046539396, 0.1624375080601355,-0.8582400711237091, 0.4572104167886085
18.65, 0.8811188958800927,-0.2118798939609993,0.07694945641850415,-0.4157104985129276, 0.1593810760572101,-0.8584590998236903, 0.4656664743138141
18.85, 0.8840721599064818,-0.1926361749230303, 0.0719608030236619,-0.4196777318090027, 0.1604205945069109,-0.8454549856696351, 0.4685545140115164
18.92, 0.8852847205306695,-0.1885276470508288,0.07024789411490559,-0.4192774246530347, 0.1558273190339509,-0.8481430628440428, 0.4651105842509053
18.99,  0.886750546124388,-0.1835931294704415,0.06796057112118109,-0.4187462574054603, 0.1525658449922047,-0.8487552432172156, 0.4680427875817422
19.06, 0.8882087556314755,-0.1798727526904378,0.06627661579213076,-0.4175385551265176,  0.150182424725966,-0.8473122655350741, 0.4704872818531275
19.12, 0.8897132962810498,-0.1772093120535249,0.06485721884220338, -0.415693019986056, 0.1473773833115379,-0.8455883118629197,   0.45304817374748
19.27, 0.8924312030087502,-0.1687958622099854,0.06267895521704292,-0.4136978232102388, 0.1484366297653247,-0.8274228499611076, 0.4565784666602082
19.33, 0.8923624178672085,-0.1698766401347725,0.06204333728617673, -0.413499579409644, 0.1450071589457229,-0.8274171287615653, 0.4650881949852116
19.4, 0.8934902913114352,-0.1689002159099761,0.06105082935585274,-0.4116073956959235, 0.1416549851973904,-0.8241430134372355, 0.4526658823065454
19.45, 0.8931811348596275,-0.1704630004722412,0.06064754045332899,-0.4116937419935818, 0.1384276622788475,-0.8302784705401371, 0.4528332221426832
19.58,  0.891917219599205,-0.1634288067066542,0.05795788236354854,-0.4176309590435596, 0.1397752283580803,-0.8121599067898261, 0.4707473774873908
19.65, 0.8921736365790085,-0.1649957368907396, 0.0583205479348585,-0.4164148871602629, 0.1360278437935604,-0.8205911833890952, 0.4641197683838226
19.72, 0.8923998826556936,-0.1620331283950347,0.05720366921678935,-0.4172475170993909, 0.1334405124616731,-0.8179081662315247, 0.4505723355881922
19.79, 0.8928863423637592, -0.156184751660406,0.05590360172600198,-0.4186109480674781, 0.1325339331397994,-0.8054404512539676, 0.4500277156500231
19.83,  0.893189611788191,-0.1563227981776844,0.05657662286109325,-0.4178212793384757, 0.1290758603275935,-0.8126314243792574, 0.4410643573350933
19.97, 0.8925613078619983,-0.1486161961129683,0.05300520080126975,-0.4224192493334739, 0.1281721854083839,-0.7921125853067701, 0.4359442891991926
20.04, 0.8922702598304879,-0.1476576806646582,0.05374139052284438,-0.4232763769291717, 0.1261426080918041,-0.7936663106989313, 0.4427239818517558
20.1, 0.8912813213094544,-0.1450732041363372,0.05455656732963596,-0.4261396346815726, 0.1243809875584321,-0.7940383396619545, 0.4483879400579525
20.31, 0.8870459345880735,-0.1390349492694811,0.05285049455697319,-0.4370648162416353,  0.122279105461264,-0.7817454104101264, 0.4384699222705395
20.38, 0.8856889983072463,-0.1361621422978155,0.05143652978301833,-0.4408732110767267, 0.1196356220083353,-0.7797695692609945, 0.4357966595571766
20.45,  0.885818542218878, -0.135818443810366,0.05074472116531872,-0.4407991259234227, 0.1182026304685597,-0.7867302431105228, 0.4457198572880203
20.51, 0.8859130124315409,-0.1355344353395824,0.04983428572307289,-0.4408005566772477, 0.1166820838025006,-0.7917274587997811,  0.447790699878742
20.58, 0.8859598982872974,-0.1355274972719097,0.04895102523719036,-0.4408074282462242, 0.1153240799245344,-0.7958286624905305, 0.4515886761580818
20.72, 0.8859568189886384,-0.1341991163155387,0.04667889622198673,-0.4414659990010621, 0.1131130276113976,-0.7923128094946885, 0.4518040815624759
20.79, 0.8869174675936486,-0.1323549942551527,0.04469108357342624,-0.4402979715838676, 0.1108772392229965,-0.7897255578048348,  0.452414066500571
20.85, 0.8887502809754759,-0.1305234759439867,0.04457644109133826,-0.4371493300372203, 0.1092449477369618,-0.7926765275540626, 0.4524954640265283
20.92, 0.8883680984233638, -0.128149224025749,0.04243585807011518,-0.4388383889246189, 0.1086197120513695,-0.7970864422665228, 0.4589272327159681
21.05, 0.8893702667995174,-0.1226266083318388,0.03896422419968371,-0.4387084091436468, 0.1052630136448155,-0.7932754779892544, 0.4517690866350521
21.12, 0.8907833711182058,-0.1198215100117663,0.03659258734408052, -0.436816677323678, 0.1035471604955057,-0.7952870115714411, 0.4519048457806781
21.26, 0.8911567984136337, -0.114832257263883,0.03078001420181492, -0.437842140065832, 0.1027653860221853,-0.7926674409308959, 0.4672448359490442
21.37, 0.8895336552020909,-0.1116796811181442,0.02329866061949334,-0.4423965789428567, 0.1011807835207266,-0.7953442784714387, 0.4766744028345736
21.45, 0.8906428061442311,-0.1084212631562444,0.02030203031390568,-0.4411213944971549,0.09994525048409988,-0.7983099852349059, 0.4691559720871762
21.51, 0.8917564522164068,-0.1038694110481609,0.01748949940163588,-0.4400860465277711,0.09923055225174301,-0.8000661668001978, 0.4666326712601657
21.58,  0.8931153168540602,-0.09818596662643492, 0.01465795110240944, -0.4387365118002277, 0.09930557005574105, -0.8000910529382164,   0.468277863473789
21.65,  0.8947900735197142,-0.08951443778388957, 0.01182870466304495, -0.4372619433059095, 0.09876610228249093, -0.8000368429974924,  0.4620273179078288
21.79,  0.8964010623099186,-0.07394842449984046,0.006741552805127976,  -0.436979808490351, 0.09765928767592705, -0.7944626446980299,  0.4567922643829149
21.86,  0.8958148415113838,-0.06743685266038141,0.005622271031139936, -0.4392453372074612, 0.09900650575784455, -0.7980773789749618,  0.4634392151893132
21.92,  0.8956296763238338,-0.06147929241504574,0.003702453557454161, -0.4405157283102529, 0.09990535058396688, -0.8003942238053202,  0.4627174637750283
21.99,   0.8949459374490301, -0.05566963961192345,0.0006175098962516168,  -0.4426876037448203,   0.1000658059016886,  -0.8036594021471822,   0.4551393738976509
22.12,  0.8936843787692665,-0.04338240636869334,-0.00662266557920338, -0.4465449292298878,  0.1003505747920453, -0.8024369304471735,  0.4583724960138333
22.27,   0.894577336269948,-0.02224880570413335,-0.01765771037400857, -0.4460096645814968,  0.1022902984153091, -0.7968740792682879,  0.4725980140813164
22.31,  0.8957788559321533,-0.02446879329367796,-0.01417880143518907, -0.4435995001894643,  0.1057152333223308, -0.8092761466789328,  0.4724015128919696
22.45,   0.8941184372733554,-0.007780579774494811, -0.01712170824367112,  -0.4474355432594636,   0.1055704862292873,  -0.8129106582169732,    0.467072568302248
22.58,  0.8923811763456888,0.001564649580769684, -0.0228820216920135, -0.4506992751466411,  0.1060618598571345,   -0.81888895309724,  0.4563417917992619
22.65,  0.8932154720274474, 0.00342442500074297,-0.02722329661681114, -0.4487909552613102,  0.1077352216283924, -0.8270868912054279,  0.4551171878329414
22.72, 0.8939789376854063,0.00933569763114861,-0.0343200028134967,-0.4466952839356392,   0.10856750939728,-0.8296827757685115, 0.4595698662188381
22.93,  0.8902265805890692, 0.01526198490900027,-0.04310505694821717,  -0.453217052474495,  0.1068199910738249, -0.8377665175747213,  0.4536332258464478
22.97,  0.8926580648154235, 0.01176607615853165,-0.04474231998189554, -0.4483539886443521,  0.1100586840706999, -0.8459860509551906,  0.4632294876959715
23.05,  0.8946213911446494, 0.01080682069218791,-0.04763227396533345, -0.4441474768234957,  0.1109428010632611, -0.8526363545766719,  0.4588649194941454
23.23,  0.8969315077468569, 0.01223894749412868,-0.05732288482510314, -0.4382672712048677,    0.10983028103043, -0.8533236504700429,  0.4589733496673512
23.3,  0.9001892964983103,0.007118751932349898,-0.05936886106851536, -0.4313744634712137,  0.1122331601184473, -0.8580419253417688,  0.4613119185847193
23.36,  0.9020386129877094,0.002270211663493837,-0.05997413484203554, -0.4274626598043492,  0.1149935702445547,  -0.861651298797586,  0.4734440335508083
23.43,   0.9029436501737288,-0.002104958955416403,  -0.0588703714667887,  -0.4257025354410624,   0.1146370582384677,  -0.8649044487850608,   0.4620768551968066
23.65,  0.9041919040210911,-0.01273160257128486,-0.05667031763235983,  -0.423158856290372,  0.1141102747577976, -0.8521981125142385,  0.4515030926970586
23.71,  0.9032059735114625,-0.01831657455902136,-0.05330542027622004, -0.4254903526963428,  0.1157227046978021, -0.8589392970364963,  0.4524889431938514
23.78,  0.9023827872050841,-0.02433382598904021,-0.05035681288287264, -0.4272907642622834,  0.1167951219032235, -0.8646970494415909,  0.4574481721908991
23.97,  0.9039534031654011, -0.0373234969627908,-0.04947049970698233, -0.4231168948384683,  0.1167441872900191, -0.8552815258919407,  0.4394416474606021
24.03,   0.903500153822822, -0.0423136349218684,-0.04027023052969661, -0.4245884742121109,  0.1134629668984737, -0.8652628606984423,  0.4176913947425533
24.1,   0.903623619021741,-0.04916764698686354,-0.03279552494203619, -0.4242303463196025,  0.1141446234750169, -0.8727237677201096,  0.4264894244283391
24.29,  0.9027750817718534,-0.06497580374832046, -0.0157151157846753, -0.4248862993246604,  0.1129919283483309, -0.8740414750557635,  0.4327332697817397
24.35,  0.9042712761460995,-0.07591287771688715,-0.01181798323093483, -0.4199893629189274,  0.1146219617932377, -0.8807927747895179,    0.44616227248001
24.42,   0.9043663611397883, -0.08707314329554017,-0.009567584508395038,  -0.4176700245899083,   0.1154376408187176,  -0.8862438531009282,   0.4495083240770912
24.49,   0.9047638144300616, -0.09703422129507594,-0.008451973943032182,  -0.4146268197921321,   0.1160418797452875,  -0.8885890631662606,   0.4503301075089955
24.63,   0.9032428767789511,  -0.1152677811592804,-0.004486249660792307,  -0.4133346746856952,   0.1169011731932947,  -0.8866772525069594,   0.4495340020494524
24.69,   0.9039218532803628,  -0.1198261806659989,-0.004281403761682345,  -0.4105467996828994,    0.116712368021382,  -0.8882679787559443,   0.4443852250602297
24.77,   0.9039697982831398,  -0.1266427717101806,-0.001724640435275288,  -0.4084082189913899,   0.1165634033893311,  -0.8908438035879198,   0.4438735647284206
24.9,  0.9035279997915584, -0.1398361835028444,0.003932330477035895, -0.4050525493215555,  0.1191775060766385, -0.8874034114673498,  0.4457277463476551
25.04, 0.9013387780991876,-0.1536854837936602,0.00710729732687454,-0.4048687454587316, 0.1217326965629772,-0.8828499175719186, 0.4390228516038755
25.1,   0.900015571094299, -0.1578637359619095,0.006732011165743707, -0.4062089711471958,  0.1265168333418726, -0.8839409432078352,  0.4488322548447819
25.24, 0.8961316999403646,-0.1648136330751698,0.01105411632349179,-0.4119008191126964, 0.1301403425791453,-0.8802266043155974, 0.4442061120943109
25.38, 0.8926969101722172,-0.1755451766507424,0.01557848498061923,-0.4147691694041302, 0.1412182138181053,-0.8676307275851095, 0.4437600011779621
25.45, 0.8889037812512699,-0.1726458892066035,0.02240345944342198,-0.4237234772597227, 0.1352956526238815,-0.8804326960767732, 0.4490161713084493
25.51, 0.8862359569411389,-0.1748637996539529,0.02475029531878364,-0.4282475202913459, 0.1316957274238443,-0.8880202280958899, 0.4486393369668665
25.58, 0.8841023882617559,-0.1794476465012774,0.02649165921194674,-0.4306503648971609, 0.1292287023730577,-0.8946746359340481,  0.444679499273635
25.72, 0.8814555979880871,-0.1847551612968191, 0.0288206021870468,-0.4336714973318789, 0.1281385584940873,-0.8996081064799789, 0.4528158578035747
25.77, 0.8789067223644148,-0.1920436234554089,0.03077594536149605,-0.4355400059910826,   0.12833975061833,-0.9027977658373789, 0.4499388561992351
25.84, 0.8767002014432946,-0.1980184196403502,0.03440076921296156,-0.4370378529473495, 0.1285821613868464,-0.9054678616467261, 0.4529790183384605
25.9,  0.874891225649338,-0.2043204502110456,0.03789113779773526,-0.4374731924845168, 0.1290637064176684,-0.9080208900816159, 0.4519351128689642
26.04, 0.8705781325610051,-0.2231079827488809,0.04307415628353869,-0.4364186015279677, 0.1376858280003939,-0.9012230108898212, 0.4396642939798131
26.11, 0.8686139905742969,-0.2270915172747948, 0.0474629672938067,-0.4378201462415147, 0.1373361779189845,-0.9063927979217975, 0.4403345685860033
26.25, 0.8638780698694863,-0.2374300328037782,0.05297154498508827,-0.4410620261393043,  0.140454141206891,-0.9085688391058458, 0.4337430874412903
26.38, 0.8601610370200856,-0.2431121497756855,0.05728962188418443,-0.4446767452961647, 0.1439149327311174,-0.9111395639561914, 0.4328165816026442
26.45, 0.8605439540105858, -0.239571738612364,0.05767245570242183,-0.4458064699913806, 0.1433122107721118,-0.9176635135624078, 0.4447478500245662
26.52, 0.8618948361070771,-0.2366035048797186,0.05627819476825857,-0.4449594063766499, 0.1439955656247147,-0.9222964030263346, 0.4489945309874691
26.59, 0.8642757616601076,-0.2327773940592339,0.05220437946436204,-0.4428507998699125, 0.1462974031239372,-0.9255117641740697, 0.4426356274721846
26.65, 0.8667490872077821,-0.2248922427488793,0.04994384675365746,-0.4423518358797103, 0.1490559836779934,-0.9283093856046185, 0.4507725850963231
26.8, 0.8691697824507971,-0.2086223565311002,0.04770623088224293, -0.445807977411466, 0.1605306206806414,-0.9276865680859659, 0.4479408991330779
26.87, 0.8712340246109083,-0.1977687496555236,0.04787985881795001,-0.4467061122241227, 0.1593700981635776,-0.9318513955784585, 0.4497948211336927
26.93, 0.8727051536634571,-0.1883317274428503,0.04763057566933918,-0.4479377624490795, 0.1586754639766481,-0.9359048424944832, 0.4512948540020103
27, 0.8749520652281833, -0.180080833585116,0.04527038635886371,-0.4471916866467817, 0.1587099280962695,-0.9391621073240282, 0.4484634015812338
27.14, 0.8789015487295677,-0.1622907873196797,0.04089453039347821,-0.4466782297523242, 0.1633524434949834,-0.9404996564845839, 0.4503219025065789
27.19, 0.8815596642137905, -0.156148876725916,0.03669423677083505,-0.4439860980651951, 0.1637811874816514,-0.9427091143936082, 0.4457069036258203
27.26, 0.8834691560770953,-0.1492512564050716,0.03348216438893739,-0.4428151905124892, 0.1642355769853196, -0.943837689803054, 0.4514984871830133
27.39, 0.8861351882194721,-0.1364531033894994,0.02672351926256772,-0.4420756358946805,  0.170165673425971,-0.9430283716508215, 0.4497064285198381
27.46, 0.8875030697319102,-0.1299327050440537,0.02227123001805495,  -0.44154254749537,  0.170199526126655,-0.9434977806836234, 0.4510761441870409
27.53, 0.8884462548787435,-0.1236162895296922,0.01836108801879566,-0.4416391866223597, 0.1696881487945384,-0.9435467583092427, 0.4482919217633596
27.6,  0.889430888036522,-0.1171252958081049,0.01418667861852041,-0.4415802692569606, 0.1690770001809199,-0.9443199003400442, 0.4321719598321068
27.65,  0.8906515327698844, -0.1103655374889395,0.009403506150827412,  -0.440988554205607,  0.1691602712902593, -0.9443664714465412,  0.4255508365344484
27.78,   0.8926226666017367, -0.09329232990783387,0.0008095813836401788,  -0.4410450049439439,   0.1742241869820051,   -0.940983891124888,   0.4443307401539705
27.92,   0.8942205677513825, -0.07973525950238713,-0.008113689524180179,  -0.4403930837372846,   0.1776330496958612,  -0.9380401890827528,    0.435069986118286
28.06,  0.8936308702811664,-0.06585098522976912,-0.01475166781648624, -0.4437002809107441,  0.1788042271390622, -0.9351064226264574,  0.4388684407816135
28.12,  0.8936005877126454,-0.06254509525498253,-0.01928417109480668, -0.4440655998872166,  0.1764342260954472,  -0.934973688302254,  0.4333836125405046
28.2,  0.8934881291568002,-0.04995523529232787,-0.02797975395936028,  -0.445421829786092,   0.178554698692974, -0.9307347400445219,  0.4332726817657106
28.26,  0.8930527740800789,-0.04623968669771222,-0.03012457541879893, -0.4465547890199562,  0.1758813654442255, -0.9306762802288587,  0.4367424768610126
28.32,  0.8924364909048538,  -0.038727910584679,-0.03352206930966051, -0.4482561377953698,   0.173857840843496, -0.9309633100593708,  0.4397121092041966
28.46,   0.892015682563436,-0.02238553256864467,-0.03941044420692041, -0.4497263194863805,  0.1744200900957312, -0.9272682230714062,  0.4421042715171554
28.53,  0.8924112034489967, -0.0167906521315776,-0.04089487424369584, -0.4490522940361727,  0.1727847889714627, -0.9265641553355219,   0.448474885251913
28.6,  0.8924535978339753, -0.0098222930743882,-0.04263197237664301, -0.4490129717080326,  0.1720557057215662, -0.9262098693425524,  0.4561066964454365
28.68,   0.8920038879814903,-0.001275319385377727, -0.04420772595364619,  -0.4498590333773738,   0.1706983365340704,  -0.9265085658858726,   0.4626666894823868
28.81,  0.8895751105169185, 0.01888987369803768,-0.04967119087771688, -0.4536872312244649,  0.1714348830160023, -0.9236737847438553,  0.4741757758230901
28.95,   0.887924661891808, 0.03958960959736069,-0.05754621102043433, -0.4546547335861425,    0.17176897918743,  -0.917185212452105,  0.4617659491478874
29,  0.8896621278179813,  0.0329097850101524,-0.05731460834590468, -0.4518111503780872,  0.1684518012867046, -0.9225510842689817,  0.4587121993261461
29.13,  0.8881295980277755, 0.05381219090987599,-0.06469241557784999, -0.4518240721144146,  0.1687106224590338, -0.9137909772570393,   0.447303426489798
29.2, 0.8878969778938439,0.05220038783433684,-0.0673402234703176,-0.4520834060422244, 0.1680446671197755,-0.9155708722152667, 0.4598592437985781
29.27,  0.8869001188096326, 0.05439062643143128,-0.06926165119649957, -0.4534894687247306,  0.1646138261650995, -0.9174934471544132,    0.44315359052447
29.33,  0.8857084168898848, 0.05877000028445828,-0.07336394976957938,  -0.454625619328732,  0.1636656568263832, -0.9182038502987407,  0.4452592366271578
29.41,  0.8846907450236252, 0.06329640317636659,-0.07716357776678923, -0.4553698154682124,  0.1626142427934443, -0.9188749635838058,   0.447076125961627
29.47,  0.8844438511090809,  0.0675224911171981,-0.08068140486012063, -0.4546320863042011,  0.1617172561433102, -0.9186094825459364,  0.4447657778881622
29.55,  0.8840789027605187, 0.07280349455214313,-0.08270910981205642, -0.4541622877206981,  0.1606886718573257, -0.9189386153203877,  0.4446484692181671
29.68,  0.8830534218161703, 0.08924771785206992,-0.08708175209921606, -0.4524028106534359,  0.1597905860793579,  -0.909656624201954,    0.44219712328136
29.73,  0.8823026992562111, 0.08758251808387624,-0.08718262107915947, -0.4541700953958846,   0.157155694160813, -0.9178059847334785,  0.4291107978592884
29.93,  0.8767120698813015,  0.1114686075044969,-0.09817829801211475, -0.4575060146312225,  0.1516608414898238, -0.9056079547254408,  0.4121798987299886
30,  0.8770654819637023,   0.109737365209185,-0.09983730926185158,  -0.456887730479738,   0.151983459446694, -0.9089844617902676,  0.4181845756940806
30.05, 0.8749747230779841, 0.1115208771640798,-0.1013791005266473,-0.4601137266659354, 0.1510252916670817,-0.9137181491258474, 0.4193400326087721
30.23, 0.8709624118233628, 0.1171824824013738,-0.1037241272005732,-0.4657618318458588, 0.1476281555742918,-0.9151788751927508, 0.4144409371362924
30.3, 0.8690442150424795, 0.1200478319872261,-0.1086985632377611,-0.4674776232561954, 0.1471080304159529,-0.9150271102184032, 0.4296690003534862
30.37, 0.8696831395752626, 0.1189713980211033,-0.1099476528349622,-0.4662709431074908, 0.1477177832790159,-0.9179181074350808, 0.4401307673105055
30.44, 0.8693553701515455, 0.1201427129776354,-0.1096184717099502,-0.4666591851939328, 0.1476648480792327,-0.9208289480529338, 0.4450647982953997
30.65, 0.8670635747220764, 0.1265664486833661,-0.1068737530744094,-0.4698507506863135, 0.1416118572067706,-0.9205335780374767, 0.4337927023219947
30.71, 0.8676934862180894, 0.1250555397224873,-0.1026197460069685,-0.4700407953015652, 0.1426353886655581,-0.9254567878469171, 0.4394625003009663
30.79,  0.8688121272828127,  0.1215766160558333,-0.09845938742947563,  -0.469776966762512,  0.1433658524634871, -0.9286334324766276,  0.4444764118277741
30.97,  0.8711967640067269,  0.1090160839376848,-0.08949960222566464,  -0.470235630920706,  0.1317500867221777, -0.9270219356171879,  0.4162162314186929
31.03,  0.8727788792712856, 0.09409134242553518,-0.08541866925747565, -0.4712828595224409,  0.1347009300875876, -0.9319402532433593,  0.4201711689727187
31.11,  0.8740205563000198, 0.08301521426244868,-0.08140105129749325, -0.4717737230627352,  0.1356790706571877, -0.9353709526964816,  0.4191794633534626
31.15,   0.874680691963123, 0.07306533276120364,-0.07833021443022059, -0.4727150910660353,   0.136926173018951, -0.9376788623775537,  0.4199987691949798
31.28,  0.8758604007067493, 0.05645555029108984,-0.07101455806388127, -0.4739602276742024,  0.1344076009012557, -0.9387426798946022,  0.4198688927720843
31.35,  0.8770227579080255, 0.04951757744302876,-0.06693770259801785, -0.4731791110830246,   0.135159440976801, -0.9405875241718598,  0.4208482115955194
31.42, 0.8784524230062141,0.03923065595303238,-0.0622197020936795,-0.4721345574920643, 0.1363203907300336,-0.9415712605643762, 0.4255695084283084
31.55,  0.8799183203359091, 0.02139548490643345,-0.05484717571579759,  -0.471463472219958,  0.1357370277980582, -0.9423711345210206,  0.4325979120403752
31.69,   0.8830571401252492,-0.007400589362995591, -0.04375028837758735,  -0.4671629976535192,   0.1326589509213102,  -0.9427991841071851,   0.4394294014893062
31.76,  0.8843011076293201,-0.01842225580628559,-0.04114342031915819, -0.4647358669823684,  0.1348690711237687, -0.9436881682086109,  0.4403723587039353
31.9,  0.8841819570888165,-0.02888995793662819,-0.03819419785279476, -0.4646814778945238,  0.1378055167287017, -0.9450997218167949,  0.4510826800872053
32.02,  0.8845891602170497,-0.05125467465687522,-0.03274726609764742, -0.4623879627264211,  0.1384686573928181, -0.9448092745514712,    0.46286556332445
32.08,  0.8845387179410041, -0.0589370123625399,-0.03291245528888215, -0.4615565955359834,  0.1401958602771333, -0.9454154896110011,  0.4609089338234136
32.22,  0.8854476275979444,-0.07452309184139561,-0.03107191015991018, -0.4576716940356185,  0.1396415654445858, -0.9450235913938217,  0.4447965954420729
32.29,  0.8857516489713495,-0.08695086626680248,-0.02710488621876597, -0.4551361597389328,  0.1437606004358364,  -0.943138900389131,  0.4614721122513056
32.42,  0.8863730027940957, -0.0977787609640014,-0.02272303996789021, -0.4519578662171813,  0.1468833202757923, -0.9410693260222098,  0.4542578596255176
32.56,  0.8866483099010557, -0.1060258128986631,-0.01569523459878863, -0.4498521943022124,  0.1498123948660349, -0.9395818559064822,    0.45212425324931
32.63,  0.8862932315085583, -0.1099570463259212,-0.01161143613493779, -0.4497321045412789,  0.1512253663604465, -0.9401818229600205,  0.4515847728289146
32.75,  0.8861316667991103, -0.1156719009009454,-0.00909699413581011, -0.4486735569368145,  0.1533939405861118, -0.9391365955109979,  0.4535935754088736
32.81,   0.8854287108626686,  -0.1210676291023718,-0.006254585793900896,  -0.4486864638909867,   0.1547093990967469,  -0.9385694176611482,   0.4563305136467103
32.88,    0.884524696969722,  -0.1265311871828347,-0.003607170124953263,  -0.4489910277536296,   0.1566589339486394,  -0.9385066108102138,   0.4663188247231668
32.93,    0.8836276878387901,   -0.1325808166743221,-0.0006932077470326592,   -0.4490256021169729,    0.1575275186604461,   -0.9383900854496419,    0.4622023191683637
32.98,  0.8824382508452071, -0.1396936462614046,0.004757579726985567, -0.4491835032961849,   0.159114483270164, -0.9380223906328411,  0.4659625141491146
33.18, 0.8795069351287579,-0.1621889485682944,0.01515084360742858,-0.4471384388749872, 0.1665151176811861,-0.9337863560294566, 0.4497638539268791
33.25, 0.8786243280198907,-0.1652615763118879,0.01825231827691981,-0.4476324273808495, 0.1674623376805177,-0.9340021194572413, 0.4432980726321972
33.32, 0.8767635284409232,-0.1704186058681694,0.02277035859631418,-0.4491377965591572, 0.1693308568097036,-0.9331043230508582, 0.4528394585534115
33.39, 0.8750575923655857,-0.1758627030416827,0.02627881815542613, -0.450173276636251, 0.1702506258321589,  -0.93295866618195, 0.4460232916611809
33.45, 0.8735818439281386,-0.1811318787159952,0.02926799506142436,-0.4507653763277069, 0.1725972547309864,-0.9319966531418752, 0.4513359061426009
33.57, 0.8693923139205662,-0.1900961738040974,0.03699083958205546,-0.4545901038812311, 0.1759176569370226,-0.9308481235003343, 0.4590279961892205
33.64, 0.8672085072841246,-0.1929428461913353,0.03996320204249723,-0.4573023518843802, 0.1750109556844495,-0.9321186391277715, 0.4574341184508576
33.69, 0.8662756117532033,-0.1963128168272686,0.03992456380195716,-0.4576394947936939, 0.1760630799351783,-0.9324546073376248, 0.4567044369350369
33.82, 0.8644045381719301,-0.1991028267045189,0.04174154472218186,-0.4598048910017122, 0.1774799708194143, -0.932874400180201, 0.4626159506214393
33.96, 0.8667224598406937,-0.1923123193618073,0.03135843654626294,-0.4591566545805481, 0.1812235363825291,-0.9325153739532673, 0.4534397558153415
34.01, 0.8684959201736119,-0.1830120722245897,0.02635561194726196,-0.4599204663195426, 0.1815614866851601,-0.9339372819842774, 0.4529501197034895
34.08, 0.8697863896446169,-0.1750259329053702,0.02310355521761193,-0.4607643871814979, 0.1814634323518864,-0.9349514318697701, 0.4475284937935584
34.12,  0.871335253714721,  -0.17130144827305,0.02213489863521476,-0.4592828880708646, 0.1782911684037093,-0.9365403663156746, 0.4482879365644308
34.26, 0.8763574454111835,-0.1637662791287932,0.01156658560907042,-0.4528183778833301, 0.1905401972884806,-0.9321518170661893, 0.4523335117545256
34.33, 0.8773313526559081,-0.1529626187557978,0.01465581194840437,-0.4546178369194322, 0.1889799499415585,-0.9330515429904187, 0.4552933987919662
34.4, 0.8762408303684915,-0.1432220409039765,0.01941317553504529,-0.4596875225290862, 0.1848945869139612, -0.936039096412538, 0.4578438556344118
34.45, 0.8780696143612232, -0.140445505868513,0.01070749698406512,-0.4573337919769911, 0.1872221942177765,-0.9361441364932112, 0.4495130913774245
34.58,    0.882763689995431,  -0.1253539824122529,-0.002808321709782596,  -0.4527767613372632,   0.1945369101653398,  -0.9288657012615383,   0.4496451050905567
34.66,   0.8827536307024362,  -0.1189133634988405,-0.001460885564633307,   -0.454536622105716,   0.1924843572985243,   -0.927014265192875,   0.4579064188367195
34.72,  0.8771330955361262, -0.1091621966355324,0.006681826367530286, -0.4676286307489734,  0.1849195544377276, -0.9343791310938311,  0.4526870435760825
34.79,  0.8792151979847642, -0.1069350188812063,0.001146408096264651, -0.4642674430506758,  0.1869537434333664, -0.9337895913666384,  0.4546171151902965
34.92,  0.8765590861661895,-0.08010452733672657, 0.01053042854633152, -0.4744645179495859,  0.1755452581702844, -0.9372247492346254,  0.4483839544082049
35,  0.8863182293066889,-0.07763203775010313,0.004064145998656205, -0.4565049631598447,  0.1793229797345005, -0.9274610991107195,  0.4574163475002806
35.06,  0.8884024954257954,-0.05984186448910378,-0.01403510961704427,  -0.454931872517823,  0.1784682419039081, -0.9389704478126029,  0.4613599273773894
35.12,   0.8895411942942963, -0.06048834944318809,-0.003073199462228671,   -0.452822497496567,   0.1736910942592212,  -0.9278287440503366,   0.4649005896444074
35.19,   0.8902558172873327, -0.05498918893423649,-0.005658654792696782,  -0.4520937779611689,   0.1747919421987608,  -0.9265054755158076,   0.4654050651105264
35.33,    0.885365159047852, -0.04206322385466371,-0.007512561511736737,  -0.4629285229076993,   0.1760491747161121,  -0.9371905670379168,   0.4611972704109669
35.4,  0.8897193193132762,-0.03686704020925397,-0.01731952520262023, -0.4546871713524944,  0.1710077995424863, -0.9344289193172317,  0.4711317748047391
35.44,  0.8885044725713642,-0.03117039278854367,-0.01962632797945998, -0.4573872010047724,  0.1698580162874297, -0.9344876683347237,  0.4705359036042415
35.51,  0.8934441129700251,-0.03215616821944295,-0.02291720576811535, -0.4474353976645984,   0.171281100335613, -0.9262999372990199,  0.4750023426093818
35.65,   0.886927142357276, -0.0279325486095785,-0.02117370101740024, -0.4605776013031929,    0.16911143672311, -0.9374759511359493,  0.4642605652698609
35.78,  0.8902186956510174, -0.0187408758880539,-0.02373667913079777, -0.4545283919702255,  0.1622658604996062, -0.9388617487073424,  0.4496359262481381
35.85,  0.8959332233859563,-0.01346780954975807,-0.02459871485578224, -0.4433026236392842,   0.161471952143071, -0.9264474661947457,  0.4547323140131767
35.98,   0.8949042188301429,-0.001226706874056016, -0.03329275495596237,  -0.4450129911997475,    0.157169371647151,   -0.921414538454712,   0.4390650068832999
36.04,   0.8885318732012299,-0.003312721924189022,  -0.0325181363125974,  -0.4576491478726572,   0.1618451201566814,  -0.9251236539107106,   0.4436666066057811
36.12,   0.8868039617786241,-0.004764196080576599, -0.03887855407019403,  -0.4604829306301171,   0.1623335674726004,   -0.928685925267094,   0.4437575945096918
36.18,  0.8905580805095503,0.004291691090079375,-0.04313396103656733, -0.4527994960143794,  0.1598765252374987, -0.9140811045636029,  0.4468547252882803
36.26,  0.8804178101146435,0.003548988775147421,-0.05383665027354442, -0.4711194487152711,  0.1654652006759608, -0.9250904818579113,  0.4421992957395272
36.42,    0.87861247047165,0.008886066168505957,-0.06767061115508397, -0.4726329320989996,  0.1689299372829811,  -0.924823262290317,  0.4327327759882499
36.49,  0.8809467270137915, 0.01586841884224477,-0.05859184523372268, -0.4693059648865443,  0.1683575647235828,   -0.92180456387832,  0.4327864179771267
36.53,  0.8796843035266766, 0.01727419296624938,-0.05592971116634296,  -0.471941766909698,  0.1688376537558267, -0.9226719470419552,  0.4340245147222457
36.6,  0.8783663810975968, 0.01915914056437334,-0.05595079462912189, -0.4743152664943047,   0.168129553525797, -0.9217024418114534,  0.4336076990516383
36.8,  0.8686834868537152, 0.02916787705216967,-0.06152151601487177, -0.4906662544357622,  0.1593590584422948, -0.9233351501637489,  0.4175076306245996
36.86, 0.8794848024308577,0.03055202423891118,-0.0465446736099116, -0.472659163695632, 0.1549933535091226,-0.9078452754029619, 0.4338110533392057
36.93,  0.8784542866803449, 0.02280261902706421,-0.06008057892136265, -0.4734854447327336,  0.1567061753384753, -0.9125278403367582,  0.4337078071277718
37.14,  0.8220608848622926,-0.02527053483168351, -0.1275976927529276, -0.5543430039350387,  0.2503501564963718,  -1.025693524819999,  0.4102005283968694
37.21,  0.8695929230004484, 0.01272674180059102,-0.07074633245276946, -0.4885091302258402,  0.2088042871683812, -0.9683358593411674,  0.4105883155257268
37.27,  0.8854488087640534,   0.035475353408431,-0.01403709214213478, -0.4631683300506484,  0.1679044361801547, -0.9313177375484152,  0.4223964152865907
37.35,  0.8953526301928205, 0.03103132760306071,-0.00959893399958775, -0.4441718364990168,  0.1617734192445221, -0.9133755531810591,  0.4327794969109501
37.48,   0.865997187168259,-0.00462001012071328,-0.05707915362010632, -0.4967590292123615,  0.1900498066884635, -0.9237365998233129,  0.4221290572174695
37.62,  0.8921674927132974,-0.04371002459217671, -0.1260702888711858, -0.4315471196967982,  0.2985317168921279, -0.8489617233839826,  0.4281488027563422
37.82,    0.87453027310939,0.002838306650031985,-0.01425200805266397, -0.4847531962307113,-0.08618415923842718,  -1.109722077419433,  0.4667310988093444
37.95, 0.9189808528608987,-0.1290865011421267,-0.1904277881922669,-0.3202314168550416,0.04416210841139418, -1.012047775476544, 0.4646750460391338
38.09, 0.8974750896995156,-0.1006120767645091,-0.1714322094143853,-0.3937343095440486, 0.1114399155435171,-0.9620428183597037, 0.4288315124704381
38.23,  0.8561802258894888,-0.01422821949992431,0.007371224252879616, -0.5164287745445124,  0.1897598520362973, -0.9059316154477957,   0.459633171007995
38.42,   0.849820580362179,0.008159180126983578,0.003330436356301536,  -0.526998437118241,  0.2367670311008247, -0.8575173241950247,  0.4614104087691477
38.48,  0.8664502888232398,  0.0149168924957368,-0.01457630996613155, -0.4988275754837678,   0.238776693728368, -0.8705504396347462,  0.4631314934009214
38.6, 0.8497053756631339,0.03563062861637634,0.02379587794550359,-0.5255140574953492, 0.2794175958052092,-0.8580131445445269, 0.4502260725021973
38.8, 0.8406699630687138,0.02862841571879721,0.02909122483455778,-0.5400075584692794, 0.3055162465594252,  -0.83327829797191, 0.4265734459785746
38.87, 0.8626136583311864,0.01672594369375358,0.01696344543189099, -0.505302084248588, 0.2976749384388109,-0.8491053009342809, 0.4287836937966653
39.06,   0.827246553809834,0.006984119430150537,0.005966254090829959,  -0.561764007975333,  0.2839483473795698, -0.6674670613947408,  0.4341865705363506
39.18, 0.8914872747829103, 0.0218718648589748,0.04501640772841858,-0.4502728273189561, 0.4119830936511879,-0.9264684161226534,  0.446489877749653
39.24, 0.8983227700893833,0.02506711903244779,0.05755087688109181,-0.4348284402053469, 0.4424444215310454, -1.028167729618216, 0.4526070240048902
39.45,  0.8636736619573352,0.004001745284196945, 0.02330076746390167, -0.5034966747361176,  0.3897385796556476, -0.9266161218420395,  0.4353686232892805
39.56,  0.8805237054970619,0.003014184582633361, 0.01577320648298625,  -0.473730049991678,  0.3232169558183349, -0.8449775865791995,  0.4181576437175179
39.7,    0.8783686669221562,-0.0009249754696391554,  -0.01205522547282084,   -0.4778308659844208,    0.2131398800471517,   -0.8297214575180178,    0.4272602145893989
39.82, 0.8724263162233628,0.03324981783888847,0.04230033088822271,-0.4857751433947688, 0.3776443030787976,-0.8226392954299753, 0.4016254241211684
39.98, 0.8742831400967919,0.03606073796199732,0.00165931344584333,-0.4840722015958626, 0.2850075279567909,-0.8288620452131573,   0.39518991947319
