time,qPTAM0,qPTAMi,qPTAMj,qPTAMk,XPTAM,YPTAM,ZPTAM
0.06,  0.8806774616241455,-0.03029068745672703,-0.03084511682391167,  -0.471739649772644,  0.1672134697437286, -0.8616400957107544,  0.4898600876331329
0.21,  0.8807950615882874,-0.03183065354824066,-0.02863958850502968, -0.4715576469898224,  0.1679117828607559, -0.8615341186523438,  0.4898646771907806
0.25,   0.880959153175354,-0.03490379080176353,-0.03062127530574799, -0.4709087610244751,  0.1750802397727966, -0.8589609861373901,  0.4884942471981049
0.35,  0.8811333179473877,-0.03759456425905228,-0.03162642940878868, -0.4703088998794556,  0.1781423687934875,  -0.856648325920105,  0.4877115488052368
0.38,  0.8810594081878662,-0.04143449291586876, -0.0296450462192297, -0.4702538549900055,   0.179724782705307, -0.8555644750595093,  0.4886389970779419
0.41,  0.8809207677841187,-0.04300059005618095,-0.02951029129326344, -0.4703814089298248,   0.180754229426384, -0.8535020351409912,  0.4889420568943024
0.44,  0.8799645304679871,-0.04212909191846848, -0.0296615082770586, -0.4722370207309723,  0.1810515522956848, -0.8507059216499329,   0.488934338092804
0.59,  0.8797174096107483,-0.04142815619707108,-0.03064506873488426, -0.4726964235305786,  0.1817936301231384, -0.8482005596160889,  0.4867735803127289
0.66,  0.8807820677757263,-0.03944310918450356,  -0.030476164072752, -0.4708910882472992,  0.1808400303125381, -0.8445827960968018,  0.4880484938621521
0.72,  0.8804606795310974, -0.0379248633980751,-0.03067967109382153, -0.4716030955314636,  0.1806369423866272, -0.8384761214256287,  0.4872229099273682
0.91,  0.8799142241477966,-0.03795554116368294,-0.03027575649321079, -0.4726454019546509,  0.1797905564308167, -0.8361790180206299,  0.4882129430770874
0.99,  0.8790503740310669,-0.03917692229151726,-0.02875464968383312, -0.4742454290390015,  0.1765976399183273,  -0.830910861492157,  0.4877437353134155
1.05,  0.8795856833457947,-0.04051019996404648,-0.02846496552228928, -0.4731571674346924,  0.1752862334251404, -0.8287196755409241,  0.4895153343677521
1.26,  0.8799853324890137,-0.04375113174319267, -0.0272468589246273, -0.4721962511539459,  0.1706447601318359, -0.8231043815612793,  0.4888543486595154
1.31,  0.8799904584884644,-0.04478181526064873, -0.0258674118667841, -0.4721675515174866,  0.1648538261651993, -0.8174386024475098,  0.4886037707328796
1.38,  0.8799123167991638,-0.04408397898077965,-0.02535019628703594, -0.4724068939685822,  0.1608559191226959, -0.8151739835739136,  0.4890958964824677
1.51,  0.8803771734237671,-0.04489551484584808, -0.0269211120903492,  -0.471376359462738,  0.1529983282089233,  -0.807750403881073,  0.4887653887271881
1.64,   0.881135880947113,-0.04638971388339996,-0.02888189256191254, -0.4696950316429138,  0.1482505053281784, -0.8045026659965515,  0.4892838001251221
1.71,  0.8816107511520386,-0.05024464055895805,-0.03133247420191765, -0.4682480096817017,  0.1369950026273727, -0.7977752089500427,  0.4898238480091095
1.85,  0.8816550970077515,-0.05187186971306801,-0.03126576915383339, -0.4679915308952332,  0.1316993683576584, -0.7946692705154419,  0.4908996522426605
1.92,  0.8818305134773254,-0.05283348262310028,-0.03050338849425316, -0.4676035642623901,  0.1261289566755295, -0.7910692691802979,  0.4910137951374054
2.05,  0.8828063607215881,-0.05581097304821014,-0.03061899170279503, -0.4654035866260529,  0.1161247789859772, -0.7843118906021118,  0.4908095896244049
2.19,  0.8832019567489624,-0.05807693302631378,-0.03136935830116272,  -0.464324563741684,  0.1114889904856682, -0.7807600498199463,  0.4894552528858185
2.25,  0.8832672834396362,-0.06226230785250664,-0.03144661337137222, -0.4636522829532623,   0.103137694299221, -0.7764651775360107,  0.4858738481998444
2.39,  0.8843027949333191,-0.06571189314126968,-0.03017670474946499, -0.4612806737422943, 0.09394732117652893, -0.7706039547920227,  0.4850635528564453
2.53,   0.884857177734375,-0.06758087873458862,-0.03048966266214848, -0.4599249958992004,  0.0893874317407608, -0.7686261534690857,  0.4856930077075958
2.58,   0.885484516620636,-0.06973521411418915,-0.03232810646295547, -0.4582674503326416, 0.08243749290704727, -0.7628020644187927,  0.4832192063331604
2.64,   0.886052668094635,-0.07069298624992371,-0.03275725618004799, -0.4569903314113617, 0.07750104367733002, -0.7613809108734131,  0.4842632412910461
2.85,  0.8867279887199402,-0.07069292664527893, -0.0351950116455555, -0.4554967880249023, 0.07005676627159119, -0.7567996978759766,  0.4823971688747406
2.89,  0.8879196047782898,-0.06831246614456177,-0.03586345538496971, -0.4534820914268494, 0.06346157193183899, -0.7523437142372131,  0.4812549650669098
2.97,  0.8886429071426392,-0.06738525629043579, -0.0353410616517067, -0.4522433578968048, 0.05963358655571938, -0.7509517073631287,   0.481809675693512
3.16,  0.8891159296035767,-0.06616955250501633,-0.03650109842419624, -0.4514002203941345, 0.05271288007497787, -0.7459273338317871,  0.4806289374828339
3.24,  0.8889474272727966,-0.06488143652677536,-0.03888552263379097, -0.4517197608947754, 0.04880472645163536, -0.7437220811843872,   0.479689747095108
3.3,   0.889275848865509,-0.06177515164017677,-0.04559199139475822, -0.4508809447288513, 0.04145462810993195, -0.7394796013832092,  0.4793069064617157
3.37,  0.8890900611877441,-0.05979041382670403, -0.0478828139603138, -0.4512773454189301, 0.03684414550662041,  -0.737861156463623,  0.4788347780704498
3.57,  0.8903111219406128,-0.05357396975159645,-0.05146073549985886, -0.4492523670196533, 0.02929282933473587, -0.7337616086006165,  0.4792055785655975
3.64,  0.8908127546310425,-0.04857286810874939,-0.05501241236925125, -0.4484049379825592, 0.02872445434331894, -0.7329550385475159,   0.476946234703064
3.71,  0.8928943276405334,-0.03789766132831573,-0.06014178693294525, -0.4446194469928741, 0.02208260074257851, -0.7301540970802307,  0.4770084023475647
3.85,  0.8932138085365295,-0.03152951598167419,-0.06453315168619156, -0.4438585638999939, 0.01985614933073521, -0.7280711531639099,  0.4761583507061005
3.98,  0.8938979506492615,-0.01771009154617786, -0.0712316632270813, -0.4422204196453094, 0.01166980993002653,  -0.725159764289856,  0.4764667451381683
4.05,   0.8940316438674927,-0.009730729274451733, -0.07481978088617325,  -0.4416047632694244, 0.008623075671494007,  -0.7233511805534363,   0.4750361144542694
4.18,   0.8954049944877625, 0.003805421525612473, -0.08399287611246109,  -0.4372420907020569,0.0008476845687255263,  -0.7193409204483032,   0.4747157990932465
4.33,   0.8957964777946472,  0.01173112727701664, -0.08844197541475296,  -0.4354183077812195,-0.003647204022854567,  -0.7179514169692993,   0.4751558303833008
4.37,  0.8959977030754089, 0.03171441331505775,-0.09875085204839706, -0.4317760467529297,-0.01069681439548731, -0.7147157192230225,   0.474561482667923
4.48,  0.8963946104049683, 0.04148774594068527, -0.1025730520486832, -0.4292251169681549,-0.01545583736151457, -0.7137024402618408,  0.4754337966442108
4.54, 0.8966178297996521,0.06167970970273018,-0.1103205308318138, -0.424383670091629,-0.0199312586337328, -0.709683358669281, 0.4729320704936981
4.66,  0.8968791961669922, 0.07792497426271439, -0.1181720420718193, -0.4190116226673126,-0.02555280178785324,  -0.708296000957489,  0.4747529029846191
4.79,  0.8966659307479858, 0.08412280678749084, -0.1200315207242966, -0.4177391231060028,-0.03044537454843521, -0.7059183716773987,  0.4723953306674957
4.87,  0.8957145810127258, 0.09264765679836273, -0.1256524920463562, -0.4163211286067963,-0.03787137940526009, -0.6988953351974487,  0.4717951416969299
5,  0.8952943682670593, 0.09533923119306564, -0.1268610954284668, -0.4162508249282837,-0.04171062633395195, -0.6981918215751648,  0.4738783836364746
5.13,   0.892743706703186,  0.1001451388001442, -0.1286216378211975,  -0.420043021440506,-0.04194138571619987, -0.6925554871559143,  0.4692640602588654
5.2,  0.8916040658950806,  0.1001430079340935, -0.1303277760744095, -0.4219338893890381,-0.04405602812767029, -0.6902968287467957,  0.4677446186542511
5.27,  0.8899514675140381,   0.100726418197155,   -0.13251693546772, -0.4245936572551727,-0.04633620381355286, -0.6872591972351074,  0.4701084792613983
5.48,   0.889188826084137,  0.1023601293563843, -0.1328320801258087, -0.4257008731365204,-0.04344803467392921, -0.6865236759185791,  0.4718483090400696
5.54,  0.8883305788040161,  0.1029388755559921, -0.1315113306045532, -0.4277583062648773,-0.04292115941643715, -0.6843705773353577,  0.4739302098751068
5.6,  0.8871282935142517,  0.1042463853955269, -0.1297283619642258, -0.4304726123809814,-0.04260825738310814, -0.6795714497566223,  0.4674467444419861
5.81,  0.8881197571754456,  0.1054289415478706, -0.1259288489818573, -0.4292667508125305,-0.03791931644082069, -0.6792612671852112,  0.4702420234680176
5.87,  0.8885111808776855,  0.1039497852325439, -0.1207385510206223, -0.4303074777126312,-0.03598620370030403, -0.6745755672454834,  0.4673270285129547
5.94,  0.8890116810798645,  0.1004177629947662, -0.1201760619878769, -0.4302699267864227,-0.03428398072719574,  -0.676960289478302,  0.4714233875274658
6.01,    0.88748699426651, 0.09463988244533539,  -0.120612308382988, -0.4345835149288177,-0.02777351811528206, -0.6728351712226868,  0.4666659533977509
6.21,  0.8860987424850464, 0.09186039865016937, -0.1193898618221283, -0.4383340775966644,-0.02648602239787579, -0.6700541377067566,  0.4649117887020111
6.26,   0.882901668548584, 0.08589156717061996, -0.1150356829166412, -0.4470728039741516,-0.01781433820724487, -0.6681902408599854,  0.4646374881267548
6.33,  0.8818708658218384, 0.08105066418647766, -0.1108766794204712, -0.4510442912578583,-0.01425053924322128, -0.6663762331008911,  0.4660418927669525
6.51,   0.8780741095542908,  0.07045616209506989,  -0.1033720970153809,  -0.4618830680847168,-0.005869190208613873,   -0.663272500038147,   0.4652844071388245
6.57,    0.8751884698867798,   0.06532192975282669,   -0.1004455909132957,   -0.4687097668647766,-0.0001192085837828927,   -0.6612048745155334,    0.4635947644710541
6.65,  0.8711773157119751, 0.05424140393733978, -0.0918748527765274, -0.4792358577251434,0.006201242096722126, -0.6607482433319092,  0.4675383269786835
6.83,  0.8697531223297119, 0.04791728407144547,-0.08743399381637573,   -0.48331019282341, 0.01156192366033792,  -0.658643901348114,  0.4669767320156097
6.9,  0.867891788482666,0.03697967156767845, -0.079257532954216,-0.4889934360980988,0.02038807794451714,-0.6583603024482727,  0.468759149312973
6.96,  0.8668439984321594, 0.02859009988605976,-0.06946364790201187,  -0.492888331413269, 0.03100149519741535, -0.6565482020378113,  0.4686278998851776
7.03,  0.8679646253585815, 0.02393992058932781,-0.06480295211076736, -0.4917975962162018, 0.03674919530749321, -0.6559767723083496,  0.4684731662273407
7.24,  0.8716223835945129, 0.01187682151794434,-0.05764093622565269,  -0.486632227897644, 0.04667196422815323, -0.6547717452049255,  0.4673284888267517
7.3,  0.8726946711540222,0.006101289764046669,-0.05551763251423836, -0.4850614368915558, 0.05142222344875336, -0.6545145511627197,  0.4643601477146149
7.37,  0.8740054965019226, 0.00073642359348014,-0.05644483491778374, -0.4826259911060333, 0.05637935549020767, -0.6550429463386536,  0.4646684229373932
7.43,   0.8750038743019104,-0.003464260371401906, -0.05696536600589752,  -0.4807402193546295,  0.06141112744808197,  -0.6542494297027588,   0.4634361565113068
7.57,   0.876772940158844,-0.01086440682411194,-0.05606861785054207, -0.4775013327598572, 0.06873398274183273, -0.6552258729934692,  0.4619371891021729
7.64,  0.8775923252105713,-0.01357296109199524,-0.05642363801598549, -0.4758821427822113,  0.0732312873005867, -0.6556549072265625,  0.4607135653495789
7.71,  0.8787186145782471,-0.01489401236176491,-0.05596253275871277, -0.4738142490386963, 0.07705684751272202,  -0.656101405620575,  0.4602617025375366
7.85,  0.8803262710571289,-0.01243629399687052,-0.05311036482453346, -0.4712221324443817, 0.08475912362337112, -0.6576620936393738,  0.4594804644584656
7.99,    0.881744384765625,-0.007868587970733643, -0.05000337958335876,   -0.469003826379776,  0.09191960096359253,  -0.6599141955375671,   0.4562843441963196
8.05,    0.883357048034668,-0.006651191040873528, -0.04794395714998245,  -0.4661945998668671,  0.09505549073219299,  -0.6607902050018311,   0.4563272297382355
8.17,   0.8851679563522339,-0.004305456764996052, -0.04649826139211655,  -0.4629223048686981,   0.1002692058682442,  -0.6627727150917053,   0.4543867111206055
8.31,   0.8856009840965271,-0.003854441689327359, -0.04755891859531403,  -0.4619894325733185,   0.1024442091584206,   -0.664132297039032,   0.4534841477870941
8.38,   0.8859343528747559,-0.003681306494399905,  -0.0487542599439621,  -0.4612263739109039,    0.104011557996273,  -0.6652463674545288,   0.4533834457397461
8.42,  0.8864352107048035,-0.00199278024956584,-0.05047067999839783, -0.4600884318351746,  0.1064402088522911, -0.6659464836120605,  0.4521808922290802
8.56,  0.8879473209381104,0.001986810006201267,-0.04997669532895088,  -0.457217663526535,  0.1088792458176613, -0.6682212948799133,  0.4519281387329102
8.6,  0.8885440230369568,0.002692551584914327,-0.04872530326247215, -0.4561886489391327,  0.1099932864308357, -0.6693462133407593,  0.4516423344612122
8.68,  0.8895443677902222,0.002407623687759042, -0.0480826124548912,  -0.454305112361908,  0.1111456155776978, -0.6694436073303223,  0.4509763717651367
8.74,  0.8903933763504028,0.001862749108113348,-0.04782431200146675, -0.4526687562465668,  0.1120598092675209, -0.6711272597312927,  0.4500002264976501
8.8,    0.8910509347915649,-0.0003057044232264161,  -0.04747098684310913,      -0.4514140188694,     0.113155722618103,   -0.6719165444374084,    0.4491628110408783
8.93,   0.8940764665603638,-0.009484344162046909, -0.04236586391925812,  -0.4458053708076477,   0.1131648197770119,  -0.6755555868148804,   0.4501419365406036
8.99,   0.894987940788269,-0.01291801407933235, -0.0416843518614769, -0.4439506530761719,  0.1139043718576431, -0.6767897009849548,  0.4483441412448883
9.12,  0.8948132991790771,-0.01629842445254326,-0.03808053582906723, -0.4445147812366486,  0.1134249344468117, -0.6811811923980713,  0.4493690729141235
9.27,  0.8931519389152527,-0.01667409762740135,-0.03639646619558334, -0.4479697346687317,  0.1138501614332199, -0.6852297186851501,  0.4486722350120544
9.33,  0.8926740288734436, -0.0151060288771987,-0.03522421792149544, -0.4490702450275421,  0.1137174889445305, -0.6878023743629456,  0.4493252038955688
9.47,  0.8920331597328186,-0.01188822835683823,-0.03106517530977726, -0.4507443010807037,  0.1115271225571632, -0.6947214007377625,   0.450161874294281
9.54,  0.8921706676483154,-0.01114214211702347,-0.02882544510066509, -0.4506400227546692,  0.1102366149425507, -0.6982104778289795,  0.4502363502979279
9.68,  0.8921439051628113, -0.0113458875566721,-0.02697830460965633, -0.4508022665977478,  0.1083530634641647, -0.7011644244194031,   0.450168251991272
9.75,  0.8923709988594055,-0.01196325477212667,-0.02464804798364639, -0.4504701495170593,  0.1064163446426392, -0.7047979235649109,  0.4493845999240875
9.82,  0.8939213156700134,-0.01476185955107212,-0.02214107476174831, -0.4474332630634308,  0.1037851497530937, -0.7086524963378906,  0.4491154253482819
9.88,  0.8987769484519958,-0.02542709931731224,-0.01898355036973953, -0.4372563660144806,  0.0981377437710762, -0.7172136306762695,    0.44850754737854
10.02,  0.9000492691993713,-0.03144181147217751,-0.01866281777620316, -0.4342515766620636, 0.09443243592977524, -0.7221036553382874,  0.4497242867946625
10.15,  0.9001798629760742,-0.03836694732308388,-0.02034527994692326, -0.4333477914333344, 0.08785498142242432, -0.7300878167152405,  0.4496612548828125
10.22,   0.900088906288147,-0.04014794901013374,-0.01974918507039547, -0.4334028959274292, 0.08368079364299774, -0.7345393896102905,  0.4503276944160461
10.29,  0.8999676704406738,-0.04362106695771217,-0.01995342038571835, -0.4333097040653229, 0.07719520479440689, -0.7414370179176331,  0.4500926733016968
10.5,  0.9008879661560059,-0.04957373440265656,-0.02049985900521278, -0.4307239055633545, 0.06988547742366791, -0.7497653961181641,  0.4508067965507507
10.57,   0.901422917842865,-0.05031408369541168,-0.02167565748095512, -0.4294593930244446, 0.06711540371179581, -0.7530854344367981,  0.4501177668571472
10.62,  0.9023875594139099, -0.0461975522339344,-0.02168021351099014, -0.4278930425643921, 0.06107626110315323, -0.7602977156639099,  0.4522236585617065
10.82,  0.9026761651039124,-0.04370294511318207,-0.02156086266040802, -0.4275522232055664, 0.05854083597660065, -0.7636548280715942,  0.4523460566997528
10.88,  0.9039984941482544,-0.03714848682284355, -0.0221878569573164,  -0.425340324640274, 0.05456661432981491, -0.7701483368873596,  0.4530165791511536
10.95,   0.905488133430481,-0.02852263487875462,-0.02394663169980049, -0.4227342903614044,   0.051193967461586, -0.7757441997528076,  0.4545060694217682
11.15,  0.9055071473121643,-0.02352805435657501, -0.0240093320608139, -0.4229974150657654, 0.04936714097857475, -0.7786316871643066,  0.4543390274047852
11.22,  0.9062996506690979,-0.01421617344021797,-0.02560446038842201, -0.4216198623180389, 0.04554396867752075, -0.7838141322135925,  0.4561996161937714
11.29,  0.9061115384101868,-0.00929613970220089,-0.02630882896482944,  -0.422117680311203, 0.04329844564199448, -0.7863152623176575,  0.4560398459434509
11.48,   0.9057655930519104,-0.001806747983209789, -0.02847933210432529,  -0.4228171110153198,  0.04087444394826889,  -0.7917452454566956,   0.4563856422901154
11.54,  0.9056732058525085,0.000912893854547292,-0.02866817824542522, -0.4230051636695862, 0.03835489228367805,   -0.79515540599823,  0.4580691456794739
11.61,  0.9051091074943542,0.005812579300254583,-0.03219573572278023, -0.4239188432693481, 0.03815331310033798, -0.7992075085639954,  0.4583337306976318
11.67,   0.904926598072052,0.008556324988603592,-0.03235030174255371, -0.4242500364780426, 0.03628931939601898, -0.8043116927146912,  0.4589929580688477
11.88,  0.9045065641403198, 0.01126114744693041,-0.03476903960108757, -0.4248908162117004, 0.03537038713693619, -0.8101338148117065,  0.4583375155925751
11.95,  0.9042453169822693, 0.01217716466635466,-0.03662213310599327, -0.4252656698226929, 0.03629960119724274, -0.8133872747421265,  0.4601161479949951
12.03,  0.9031276106834412, 0.01330958399921656,-0.03741343691945076, -0.4275320470333099,  0.0357954204082489, -0.8167454600334167,  0.4584439396858215
12.07,   0.902712881565094, 0.01330921426415443,-0.03899871185421944, -0.4282656013965607, 0.03684494271874428, -0.8206157088279724,  0.4598603844642639
12.18,  0.9021421670913696, 0.01450990233570337,-0.04163592681288719, -0.4291799962520599, 0.03739743307232857, -0.8287697434425354,  0.4611814320087433
12.26,  0.9014661908149719, 0.01492003258317709,-0.04141957312822342, -0.4306049048900604, 0.03732012584805489, -0.8337967395782471,  0.4613852798938751
12.32,  0.9011107087135315, 0.01571253873407841,-0.04131876304745674, -0.4313298165798187, 0.03764389082789421, -0.8380777835845947,  0.4619254469871521
12.39,  0.9007933139801025, 0.01564945094287395,-0.04218299314379692, -0.4319109916687012, 0.03971740230917931,  -0.842191755771637,  0.4621572196483612
12.52,  0.9010083079338074, 0.01529887784272432,-0.04119246453046799, -0.4315705895423889, 0.04046135395765305, -0.8470680117607117,  0.4629662930965424
12.59,  0.9017056226730347, 0.01458862703293562,-0.04062731936573982, -0.4301901459693909, 0.04281028732657433, -0.8558710813522339,  0.4629097580909729
12.66,  0.9020121097564697, 0.01316766534000635,-0.04060642421245575, -0.4295950531959534, 0.04376936703920364, -0.8604667782783508,  0.4635913372039795
12.72,   0.902692973613739, 0.01147920731455088,-0.04149226471781731, -0.4281261265277863, 0.04567110165953636, -0.8642860651016235,  0.4625757932662964
12.84,  0.9033073782920837,0.008149256929755211,-0.04165744036436081, -0.4268887341022491,  0.0474649965763092, -0.8690776824951172,  0.4629707932472229
12.91,   0.9036834239959717,-0.001629896345548332, -0.04049738124012947,  -0.4262787401676178,  0.05031974986195564,  -0.8763496279716492,   0.4638912677764893
12.98,   0.9032720327377319,-0.006527099758386612, -0.03892788663506508,  -0.4272489249706268,  0.05068330094218254,   -0.881603479385376,   0.4633404016494751
13.18,  0.9030426144599915,-0.01434798818081617,-0.03851588815450668, -0.4275800585746765, 0.05556453019380569, -0.8866521716117859,  0.4627128839492798
13.25,  0.9029402136802673,-0.02114937454462051,-0.03577792644500732, -0.4277518391609192, 0.06057733297348022, -0.8937157988548279,  0.4644892811775208
13.31,  0.9031254649162292,-0.02612625062465668,-0.03326736763119698, -0.4272881150245667, 0.06175884231925011, -0.8983882069587708,    0.46605584025383
13.52,  0.9026815295219421,-0.03820846229791641,-0.02795994281768799, -0.4276965856552124,  0.0662011131644249, -0.9050400257110596,  0.4671036601066589
13.59,  0.9020058512687683,-0.04375139623880386,-0.02586301974952221, -0.4287217557430267, 0.07016534358263016, -0.9057674407958984,  0.4647146463394165
13.66,  0.9015357494354248,-0.04996410757303238,-0.02341935597360134, -0.4291718304157257, 0.07251077890396118, -0.9092078804969788,  0.4666883647441864
13.73,  0.9006879329681396,-0.05463365465402603,-0.02166898548603058, -0.4304729104042053, 0.07584533840417862, -0.9114380478858948,  0.4660049080848694
13.87,  0.9002141952514648,-0.05834952369332314,-0.01916422508656979, -0.4310945272445679, 0.07876639813184738, -0.9151452779769897,  0.4669655859470367
13.93,  0.9001953601837158,-0.06502009928226471,-0.01357514318078756, -0.4303910434246063, 0.08679065108299255, -0.9200603365898132,  0.4655753970146179
14,  0.9002445340156555,-0.06797908246517181,-0.01021206006407738, -0.4299236238002777, 0.08963204920291901, -0.9233240485191345,  0.4652755558490753
14.14,   0.9001907706260681, -0.07500234246253967,-0.003429252188652754,  -0.4289749264717102,   0.0969887375831604,  -0.9277065992355347,   0.4645844399929047
14.27,  0.8995606303215027,-0.08577779680490494,0.001474263146519661, -0.4282880127429962,  0.1040656343102455, -0.9312365055084229,  0.4635047316551208
14.35,  0.8989830017089844,-0.09161961823701859,0.003596795490011573, -0.4282785654067993,  0.1064487025141716, -0.9342777729034424,  0.4639874398708344
14.48,  0.8973957896232605, -0.1031751409173012,0.008345335721969604, -0.4289126694202423,  0.1132676526904106, -0.9375406503677368,  0.4623884856700897
14.62, 0.8969201445579529,-0.1085990816354752,0.01214766129851341,  -0.42847740650177, 0.1151210889220238,-0.9406787753105164,  0.462927371263504
14.68, 0.8968802690505981,-0.1144674047827721,0.01455769967287779,-0.4269555807113647, 0.1190185472369194, -0.941374659538269, 0.4636326730251312
14.76, 0.8961506485939026,-0.1197607964277267,0.01757577992975712,-0.4269221127033234, 0.1212819516658783,-0.9421752095222473, 0.4620113968849182
14.82,  0.895499050617218,-0.1238595619797707,0.02041458711028099,-0.4269935190677643, 0.1240943521261215,-0.9438806176185608, 0.4621948897838593
14.89, 0.8936028480529785,-0.1352614313364029,0.02593409828841686,-0.4272068738937378, 0.1285365074872971,-0.9468086957931519, 0.4637021720409393
15.02, 0.8928654193878174,-0.1403033584356308,  0.028433658182621,-0.4269634485244751, 0.1314074546098709,-0.9453322887420654, 0.4620408415794373
15.16, 0.8905145525932312,-0.1516929119825363,0.03368206694722176,-0.4275962710380554, 0.1354115456342697,-0.9471701979637146, 0.4616846442222595
15.23, 0.8877653479576111,-0.1611502319574356,0.03883503377437592,-0.4294125735759735, 0.1385785341262817,-0.9486281871795654, 0.4626314342021942
15.37, 0.8865309953689575,-0.1657572239637375,0.04085524752736092, -0.430021196603775, 0.1405425369739532,-0.9507666826248169,     0.464111328125
15.49, 0.8841218948364258,-0.1762411892414093,0.04594868794083595,-0.4302978813648224, 0.1433491855859756,-0.9486284255981445, 0.4620140492916107
15.55, 0.8827229142189026,-0.1820195019245148, 0.0493483692407608,-0.4303880631923676, 0.1438280642032623,-0.9499613046646118, 0.4630356729030609
15.68, 0.8807941675186157,-0.1866745501756668,0.05275226011872292,-0.4319391250610352, 0.1446069180965424,-0.9482063055038452,  0.458845853805542
15.76, 0.8803571462631226,-0.1922774165868759,0.05539203807711601,-0.4300377368927002, 0.1459442675113678,-0.9518296122550964, 0.4649407565593719
15.82, 0.8784933686256409,  -0.19491246342659, 0.0593208409845829,-0.4321337044239044, 0.1475434154272079, -0.946160614490509, 0.4571667015552521
15.89, 0.8769887089729309,-0.2035389542579651,0.06475251168012619,-0.4304298460483551, 0.1490354090929031,-0.9488463997840881, 0.4600079655647278
15.96, 0.8756400942802429,-0.2106717526912689,0.06986512988805771,-0.4289413690567017, 0.1516936868429184,-0.9465859532356262, 0.4607426822185516
16.17, 0.8745877146720886,-0.2154238522052765,0.07125324010848999,-0.4284995496273041, 0.1540163904428482,-0.9441304802894592, 0.4577875137329102
16.22,  0.873236358165741,-0.2222743332386017,0.07921140640974045,-0.4263542592525482, 0.1528058648109436,-0.9449903964996338,  0.460842102766037
16.28,  0.872022807598114,-0.2249655872583389,0.08097562938928604,-0.4270944893360138, 0.1539216935634613,-0.9422629475593567, 0.4557707011699677
16.48, 0.8712570071220398,-0.2300881594419479,0.08524978160858154,-0.4250919222831726, 0.1546528488397598,-0.9402456283569336, 0.4567551910877228
16.55, 0.8705392479896545,-0.2378694862127304,0.09190068393945694, -0.420872688293457, 0.1533249467611313,-0.9396888613700867, 0.4615888893604279
16.69, 0.8692822456359863,-0.2404133528470993,0.09293431043624878,-0.4217973649501801, 0.1552942544221878,-0.9368361830711365, 0.4575535655021667
16.82, 0.8671489357948303,-0.2470182478427887,0.09493181109428406,-0.4219273328781128, 0.1537151634693146,-0.9342790842056274,   0.45791295170784
16.89, 0.8659968376159668,-0.2522717118263245,0.09734831750392914,-0.4206325709819794, 0.1548635214567184,-0.9302142262458801, 0.4573345482349396
17.02, 0.8650925755500793,-0.2558669149875641, 0.1002698838710785,-0.4196342527866364,  0.152695506811142,-0.9295687079429626, 0.4573446810245514
17.16, 0.8647438287734985,-0.2610802352428436, 0.1035270392894745,-0.4163380563259125, 0.1492176055908203,-0.9266310930252075, 0.4587181508541107
17.23, 0.8646683096885681,-0.2618449628353119, 0.1026049330830574,-0.4162428975105286, 0.1513159573078156,-0.9237797856330872, 0.4555141925811768
17.3, 0.8647667169570923,-0.2652838230133057, 0.1012213453650475,-0.4141947329044342, 0.1522229462862015,-0.9207692742347717, 0.4567984342575073
17.51, 0.8650285005569458,-0.2656060457229614, 0.1010445728898048,-0.4134841561317444, 0.1511353850364685,-0.9184301495552063, 0.4556587338447571
17.57, 0.8659222722053528, -0.263936460018158,0.09959021210670471,-0.4130350053310394, 0.1498918235301971,-0.9155362248420715, 0.4547772705554962
17.63, 0.8677721619606018,-0.2584957778453827, 0.0979578047990799,-0.4129838347434998, 0.1474854499101639, -0.912456750869751,  0.451702892780304
17.84, 0.8700701594352722,-0.2561892867088318,0.09461866319179535,-0.4103562533855438, 0.1497038155794144,-0.9099337458610535, 0.4532318711280823
17.91, 0.8716501593589783, -0.251311331987381,0.09402041882276535,-0.4101569950580597, 0.1453756093978882,-0.9052819609642029, 0.4513023197650909
17.97, 0.8728121519088745,-0.2482828795909882,0.09197761863470078,-0.4099934697151184, 0.1456694006919861,-0.9030748009681702, 0.4502311050891876
18.17, 0.8744848966598511,-0.2415926307439804, 0.0900517925620079,-0.4108525216579437,  0.141846165060997,-0.8983756303787231, 0.4489200115203857
18.25, 0.8759081959724426,-0.2385264039039612,0.08678247779607773,-0.4103154242038727, 0.1427677422761917,-0.8956220149993896, 0.4492727816104889
18.31, 0.8776764273643494,-0.2309983372688293,0.08275267481803894,-0.4116744995117188, 0.1398318409919739,-0.8905884623527527, 0.4470577239990234
18.51, 0.8803972601890564, -0.220658540725708,0.07964961230754852,-0.4121485650539398,  0.136354386806488,-0.8866838216781616, 0.4465485215187073
18.59, 0.8825559020042419,-0.2145181149244308,0.07594697177410126,-0.4114719331264496,  0.137758731842041, -0.883336067199707, 0.4457758665084839
18.65, 0.8858040571212769,-0.2035513818264008, 0.0720226988196373, -0.410768449306488, 0.1348147243261337,-0.8792538046836853, 0.4452121555805206
18.85, 0.8874326944351196,-0.1986337006092072,0.07086043804883957,-0.4098618030548096, 0.1330768167972565, -0.876918613910675, 0.4454412162303925
18.92, 0.8899587392807007,-0.1918759047985077,0.06749017536640167,-0.4081692695617676, 0.1303990930318832,-0.8724851608276367, 0.4449677169322968
18.99, 0.8908241391181946,-0.1894238889217377,0.06535130739212036,-0.4077746868133545, 0.1301046758890152,-0.8697248697280884, 0.4448944330215454
19.06, 0.8914361596107483,-0.1868617683649063,0.06362342834472656,-0.4078925251960754, 0.1298270523548126,-0.8672317266464233, 0.4444914162158966
19.12, 0.8913854360580444,-0.1834498941898346,0.06494678556919098, -0.409341037273407, 0.1260357201099396,-0.8660412430763245, 0.4440087676048279
19.27, 0.8920338749885559,-0.1788987070322037,0.06283523887395859,-0.4102713167667389, 0.1239464208483696,-0.8622912168502808, 0.4464585781097412
19.33, 0.8921536207199097,-0.1764505952596664,0.06122554466128349,-0.4113131463527679, 0.1241108179092407,-0.8598589301109314, 0.4455174505710602
19.4, 0.8924753665924072,-0.1742280274629593,0.05963888391852379,-0.4117955565452576, 0.1238291189074516, -0.858299195766449, 0.4462172091007233
19.45,  0.892555832862854,-0.1710726320743561,0.06018037348985672,-0.4128639101982117, 0.1214049309492111,-0.8564343452453613, 0.4464141726493835
19.58, 0.8930720686912537,-0.1678941696882248,0.05930154770612717, -0.413179337978363, 0.1211755946278572,-0.8544859290122986, 0.4476214051246643
19.65, 0.8935372233390808,-0.1624597012996674,0.05733708292245865,-0.4146209061145782, 0.1200544834136963,-0.8497816920280457, 0.4473528265953064
19.72, 0.8932944536209106,-0.1602873802185059,0.05616485700011253,-0.4161472022533417, 0.1191799342632294,-0.8483732938766479, 0.4482335448265076
19.79, 0.8926690816879272,-0.1567553579807281,0.05810545012354851,-0.4185610711574554, 0.1167494058609009,-0.8487130999565125, 0.4495839476585388
19.83, 0.8927233815193176,-0.1548959761857986,0.05699177086353302,-0.4192900359630585, 0.1177941039204597,-0.8466563820838928, 0.4504262208938599
19.97, 0.8930789828300476,-0.1517025381326675, 0.0579046905040741,-0.4195751845836639, 0.1157914996147156,-0.8470121622085571, 0.4534618556499481
20.04, 0.8926625847816467,-0.1455715447664261,0.05781786143779755,-0.4226340353488922, 0.1148394867777824,-0.8423421382904053, 0.4514530301094055
20.1, 0.8927521705627441,-0.1440735161304474,0.05686992034316063, -0.423086553812027,   0.11430424451828, -0.842025101184845, 0.4551402628421783
20.31, 0.8922610282897949,-0.1402340680360794, 0.0554492212831974,-0.4255937337875366, 0.1133968830108643,-0.8399240970611572, 0.4560146927833557
20.38, 0.8918591141700745,-0.1385446488857269, 0.0549490787088871,-0.4270518720149994, 0.1125354245305061, -0.839239239692688, 0.4559054970741272
20.45, 0.8919097781181335,-0.1383051872253418,0.05352919921278954,-0.4272039830684662, 0.1123691722750664,-0.8385165333747864, 0.4573921263217926
20.51, 0.8920511603355408,-0.1373397260904312,0.05300173908472061,-0.4272859692573547,  0.111163042485714,-0.8377680778503418, 0.4585542380809784
20.58, 0.8916922807693481,-0.1345034092664719, 0.0495792031288147,-0.4293432235717773, 0.1111981645226479,-0.8345242142677307, 0.4562845528125763
20.72,  0.892026424407959,-0.1326371431350708,0.04745282605290413,-0.4294700026512146, 0.1107190698385239,-0.8340932130813599, 0.4579881429672241
20.79, 0.8918449878692627,-0.1297175139188766,0.04687830060720444,-0.4307995736598969, 0.1086428761482239,-0.8340683579444885, 0.4577897191047668
20.85, 0.8921065926551819,-0.1275476515293121, 0.0444382019340992,-0.4311643242835999, 0.1079506874084473,-0.8328641057014465, 0.4575950503349304
20.92, 0.8924306631088257,-0.1248115450143814,0.04294083267450333,-0.4314460158348083, 0.1060202941298485,-0.8321548104286194, 0.4576739966869354
21.05, 0.8930990099906921,-0.1218458637595177,0.03768348321318626,-0.4314019680023193, 0.1038471385836601,-0.8318686485290527,  0.460429847240448
21.12, 0.8928250670433044,-0.1196287348866463,0.03339320793747902, -0.432940274477005, 0.1051574498414993, -0.830202579498291, 0.4579930007457733
21.26,  0.892909824848175,-0.1143955960869789,0.02734366990625858,-0.4346009492874146, 0.1028546988964081, -0.830977737903595, 0.4597447216510773
21.37, 0.8930731415748596,-0.1100172474980354,0.02427081018686295,-0.4355772137641907, 0.1033308506011963, -0.830228865146637,  0.458770751953125
21.45,   0.89354407787323,-0.1044036895036697,0.02139655686914921,-0.4361434280872345, 0.1034057587385178,-0.8317931890487671, 0.4591594636440277
21.51,  0.8941742777824402,-0.09829041361808777, 0.01825830712914467, -0.4364149570465088,  0.1047312989830971, -0.8313524723052979,  0.4574430584907532
21.58,  0.8955966830253601,-0.08526084572076797, 0.01415414456278086, -0.4363907277584076,  0.1056707724928856, -0.8351832032203674,  0.4583363234996796
21.65,  0.8959712386131287,-0.07995813339948654, 0.01062552258372307, -0.4367256760597229,  0.1074943318963051, -0.8364413380622864,  0.4590809941291809
21.79,  0.8958380818367004,-0.07453177124261856,0.008878965862095356, -0.4379957914352417,  0.1076436266303062, -0.8382794857025146,   0.459492027759552
21.86,  0.8953022360801697,-0.06905563920736313,0.005315435584634542, -0.4400419592857361,  0.1093558818101883, -0.8403696417808533,  0.4587030410766602
21.92,  0.8952378630638123,-0.06282887607812881, 0.00209901318885386, -0.4411318600177765,  0.1107680201530457, -0.8421109914779663,  0.4586172997951508
21.99,   0.8968057632446289, -0.04817508906126022,-0.005207808222621679,  -0.4397629797458649,   0.1136779338121414,   -0.847775936126709,   0.4589523673057556
22.12,   0.8977039456367493, -0.04111490398645401,-0.006473805289715528,  -0.4386289119720459,   0.1142414063215256,  -0.8510541915893555,   0.4602364599704742
22.27,   0.8978608846664429,   -0.027753671631217,-0.009354995563626289,  -0.4393040537834167,   0.1170854717493057,  -0.8565413355827332,   0.4596148133277893
22.31,  0.8979632258415222,-0.01793324202299118, -0.0158659927546978, -0.4394185841083527,  0.1180856451392174, -0.8616658449172974,  0.4602710008621216
22.45,  0.8978721499443054, -0.0134697649627924,-0.02003044262528419, -0.4395941197872162,  0.1201708689332008,  -0.864751398563385,  0.4596216082572937
22.58,   0.8977056741714478,-0.007767677307128906,  -0.0250433012843132,  -0.4398147463798523,   0.1197961270809174,  -0.8702547550201416,   0.4591362476348877
22.65,     0.89766526222229,-0.005299493670463562, -0.02882997319102287,  -0.4397019743919373,   0.1213426664471626,  -0.8726741671562195,   0.4597499072551727
22.72,  0.8979446291923523,-0.00127705093473196,-0.03482365980744362, -0.4387266635894775,  0.1208596676588058, -0.8783769607543945,  0.4578380584716797
22.93,   0.8981084823608398,0.0001085693875211291, -0.03817286342382431,  -0.4381141364574432,   0.1212574243545532,  -0.8809717297554016,   0.4574008285999298
22.97,  0.8989790678024292,0.001325263874605298,-0.04492039605975151, -0.4356800019741058,  0.1213488876819611, -0.8856029510498047,  0.4549408257007599
23.05,   0.9002217650413513,0.0002161449665436521, -0.04963136836886406,  -0.4325938820838928,   0.1219869256019592,  -0.8876113295555115,   0.4546657204627991
23.23,    0.900873601436615,-0.002543064532801509, -0.05293728411197662,  -0.4308340549468994,   0.1214525625109673,  -0.8907762765884399,   0.4524409472942352
23.3,   0.9006702899932861,-0.006714520510286093, -0.05114967003464699,  -0.4314298033714294,   0.1206529811024666,   -0.894672691822052,   0.4521796405315399
23.36,    0.90085768699646,-0.00931885838508606,-0.04955524951219559, -0.4311761260032654,  0.1202441826462746, -0.8971809148788452,  0.4524599015712738
23.43,  0.9008322954177856,-0.01236974727362394,   -0.04931615665555, -0.4311798214912415,  0.1205254048109055, -0.8975357413291931,  0.4514663517475128
23.65,  0.9009699821472168,-0.01855244487524033,-0.04928557574748993, -0.4306736588478088,  0.1196164712309837, -0.9012545943260193,  0.4510536193847656
23.71,  0.9014992117881775,-0.02714185230433941,-0.04571668803691864, -0.4295026361942291,  0.1182135418057442, -0.9045702219009399,  0.4518007934093475
23.78,  0.9021077156066895,-0.03083560429513454,-0.04342542216181755, -0.4282114505767822,  0.1184044554829597, -0.9065644145011902,  0.4525950253009796
23.97,  0.9037643671035767,-0.03986915200948715,-0.03565741330385208, -0.4246750771999359,  0.1170852184295654, -0.9094927310943604,  0.4515734910964966
24.03,  0.9062387943267822,-0.05216193199157715,-0.02694831416010857, -0.4186695516109467,  0.1161319762468338, -0.9127885699272156,  0.4503584802150726
24.1,  0.9070854783058167,-0.06037222966551781, -0.0248879361897707, -0.4158506095409393,  0.1169278249144554, -0.9140366315841675,  0.4506337344646454
24.29,  0.9061005711555481,-0.07728199660778046,-0.01773010939359665, -0.4155657291412354,  0.1148286014795303, -0.9188129901885986,  0.4496807754039764
24.35,  0.9054601192474365,-0.08597604930400848,-0.01504301838576794, -0.4153598845005035,  0.1142051666975021, -0.9198607802391052,  0.4504559636116028
24.42,  0.9047662019729614,-0.09273292869329453,-0.01290198508650064, -0.4154903888702393,  0.1136183217167854, -0.9215133786201477,  0.4494330883026123
24.49,  0.9049571752548218,-0.09973274171352386,-0.01008766237646341, -0.4135263860225677,  0.1119691208004951, -0.9248731732368469,  0.4501009285449982
24.63,   0.9048322439193726,  -0.1057723835110664,-0.007327000610530376,  -0.4123555719852448,   0.1118860617280006,   -0.927234947681427,   0.4485524594783783
24.69,     0.903454065322876,   -0.1198477670550346,-0.0004100882797501981,   -0.4115909934043884,    0.1092268526554108,   -0.9316821098327637,    0.4502358436584473
24.77,  0.9020840525627136,  -0.126038447022438,0.001284202327951789, -0.4127433300018311,  0.1094728335738182, -0.9339612722396851,  0.4508059024810791
24.9,  0.8989567160606384, -0.1357947587966919,0.006451830267906189, -0.4164072573184967,  0.1085156500339508, -0.9349773526191711,  0.4497671723365784
25.04, 0.8968582153320312,-0.1422030478715897,0.01256638579070568,-0.4186474680900574, 0.1084561049938202,-0.9376970529556274, 0.4512098729610443
25.1, 0.8956645131111145,-0.1462887525558472,0.01569258794188499,-0.4196884334087372, 0.1079303771257401,-0.9422261714935303, 0.4537166655063629
25.24, 0.8921247124671936,-0.1559667140245438,0.01943457126617432,-0.4235683977603912, 0.1082312166690826,-0.9436758160591125, 0.4542234241962433
25.38, 0.8898229002952576,-0.1614821404218674,0.02211334742605686,-0.4262038171291351, 0.1075614020228386,-0.9446766376495361, 0.4545359015464783
25.45, 0.8874968290328979,-0.1674120724201202,0.02267182245850563,-0.4287290871143341, 0.1095858588814735,-0.9417758584022522, 0.4514409601688385
25.51, 0.8857315182685852,-0.1723280847072601,0.02735127136111259,-0.4301564991474152, 0.1075311452150345,-0.9501836895942688, 0.4593909978866577
25.58, 0.8836387395858765,-0.1778722256422043,0.02942298911511898,-0.4320628643035889,  0.109260268509388,-0.9456944465637207, 0.4554668366909027
25.72, 0.8804861307144165,-0.1898660510778427,0.03170697391033173,-0.4332317113876343, 0.1138635650277138,-0.9445778727531433, 0.4525964558124542
25.77, 0.8785499930381775, -0.195564329624176,0.03550506755709648,-0.4343315064907074, 0.1138459369540215,-0.9457257390022278, 0.4530109465122223
25.84, 0.8768187761306763,-0.2016173601150513,0.03807336837053299,-0.4348444044589996,  0.115902952849865,-0.9459158182144165, 0.4530515372753143
25.9, 0.8751112818717957,-0.2087679803371429,0.03831274807453156,-0.4348888099193573, 0.1188386902213097,-0.9465261697769165, 0.4535366892814636
26.04, 0.8703898787498474,-0.2179522067308426,0.04575018584728241,-0.4391187131404877, 0.1192847490310669,-0.9481770396232605, 0.4531175792217255
26.11,  0.868941068649292,-0.2227201163768768,0.04691413044929504,-0.4394726753234863, 0.1214098930358887,-0.9492385983467102, 0.4547290205955505
26.25, 0.8675966858863831,-0.2274434119462967,0.04930602014064789,-0.4394477903842926, 0.1239633858203888,-0.9501842260360718,  0.456461489200592
26.38, 0.8676335215568542,-0.2266207635402679,0.04760996252298355,-0.4399868249893188, 0.1271864175796509,-0.9503166675567627, 0.4552111625671387
26.45, 0.8680848479270935,-0.2242641746997833,0.04784010723233223,-0.4402789771556854, 0.1280536204576492,-0.9514328241348267, 0.4558633267879486
26.52, 0.8690658211708069,-0.2200505137443542,0.04646005854010582, -0.440617561340332, 0.1319873631000519,-0.9514009356498718, 0.4554996192455292
26.59, 0.8716693520545959,-0.2092838436365128,0.04682587087154388, -0.440681517124176, 0.1349048465490341,-0.9523975253105164, 0.4564274549484253
26.65, 0.8731364607810974,-0.2031851708889008,0.04624274745583534,-0.4406927824020386, 0.1354396194219589,-0.9538322687149048, 0.4565735459327698
26.8, 0.8749185800552368,-0.1966046243906021,0.04357995092868805,-0.4404144287109375, 0.1367859691381454,-0.9545013904571533, 0.4557472467422485
26.87, 0.8769029974937439,-0.1900829672813416,0.04080481827259064,-0.4395959079265594, 0.1388590186834335,-0.9537211656570435, 0.4547612369060516
26.93, 0.8791921734809875,-0.1843136996030807,0.03766370564699173,-0.4377568364143372, 0.1416472196578979,-0.9535356760025024, 0.4557428359985352
27, 0.8822485208511353,-0.1710078716278076, 0.0335613451898098,-0.4373414218425751, 0.1439555883407593,-0.9535748362541199, 0.4548774659633636
27.14, 0.8840113282203674, -0.164800614118576,0.03102226555347443,-0.4363511502742767, 0.1450458765029907,-0.9539951682090759, 0.4569946229457855
27.19, 0.8854072093963623,-0.1578496098518372,0.02829081378877163,-0.4362764954566956, 0.1462522447109222,-0.9532691240310669, 0.4562684893608093
27.26, 0.8862162828445435,-0.1516954004764557,0.02535142563283443,-0.4369971454143524, 0.1473369300365448,-0.9522110223770142,  0.455201655626297
27.39, 0.8884963393211365,-0.1385950744152069,0.01822358183562756, -0.437073826789856, 0.1502425819635391,-0.9506597518920898, 0.4555822610855103
27.46, 0.8895933628082275,-0.1325213462114334,0.01531287096440792,-0.4368377327919006, 0.1491276174783707, -0.949591338634491, 0.4560057818889618
27.53, 0.8907427787780762,-0.1242088004946709,0.01268035732209682,-0.4370225071907043, 0.1485487222671509,-0.9509266018867493, 0.4563044309616089
27.6,  0.8919290900230408, -0.1173165664076805,0.007474318146705627, -0.4366273581981659,  0.1506364494562149,  -0.950641393661499,  0.4570539891719818
27.65,    0.893120288848877,  -0.1038729771971703,0.0004088229907210916,  -0.4376600980758667,   0.1506592631340027,  -0.9503662586212158,   0.4570052623748779
27.78,   0.8935028910636902, -0.09740167111158371,-0.004910697229206562,  -0.4383392930030823,   0.1526447832584381,  -0.9482961893081665,    0.456556648015976
27.92,  0.8940187096595764,-0.08344683796167374,-0.01287682633846998, -0.4400015473365784,  0.1522587984800339, -0.9466972947120667,  0.4573546946048737
28.06,   0.893576979637146, -0.0768960639834404,-0.01746245287358761, -0.4419300854206085,  0.1528000980615616, -0.9460165500640869,  0.4556547999382019
28.12,  0.8937305808067322,-0.06934835761785507,-0.02196278423070908, -0.4426669776439667,  0.1537219732999802, -0.9445469975471497,  0.4562692642211914
28.2,  0.8938955068588257,-0.06195015832781792,-0.02550495788455009, -0.4432408809661865,  0.1533213257789612, -0.9443026185035706,  0.4564633965492249
28.26,  0.8943494558334351,-0.04702791944146156,-0.03091528825461864, -0.4438149333000183,  0.1529870480298996, -0.9441282749176025,  0.4572383463382721
28.32,    0.89456707239151,-0.03875569254159927,-0.03368515521287918, -0.4439741969108582,  0.1530387848615646, -0.9435696005821228,  0.4563913345336914
28.46,  0.8948231935501099,-0.02984712645411491,-0.03771096840500832, -0.4438225328922272,  0.1541214138269424, -0.9420937895774841,   0.455951601266861
28.53,  0.8946907520294189,-0.02120556496083736,-0.04090910032391548, -0.4443031251430511,  0.1542077511548996, -0.9424654841423035,  0.4570011496543884
28.6,  0.8941968679428101,-0.01348286401480436,-0.04376887530088425, -0.4453251361846924,  0.1545906066894531,  -0.941959023475647,  0.4555779695510864
28.68,  0.8936142325401306,0.002347876550629735,-0.04947294667363167,  -0.446094810962677,   0.155305340886116, -0.9421082139015198,   0.454487144947052
28.81,  0.8933048248291016,0.009151674807071686,-0.05233762785792351,  -0.446299821138382,  0.1559907644987106, -0.9415180087089539,  0.4542904198169708
28.95,  0.8923608064651489, 0.02270742878317833,-0.05698433890938759, -0.4471345841884613,  0.1559751331806183, -0.9427021145820618,  0.4549115300178528
29,  0.8913253545761108, 0.02859744802117348,-0.05978303402662277, -0.4484944939613342,  0.1563044637441635, -0.9422788619995117,  0.4542829692363739
29.13,  0.8902410864830017, 0.03393976390361786,-0.06281478703022003,  -0.449859082698822,  0.1559718549251556, -0.9422499537467957,  0.4539595246315002
29.2, 0.8889453411102295,0.03905979543924332,-0.0676337406039238,-0.4513049721717834, 0.1570152938365936,-0.9408618807792664, 0.4532981514930725
29.27,  0.8877919316291809, 0.04929125681519508,-0.07357023656368256, -0.4516451060771942,  0.1571948677301407, -0.9410375356674194,  0.4541484713554382
29.33,  0.8875980377197266,  0.0550478920340538,-0.07485680282115936,  -0.451149582862854,  0.1568184792995453, -0.9426287412643433,  0.4541614651679993
29.41,  0.8872274160385132, 0.06051796302199364,-0.07667401432991028, -0.4508727490901947,  0.1570138186216354, -0.9428280591964722,   0.454876035451889
29.47,   0.886200487613678, 0.06620238721370697,-0.07884661108255386, -0.4517179429531097,  0.1562798768281937, -0.9440141320228577,  0.4552490711212158
29.55,  0.8847984075546265, 0.07270310819149017,-0.08258923888206482, -0.4527969062328339,  0.1573776751756668, -0.9443187117576599,  0.4554881155490875
29.68,  0.8823742270469666, 0.08348116278648376,-0.08810944110155106, -0.4546243846416473,  0.1562271863222122, -0.9440760016441345,  0.4548861980438232
29.73,  0.8817843794822693, 0.08832238614559174,-0.09027798473834991,  -0.454428642988205,  0.1556237190961838, -0.9449737071990967,  0.4569769203662872
29.93, 0.8792111873626709,0.09595395624637604,-0.0942104309797287,-0.4570611417293549, 0.1557253152132034,-0.9435135722160339, 0.4559239745140076
30,   0.876701831817627,  0.1016165539622307,-0.09906313568353653, -0.4596242904663086,    0.15494504570961, -0.9449952840805054,  0.4562285244464874
30.05, 0.8755300045013428, 0.1044885069131851,-0.1011388972401619,-0.4607605338096619, 0.1540098041296005,-0.9451569318771362,  0.456304669380188
30.23, 0.8739483952522278, 0.1086932420730591,-0.1043451726436615,-0.4620736539363861, 0.1536604315042496,-0.9455701112747192, 0.4571563303470612
30.3,  0.873512864112854, 0.1106134727597237,-0.1043245792388916,-0.4624459743499756, 0.1527896374464035,-0.9460020065307617, 0.4577614068984985
30.37, 0.8725086450576782, 0.1154463291168213, -0.103544220328331,-0.4633350968360901, 0.1538635492324829,-0.9460602402687073, 0.4578177034854889
30.44, 0.8723106384277344, 0.1176469922065735,-0.1021319702267647,-0.4634677767753601, 0.1540105491876602,-0.9467501044273376,  0.457643985748291
30.65,  0.8722695112228394,  0.1159282848238945,-0.09875539690256119, -0.4647084474563599,  0.1535866409540176, -0.9474757313728333,  0.4580574333667755
30.71,  0.8727964162826538,  0.1072675213217735,-0.09374330937862396, -0.4668322205543518,  0.1535369753837585,  -0.949545681476593,  0.4582670927047729
30.79,  0.8734304904937744,  0.1007496491074562,-0.09097275137901306, -0.4676458835601807,  0.1532072722911835, -0.9488036632537842,  0.4579885303974152
30.97,  0.8739537596702576, 0.08656729012727737,-0.08604969829320908, -0.4704320728778839,  0.1543941348791122, -0.9492139220237732,  0.4582281410694122
31.03,  0.8744891285896301, 0.07931292802095413,-0.08264829963445663, -0.4713252186775208,  0.1545087099075317, -0.9484292268753052,  0.4574411511421204
31.11,  0.8752131462097168,  0.0727553516626358,-0.07796733826398849, -0.4718364775180817,  0.1539380699396133, -0.9495015144348145,  0.4575369954109192
31.15,  0.8763665556907654, 0.06455353647470474,-0.07498219609260559, -0.4713726341724396,  0.1551660001277924, -0.9483948349952698,  0.4572595953941345
31.28,  0.8772238492965698, 0.05678923428058624,-0.07050920277833939, -0.4714676737785339,  0.1536415666341782, -0.9495936036109924,  0.4564442038536072
31.35,  0.8789359331130981, 0.03973749652504921,-0.06417280435562134,  -0.470929354429245,   0.154785230755806, -0.9490675330162048,  0.4554390013217926
31.42,  0.8798326253890991, 0.03116920404136181,-0.06113452464342117, -0.4703036844730377,  0.1560449600219727,  -0.948095977306366,  0.4543984532356262
31.55,   0.882252037525177, 0.01138406340032816,-0.05337249487638474, -0.4676035344600677,  0.1552119702100754, -0.9504414796829224,  0.4553035497665405
31.69,  0.8831502199172974,-0.01017168629914522,-0.04731373861432076, -0.4665872156620026,  0.1543217450380325, -0.9485594034194946,   0.454369992017746
31.76,  0.8837850093841553,-0.02002666518092155,-0.04473001137375832, -0.4653195142745972,  0.1536827385425568,  -0.949252724647522,  0.4550587236881256
31.9,  0.8836175203323364,-0.03649557754397392,-0.04061515629291534, -0.4650145471096039,  0.1533548086881638, -0.9483307600021362,  0.4527179896831512
32.02,  0.8840702772140503,-0.04495693743228912,-0.03878515586256981, -0.4635669887065887,  0.1528773009777069,  -0.947579026222229,  0.4528363943099976
32.08,  0.8843177556991577,-0.05198992788791656, -0.0362517423927784, -0.4625634551048279,  0.1526596546173096, -0.9489148855209351,  0.4538004100322723
32.22,  0.8849191069602966,-0.06439857184886932,-0.02940166927874088, -0.4603330194950104,  0.1507910043001175, -0.9493752121925354,  0.4547774791717529
32.29,  0.8856874704360962,-0.07759848982095718,-0.02340949699282646,  -0.457152247428894,  0.1515727043151855, -0.9474549293518066,   0.453569084405899
32.42,  0.8859196305274963,-0.08537060022354126, -0.0207318402826786, -0.4554431736469269,  0.1517862677574158, -0.9468972086906433,  0.4536468088626862
32.56,  0.8855015635490417, -0.0985238328576088,-0.01506139244884253, -0.4538206458091736,  0.1514255702495575, -0.9479928612709045,  0.4544167816638947
32.63,  0.8849542737007141, -0.1050924435257912,-0.01235282421112061, -0.4534963369369507,   0.151107132434845, -0.9466183185577393,  0.4532055258750916
32.75,   0.8844001889228821,  -0.1114582493901253,-0.009017272852361202,   -0.453135758638382,   0.1511249095201492,   -0.946314811706543,    0.453475296497345
32.81,   0.8840513825416565,  -0.1176816076040268,-0.005607616156339645,  -0.4522972404956818,   0.1518369168043137,  -0.9476892352104187,   0.4553457200527191
32.88,   0.8831647634506226,  -0.1243815422058105,-0.001359214656986296,  -0.4522691965103149,   0.1512625217437744,  -0.9462413191795349,   0.4534600973129272
32.93,   0.881636381149292, -0.1354005336761475,0.007420682813972235, -0.4520276188850403,  0.1524163037538528, -0.9473921060562134,  0.4554103910923004
32.98,  0.879953920841217,-0.1480866521596909,0.01261380780488253, -0.451212078332901, 0.1555613279342651,-0.9452331066131592, 0.4550154507160187
33.18, 0.8786988854408264,-0.1524487733840942,0.01770033314824104, -0.452033519744873, 0.1543858796358109,-0.9465076327323914, 0.4550893604755402
33.25, 0.8759179711341858,-0.1633701473474503,0.02224802039563656,-0.4534125626087189, 0.1562483757734299,-0.9427090287208557, 0.4520900547504425
33.32,  0.874386191368103,-0.1692116409540176,0.02494767680764198, -0.454085648059845, 0.1585217863321304,-0.9422688484191895, 0.4529381394386292
33.39, 0.8727774620056152,-0.1741489917039871,0.02999618649482727,-0.4550075232982635,  0.157916784286499,-0.9424301981925964, 0.4530541002750397
33.45, 0.8715319037437439,-0.1789874583482742, 0.0315694697201252,-0.4554107785224915, 0.1598473936319351,-0.9424591660499573, 0.4526866972446442
33.57, 0.8703217506408691,  -0.18289814889431, 0.0323747992515564, -0.456114262342453, 0.1604395359754562,-0.9434487819671631,  0.453385204076767
33.64,  0.869387149810791,-0.1844315081834793,0.03007472865283489, -0.457434743642807, 0.1612755209207535,-0.9428583383560181, 0.4532472491264343
33.69, 0.8693862557411194,-0.1822315901517868,0.02792430855333805,-0.4584532678127289, 0.1621507108211517,-0.9437639713287354, 0.4527787268161774
33.82,  0.869905948638916,-0.1754154860973358,0.02322123013436794,-0.4603844583034515,  0.164333239197731,-0.9419288635253906, 0.4525465965270996
33.96, 0.8704769015312195,-0.1697151213884354, 0.0217070709913969,-0.4615143537521362, 0.1646768599748611,-0.9437156915664673, 0.4532556533813477
34.01,  0.871978223323822,-0.1651767492294312,0.02291448973119259,-0.4602668285369873, 0.1628313958644867,-0.9430662989616394, 0.4531997442245483
34.08, 0.8750579953193665,-0.1621629893779755, 0.0197707898914814,-0.4556158781051636, 0.1635075658559799,-0.9440845251083374, 0.4560973644256592
34.12, 0.8759074211120605,-0.1580687612295151,0.02048293873667717,-0.4553909599781036, 0.1640880554914474,-0.9433246254920959,  0.454228937625885
34.26, 0.8752596974372864,-0.1492386907339096, 0.0131295807659626,-0.4598650336265564, 0.1639449596405029,-0.9418614506721497, 0.4563442170619965
34.33, 0.8759657740592957,-0.1440581977367401,0.01060488820075989,-0.4602376520633698, 0.1648562550544739,-0.9409200549125671, 0.4570588171482086
34.4,  0.8780835270881653, -0.1376431733369827,0.008712747134268284, -0.4582005143165588,  0.1635191589593887, -0.9409322142601013,   0.458238959312439
34.45, 0.8769509792327881,-0.1325964778661728,0.01060367189347744,-0.4618037641048431, 0.1631859838962555,-0.9397385120391846, 0.4571191072463989
34.58, 0.8775047659873962,-0.1270466297864914,0.00621892511844635,-0.4623914361000061, 0.1604252308607101,-0.9402778148651123, 0.4597947597503662
34.66,  0.8781549334526062, -0.1190042197704315,0.003849436296150088, -0.4633218050003052,  0.1620450764894485,   -0.94064861536026,  0.4609655737876892
34.72,  0.8809455633163452, -0.1119858473539352,0.006665721535682678, -0.4597277641296387,  0.1620577275753021, -0.9410340785980225,  0.4623956382274628
34.79,   0.8841188549995422, -0.09341126680374146,-0.002221857430413365,  -0.4578244686126709,   0.1626674681901932,  -0.9385453462600708,   0.4611228108406067
34.92,   0.8860819935798645, -0.08758323639631271,-0.003457176499068737,  -0.4551658630371094,   0.1630205512046814,   -0.937474250793457,   0.4617373645305634
35,   0.8864330649375916, -0.07814974337816238,-0.005244410131126642,   -0.456181526184082,   0.1625852137804031,  -0.9372159242630005,   0.4615873992443085
35.06,   0.8867398500442505, -0.07237610220909119,-0.001263802754692733,  -0.4565660059452057,   0.1640730351209641,  -0.9368997812271118,   0.4616666734218597
35.12,  0.8890659809112549,-0.06980562955141068,-0.01313084457069635, -0.4522348940372467,  0.1620915532112122, -0.9368613958358765,  0.4613430202007294
35.19,  0.8897083401679993,-0.05472935363650322,-0.01800846308469772, -0.4528790712356567,  0.1635740846395493, -0.9350025057792664,  0.4608199596405029
35.33,  0.8909575343132019,-0.05222334340214729,-0.02318745478987694, -0.4504771828651428,  0.1629342436790466, -0.9353401064872742,  0.4623467922210693
35.4,  0.8897517919540405,-0.04933728277683258,-0.01607099547982216, -0.4534857571125031,  0.1637982428073883, -0.9346703886985779,  0.4611858427524567
35.44,  0.8919464349746704,-0.04899187013506889,-0.01969495415687561, -0.4490472674369812,  0.1640953570604324,  -0.934737503528595,  0.4629167914390564
35.51,  0.8920632004737854,-0.03950874507427216,-0.02519480884075165, -0.4494747519493103,  0.1647997349500656, -0.9334518313407898,  0.4611801207065582
35.65,  0.8928505778312683,-0.03255879133939743,-0.03334986418485641, -0.4479347467422485,  0.1653372198343277, -0.9336341619491577,  0.4614181816577911
35.78,  0.8908923268318176,-0.02205731347203255,-0.02856961265206337, -0.4527782201766968,   0.166933611035347, -0.9325910806655884,   0.461739182472229
35.85,  0.8915702700614929,-0.02006602473556995,-0.03584162518382072, -0.4510157704353333,  0.1662322282791138, -0.9333181977272034,  0.4622107446193695
35.98,  0.8894726037979126,-0.01602058298885822,-0.03405901789665222, -0.4554358422756195,   0.167832538485527, -0.9321476817131042,  0.4627011120319366
36.04,  0.8882377147674561,-0.01314353849738836,-0.04159212484955788, -0.4573085010051727,  0.1664230078458786,   -0.93325275182724,  0.4640898406505585
36.12,   0.8839503526687622,-0.002526676282286644,  -0.0448002889752388,  -0.4654226899147034,   0.1688371300697327,  -0.9309170842170715,   0.4621967375278473
36.18,  0.8844878077507019,0.001471171621233225,-0.05299150943756104, -0.4635418951511383,   0.169995129108429, -0.9305979609489441,  0.4625670909881592
36.26,  0.8849554061889648,0.005393513012677431,-0.04923031851649284, -0.4630347788333893,  0.1704772114753723, -0.9317176342010498,  0.4646363258361816
36.42,  0.8818784356117249,  0.0123050706461072,-0.04744480177760124, -0.4689221978187561,  0.1724538207054138, -0.9306848645210266,  0.4646344780921936
36.49,  0.8784418106079102, 0.01337957009673119,-0.06124669685959816, -0.4737191796302795,  0.1721880435943604, -0.9320381879806519,  0.4647009372711182
36.53, 0.8765555024147034, 0.0137433847412467,-0.0503031425178051,-0.4784674942493439, 0.1735735386610031,-0.9318031072616577, 0.4656718969345093
36.6,  0.8757532835006714, 0.01007906626909971,-0.06067812815308571, -0.4788243472576141,  0.1718269437551498, -0.9340763688087463,  0.4671924710273743
36.8,  0.8728820085525513, 0.01562409661710262,-0.05349203199148178, -0.4847385585308075,   0.175092875957489, -0.9337372779846191,  0.4647651016712189
36.86,  0.8772479295730591, 0.01370068453252316,-0.05937498807907104, -0.4761543273925781,  0.1748624891042709, -0.9374423027038574,  0.4672811031341553
36.93,  0.8714200258255005, 0.01631380245089531,-0.04644295945763588, -0.4880614578723907,  0.1783302277326584, -0.9362099766731262,  0.4674098491668701
37.14,  0.873304009437561,0.01542667392641306,-0.0467212051153183,-0.4846847057342529, 0.1800318211317062,-0.9375622272491455, 0.4677577316761017
37.21,  0.8695499897003174, 0.01284362096339464,-0.03878411278128624,  -0.492152065038681,  0.1819876879453659, -0.9375600218772888,  0.4670665264129639
37.27,  0.8738619685173035,0.007786436472088099, -0.0436236672103405, -0.4841504395008087,  0.1834241151809692, -0.9378531575202942,  0.4687240421772003
37.35,  0.8749978542327881,0.007716306485235691,-0.04843837022781372, -0.4816356897354126,  0.1836973279714584, -0.9410822987556458,  0.4699302315711975
37.48,  0.8801314830780029,0.004478203598409891,-0.04815328121185303, -0.4722603261470795,  0.1864530593156815, -0.9458663463592529,  0.4672658741474152
37.62,  0.8759818077087402,0.009967675432562828,-0.04411423951387405, -0.4802191853523254,  0.1908815056085587, -0.9395414590835571,  0.4640940129756927
37.82,  0.8733874559402466,0.009647536091506481, -0.0460403747856617, -0.4847489297389984,  0.1906119585037231, -0.9451862573623657,  0.4689507186412811
37.95,  0.8787327408790588,0.005269079469144344,-0.04604633152484894, -0.4750586748123169,  0.1905872076749802, -0.9483711719512939,  0.4675443172454834
38.09,  0.8728684782981873,0.006118281278759241,-0.04036251083016396, -0.4862448871135712,  0.1892766952514648, -0.9449145197868347,  0.4674259722232819
38.23,  0.8762810826301575, 0.01035288907587528,-0.04506507515907288, -0.4795762300491333,  0.1917635202407837, -0.9487172365188599,  0.4676113128662109
38.42,  0.8819582462310791,  0.0127619756385684,-0.04355137422680855,  -0.469137579202652,  0.1924023628234863,  -0.950922966003418,  0.4691360890865326
38.48,  0.8716740012168884,  0.0111670782789588,-0.03407591581344604, -0.4887725114822388,   0.192604199051857, -0.9504091143608093,  0.4663356840610504
38.6,  0.8818115592002869, 0.00443412596359849,-0.03598497062921524,  -0.470206081867218,  0.1969880610704422, -0.9470106363296509,  0.4663417935371399
38.8,   0.8759404420852661,-0.005051228683441877, -0.03180113807320595,  -0.4813434779644012,   0.1931375116109848,  -0.9516193270683289,   0.4645732045173645
38.87,  0.8737167716026306,-0.01017469447106123,-0.02251236699521542, -0.4858072102069855,  0.1953494548797607,  -0.951630711555481,  0.4669458866119385
39.06,  0.8764107823371887,-0.01588195562362671,-0.02486645802855492,  -0.480659544467926,  0.1954739391803741, -0.9534181356430054,  0.4675638675689697
39.18,  0.8715941905975342, -0.0181109830737114,-0.01333897933363914, -0.4897118210792542,  0.1977999806404114,  -0.952761709690094,  0.4687645733356476
39.24,  0.8720775842666626,-0.01112339552491903,-0.01757880859076977, -0.4889253079891205,  0.1989764422178268, -0.9529901146888733,  0.4671132564544678
39.45,  0.8787409067153931,-0.01171201467514038,-0.02380990236997604, -0.4765609502792358,  0.1992055922746658, -0.9538034200668335,  0.4683434367179871
39.56,  0.8689936995506287,-0.01041457243263721,-0.02671108767390251,  -0.493991881608963,  0.1994109302759171, -0.9525412917137146,  0.4660967588424683
39.7,  0.8791919946670532,-0.01136930845677853,-0.03555766120553017, -0.4750029444694519,  0.1971842050552368, -0.9540666341781616,  0.4673691689968109
39.82,  0.8727719783782959,-0.01526330690830946,-0.03873486444354057,   -0.48634934425354,  0.1956323832273483, -0.9536518454551697,  0.4685049057006836
39.98,  0.8781984448432922,-0.01027901004999876,-0.04997657984495163, -0.4755671620368958,  0.1949112117290497, -0.9529625773429871,  0.4647140800952911
