time,accX,accY,accZ,wRoll,wPitch,wYaw,Pa
0.09,         -0.28411,           0.3768,-9.93220955354043,                0,                0,                0,100014.4140867553
0.13,  -0.2841099999286559,   0.3767999999815612,   -9.927398201789234,  0.01707588366365536,1.218512982613506e-06,  0.07222051858236106,    100014.2997086315
0.17, -0.2841100005753435,  0.3767999940602434,  -9.922004843965407,0.001125098159748141, 0.03256091337241489, 0.08434394150381082,   100014.6628804619
0.21, -0.2841100108632833,  0.3767999838590279,  -9.914862115047194,-0.05041849450797948,  0.0534592759441769,  0.1147823864108073,   100014.5200584651
0.25,-0.2841100127629124, 0.3767999899288405, -9.910146073302554,-0.0412599444369898,0.02368137098245361,  0.148832944924543,  100014.5641081981
0.28, -0.2841100074383438,  0.3767999932896738,  -9.903432243359413,-0.02335377019104791, 0.01920605994761587,  0.1554638379450695,   100014.3858863614
0.31,  -0.2841100028475112,    0.376799999885043,     -9.8964484675127,-0.004405235484495381, 0.002402664315865218,   0.1286419640046887,    100014.5486443097
0.35, -0.2841099998459312,  0.3768000036088085,  -9.890226090520589, 0.01452143429702014,-0.01605957972017504,  0.1093546240462605,   100014.5757197296
0.39, -0.2841099961727296,  0.3768000038808466,  -9.885810780329379,  0.0492654491078298,-0.01867668305808056, 0.07750149043892958,   100014.3548989749
0.41,  -0.2841099953778286,   0.3768000020267258,   -9.881846373119233,  0.07020278151508393,-0.003079612062258152,  0.05725558475597155,    100014.5426206258
0.44,   -0.2841099919110072,    0.3768000013774179,    -9.878073445735891,   0.05728435773417231,-0.0006975467314422075,    0.1095362338063536,     100014.6245018873
0.48,   -0.2841099870478069,    0.3768000009100683,    -9.877344314827006,   0.07105866721965577,-0.0002859579939336038,    0.1337744013111191,     100014.8419112231
0.52,   -0.2841099928836693,    0.3767999986959428,    -9.876606165407988,   0.04142089726439475,-0.0002394027021150016,    0.1244281232554891,     100014.9792142241
0.59,-0.2841099962471428, 0.3767999950507915, -9.875519332814847,0.02122007005401565,0.03114349009632597,0.09451677731277751,  100014.9752564489
0.66,-0.2841099991770688, 0.3767999990411581, -9.877117921920549,0.01818463230312604,0.03566525519410581,0.03245951203003017,  100014.5634541251
0.72, -0.2841099997889796,  0.3768000020853844,  -9.876303845904511,0.002084140507010549, 0.06747316210441065,-0.02176932020409762,    100014.693057005
0.79,   -0.2841099969671737,    0.3768000003750435,    -9.875981605497616,-0.0003334573966147768,   0.02521294326605258,  -0.06046808614858926,      100015.033968854
0.85,   -0.2841099974115516,    0.3767999989529106,    -9.877996629404711,-4.957452170031761e-05,  -0.01133935898362961,  -0.03988545562270211,     100014.9717567868
0.91,  -0.2841099965537455,    0.376799997905801,   -9.880627060044596,-0.009064965477861946, -0.04036174083789843, -0.03768696471829724,    100015.1848674025
0.99, -0.2841099953107435,  0.3767999986562978,  -9.883248032042349,-0.03482223302546427,  -0.039380942123424,-0.03549200596944041,   100014.7657465083
1.05, -0.2841099983172577,  0.3768000010720913,  -9.883186389943431,-0.02010402993710764, 0.02973104571021179,-0.01956972162491578,   100014.5964128483
1.12,  -0.2841099990651867,   0.3768000010110225,    -9.88280717968895, -0.03452403290485585,  0.06618050015376173,-0.003734138311829048,    100014.5382928628
1.19, -0.2841099995117195,  0.3767999997239831,  -9.878842645390112,-0.02108820808083906, 0.07151484100592331, 0.01334658304696085,   100014.6722094536
1.25,  -0.2841099992972477,   0.3767999990388244,   -9.874796140669664,-0.003572650107059572,  0.04133658252479658,  0.03071564106440839,    100014.6863307179
1.31, -0.2841099993036347,  0.3767999991606552,  -9.872287423006721,-0.01638133846991216,0.005910683847979633, 0.04815314984819836,    100014.282871312
1.37, -0.2841099966350497,  0.3768000005164607,  -9.868468059776305,  0.0126535411780566,-0.01478148512597771, 0.06559454800359911,   100014.3224443523
1.44, -0.2841099927715169,  0.3768000029333961,  -9.866156238162679, 0.03245693856888853,-0.03325002123180855, 0.08304241487329148,    100014.463225654
1.51,  -0.2841099909370657,   0.3768000002183058,   -9.865344071156271, 0.004591998001248284,-0.005149722660963781,   0.1005018243723777,    100014.5965872438
1.58,   -0.2841099959796846,    0.3768000006801143,    -9.867342929612676, 0.0004016513662665168,-0.0009956702107167708,   0.06172560534908772,      100014.539052845
1.64,   -0.2841099991924222,    0.3767999998394713,    -9.868414473110219,  -0.03111564460140703,-0.0004154058485361413,   0.01200734464022825,     100014.4377654592
1.71,    -0.284109995680286,    0.3767999998198513,     -9.86768909751164, -0.005124542780527386,-0.0003116732211895004,  -0.02577997907441792,     100014.4004856802
1.77,   -0.284109998048424,   0.3767999995099843,   -9.865700149324635,-0.001172743443475166,-0.000280234668404196,-0.005017783110245318,    100014.3165045293
1.85,   -0.2841099983166792,    0.3767999992641288,    -9.864244959162949,   0.06087065802843775,   -0.0463139423564879,-0.0009930881429450261,     100014.2335047464
1.92,   -0.2841099982421549,       0.3767999987667,    -9.862963743892903,    0.1621954038334245,  -0.09914463465079192,-0.0002351765078054601,     100014.2186766371
1.98, -0.2841099971103271,  0.3768000001257278,  -9.858557763689733,  0.1619309520090282,-0.06092714103002177, 0.01398935545111267,   100014.5404575146
2.04,  -0.2841099950442587,   0.3768000010097374,   -9.859518349880664,   0.1311782400999258,-0.009181164811632959,  0.03084677525624831,    100014.3850926175
2.12,  -0.2841099939380921,   0.3768000020088478,   -9.859600448882915,  0.04994431169566697,-0.001447800463282148,   0.0481680769308039,    100014.2993674717
2.19,   -0.2841099963910729,    0.3768000006010011,    -9.857183965208215,   0.02240748569469652,-0.0002999112917731053,   0.03748027144212088,     100014.4506202532
2.25, -0.2841099944246863,  0.3768000029009063,  -9.854917185821497, 0.03366328725322074,-0.03072064594674558, 0.04943478796222588,   100014.3675704638
2.32, -0.2841099927417824,  0.3768000045929564,  -9.850785045791454, 0.06738300664548902,-0.06754320052845628, 0.05168139831024812,    100014.633967563
2.39, -0.2841099881824248,  0.3768000077801507,  -9.846797689984164, 0.08758525679836844,-0.08775123272672612, 0.06760362384258387,   100014.7904597244
2.46, -0.2841099825140287,  0.3768000105794271,  -9.843603020118584, 0.07405168933997223,-0.05881619917975938, 0.08346075277344607,   100014.9234734711
2.53, -0.2841099822796139,  0.3768000096267787,  -9.846534523440965, 0.04146074081598729,-0.05449860540035798, 0.08647939913441807,   100014.6696946596
2.58, -0.2841099880441958,   0.376800005923808,   -9.84629115063532,0.005962489741147886,-0.02332179004308889, 0.07303504682086109,   100014.6238562332
2.64, -0.2841099825954237,  0.3768000128511338,  -9.847736220657625, 0.01605706519310937,-0.06445587980713227, 0.08442538777144319,   100014.5900036333
2.71, -0.2841099793311332,  0.3768000119920427,  -9.845814201940794, 0.04809344648320164,-0.05525763151292582,  0.0866801851962614,   100014.6163678006
2.78, -0.2841099888769759,  0.3768000043939187,  -9.841318121484692, 0.06794875778351359,-0.03861084811833736, 0.05902352098665672,   100014.8310226294
2.85, -0.2841099911740446,   0.376800004466851,  -9.842446425726456, 0.05560893824826871,-0.06662922533558355, 0.05357614742038908,   100014.6596184624
2.89, -0.2841099966499462,  0.3767999993468583,  -9.842948759851046, 0.06872490222795552,-0.07087011851783767, 0.01035719547637144,   100014.7385878146
2.96, -0.2841099963112702,  0.3767999987757224,  -9.841219111603907, 0.07062188063402618, -0.0409682785472408,0.001993249036532015,   100014.8219061395
3.03, -0.2841099910959912,  0.3767999989186669,  -9.845281136842384, 0.04016044336423791,-0.03655713715725785,-0.02777955356467647,   100014.5895477294
3.1, -0.2841099743272674,  0.3768000003512329,  -9.852243156735348, 0.03532185049979773,  -0.066470062949993,-0.06174624300684854,   100014.2330270767
3.17, -0.2841099677894507,  0.3768000034334253,  -9.854792814027361,-0.02643075742406479,-0.05564556353710895,-0.06837937905017721,   100014.0643048501
3.24, -0.2841099819356989,  0.3768000006619288,  -9.857262648788646, -0.0659173043760283, -0.0691597384682142,-0.04159285200295129,   100014.1473387435
3.3,  -0.284109975837768,  0.3768000007241374,  -9.859060912770394,-0.04139929785488303,-0.07121391429047501,-0.05040226182950178,   100014.1859162857
3.37,  -0.284109993858487,  0.3767999990904768,  -9.857977577205183,-0.02206126467768909,-0.04086082213358718,-0.00985856953484358,   100014.0892824325
3.43, -0.2841099740939504,  0.3768000014129405,  -9.853963452342748, 0.02613206342218041,-0.02125110955033108,-0.05816322170671308,   100014.1290626641
3.51,  -0.2841099191185405,   0.3768000049387576,   -9.850250236699013,  0.09377333112876152,-0.003356835109986574,  -0.1237510734160442,    100014.2468933999
3.57,-0.2841098578335529, 0.3767999987324678, -9.849143267055416, 0.1187523768515196,-0.0161636252739979,-0.1646856177797555,  100014.4831640823
3.64, -0.2841098239406102,  0.3767999908768383,  -9.853479297057255, 0.09183446717515431,-0.03457413043923767, -0.1728180485163447,    100014.466444727
3.71,  -0.2841097953415631,   0.3767999944820333,   -9.852737827155307,   0.0710601543214629,-0.003511156982045337,  -0.1897885827386266,    100014.3990361504
3.77, -0.2841097946865326,  0.3768000063539342,   -9.85047161136419, 0.01030626813302022,-0.01541345156057697, -0.1915953149118993,   100014.4108394307
3.85, -0.2841097476575923,  0.3767999809341727,  -9.854869265097959,-0.01559417965693084,-0.05192218480170146, -0.2000198648866682,   100014.3806740464
3.91, -0.2841095078840245,  0.3767999355055743,   -9.85208599165745,-0.03700431167903901, -0.1359804516066185, -0.2853004565526271,   100014.5293684361
3.98, -0.2841094719939544,  0.3767999082499854,  -9.849887867204481,-0.05422661556611719, -0.1431926740190402,  -0.294989256762391,   100014.6393966221
4.05, -0.2841093366324683,  0.3767998735659014,  -9.847100221398401,-0.02666654468922833, -0.1443814944781504, -0.3390210641153124,   100014.7585529458
4.12, -0.2841091266200287,  0.3767998407373745,  -9.841828262182338,-0.02294747395725764,-0.09908106435183078, -0.4037627109162849,   100014.9356088768
4.18, -0.2841088713895347,  0.3767997689126284,  -9.840482531991636,-0.03805677534088363, -0.0622268432002052, -0.4585603087242183,   100015.0247148187
4.25, -0.2841087239685393,  0.3767997152935424,  -9.836482156039901,-0.05574473321907933,-0.07196511407845728,  -0.483386949460108,    100015.431822626
4.32, -0.2841086463770056,  0.3767996460854153,  -9.834659259029563, -0.0584180641777255,-0.07352430152921474, -0.5022478543692275,   100015.4350419066
4.37, -0.2841087408848874,  0.3767996352400272,  -9.829410724064294,-0.02342281706714276, -0.1299303517448634, -0.4913357311559184,   100015.8967134348
4.44, -0.2841087112339077,   0.376799622347591,  -9.829125405883063,-0.01729478131131404, -0.1471331802562788, -0.4907992349300996,    100015.952330127
4.48,  -0.2841085847471093,   0.3767995424590618,   -9.831004951679379,-0.007406928056188129,  -0.1306153536312753,  -0.5035702099248039,    100015.9883436256
4.54, -0.2841079404796277,  0.3767994427222228,   -9.83205358104688,-0.03732275613368945,   -0.09766983150632, -0.6047642310366979,   100015.8549210535
4.59,-0.2841071862549071,  0.376799256063381, -9.837185118393727,-0.0734538350951154,-0.1385576786977673, -0.681093627808135,  100015.6793849658
4.66,-0.2841070144439588, 0.3767991481589181, -9.844690643274168,-0.1095745970286188,-0.1599123924045227,-0.6679785246933756,   100015.475286741
4.73,-0.2841073697002646, 0.3767993694574667, -9.841293867529895,-0.1598504500999576, -0.162139180009481,-0.6372637424247862,  100015.2771723661
4.81, -0.284107628192079, 0.3767994859919436, -9.843863022717681,-0.1669283528588951,-0.1924822148865679,-0.6031629819000894,  100014.9166111414
4.87, -0.284107707500392, 0.3767994421247327, -9.845418405181311,-0.1071069219503467,-0.1818005571266105,-0.5963354039672852,   100014.690548198
4.93, -0.284107753957563, 0.3767994900231598, -9.842901314666726,-0.1133149030370925,-0.1647326767995666,-0.5810370760020681,  100015.0068611336
5,-0.2841083394665829, 0.3767996951650124, -9.841823302846764,-0.0978648160566036,-0.1160910142265432,-0.4934309473998696,  100015.1549281717
5.07, -0.2841087021988134,  0.3767997337544012,  -9.847641237150278,-0.04933833695945194, -0.1087526802833844, -0.4200099846710352,   100015.1000226124
5.13, -0.2841090072621718,  0.3767998155570673,  -9.849075043192721,-0.02613583961090908, -0.0314631747521317,  -0.363323230318462,     100014.98554324
5.2, -0.2841091881477139,  0.3767998771762084,  -9.851400290537592,-0.00702614179730602, 0.01058552037861288, -0.3240520079121004,   100014.8938237258
5.27,  -0.2841094396241188,   0.3767999356586212,    -9.85409047919895,-0.003376772637872115,  0.03219827777044906,  -0.2600387998711646,    100015.1362655049
5.33, -0.2841098099423582,  0.3767999832399174,  -9.863026290316952,-0.04658616998212372, 0.06603940482838501, -0.1350560384546011,   100015.5792710588
5.41, -0.2841098544563367,  0.3767999891314127,  -9.876634777375386,-0.02237430984542508, 0.07107129194679038, -0.1105986415196811,   100015.1763946426
5.48, -0.284109848252428, 0.3767999875578154, -9.891231014833936,0.02701560678277633,0.08895106761673464,-0.1055908809588056,  100015.2081631334
5.54, -0.2841099191082256,  0.3767999996779476,  -9.885502962243848,0.002508615646891478,  0.1221116548160016,-0.07385444409017085,   100015.1273097537
5.6,  -0.2841099212750564,   0.3767999978883472,   -9.892304838150105,0.0005317897713228374,  0.09445375074826021, -0.07048357411362691,    100015.2755039272
5.68,  -0.2841099600480367,   0.3768000026431317,   -9.893544641583709,0.0007497916373290856,   0.1056239845345541, -0.04164234637162968,    100015.4111170246
5.74, -0.2841099805242011,   0.376800002737354,  -9.894930366593034,-0.02926805435044257, 0.09215711260855873,-0.02205529378883619,   100015.3387669091
5.81, -0.2841099899961073,  0.3768000023081682,  -9.878650972518079,-0.01844646918418191, 0.07497629784266549,-0.00413408426275487,   100015.4607099186
5.87,-0.2841100025252244, 0.3767999968248255, -9.880838520392293,-0.1388866578704028,0.04347512005408636,0.02713541791552118,  100015.1999754517
5.94, -0.2841100061299636,  0.3767999987278303,   -9.87029472850036, -0.1738751117538881,0.004064400334396343,0.002986802407032549,   100015.2828267143
6.01, -0.2841100033703647,  0.3767999988671533,  -9.862187313670859, -0.1157840400281999,-0.01421710910971537, 0.01467203683200046,    100015.337740407
6.08,  -0.284109973166555,  0.3767999883029748,   -9.86792970191544, -0.1213754538238253,-0.03182671006818589, 0.07313722127808349,   100015.4684138312
6.14,   -0.284109919846416,   0.3767999731800455,   -9.863040179628205,  -0.1065333845027921,-0.003926626474821338,    0.112716236097515,    100015.5353295234
6.22, -0.2841098774939951,  0.3767999615337808,  -9.860320548246984,-0.01303226253621636, 0.01547227951305692,  0.1346874695583162,   100015.1008466067
6.26, -0.284109847867653, 0.3767999536250654, -9.865051556064047,0.08747653842357131,0.04694194616725166, 0.1387524058508688,  100015.3616348977
6.33,-0.2841098035027867, 0.3767999333338803, -9.873511054604871,0.08425225963597921,0.06792669131492705, 0.1551553141786601,  100015.0399505686
6.38,-0.2841098341791962, 0.3767999278737075,  -9.87698205231364,0.01646190105337812, 0.1471205197963815, 0.1432121346196487,  100015.4182354518
6.44,  -0.2841098351998481,   0.3767999209492441,   -9.881990836268116,-0.009692881857828585,   0.2204825835503791,   0.1406865507905763,    100015.4716546766
6.51, -0.2841097229562863,  0.3767998613208907,  -9.886488749828256,-0.02820167585744544,  0.2469899874660351,   0.182377763046787,   100015.1203933133
6.57,  -0.284109285455158,  0.3767996374119737,  -9.893254395351139,-0.07480329241530181,  0.2671113501434951,  0.2889030377438632,   100014.8753372721
6.64,  -0.284108768594233,  0.3767994104985047,  -9.901009188331765,-0.06519413757809699,  0.2708223358709539,  0.3659109311015322,      100014.8817194
6.7, -0.2841085320344587,  0.3767992757122448,  -9.908114247999162,-0.03308512913695809,  0.2718282655453345,  0.3948634850908002,   100014.5156777446
6.76, -0.2841084518480291,  0.3767991834697552,  -9.914489883478666,-0.05864936580424791,  0.3632480997463546,  0.4004991417717615,   100014.4047985944
6.83,   -0.28410842083771,  0.3767991463937755,  -9.905269846995132,-0.08851492062017016,  0.4184707799085247,  0.4156090810467912,   100014.6352652764
6.9, -0.2841089350182581,  0.3767993743110402,  -9.884866082866628,-0.05167780250667739,  0.3967241199594733,  0.3722046736581835,   100014.6834305455
6.96,-0.2841089837263505, 0.3767993781816572, -9.871193853831864,-0.0489799475226711, 0.3346514024261328, 0.3956310977215707,  100014.5855902024
7.04, -0.2841088433218499,  0.3767991851371274,   -9.85998084427189,-0.06418042152109893,  0.2498326306372415,  0.4704009280453376,    100014.658717594
7.1,  -0.284109083776515,  0.3767993857052621,  -9.851181798890178,-0.05180716035447524,  0.2212540782446828,  0.4427288859838722,   100014.8166506062
7.17, -0.2841094210528495,  0.3767996157943238,  -9.842329656343006,-0.06590486079914348,  0.1858101683967688,  0.3811548322161701,   100015.0428562926
7.24,-0.2841096664497427,0.3767996933414728,-9.838846778030925,-0.114378618578149,0.1527249157468836,0.3410920129150804, 100014.7167233926
7.3,-0.2841097255979836, 0.3767996989974981, -9.833860041508213,-0.1549486720131292, 0.1110234445547388, 0.3635107794923691,  100014.4383741457
7.37, -0.2841096954017066,  0.3767997559565427,  -9.829314820085711, -0.1278541890999724,0.001269591382070381,    0.40828782874921,   100014.3478616439
7.43, -0.2841097429910263,  0.3767998405288691,  -9.824154494902476,-0.04805657179590597, -0.1365322812150113,  0.4027683372928181,   100014.3855090181
7.51,  -0.284109755747375,  0.3767998311693725,  -9.817593430703024,0.009235035817716484, -0.1722441353192623,  0.4297715261286807,   100014.5601501581
7.57, -0.284109767423366, 0.3767998780150287, -9.812382643762843,0.06335698042526115,-0.1473123061601412, 0.4209516271057245,  100014.6130492533
7.64,-0.2841098626795358, 0.3767998952699561, -9.809116060233391, 0.1622555773826895,-0.1283428290866151, 0.3207793608964504,  100014.8210545382
7.71,-0.2841099474816511, 0.3767999218156571, -9.804249279366124, 0.1918690992678441,-0.1104775301803262, 0.2309735567242279,  100015.3284193464
7.78, -0.2841099574278606,  0.3767999280577247,  -9.801542992823748,  0.1203634747123693,-0.09264331710915136,  0.2276236393720515,   100015.3408337052
7.85, -0.2841099537905777,   0.376799945779461,  -9.798271372908685,  0.1400440750393905,-0.07481691538339033,  0.2129113424337779,   100015.2240915173
7.92, -0.2841099726779623,  0.3767999625161252,  -9.798836113453293,  0.1277046139581792,-0.08740775462539184,  0.1678823408064236,   100015.1070978896
7.98,-0.2841099885776415, 0.3767999820881944, -9.799293270813873, 0.0954380755068505,-0.1045805994103351, 0.1169452372626357,  100015.2531604008
8.05, -0.284109997856607, 0.3767999917226955, -9.801291999979453,0.01466422116993652,-0.1072715241422936,0.07892708510246273,  100015.2607166524
8.13, -0.2841100002998207,  0.3768000014001081,  -9.799011134009072,-0.07327499521639586,-0.07756290517940179, 0.01530869637487741,   100015.7854199354
8.17, -0.2841099964029929,  0.3767999976275117,  -9.798598323716922, -0.1318649708107317,-0.07330813181449505,-0.03925695316278551,    100016.164359607
8.24, -0.2841099928513874,  0.3767999832060326,  -9.800427411665176, -0.1102175391784622, -0.1031501973568985,-0.07799513696899681,   100016.0789269861
8.31, -0.2841099968309133,  0.3768000017707097,  -9.803208329892223, -0.1677495822778281, -0.1376255250745433,-0.01526143621358169,   100015.6359882216
8.38,   -0.284109998230371,   0.3768000026200353,   -9.805686509482832,  -0.1459525462763615,  -0.1730043183897303,-0.003048308322372071,    100015.4096255694
8.42,   -0.28410999806499,   0.376800000111508,  -9.803904846572928,-0.08194094485058361, -0.1327338663632729,-0.01467620636365441,   100015.6045507574
8.49, -0.2841099963393617,  0.3767999935594138,  -9.803941714499269,-0.04199761665455744,-0.09644790981065357,-0.04503789617206676,   100015.7733309899
8.56, -0.2841099957282209,  0.3767999858777788,  -9.806963022933973, 0.02465125710391519,-0.07590082987579845,-0.06496340387886868,   100015.4241924384
8.6, -0.2841099973061672,  0.3767999908061684,  -9.806450825504607,  0.0346095959539479,-0.04238047683516644,-0.05477103155476296,   100015.5439667915
8.68, -0.2841099895105206,  0.3767999720689389,  -9.807605997535132, 0.02084756282768473,-0.06791878552962151,-0.09499226669713368,   100015.8443431933
8.74, -0.2841099785176204,  0.3767999579264188,   -9.80985017898009, -0.0116476743596413,-0.08700019165258022, -0.1169123249144748,   100015.8572698398
8.8, -0.2841099881580911,  0.3767999888125094,  -9.809813860836773,-0.07715602252742695,-0.07433611493235055,-0.06499265507159069,   100015.8761806935
8.87,  -0.284109992924413,  0.3767999966583654,  -9.809806903920126,-0.08689644602988028,-0.05711359259922884,-0.04082391796505734,   100015.8959537703
8.93, -0.2841099991019361,  0.3767999993099323,  -9.811732734481067,-0.04260136369373235,-0.09965360583734306, 0.03422501926642264,   100015.6809607286
8.99,  -0.2841099987991021,   0.3767999998719886,   -9.809680576355129,-0.005601315792252188,  -0.1363128638103855,  0.03480377771009199,    100015.9714406315
9.05, -0.2841099887669483,   0.376799992654454,  -9.811479323996455,  0.0304713315118069,-0.09604513598111974, 0.07715908845226703,   100015.4369950618
9.12,-0.2841098854941373, 0.3767999257227789, -9.814992376663746,0.03654644928541775,-0.1045197608668746, 0.2119604189384583,  100015.2367682574
9.2,-0.2841096590885499, 0.3767998315089601, -9.819565879578734,0.03826680861672586,-0.1810134036742502, 0.3366374296044461,  100015.1239897576
9.27,-0.2841097308787837, 0.3767998860120745, -9.821694721140988,0.08380931935249966,-0.1622508487372518, 0.2766383717851499,  100015.2614145041
9.33, -0.2841098980259462,  0.3767999544770697,  -9.819644402641638, 0.02916399371752288,-0.08416478302810641,  0.1804457786561826,   100015.3484181268
9.4,  -0.2841099331882838,   0.3767999668850323,   -9.819542655816189,-0.009494138213245445, 0.003203411333967631,   0.1476559535172887,     100015.544490727
9.47,-0.2841099696795624, 0.3767999815400441, -9.822047552532888,-0.0307232189980157, 0.0615619468344302,0.09907593580219573,  100015.4660669203
9.54, -0.2841099936167858,  0.3767999953123444,  -9.824029103146147,-0.01867946268680046,  0.1022876727451102, 0.04748193066549214,   100015.3536660961
9.61, -0.2841100000005042,   0.376799999968723,  -9.822834835421109,-0.08264292151215218, 0.09004443118821581,0.005490332196048223,   100015.2275807386
9.68, -0.2841099931243187,  0.3768000012307738,  -9.821904200489689, -0.1183910646233053, 0.07387163022552705,-0.02728542328532069,   100015.4464048169
9.75, -0.2841099910856829,  0.3768000016219535,  -9.818743319675056, -0.1388185338584431, 0.05634284050558919,-0.03356219798011673,   100015.5887290884
9.81, -0.2841100004637683,  0.3767999999762732,  -9.814957941424936, -0.1718635055270184,0.008290396752275088, 0.00738572217069635,   100015.6532981515
9.88,-0.2841100005217017, 0.3768000000348068, -9.810040621231815,-0.1311804177759227, 0.0011169156419979,0.01541911135674172,  100016.1642949085
9.95,-0.2841099980970246, 0.3768000018588127, -9.805771965214888,-0.0945042475329245,0.01520054876109592,0.04513855851712417,   100016.616892529
10.02, -0.2841099750320569,  0.3768000156361838,   -9.80520670688597,-0.07341457373258677,-0.04338886625236929,  0.1072171657992394,   100016.6950157375
10.09, -0.2841099035998609,  0.3768000747489449,  -9.805291806170457,-0.02409988885313627, -0.1735985924372444,  0.1897356517566456,   100016.9622990643
10.15,-0.2841097549363266, 0.3768001936249659, -9.807189048230075,0.02961376160564901,-0.2992808677908655, 0.2762642654800011,  100017.1552123825
10.22,-0.2841096397312093, 0.3768003047897188, -9.808572110213685, 0.1291505705798202,-0.3332816629439235, 0.3214008205713031,  100017.3096470216
10.29,-0.2841096312487543, 0.3768002780053397, -9.810006587979201, 0.1742898335390891,-0.1864846884312066, 0.3161559886922924,    100017.25078922
10.36,  -0.284109816929151,  0.3768001384300679,  -9.811955728622612,   0.180073040451224,-0.05824007253097783,  0.2166672273707209,    100017.449282751
10.42,  -0.2841099037069787,   0.3768000643697483,   -9.823777155225029,   0.1544695243047133,-0.008574528175594639,   0.1414467855198175,    100017.1361407549
10.5,   -0.2841099610336544,    0.3768000306276011,    -9.826934583722091,   0.06317161593696516,-0.0005390683123849744,   0.09380765842628297,     100017.4783734425
10.56,  -0.2841099725107372,   0.3768000293847138,   -9.827306296388302,  0.01039742878851016,7.032671505591674e-05,  0.08859169430505165,    100017.1004493032
10.61,  -0.2841099808441923,   0.3768000211395275,   -9.823327472815233,  0.06310266236335441,0.0001974634089755949,  0.07368521573344006,    100017.5415191277
10.68, -0.2841099488003914,  0.3768000483587778,  -9.820747971064405,  0.1017708731301724,-0.01500523814966606,   0.113040348964239,    100017.721560902
10.75, -0.2841098905242731,  0.3768001002815554,  -9.832793095643822,  0.1080972299585277,-0.09319123455863265,   0.148821351836631,   100017.6598813885
10.82,-0.2841099724359751, 0.3768000269477387, -9.844831925251414, 0.1231383790846313,-0.1047147188082743,0.07138475236841305,  100017.5283455478
10.88, -0.2841099986413849,  0.3768000022730147,  -9.846443200983497, 0.01784989691956057,-0.06072747325564994,-0.01436673201022515,   100017.6346786398
10.95, -0.2841099192326772,  0.3768000598291712,  -9.854268415077401,-0.04476583873045071,-0.02346234729025305, -0.1015303975390669,   100017.3951516429
11.02, -0.2841098868747078,  0.3768000880450654,  -9.859468115992842,-0.09984070193974662,-0.03287767287727147, -0.1186302349316419,   100017.3815578093
11.09,   -0.28410987118526,  0.3768000957421406,  -9.865568434343889, -0.1233404605841677,-0.03429881187099877,  -0.121989990019911,   100017.4078915812
11.15, -0.2841097924802367,  0.3768001262434089,  -9.866450960131244,-0.08181530172930183,  -0.079990766065313, -0.1506888794301427,   100017.6415425281
11.22,-0.2841096014619598, 0.3768002515900811, -9.865379716750247,-0.1069466106309088,-0.1016649032059704,-0.2127481353281107,  100017.9329923273
11.29, -0.2841094617817064,  0.3768003520796313,  -9.878403354098005, -0.1482762787307356,-0.07402879021767916,  -0.239851172234079,   100017.5131007735
11.35,-0.2841095560938546, 0.3768003122646109, -9.872181356122477,-0.1463969450198523,-0.0372801279665091,-0.2291007687686202,  100016.8485213153
11.41,  -0.2841095536078336,   0.3768003214186056,   -9.862330611920019,  -0.1554715993638871,-0.005418862552873817,  -0.2414137002429741,    100016.7221779157
11.48, -0.2841094272240896,  0.3768003646856254,  -9.869386137758152, -0.1613556368505908,-0.01662071151008449, -0.2597777444105704,   100016.7486531785
11.54,  -0.284109536308254,  0.3768002927664192,  -9.860459034043243, -0.1309027640056136,-0.04876325937767811, -0.2467443079432491,   100016.3751076154
11.61,  -0.2841095457485553,   0.3768003131867246,   -9.855346484285704,  -0.1134033095710141,-0.005723047029591208,  -0.2594077270748403,     100015.922709494
11.67,   -0.284109588183529,    0.376800286537044,   -9.855284351814079, -0.09542732260622395,0.0006020060873996984,  -0.2477378214959854,    100015.9311910422
11.75, -0.2841097633835641,  0.3768001669835404,  -9.854749416593956,-0.06143809780680385,0.001279471166181365, -0.1890490136276946,   100015.8096230468
11.82, -0.2841098020890654,  0.3768001365854326,  -9.850438763892544,-0.04092699190246649, 0.03156658747631548, -0.1775628833813107,   100015.5804740507
11.88, -0.2841098070274579,  0.3768001244804454,   -9.85039207843338,-0.00751162026079264, 0.02084857853939786,  -0.175247099598713,   100015.3509662474
11.95, -0.2841098488964257,  0.3768001006461242,  -9.846385878051734,-0.03253003325221834, 0.01914441577667947, -0.1607910369734674,   100015.0929548267
12.02, -0.2841098611843225,   0.376800089119293,  -9.842446081573007,-0.05134403013484738,0.003644171787231797, -0.1579966963097963,   100014.9355864034
12.07,  -0.2841099076377946,   0.3768000576884235,   -9.841639848798239,-0.008318065666960039, -0.01396004683289511,  -0.1291878704265197,    100015.0550205641
12.14,  -0.2841099529727585,   0.3768000331714232,   -9.838761647461574,-0.001467052070654072,  0.01362115499781765, -0.09543999648972244,    100015.0983729954
12.18,   -0.2841099483146479,    0.3768000375005323,    -9.834468704560242,-0.0002081303338432737,   0.04667882647757745,   -0.1029140922134763,     100015.3546631741
12.26, -0.2841099635984126,  0.3768000301784054,  -9.836227097587601,0.007893902451816637, 0.05888769925267097,-0.08814846200192461,   100015.0693799501
12.32, -0.2841099867638693,   0.376800016640849,  -9.834337095306413, 0.03139484484497564, 0.06975623678039351,-0.05975988221537713,   100015.2233585015
12.39, -0.2841099813400465,  0.3768000175788849,  -9.831047684906807, 0.03501876097475662,  0.0411432167378045,-0.06778331156396379,   100015.4814020764
12.46, -0.2841099807024332,  0.3768000183347153,  -9.830105527407104, 0.03551279426209598, 0.05199989642334083,-0.06935832492591276,   100015.4797717206
12.52, -0.2841099890518337,  0.3768000140574613,  -9.828847867684141,0.005371803904833133, 0.06872416287691195,-0.05566660685522334,   100015.4769903512
12.6, -0.2841100032418326,  0.3768000068465249,  -9.825707016920958,-0.01401371760414286, 0.05696019671504783,-0.02482348094277076,   100015.6148028582
12.66,  -0.2841099999322788,   0.3768000077108264,   -9.827362555142411,-0.001032011108174944,  0.03755766397181005, -0.03367350753703924,    100015.1584166373
12.72,  -0.2841100069709459,   0.3768000046850918,   -9.828457309229144,0.0002729107976574546,   0.0056243083466379,-0.006397801702374598,    100014.9448688605
12.8, -0.2841100009710389,  0.3768000141727663,  -9.829100189618602,-0.01406361389850256,-0.02952660160638007, 0.05506692077096238,   100015.2153220352
12.84,  -0.2841100082341314,   0.3768000069636833,   -9.827750145596601,-0.002085579451822935, -0.04900122559563293,  0.02477543364318269,    100015.2680714366
12.91,   -0.2841100080574502,    0.3768000057658248,    -9.824491864234167,-0.0005413325842468636,  -0.03505374262168177,   0.02156474407838602,     100015.1162071051
12.98, -0.2841099907605506,  0.3768000158005828,  -9.819068168837584,  0.0609784592886305,-0.03551506890236517,  0.0737989036424697,    100015.395782777
13.05, -0.2841099893839271,  0.3768000175310083,  -9.822201191673352,  0.1314755598994487,-0.08102444774601587,  0.0709693815622682,   100015.3932283352
13.11, -0.2841099033759818,  0.3768000558053312,  -9.822858850411315,  0.1126261475579518,-0.05747276572613783,  0.1547833584285617,    100015.825137189
13.18,  -0.2841097850381323,   0.3768000885583274,   -9.819919944924397,  0.09517167300920859,-0.008320475002037538,   0.2273685452522508,    100016.0297980503
13.25,   -0.2841097178130652,    0.3768001011586854,    -9.823521635846838,    0.1383708778682838,-0.0008673271010198757,    0.2416499095302048,     100016.1882175849
13.31,-0.2841096682588707, 0.3768000972693678, -9.820484982260103, 0.1750330959567331,0.01560997094308189, 0.2725933744136164,  100016.0677807014
13.38,-0.2841097688616407,0.3768000529561602,-9.820711762786498,0.1345255521262846,0.0484482163415574,0.2222226346065093, 100016.5918387021
13.45, -0.2841098016210803,  0.3768000497747981,  -9.826985217655004, 0.09804852354946032,0.007827475764678781,  0.1982676168693015,   100016.6578646597
13.52,-0.2841098288845428, 0.3768000377485741, -9.826448561367251,0.03162989479416939, 0.0169376174893281, 0.1934443590136879,  100016.4472092432
13.59,-0.2841097740060261, 0.3768000300591216, -9.825904600359822,0.02413327921124811,0.05033745160230463, 0.2209788969853574,  100016.3042638758
13.66, -0.2841096707512498,  0.3768000341246487,  -9.826700839206529, 0.08588439804968785,0.005304056088714254,  0.2574426164282577,   100016.4523804605
13.73, -0.2841094300765937,   0.376800023184757,  -9.825753824205449,  0.1069414549604743,0.002283466784589161,  0.3320293386649842,   100016.7746473732
13.79,-0.2841092802565718, 0.3768000251694449, -9.825794454476503,0.06486615243505206,0.04748074288515947, 0.3743472471620373,  100016.5750392511
13.87,-0.2841091197120701, 0.3768000253409783, -9.824669608780377,0.04372457267109846,0.05443850911091426, 0.4106963315638695,  100016.8536624397
13.93,-0.2841092978787335, 0.3767999974135549, -9.825165247425986,0.07022592921671536,0.08562274359620385,  0.375605499794305,  100016.2890821666
14,-0.2841095512147415, 0.3767999861718904, -9.822265795619895,0.08849594742163559, 0.0748118078448911, 0.3124477839847972,  100016.2564055901
14.07,-0.2841096554705072,  0.376799981515545, -9.821132058581663,0.06050732668043489,0.07303549361419685,  0.286004157289783,  100015.9756163179
14.14,-0.2841097277802148, 0.3767999762957607, -9.820219228990286,0.01051026814639006,0.04230230262622274, 0.2666652108525749,   100015.848860007
14.21,  -0.2841096816231538,   0.3767999958554576,   -9.822418391780429, -0.02583842727799593,-0.006768661666479006,   0.2770226468748023,    100015.8490287594
14.27, -0.2841096689303845,  0.3768000082215918,  -9.823722878440993,-0.03292380264964075,-0.01573116553668972,  0.2790974915611183,   100015.6670210704
14.35,  -0.2841097427146578,   0.3767999612866876,   -9.819990906659262, -0.03387292428022391,-0.001181961675776533,   0.2652133954461576,    100015.6213824263
14.42, -0.2841096538391683,   0.376799953813761,  -9.822882218388912, -0.0487406885540776,0.001199460431237199,  0.2907041994993424,   100015.6683066492
14.48, -0.2841095349534747,   0.376799926776508,  -9.825331962574992,-0.01867689420334079,-0.01197590225114209,  0.3239933454167502,   100015.5876015693
14.56,  -0.2841094133277408,   0.3767999235872976,   -9.824254618964668,  0.03045281456941395,-0.000988139100516848,    0.361541939510573,     100015.547054344
14.62, -0.2841094210128371,  0.3767999033197615,   -9.82498643550662, 0.06951142832890821,0.001433818767511719,  0.3560541594351971,   100015.5273579545
14.68,-0.2841093934561949, 0.3767999150162974, -9.824200022446393, 0.1334800969339146,0.03227180305075045, 0.3510176740479697,  100015.8495887961
14.76,-0.2841093191966717, 0.3767998903589809, -9.826161924104991,   0.11775465618475,0.05564029985210611, 0.3644285486815427,  100015.7603364198
14.82,-0.2841092327471926, 0.3767998178142811, -9.826044246796203,0.06129102583503024,0.02352064019668724,  0.397380256814713,  100015.8318842297
14.89,  -0.2841091897910675,   0.3767997941882538,    -9.82813501221036,  0.05710435671361237,-0.009024179906472623,   0.4010196161376265,    100015.9668462679
14.95, -0.2841091798727989,  0.3767997793687322,  -9.832367522386713, 0.01104232639891546,0.001442787209682464,   0.387619974385451,    100016.125355226
15.02, -0.2841091895730818,  0.3767998036354087,  -9.837021147194255, 0.01935987960426559,0.002976684764385749,  0.3709910882905699,   100016.0107315793
15.09,-0.2841093545565786,  0.376799830840106, -9.840991763768468,0.05052638406922792,0.01805512561780664, 0.3256021490882179,  100015.8071991777
15.16,-0.2841092449367702, 0.3767998099095304, -9.842177288741656, 0.0402699433371945,0.06607416159196937, 0.3449454954582869,  100015.8462913388
15.23,-0.2841092836820928, 0.3767997800653827, -9.838610662295007,0.02327909293118512,0.05803968312794063, 0.3486055549094512,  100015.9587534025
15.29,-0.2841091511792299, 0.3767997697150494, -9.845598184741904,0.02114055110145511,0.01166205425087168, 0.3633681819890388,  100015.7903555073
15.37,-0.2841091266484486, 0.3767997521873163, -9.847680108702804,0.03592139196231887,0.01995705371955117, 0.3662676167380065,  100015.6098377812
15.41,-0.2841091082193852, 0.3767997614560975, -9.847650793225826,0.03814946591021548, 0.0666996765091369, 0.3668917104571392,    100015.59111164
15.49,-0.2841091812851662, 0.3767997743120739, -9.848852508179423,0.05340345211781282,  0.103800494724773, 0.3529582674893488,  100015.1815548999
15.55,-0.2841093247666429, 0.3767998136879813, -9.846842384235964,0.08570404131298312,0.09383664257492791, 0.3220959754185713,  100015.5675112244
15.62,-0.2841094662834155, 0.3767998615791497, -9.847949330796942,0.07506212486358747,0.09193213585610592, 0.2879019207975537,  100015.2924575062
15.68,-0.2841093413522622, 0.3767998424777435, -9.846519307567297,0.01306893361809588,0.04648275099555679, 0.3233136667866346,  100015.3545127606
15.76,-0.2841092077673329,  0.376799834299228,   -9.8435996329712, 0.0495045356764694,0.02477567434130612, 0.3583796118211506,  100015.4254246975
15.82,-0.2841091667683007, 0.3767998410475468,  -9.83974287917208,0.08522693997448193,0.03667452117428479, 0.3792851417547721,    100015.24825546
15.9, -0.284109172683448, 0.3767998420277494, -9.838096894099712,0.06014861496378664,0.05359110207554168, 0.3833389210361774,   100015.264839514
15.96,-0.2841092690464395, 0.3767998575527955, -9.840285572617185,0.02590862582543459,0.04077500408957268, 0.3559555938080907,  100015.3206813124
16.03,  -0.2841093497583039,   0.3767998686112355,   -9.840649990180033,-0.009714487329065132,  0.03866070667803898,    0.336534726502255,    100015.4461410785
16.1, -0.2841094154397157,  0.3767998825012023,  -9.840467644599999,-0.03031436942059699, 0.03819550152483057,  0.3186707680763759,   100015.6252955603
16.17,  -0.2841094362349519,   0.3767998964809133,   -9.838204422955293,-0.003073875977602981, 0.007725709123680979,   0.3151661341127416,    100016.0374737522
16.22, -0.2841095377695675,  0.3767999299573886,  -9.839252182189966, 0.03113190486985147,0.002832100553166246,   0.286392243561036,   100015.8429272375
16.28, -0.2841095806890767,  0.3767999462035083,  -9.836750257229793,0.005808511761545146,0.001955830133966479,  0.2807372954228101,   100015.7465494965
16.35, -0.2841095814165198,  0.3767999506891259,  -9.835991468061264,0.002036741383466842, 0.01702582291494996,  0.2796667684432286,   100015.8475577455
16.41, -0.2841095602225582,  0.3767999510550925,  -9.837981860641927,0.001560323802992963,0.004209989960927221,  0.2794553465583335,   100016.1376054119
16.48, -0.2841095491108204,  0.3767999539356131,  -9.840208546644584,-0.01365169472859851,0.002312222907648698,  0.2793979923362945,   100016.0199395238
16.55,   -0.2841096205025385,    0.3767999778514123,    -9.836860861726084,-0.0009171425503320895,  -0.01342349036418207,    0.2652990986442323,     100016.0212164276
16.61,   -0.284109686769946,   0.3767999963691379,   -9.833534678247043,0.0008615635766114266, -0.01598992032089186,   0.2484948072163826,    100016.2073548468
16.68,  -0.2841098294655254,    0.376799998365299,   -9.833233502821555,0.0007073308040971788, -0.00167267715688584,   0.1889771735892195,    100016.4232885742
16.75,  -0.284109799467099,  0.3768000049943498,  -9.830930117919467, -0.0143071281215661,-0.01454196197156397,  0.2054937023394009,    100016.768523861
16.82, -0.2841097522968896,  0.3768000095447158,  -9.829873607178804,-0.01634144200084794, -0.0313724515389996,  0.2227764807518014,   100017.4306746414
16.89,  -0.2841095749483306,   0.3768000233072861,   -9.830711149357851,  -0.0161348047107365,-0.003067561470172657,   0.2824533678204322,    100017.4022944102
16.95, -0.2841095755676556,  0.3768000436243162,  -9.830044507287177, 0.01591889635203163,0.002710004300827607,  0.2801655989154511,   100017.7577259608
17.02, -0.2841097707967268,  0.3768000332886128,  -9.836901522812484, 0.09996301276402562,0.001178644976577239,  0.2025859421598875,   100017.2393570632
17.1,-0.2841098593802934, 0.3768000229863904, -9.840157169540889,0.04569654709323422, 0.0310366654467896, 0.1658871311724804,  100016.4531233596
17.16, -0.2841098515953974,   0.376800023942605,   -9.83835471369966,0.007394453785285197, 0.02040351361752795,  0.1728972803697261,   100016.5254461273
17.23,-0.2841097946502757,0.3768000480475715,-9.834053822415484,0.0336750789314877,-0.010663703830631,0.2024852336436633, 100017.0538282957
17.3, -0.2841097240920726,  0.3768000735855008,  -9.832183113422099,  0.0202316889443325,-0.03248945129996141,  0.2394391694587265,   100016.6344916635
17.36, -0.2841098101228509,  0.3768000579129114,  -9.827764991314998,0.003691642624701037,-0.03454180673358981,  0.2151907768847052,   100016.2191647316
17.43, -0.2841099358790479,  0.3768000285629043,  -9.824546072927408, 0.04617632696515415,-0.05047082162886704,  0.1402588998041564,   100016.3802112865
17.5, -0.2841099671318325,  0.3768000189544425,  -9.824839552626271, 0.03716787047501757,-0.05300819912058588,  0.1116065523400021,   100016.2369080645
17.57,  -0.2841099932143933,   0.3768000098476882,   -9.820782136156534,  0.02041671696280159,-0.008040734331001461,  0.07793617932804406,    100016.3570642002
17.63,  -0.2841100027777452,   0.3768000067041207,   -9.819811579586448,  0.01778572196522223,-0.001412440108768789,  0.05731637565254792,    100016.3241923172
17.7, -0.2841100084234069,  0.3768000049036845,  -9.820143560186441,0.002104622014887905,-0.01567001220037778, 0.03920098220350052,   100016.3667181622
17.77,   -0.2841100084275561,    0.3768000025428722,    -9.825442684192254,-0.0006171492914341882,  -0.03333801758878821, -0.006541853013909196,      100016.025448701
17.84,  -0.2841099913657348,   0.3768000049206295,   -9.830510284459944,-0.001337522667600353, -0.02111103344837944, -0.04359818580124113,    100015.5605105459
17.91, -0.2841099398675774,  0.3768000162822173,  -9.832793663791238,-0.03226015772412349,-0.03474121392278608,-0.09308840974528995,   100015.6150077781
17.97, -0.2841098735739321,  0.3768000291438883,  -9.835439657323127,-0.03726718023977509,-0.06736674917244147, -0.1309125869131767,   100015.6645141488
18.04, -0.2841098153221026,  0.3768000376263425,  -9.842001804217869,-0.03832180431785849,-0.07254116292064849, -0.1523418677841289,   100015.2488462048
18.11, -0.2841097991923402,  0.3768000422659795,   -9.84410528255637,-0.05367187467010879,-0.05809930219728022,  -0.156507408055603,    100015.308582257
18.17, -0.2841098280164284,  0.3768000380673863,  -9.846113819594672,-0.04064131615757303,-0.05574114877396605, -0.1432353119251691,   100015.3311455901
18.25, -0.2841097898564282,  0.3768000507090979,  -9.850222008229295,-0.06926597204147382,-0.05547744256177208, -0.1547984411695926,   100015.3488928254
18.31,  -0.284109690307771,  0.3768000760575261,  -9.855191099096013,-0.07399770661699845,-0.04052929853009826,  -0.185190488048022,    100015.125195913
18.38, -0.2841095583042048,  0.3768000910325307,  -9.859135599746086,-0.01440848866371359,-0.02348976405068254, -0.2191154374421822,   100014.9320783287
18.45,  -0.2841095770061522,     0.37680009174301,     -9.8619915632431, -0.05091268398282144,-0.005651788541427425,  -0.2117136807623192,    100014.7417803439
18.51, -0.2841094593299759,  0.3768001232708577,  -9.862354195703571,-0.07653930065123404,-0.02075932288439937, -0.2389151051690179,   100014.9727117009
18.59, -0.2841093905941192,  0.3768001298500781,  -9.856975005954455, -0.0263564538809446,-0.03650295746602899, -0.2594835631383165,   100015.5214110149
18.65,  -0.2841093920344139,    0.376800129712826,   -9.856814892661696,-0.007407928001367612, -0.02267495798104937,  -0.2617308840688766,    100015.2729465889
18.72, -0.2841092426355578,  0.3768001616833228,  -9.857617125110988,-0.03536526936937242,-0.02082976363025639, -0.2903725442069299,   100015.4029637784
18.78,  -0.284108933965461,  0.3768002349032737,   -9.86127615459846, -0.1162035475360372,-0.03616065645421667, -0.3383436522554001,   100015.2509168271
18.85,-0.2841088815691234,   0.37680026156593, -9.861094470036241,-0.1434487285258908,-0.0535264005179652,-0.3477024362874874,  100015.1577955202
18.92, -0.2841087672892927,  0.3768003012880967,  -9.855583844871514, -0.1323856118973932,-0.04083286920844725,  -0.377590765185026,   100015.2803999067
18.99,-0.2841088725410649,  0.376800257822169, -9.851701878258945,-0.1150924708662272,-0.0538912618864013,-0.3692944505798149,  100015.1998872274
19.06, -0.2841091230958534,  0.3768001992164742,  -9.851329297972907,  -0.111853699369053,-0.05544885140780782, -0.3254625717604004,    100015.128671528
19.12, -0.2841093846962249,  0.3768001440942558,  -9.847611582056382,-0.09539365245212368,-0.07031017453818715, -0.2746671880394004,   100015.6683450723
19.2, -0.2841095385206929,  0.3768000940948918,  -9.858279894041992,-0.05020039348469633,-0.07479521266425883, -0.2228965537604931,    100015.666995658
19.27, -0.2841096897962456,  0.3768000738286686,  -9.862093588372074,-0.03867343985191286,-0.03973368253627742, -0.1804751996772513,   100015.5203749066
19.33, -0.2841097478409847,  0.3768000645124391,  -9.864565785574889,-0.03771823549284165,-0.02173402860414959, -0.1617999324014338,   100015.2712819388
19.4,  -0.2841096853466116,   0.3768000831982382,   -9.875756879611782, -0.03800417062447649,-0.004065399962526312,  -0.1723598690908832,    100015.4623222064
19.45, -0.2841096980305923,  0.3768000944548677,  -9.869738900888317,-0.05024533736619824, 0.01430797816851406,  -0.174109933914563,   100015.6651387649
19.51, -0.2841096963294583,  0.3768000899590989,  -9.881179717697743,-0.05705381859256229, 0.03154151079602716, -0.1670807446674479,   100015.3711298235
19.58, -0.2841097839737742,  0.3768000645137518,  -9.877764224093712,-0.05516239409075897, 0.01844742856583835, -0.1432159096886848,   100015.0772740982
19.65, -0.2841097616207124,  0.3768000737299573,  -9.871546409346536,-0.03784896487577832, 0.03252417289953666, -0.1543990313099601,   100015.3027675412
19.72, -0.2841097771947536,  0.3768000714144834,  -9.872086473553074,-0.04686628029570923, 0.03371295426399078, -0.1480130932510018,   100015.8880685467
19.78, -0.2841097372562764,  0.3768000849138891,  -9.880951537946926,-0.07216662852917297, 0.03473293824376877, -0.1557414527027856,   100015.7628626135
19.83, -0.2841097355520264,  0.3768000913038892,  -9.880768534757806,-0.08601117079756612,  0.0188884973871905, -0.1569479716230618,   100015.7125237146
19.9, -0.2841097145688035,   0.376800099385207,  -9.890060990535071,-0.07632941809881479, 0.01757777161943973,  -0.157620960389338,   100016.0632535932
19.97,  -0.2841096703526018,   0.3768001144577083,   -9.885507754006367,-0.008812562212663921,  0.06579912346137147,  -0.1725183158078062,    100016.1202279747
20.04, -0.2841097630363629,  0.3768000913251277,  -9.887639895803069,-0.04847980118404903, 0.06996302672619702, -0.1461738738014952,    100015.926239086
20.1, -0.2841098275126719,  0.3768000790094101,  -9.887331034120839,-0.09946857643836435,  0.1010244946584329, -0.1271110035549365,   100015.7509270568
20.18,-0.2841098399528934, 0.3768000741540697, -9.885564456201486,-0.1221596290479313,0.07533620642654121,-0.1234202125420945,  100015.9156050769
20.25, -0.2841097955685605,  0.3768000777445106,  -9.884806722678148,-0.06511667867438205, 0.02589211039398786, -0.1366373892241653,   100016.2092807353
20.31,  -0.284109792604948,  0.3768000815188595,  -9.882129414037093,-0.08690355953540932, 0.03367529401677969, -0.1392755686116811,   100016.3637675298
20.38, -0.2841098414100906,  0.3768000708912376,  -9.877617438748766,-0.09238294446906598, 0.08149528928694919, -0.1258574073677265,   100016.0802265012
20.45, -0.2841098268180114,  0.3768000730100969,  -9.865148416959737,-0.04141711700911791,   0.087938254813947, -0.1380425823554461,   100016.1405777811
20.51, -0.2841098660975794,  0.3768000564131713,  -9.859232661542194,-0.03718565408637051, 0.07337535629559694, -0.1252932711401767,    100015.847658654
20.58,  -0.2841099314334273,   0.3768000302569525,   -9.851920723075098,-0.005680409572951024,  0.05617105528239067, -0.09464608196847472,       100015.7962979
20.65, -0.2841099634652134,  0.3768000172899162,  -9.844437868278694, 0.01450079155734818, 0.03849088219634781,-0.07459777331032415,   100015.6950167291
20.72, -0.2841099837480868,  0.3768000114853362,  -9.839063762388003,0.002552061293499355, 0.03589318229937446, -0.0566645752953913,    100015.946087778
20.79, -0.2841099716753426,   0.376800013822169,  -9.842141284051156, 0.01618766771744001, 0.00491419417514021,-0.06719342792737738,   100015.7031609047
20.85, -0.2841099726234044,   0.376800013353302,  -9.834753454516203, 0.01784187440309696,0.000130057706451215,-0.06947778873003685,   100015.6563795844
20.92,-0.2841098983026997, 0.3768000374765683, -9.832526980622275,0.00210536436054607, 0.0300002980322515,-0.1262170360864887,  100015.5703147438
20.99,   -0.2841098277677719,    0.3768000594538995,    -9.830552206167271,-0.0006299313651291785,   0.01914566424719717,   -0.1652047784392215,      100015.486629472
21.05,-0.2841098082295426, 0.3768000656485047,  -9.83116815504202,0.01400916839306319,0.01750015085326324,-0.1727637031224404,   100015.677388048
21.12,-0.2841097873695604,  0.376800073127611, -9.827651816386165,0.01615497454144949,0.01724803371541541,-0.1883058735324534,  100015.6950364262
21.18, -0.2841097334016772,  0.3768000817003806,  -9.829801617023906, 0.03135361308520301,0.001949135046747436, -0.2053809228724094,    100015.413187748
21.26,    -0.284109768796215,    0.3768000657209849,    -9.827378530967083,   0.03387803410450826,-0.0003035199487307624,   -0.1946321127931176,      100015.219559813
21.33,  -0.2841098396357442,   0.3768000404084597,   -9.825085821281728,  0.06494770122290355,-0.000555057740224162,  -0.1643421010502663,    100015.1595467133
21.37,-0.2841098005351301, 0.3768000449771046, -9.822797789155418,0.09969913534210711,0.01448984012091352,-0.1865402855869712,  100014.9642926158
21.45,-0.2841097076729642, 0.3768000696299805, -9.818750752112855,0.07417386847280755,0.04696066365195246,-0.2331033746334608,  100014.9498827863
21.51,-0.2841096546987423, 0.3768000786660726, -9.816368415830116,0.05500157585707866,0.03657257867382616,-0.2562622604216864,  100015.1938647328
21.58,-0.2841095522772409, 0.3768000985013806, -9.816762226675818,0.03660596955499516,0.03489415350058758,-0.2889339783397364,  100015.2815594899
21.65, -0.2841093922062846,  0.3768001291417893,  -9.820708247569142,0.002993277614360519, 0.01932034957883046, -0.3235155203690134,   100015.2277943198
21.72, -0.2841091279596885,  0.3768001859831165,  -9.824812242670713, -0.0482886875909944,0.001668620561525408, -0.3725688717101752,   100015.4234348106
21.78, -0.2841087543248942,  0.3768002475400994,  -9.829949125677016,-0.07205767230595278,-0.03152883332960121, -0.4243893425438113,   100015.6049218728
21.86,-0.2841088247594409, 0.3768002361153454, -9.831200445157316,-0.1208394826604333,-0.0363395831577692,-0.4064037492817205,  100015.5785208767
21.92, -0.2841090287264166,  0.3768001820884434,  -9.826399205591663, -0.1122026689664445,-0.00653876796702874, -0.3886904015009027,   100015.3821287344
21.99, -0.2841090662374125,  0.3768001679236886,  -9.821960930064213,-0.08039666837700191, 0.02833609672472379, -0.3992537943794967,   100015.6197463121
22.06, -0.2841092344665939,  0.3768001543269346,  -9.822500877140472,-0.06009423596572908, 0.06405685268150359, -0.3590736230974895,   100015.7280747724
22.12, -0.2841093042179437,  0.3768001314849059,   -9.82086235512784,-0.04158144046798651, 0.08456182868921169, -0.3512144733839187,    100015.514173016
22.2, -0.2841090219857931,  0.3768001614994702,  -9.822820275869626,-0.03959265704351905, 0.05714463287530668, -0.4059749151203104,   100015.4420337686
22.27,  -0.2841085046732587,   0.3768001684840104,    -9.82905925877686, -0.02963950281768674,-0.009355180986613306,  -0.4731871643886174,    100015.1201424459
22.31, -0.2841084868278375,  0.3768001016040898,  -9.825778999582797,-0.08240137654581529,-0.08078830595854923, -0.4869005461624372,   100015.0638300831
22.38, -0.2841086582253649,  0.3768001021495586,  -9.825459361341677, -0.1409250056838685,-0.08660255412501404, -0.4555026242841385,   100015.0950584392
22.45, -0.2841089761085981,   0.376800152421411,  -9.823384282831354, -0.1903609290124758,-0.01439301621783876, -0.3993400461038198,   100015.1099602564
22.52, -0.2841092126088273,  0.3768000992205365,  -9.817084080863452, -0.1519518517557005,-0.00272117479999648, -0.3732392406116333,   100015.2727502797
22.58,   -0.2841093428814268,    0.3768000663551699,    -9.814518065308144,   -0.0397066723998098,-0.0008988597121817693,   -0.3538582339120304,     100015.3460439092
22.65,   -0.2841093781286426,     0.376800034165426,    -9.807223823847742,  0.007591390662522229,-0.0005927972100126567,   -0.3781623967755399,     100015.6219813167
22.72,   -0.2841095052210917,     0.376800022929273,    -9.805130243129103,    0.0294104669044176,-0.0008713101486846253,   -0.3407391490586178,     100015.7009002048
22.79, -0.2841096967941067,  0.3767999966632143,  -9.804417845450962, 0.03433288841386457,-0.03297086452878259, -0.2710922643502919,   100015.5389896328
22.86,  -0.2841097505165164,   0.3768000048997148,    -9.80023559908742,  0.03481033477116792,-0.005064464996331381,  -0.2494542554640874,     100015.610172287
22.92,-0.2841097767131059,  0.376800009456819, -9.794240592554599,0.03498126476688371,0.02945908777754686,-0.2453191410533672,  100015.6111240976
22.97, -0.2841098375821119,   0.376799987153608,  -9.787873552128945, 0.08074885946268934,0.004276135323173373, -0.2303575914873194,   100015.7481129294
23.05, -0.2841098595766806,  0.3767999752375118,  -9.787976477024907,  0.0876370253006509,-0.02986427596604921, -0.2134069319814109,   100015.4623716316
23.11, -0.2841098998848985,  0.3767999760220179,  -9.786484091920228, 0.08878671039683157,-0.03491417446217598, -0.1819850787798214,   100015.6108699391
23.19, -0.2841099186597562,  0.3767999809189497,   -9.78629047928902,  0.1193309749233233,-0.02045900314414129, -0.1617560987041058,   100015.5395043156
23.23, -0.2841099316625407,  0.3767999805892692,  -9.788040294664842,  0.1390681751261588,-0.04862368127984934, -0.1437579651141919,    100015.465526357
23.3,-0.2841099539101369, 0.3767999719114322, -9.789019160237803, 0.2027215883979764,-0.1286244918964158, -0.126112746902729,  100015.6183292251
23.36, -0.2841099918707607,  0.3767999802206105,  -9.793812648930052,  0.2276454278223781, -0.1403809803372638,-0.08045345259024786,   100015.5495321902
23.43, -0.2841100168371596,  0.3767999932174651,  -9.800049443541681,  0.1711408539457795,-0.08110465931576864,  -0.015353987068673,   100015.1691501232
23.51, -0.2841100114874118,  0.3767999915319786,  -9.801565454129072,  0.1022886476539977,-0.01121695404360095,  0.0394656218380642,   100015.5344695126
23.57,-0.2841099830280061, 0.3767999747521615, -9.806763073644914, 0.0317558687129465,0.01477474958120106,0.09225680378687415,  100015.7914020374
23.65, -0.2841099359668451,  0.3767999483815164,  -9.814893604985389, 0.03889944295449972,0.005582371521305054,  0.1311046426969807,   100015.8043979765
23.71, -0.2841098696581468,  0.3767999157496125,  -9.816909298610822,  0.0541370863976747,0.002491985342836671,  0.1698308841529976,   100015.7824209596
23.78,-0.2841098600298904, 0.3767999102817328, -9.817411421460646, 0.0706427611850754,0.01757709152521694,  0.174068667347187,  100015.6377664876
23.83,  -0.284109929424391,  0.3767999417766776,  -9.818417132774581, 0.08480340230290635,0.002564143463058897,  0.1322660016883769,    100015.988164731
23.89,  -0.2841098981221053,   0.3767999231024163,   -9.827278843759425,   0.1056021618323075,-0.004743032708807047,   0.1438040126078328,    100016.4645530204
23.97, -0.2841097251766527,  0.3767998487422315,  -9.832038902053048,  0.1286801019998527,0.004549774058626638,  0.2107917837884405,   100016.1701739251
24.03,  -0.284109391394086,  0.3767997088958298,  -9.833429121272985, 0.03069925394709549,-0.02852588232007451,  0.3023972997313577,   100016.6236288468
24.1, -0.2841095125487959,  0.3767997875983967,  -9.825951833835308, 0.02247980842290801,-0.06197564978389449,  0.2840696910133725,   100016.9270898684
24.17, -0.2841095079666351,  0.3767997951072127,  -9.821989792492717, 0.00600534754074215,-0.05181163923954059,  0.2946195692878524,   100016.6665960082
24.22,  -0.284109243809585,  0.3767997638205249,  -9.819569444501617,-0.04118908790737175,-0.09547971554217732,  0.3668585790629655,   100016.4758257031
24.28, -0.2841091430360712,  0.3767998464237466,  -9.815805690238308,-0.03279361638244191,  -0.162918567478422,  0.3949439294848269,   100016.5694098268
24.35,-0.2841088810332881, 0.3767998194889909,  -9.81176020176499,0.02954959638432302, -0.157429574522874, 0.4568997756644321,  100016.4783202509
24.42,-0.2841085121709757,  0.376799763635183, -9.813489083318458, 0.1153844193846254,-0.1256418157826861, 0.5114691371330804,   100016.068508367
24.49, -0.2841086260816422,  0.3767996807559766,  -9.811742924022784,  0.1427724450200214,-0.04489418668279913,  0.4940404727537591,   100015.9757753111
24.56,  -0.2841082702767265,   0.3767995402170376,   -9.815885838709129,    0.162533395442164,-0.001711051029146939,   0.5330776465245464,    100015.9531182891
24.63,-0.2841080349853897, 0.3767993671377261, -9.822965552629258, 0.1352667760233232,0.06614836014356025,  0.540820033586766,  100015.9975547712
24.69,-0.2841085452643845, 0.376799550123811,-9.821973502052149,0.1454064444406784,0.0449086622140183, 0.471768611003666, 100015.9752562455
24.77,-0.2841088035800074,  0.376799638533748, -9.828769096300643, 0.1465493705160774,-0.0191929357373619, 0.4160436066538174,  100016.1379622461
24.83, -0.2841087579562049,  0.3767996097690616,  -9.833700327248305,  0.1012544755208888,-0.07399971009091585,  0.4190880339325302,   100016.1586963495
24.9, -0.2841085835788605,  0.3767995426174642,  -9.839860395680596, 0.06441708919135816,-0.05137885897543858,  0.4338583655247666,   100016.1295041472
24.98,   -0.284108364176426,   0.3767994266328615,   -9.845928513101711,   0.1046264405489687,-0.001855170904240299,   0.4510824285052526,     100016.087613244
25.04,-0.2841083274217873, 0.3767993294149258, -9.853820431297827, 0.1407963198334596,0.06659157726995156, 0.4405492751138909,  100016.2288945503
25.1,-0.2841085849425136,0.3767993477028481,-9.876230907310644,0.1153971705559024,  0.12215777684625,0.3823159263467795, 100015.9946991704
25.17,-0.2841089127968497, 0.3767993785187487, -9.895203984826464,0.05018421059213046, 0.1451763420488223, 0.3285536879566082,  100015.9510421562
25.24, -0.2841091762754686,  0.3767994508400229,   -9.90199805765222,0.009491626533021219,  0.1479556595461365,  0.2897278470695898,   100016.0337567051
25.31, -0.2841092182705471,   0.376799453652259,  -9.937258766679603,0.005512433191064063,   0.125066910149338,  0.2689806556652675,   100015.9028181998
25.38, -0.2841092629287096,  0.3767994081440221,  -9.948154758003724,-0.01394904547034529, 0.09709788222242388,  0.2633182383449258,    100015.986080564
25.45,   -0.2841093350633359,    0.3767994731658881,    -9.921444074524137,-0.0003965712332663061,    0.0948183010714137,    0.2626567574499314,     100015.8747909796
25.51, -0.284109276875446, 0.3767994856555181, -9.902205353065517,0.07748913818697863, 0.1248113556919159,  0.276720130991095,  100015.8941183723
25.58,-0.2841091013070043,0.3767994040143121,-9.892776845578704,0.1044635408591974,0.1600900025866295,0.3076368824020586, 100016.0437650517
25.65,-0.2841088680399575,0.3767993243586252,-9.888134730509746,0.1239545318503026,0.1810117509192982,0.3418172630075312, 100016.1399404693
25.72,-0.2841088388886082,0.3767993095089439,-9.888514069163504,0.1224336194987271,0.1605942397431218,0.3476339070177293, 100015.7992150918
25.77,-0.2841088873494684,0.3767992982067415,-9.889969972805991,0.1101228725775348,0.1754607241967021,0.3412599965819525, 100015.8369292229
25.84,-0.2841089919368068,0.3767993214214091,-9.884691078666959,   0.0490593147911,0.1528964258224214,0.3342437344220681, 100015.9319321476
25.9, -0.284108845279247, 0.3767992604526764, -9.880392064399175,0.08482568994025159,0.08888739387034209,  0.360740532792824,  100015.8400673263
25.97,-0.2841089063176354, 0.3767992860084723, -9.880272734146489,0.09294222295877547,0.08550301833430445, 0.3523970180716655,  100015.8992279439
26.04,-0.2841087911991851, 0.3767992109209582, -9.884979716100434,0.07446110227316918, 0.0779021845583471,  0.365409872070117,  100015.9301548594
26.11,-0.2841083921982615, 0.3767989287937245, -9.879747333525582,0.05799833292148746,0.09399743768971337, 0.4233907151094765,  100016.2188765993
26.17, -0.284108454442067, 0.3767989684361837, -9.876427968394024,  0.116062961628456,0.05061068673036507, 0.4202402702475214,  100016.2061501266
26.25,-0.2841087788686737,0.3767991832893817,-9.872614318052507,0.1244107251050593,0.1037888296484108,0.3775045379526785, 100016.2934928498
26.31,-0.2841089979472808, 0.3767992424643884,  -9.86439380021557,0.06448722601660629, 0.1717167631547691, 0.3551708784020103,   100016.403496927
26.38,-0.2841091935255791, 0.3767993448184515, -9.867443172767482,0.04017003829150342, 0.1206210134639554, 0.3225440163590139,  100016.5446518094
26.45, -0.284109608461011, 0.3767996081851798, -9.859932708948184,0.05128473280124221,0.08091816489214207, 0.2456846200167264,  100016.4289923108
26.52,-0.2841098635359036, 0.3767997858139737, -9.853720509386024,0.03747414094960077,0.04325040694644594, 0.1743686286980115,  100016.0701256593
26.59, -0.2841100594458102,  0.3767999410777897,  -9.853123866466021, 0.05019249060492173,0.005069983464641253, 0.04785167035037989,   100015.9451262539
26.65,  -0.2841100113736814,   0.3767999330834079,    -9.85705638233472, 0.006352738867783668,-0.002533582432848628, -0.06120834171114847,    100016.1421296666
26.73, -0.2841098119655162,  0.3767998073445855,  -9.864624630597113,-0.06356531323395909,0.005202522699932667, -0.1530621297379828,   100015.9021772729
26.8,  -0.2841095963054828,   0.3767996568342972,   -9.860612049964965,  -0.1046503896988499,-0.005432482953439584,  -0.2185770757746099,     100015.917062781
26.87, -0.2841093608545087,  0.3767995022497128,  -9.863119312886317, -0.1691534540476836,-0.02269017733049795, -0.2680344264961434,   100015.9417908989
26.93, -0.284109198363141, 0.3767993776919135, -9.857447551630248,-0.1787957379239201,-0.0557927805283057,-0.3056286070874591,  100015.8930317156
27,   -0.28410907639599,   0.376799255356539,  -9.849412272242686, -0.1347161280818169,-0.07593568351153758, -0.3410235069552283,   100015.8550186857
27.06,-0.2841087018686476, 0.3767989224782174,  -9.84265395109065, -0.098001885315307,-0.1100277615297231,-0.4182669949574996,  100015.9527078968
27.13,  -0.284108807214784,  0.3767990210600174,  -9.839481535291499,-0.09254444988125468, -0.1145296437609671,  -0.405064579441293,   100015.7843920666
27.19, -0.284108894345001, 0.3767991228244225, -9.837828073286587,-0.1221054301754749,-0.1146593374542707,-0.3885237115886193,  100015.8803977456
27.26, -0.2841088658532123,  0.3767990634258814,  -9.837061880676648, -0.0961035539135206,-0.09943463746076195,  -0.399350135786068,   100016.0300925752
27.32,-0.2841088602251288, 0.3767990870869703,  -9.83612093521959,-0.1075005734002633,-0.0665671667935276, -0.401431477824925,  100015.8519763073
27.39, -0.2841086758442289,  0.3767989435614013,  -9.837488244467149, -0.1093802494849601,-0.06201503924639693, -0.4299753162282356,   100016.0143610476
27.46, -0.2841087086578282,  0.3767989048933209,  -9.842699919275027,-0.07919338037822622,-0.07646991060561592, -0.4215094995625868,   100015.8881607294
27.53, -0.2841087480795202,  0.3767989305498817,  -9.842037346625597,-0.05949567557422871,-0.03279087808170998, -0.4197662880414597,   100015.8457689004
27.59, -0.2841087628618658,  0.3767989872119981,  -9.839037637367381,-0.07182637262556225,-0.01073643074319774, -0.4194286506623652,   100015.9350041357
27.65, -0.2841087177592829,  0.3767989368075653,  -9.835555485920615,-0.04335869941984895,-0.02251423726870626,  -0.433426582354539,   100016.4438544435
27.71, -0.2841085242921806,    0.37679878030696,  -9.834827293565478,-0.03940645146029484,-0.05491022683865755,  -0.464345091330828,   100016.6526388745
27.78, -0.2841082084778365,  0.3767985668399725,  -9.839285040219274,-0.06962819334460996,-0.06035696045557364, -0.4985389992460791,   100016.3915249401
27.85, -0.2841081498396792,  0.3767984449793302,  -9.843871017208187,  -0.043783239789075,-0.06132403351544998, -0.5051716630091202,   100016.0407366645
27.92,  -0.284108357144361,   0.376798610429019,  -9.843401011999779,-0.02456009593682832,-0.04561900621598864, -0.4782800219265962,   100016.2824102786
27.99, -0.2841084502450729,  0.3767987681408393,  -9.842746911072281,-0.05212611580548054, -0.0124312460205811, -0.4589790156966012,    100016.552842837
28.06,  -0.2841083604887414,   0.3767986644378874,   -9.846209924544558, -0.04117792708518336,-0.007719465585935433,  -0.4692623756398987,    100016.3485233089
28.12, -0.2841083801630465,  0.3767986793800366,  -9.845010893471313,-0.03950249044216724,0.008372211074420642, -0.4712223576141432,   100016.1878832608
28.19,  -0.284108143043813,  0.3767984809922924,  -9.847377506852222,-0.02818150832174789, 0.00472879589592358, -0.5001583599227655,   100016.3947823927
28.26, -0.2841082141640621,  0.3767985419700193,  -9.848034317704437,-0.02197976509700686, 0.01099516503765252,  -0.490406100323005,   100016.3507233992
28.32, -0.2841082547530846,  0.3767986075631192,   -9.84572785855385,-0.03693677255702116, 0.04181737288306812, -0.4893552294981692,   100016.2494913235
28.39,   -0.284108125260463,   0.3767984494584777,   -9.842882779253193, -0.02411684743471318,0.0006729456931613028,  -0.5173018172645431,    100016.1654984135
28.46, -0.2841081624202018,   0.376798546058207,  -9.840644404176807,-0.05263180501523379,-0.02027367427648721, -0.5087004072536914,   100016.4559380472
28.53,  -0.2841083646864762,   0.3767987327829003,   -9.840908288085375, -0.08695663221578255,-0.007702945644703006,  -0.4788928686562136,    100016.0824819976
28.6, -0.2841083567101512,  0.3767987955836777,  -9.841104061880666, -0.1528709888778954,-0.02075194141070582, -0.4731913388965701,   100015.8848195845
28.67, -0.2841080875348354,  0.3767985382658548,  -9.841824575097435,  -0.147861007416662,-0.05349958154157906,  -0.514250064002192,   100015.6498120304
28.74, -0.2841077371543045,  0.3767982267322171,  -9.837518186272394, -0.1474744645487251,-0.02835815254130043, -0.5784197130978016,   100015.4509711959
28.81,   -0.28410808789193,  0.3767984371927595,  -9.834444849322901, -0.1316390185668559,0.006419324511224006, -0.5485930147470107,   100015.1796277607
28.87,-0.2841085251842048, 0.3767987893841762, -9.832902593273223,-0.1286287450703269,0.01248510251158838,-0.4865573917110408,  100015.0845403893
28.95,  -0.2841085717316537,   0.3767988797075552,   -9.831899655998088,  -0.1178644637333616,-0.004732247778686698,  -0.4746761785463951,    100015.2998236758
29,   -0.2841085531029507,    0.3767988765163471,    -9.828514119179335,   -0.1057949105632725,-0.0003812889367576884,   -0.4870112059085731,     100015.4471412133
29.06,   -0.284108670220387,    0.376799005199296,   -9.828236805496045,  -0.1098827259217325,-0.003053336499795006,  -0.4635186003983933,    100015.5760653827
29.13, -0.2841087075613133,  0.3767991425390465,   -9.82966289673376, -0.1298964675933747,-0.00548955784599513, -0.4423632590226869,   100015.8921588759
29.2, -0.2841089534988579,   0.376799225946611,  -9.832044426232782,-0.06197681968157263, 0.01367533029827513, -0.4063395896602855,   100015.5158825498
29.27, -0.2841090457349636,  0.3767993578329356,  -9.828465168881857,-0.07193968285430322, 0.04589777734944322, -0.3884233246379996,   100015.8395563824
29.33, -0.2841090697775361,  0.3767993971708764,  -9.827191416245594,-0.05820255723190304, 0.06593354125085309, -0.3849856897987754,   100016.0635538886
29.41, -0.2841090420517999,  0.3767993521852794,   -9.82664464604378,-0.01066304316579999, 0.08401411359091843, -0.3983095862891151,   100016.0019285525
29.47,  -0.2841091803562157,   0.3767994370358121,   -9.825727852134836,-0.003241791690182053,  0.08698998597159091,  -0.3727841624368291,    100015.9479619129
29.55, -0.2841091834934028,  0.3767994467224258,  -9.825803994477653,-0.04768508800778611, 0.01166336031277362, -0.3678981586490547,    100016.002931632
29.61,-0.2841093030755616,  0.376799528500998, -9.833028193159258,-0.0692580316473726, -0.029702596989221,-0.3247744310516361,   100015.836034405
29.68, -0.2841092712348124,  0.3767995485606095,  -9.830736633861045, -0.1062504943462766,-0.03727805274592293, -0.3305673139292165,    100016.061623929
29.73, -0.2841091926467998,  0.3767995377311631,  -9.823242374422936,-0.08886156812497797, 0.02889462428320505, -0.3622347346559113,   100016.4851856101
29.8,  -0.284109103032103,  0.3767995742779092,  -9.822457051791382,-0.08670416164349996, 0.04867038515803479, -0.3727745090776562,   100017.0225868646
29.86, -0.2841089564681505,   0.376799547063661,  -9.822865269458987,-0.05870123723057242, 0.06842995276385043, -0.3980556445607146,   100017.2756853542
29.93,   -0.28410903360689,  0.3767995558511368,   -9.82406701270027,-0.05629628423507504, 0.07010156329528959,   -0.38679290614112,   100016.9853430781
29.99, -0.2841090994868757,  0.3767995448506882,  -9.827453975021276,-0.03803630073508956, 0.04004779489078363, -0.3704566793997812,   100016.7091522316
30.05, -0.2841092388154988,  0.3767996404159631,  -9.828498006251872,-0.04102061062233209, 0.04629665050878005, -0.3377506465600929,   100016.8515177526
30.12,  -0.284109612959152,  0.3767997993166866,  -9.822967825141671,-0.03640956500067091, 0.05280260766886007, -0.2558864734853676,    100016.829299653
30.19, -0.2841096997897833,  0.3767998463835083,  -9.819568148217524,-0.05105649704698118,  0.0991407650773635, -0.2325326871128119,   100016.8134318907
30.23,  -0.2841097622592567,    0.376799863936674,   -9.817979329753449,-0.007478120156011963,  0.07412572140387988,  -0.2139102688713334,    100016.8275315312
30.3, -0.2841097458442273,  0.3767998650171858,  -9.813582914339342,0.004285172249559636, 0.08360113393119877, -0.2275565192240416,   100017.0377690983
30.37,-0.2841098005062982,  0.376799869335282, -9.814258478481229,0.03318739780155652,0.08880773922208039,-0.2116601802662644,  100016.5151266915
30.44, -0.2841098585223596,  0.3767998953259796,  -9.816621481086177,0.005485474170659559, 0.07428871002303471, -0.1816868694259592,   100016.1924850531
30.51, -0.2841099389069539,  0.3767999359584209,  -9.815389960056702,-0.02854067899805879, 0.04207082102914921, -0.1337765164898816,   100016.0450331998
30.57, -0.2841099508093443,  0.3767999454356178,  -9.813057240369009,-0.04876716839260064, 0.02214475287752873, -0.1244600956413241,   100016.1341675076
30.65, -0.2841099668094736,  0.3767999564720508,  -9.812955229023885,-0.09718926918146013, 0.01924122470103331,   -0.10861690051072,     100016.08014069
30.71, -0.2841099860049378,  0.3767999714718627,  -9.805891744937211, -0.1195000293173253,  0.0189050583773503,-0.09147595732370395,   100016.4124834453
30.78, -0.2841099877076105,  0.3767999737526581,  -9.802493382352552, -0.1531268854698079,0.003737987529827242,-0.08814516147535689,   100016.2438493431
30.86, -0.2841100269786442,  0.3767999839001244,  -9.802414515129689,  -0.142462139673365,0.001655803290861599,-0.01719351063948256,   100016.0924501169
30.9, -0.2841100094434749,  0.3767999604396967,  -9.801089774168785,-0.03384537448784241, 0.03190902117023019,  0.0950417929840037,   100016.3098185094
30.97, -0.2841098792460484,  0.3767999213123634,  -9.798250808281356,0.001345599927239479, 0.02304343249470774,  0.2155082555020893,   100016.9449723661
31.03,-0.2841096660069738, 0.3767998198568486, -9.797242955155212,0.02015379166510492,0.03622127844757705, 0.3333376830514723,  100016.8323067206
31.11,-0.2841095105407293, 0.3767997703663125, -9.795770624613612, 0.0372990050931172,0.02232600076914709, 0.4025093351018814,  100016.8696349471
31.15,-0.2841094969053338, 0.3767997533403302, -9.793938036671841,0.07015640620346293,0.06592585140517734, 0.4016150971981993,  100016.8523579291
31.22,-0.2841093922117441, 0.3767996738679759, -9.793925526583532,0.07504441330385836, 0.1029735013966947, 0.4436134738245922,  100016.8919022864
31.28,-0.2841092850944336, 0.3767997225836254, -9.796773995713997,0.04551579852249533,0.06271785491089867, 0.4799267367100787,  100016.9339963391
31.35,-0.2841093256801879,  0.376799754057605, -9.795941315457554,0.02558796436875632,0.02630179192712313, 0.4869798616528025,  100016.9054596449
31.42,-0.2841092722993632, 0.3767997584633029, -9.796682928949338,0.03782572330920418,0.00572558867865289, 0.5024482532500498,  100016.8794370674
31.49, -0.2841091670449168,  0.3767997385809988,  -9.797942320731908, 0.07018738802013881,-0.01235046861264983,  0.5195402704992541,   100016.7329149051
31.55,  -0.2841092193029923,   0.3767996528863293,   -9.796501607972685,  0.07471159958185339,0.0004725452194939085,    0.508798227426726,     100016.479472068
31.63,-0.2841091573151996, 0.3767996591609248,  -9.79542450250427,0.09063127031243721,0.00239164325035512, 0.5207656351226353,     100016.4203227
31.69, -0.2841089270220412,  0.3767995837224383,  -9.798369386210627,  0.1142511996695114,-0.02519454998876159,  0.5654054173537634,   100016.2765999465
31.76,-0.2841085749880713,  0.376799531406446, -9.800726785305013, 0.1443964822112344,-0.0317397359543637,  0.621036969395673,  100016.0721918478
31.83, -0.2841084916697265,  0.3767995072182372,  -9.800846902023224,  0.1471058841403785,-0.06238336775275336,  0.6411776500688648,    100016.273916032
31.9, -0.2841085035463063,  0.3767995539990966,  -9.800380352844867,  0.2003374753028552,-0.05381858917806097,  0.6167611646212262,   100016.1199609075
31.96, -0.2841085327145382,  0.3767993633201396,  -9.799037773319787,  0.1958858473405773,-0.02598240795116435,  0.6220743098938856,   100015.9415799438
32.02,   -0.2841084969983277,    0.3767992633847657,    -9.799961680917747,    0.1849164427410184,-0.0002474005655267241,    0.6271922775412297,      100015.648374149
32.08, -0.2841086638721514,   0.376799364661799,  -9.801695369988757,  0.2283864516007615,-0.02665800874888304,  0.5720989236299544,   100015.5707377164
32.15,   -0.2841089371221448,    0.3767993567128569,    -9.801772864604843,    0.2038270351083996,-0.0003534050663200859,      0.51917772756758,     100015.6274540818
32.22, -0.2841090015212661,  0.3767993033199089,  -9.803060639966329,  0.1543072571467461,0.003654522139913747,  0.5089075338887792,   100015.8607790622
32.29, -0.2841090388424891,  0.3767992851504111,  -9.807775962288801,   0.167146335329393,-0.02273762431318494,  0.4790382574936044,   100016.1576547405
32.35, -0.2841091548551225,  0.3767992686567656,   -9.81634330775068,  0.1139178276164092,-0.01436948598035232,  0.4416109080718901,   100015.5974845927
32.42, -0.2841092610531382,  0.3767992770282838,  -9.821031861533065, 0.06410157542817281,-0.01354304079109856,  0.4093833419085462,   100015.7052415882
32.5, -0.2841092524026452,  0.3767992347157144,  -9.825782743934981, 0.05670286377081144,-0.04359812644350716,  0.4031884889286203,    100015.809573001
32.56, -0.2841090272688094,  0.3767990103685729,  -9.831092349191762, 0.02545437676809257,-0.06250159968932907,  0.4441975417202437,   100015.8374234113
32.63,  -0.284108926405056,   0.376798898009583,   -9.83134297322834,  0.0359401420744011,-0.06504353279010019,  0.4662188389655391,   100015.8613395773
32.69, -0.2841088033992932,   0.376798836591911,  -9.836884560245025, 0.06804171042438374,-0.04994099479890236,   0.470597674976043,   100015.6905045913
32.75, -0.2841088507858742,  0.3767988836678757,  -9.838276516151218, 0.08445254253684988,-0.02222175029184071,  0.4570768604900433,   100015.5769568597
32.81, -0.2841089133761364,  0.3767989148597771,  -9.839833307276196, 0.08912309444205341,-0.01532454460518776,  0.4403873411777054,   100015.8090791104
32.88, -0.2841090338931256,  0.3767990418408087,   -9.84255989930384,  0.1208221076369231,-0.01271425618991393,  0.4099118849171456,   100015.7149072449
32.92,-0.2841089984461114, 0.3767989921517475, -9.844673394070616,0.08027147893908552,0.01809700630572826, 0.4174896655010939,  100015.3987032909
32.98,-0.2841089116385785, 0.3767988893846386, -9.846290131605551,0.04381384486413983,0.00784738073448865, 0.4330047812030433,  100015.5218037087
33.04, -0.2841088663696903,  0.3767988658930351,   -9.84906184739849, 0.03834364741317182,0.006404789237468973,  0.4360289788096602,   100015.3981806416
33.11,-0.2841087731100018, 0.3767987522550235, -9.848964453906206,0.00712556510107674,0.02165899496595535, 0.4507147404219022,   100015.756748074
33.18, -0.2841087761302802,  0.3767987203337132,  -9.855689288205948,-0.01278532684530447,  0.0543305792920158,  0.4395872266370106,    100015.721937688
33.25,   -0.2841088330966417,    0.3767987462825268,    -9.860556951461076,-0.0006892561700141584,   0.04393514939841606,    0.4232994409653859,     100015.8784415966
33.32,-0.2841088916937496, 0.3767987850550297, -9.865802274492212,0.01619218594835737,0.02710496414398363, 0.4060374506690579,  100016.0832052252
33.38,-0.2841088932930956, 0.3767987954369146, -9.869311597170682,0.01865135607353994,  0.039676427440276, 0.4026744470385167,  100015.7742634969
33.45,-0.2841090560308769, 0.3767989435976469, -9.869166730543622,0.03400423324699367,0.04102061011959986, 0.3738478025915981,  100015.9848631402
33.53,-0.2841092160676198, 0.3767990723034862, -9.875369582143991,0.03613335748678047,0.05586220089479323, 0.3401200100206122,  100015.8091377874
33.57,-0.2841091029802896, 0.3767989913568905, -9.871934433903087,0.03643446041157813,0.08872139086456336, 0.3617096046051959,  100015.8393352981
33.63,-0.2841088830622703, 0.3767987953286568, -9.866013362029086,0.00611907536267629, 0.1396370582914238, 0.4081305088810189,  100015.5555501783
33.69,  -0.284109007587807,  0.3767988883861335,  -9.857635007642847,0.001430537328791991, 0.08604547018008009,  0.4029087838373263,     100015.62180041
33.75,-0.2841094395288963, 0.3767993497562636, -9.852827466077166, 0.0299924590839673,0.05721572564694141, 0.3173241411685774,  100015.2918311758
33.82,-0.2841096437831253,  0.376799531999248, -9.845722532892996,0.05880898527449337,0.06937339001411821, 0.2691112867870056,  100015.4379674118
33.89,-0.2841100405494644, 0.3767999257044449, -9.845125630911358, 0.1671730768402717,0.05368097233328985,0.06366326576097316,  100015.8619782241
33.96,  -0.2841100565993491,       0.376799948353,   -9.851569784872206,  0.06976208723770991,  0.02102606290792041,-0.002013535516763081,    100015.7526055179
34.01,   -0.2841099162657126,    0.3767998562727791,    -9.848245510689138,    0.0398741076479453,-0.0008862428644272641,   -0.1271819370893718,     100015.7243434734
34.07, -0.2841098273307746,  0.3767997967930062,  -9.849296576596405,-0.02537489098537107, 0.04087241013551708, -0.1654365653998418,   100015.7564646509
34.12,  -0.2841095659763698,   0.3767995608186531,   -9.847533410095394,-0.003710234363545823,  0.03572969471501909,  -0.2571315273777177,    100015.8796116649
34.19, -0.2841094219108798,  0.3767994609331902,  -9.842118491840706,-0.04433696237361154, 0.01356220759313837, -0.2983738942752227,    100015.746396073
34.26, -0.2841095138151815,  0.3767995671909645,  -9.852620935090293, -0.1436330637348802,-0.03371588641432022,  -0.255911650018845,   100015.4730951373
34.33, -0.2841094587888133,  0.3767993563563331,  -9.897305161237798,-0.03778093977256638, -0.2399813237368514, -0.2475070855213538,   100015.7183242958
34.39,-0.2841097004779251, 0.3767996486811592, -9.882730441463314, -0.113171677614059,-0.1926106213592246,-0.1890687714125893,  100015.6294465308
34.45,  -0.2841097641473784,   0.3767997333074795,   -9.853959802858389, -0.03313782212764108,-0.002316098127087848,  -0.1913551410965345,    100015.5667430161
34.51,-0.2841090766574189, 0.3767987810524178, -9.868226651902265, 0.1156834193673797,0.08273211461660168,-0.3889224278369418,  100015.8227196557
34.58,-0.2841093792796503, 0.3767995734747216, -9.832171853611971,-0.1259259260726046,0.09656609873564428, -0.314560978586295,  100015.9064548309
34.66, -0.2841084823425022,  0.3767987122464521,  -9.878410803226137,-0.01347705959017776, -0.1306113047933236, -0.4227419642756746,   100015.7759624711
34.72, -0.2841090185345571,  0.3767993433415854,  -9.880733258171171, -0.1872004043465254,-0.02525264919739386, -0.3211099751973756,   100015.5160554021
34.79,-0.2841095326956984, 0.3767996629699262, -9.843476671279216,-0.1354877599418773,0.09916341135746608,-0.2731570967154529,  100015.7156344974
34.86, -0.2841084623521717,  0.3767984018691579,  -9.859860535853835, 0.06889045665957638,-0.03836570079939981, -0.5032814870868467,   100015.6479351627
34.92,-0.2841090720673248, 0.3767998438241741, -9.817786207666684,-0.3268494196500812,0.02263043218473421,-0.3929880140313349,  100015.8670362872
35, -0.284108854838717,  0.376799786093439, -9.857059688642437,-0.2047802776856268,-0.3033551806358199,-0.3440035106734944,  100015.5629194748
35.07, -0.284108298776298, 0.3767984688203888,   -9.8316212175692, 0.2119669063666476,-0.2569525106934756,-0.6849887185942662,  100015.4647974836
35.12,-0.2841081572213645, 0.3768001271490472, -9.858653955583318,  -0.59105953361674,0.04269215422708632,-0.4351056572376678,  100015.3500128357
35.19, -0.2841082295872528,  0.3767999551582936,  -9.864253219435579, -0.3617754999908644,-0.06473762540157263, -0.4280997184588713,   100015.3297315323
35.25,-0.2841089316011559, 0.3767996288136203, -9.827297533907581,-0.2841346250239919,0.03273630612675765,-0.5175579718510369,  100015.6597566605
35.33, -0.2841098202572334,  0.3767999964158572,   -9.82266629703461,  -0.406898130879596,-0.01062740391349432, -0.1573484784797626,   100015.5170547307
35.39,-0.2841091419631154,  0.376799198084754, -9.831878684997884, 0.4385788756630633,-0.2774051454925223,-0.5081286032080659,  100015.4830184992
35.44, -0.2841076917187353,  0.3767996721512194,  -9.829354060014273,-0.07570519659614285,-0.04359278653714992, -0.6474185813366947,   100015.1843053018
35.51,  -0.2841094694368139,   0.3767999707154788,   -9.824713143080753,  -0.1186380702751315,-0.006947846808383515,   -0.280720837840487,    100015.2038262945
35.58,-0.2841088644102384, 0.3767999169008934, -9.858301930629572, 0.1612110472081557,-0.1386932803660115,-0.3639314748906231,  100015.0417273087
35.65, -0.2841099664823929,  0.3768000185402148,   -9.81310185731617, -0.3841963513066702,  0.1015644496018966,-0.01483740618833988,   100015.1865251634
35.72,  -0.2841099673473666,   0.3768000165726433,   -9.832253142728947, 0.004148399116302468,   -0.135823235347817,-0.002798189536481585,    100015.4098470863
35.78,-0.2841096581664916, 0.3767998068569429, -9.836415775610917, 0.3035042373527712,-0.2935439039802945,-0.4220234046381105,   100015.582732662
35.85,-0.2841096523539984, 0.3768000328245038, -9.801209626938167,-0.2285376088209969,0.09306095350073568,-0.2369320038126596,  100015.8981785576
35.91, -0.2841085296185508,  0.3768003526477507,  -9.853171199602704,  0.0375625107974536,-0.01567692822071861, -0.4399615776851672,   100015.7101941807
35.98, -0.2841082802716851,  0.3768003338388963,  -9.833883653405106,0.001868840672338306, 0.04353977761479157, -0.5637509540006247,   100015.9604607296
36.04,-0.2841096852151029, 0.3767999782407704, -9.866265700942609,-0.5460300722151582, 0.1893965823442754,-0.1106430119230306,  100016.2012610851
36.12,-0.2841095313758215, 0.3767999724941707, -9.839506584115497, 0.1759613064681243,-0.1076336350779876,-0.1895650685536061,  100016.0487785287
36.18,-0.2841093899869679, 0.3768000568612787, -9.823964721982801,-0.0679662541946419, 0.1389256047379104,-0.3042650403095147,  100016.0833633032
36.26,-0.2841096000558754, 0.3767999294400029, -9.876660693198941,0.02699990103101352, 0.1589411386008581,-0.1129227493936956,  100015.9265507291
36.3,  -0.28410891517778, 0.3767999826081406, -9.833787169563182, 0.2125990955393028,  0.276785679506907,-0.6281655808619921,  100016.0553982256
36.37, -0.2841092305309753,  0.3768001436942088,  -9.845223786365967,-0.07301905841061873,  0.2996579802154356, -0.4567760689664183,   100016.1094572334
36.42, -0.2841098585132298,  0.3767999366531835,  -9.832335418604504,  0.3640683691977847,-0.02782088463300491, -0.2748225285316999,   100016.3344676404
36.49,  -0.284109583373894,  0.3767999563718928,  -9.827008037644783, -0.1280875574846679,-0.08037680281257027, -0.2925036050302423,   100016.2924942722
36.53, -0.2841098499500297,  0.3768000257933115,  -9.830771838146168, -0.2756919216257567,-0.04148668652792003, 0.09763249454346663,   100016.3598943899
36.6,-0.2841096336182128, 0.3767999780368088, -9.824597783849905, 0.1101637794245352, 0.0996969564461436,-0.2761635517625921,  100016.3214730258
36.67, -0.284109728470101, 0.3768000449222942, -9.823714949761344, -0.415661401472106, 0.3397951804214833,-0.1663708854351634,  100016.3601491254
36.72,-0.2841099030757157, 0.3767999802469577, -9.807765373958658, 0.5519244427132601,  0.191343577308668,-0.2660600308503629,  100016.8905888104
36.79,-0.2841097797728039, 0.3767999380774038, -9.826886141553471, 0.1427750032295962, 0.1184907846534241,-0.3050330111089156,  100016.8094519401
36.86, -0.284109598229254,  0.376799976097482, -9.795265892140817,-0.4165220956120868, 0.2911676721500554, 0.3204952174215339,  100016.8649764084
36.93,  -0.28410916921133, 0.3767998862330462, -9.870644067385031, 0.6350378222797146,0.05891497886118274,-0.1905257133352694,  100016.3251899053
36.99, -0.2841088491610017,  0.3768001057780359,  -9.862833579166177,-0.02924580997909168, 0.07032764450841357, -0.2904525068623949,   100016.3327276283
37.07,-0.2841107077646036, 0.3767998959076604, -9.861432573132632,-0.4771702285283226,  0.225307938293986, 0.2119071964853901,  100016.9704354845
37.14, -0.2841107258354009,  0.3768003349866928,  -11.11314701993123,  0.4173067958576294, -0.3664651458691822,-0.03177713829888799,   100017.0010839933
37.21, -0.2841115612357414,  0.3768010403996172,  -10.10727491013605,-0.06215434271586977, -0.1125748229148432,  -0.047026404513489,   100016.9690755967
37.27,-0.2841092341344875,0.3767997921401144,-9.792459472672343,-0.691563512607145,0.6060006659670069,0.2308793082591086, 100016.6570171025
37.35,-0.2841085393569246, 0.3767990322383019, -9.917614825051349,-0.2213700072368782,0.04314566715032512, 0.1577231231380576,  100016.3270115898
37.41, -0.2841083785868657,  0.3767983554872609,  -9.956273439436814, 0.07273439608988935, -0.1298027013038879,-0.03914570917600713,   100016.7202503838
37.48,-0.2841093182839678, 0.3768004589314885, -9.832688002894828,-0.3512458199163666, 0.3790680405871477, 0.2590395203708529,  100016.5916593787
37.55,-0.2841076775496844, 0.376801537564258,-10.09930299203919,0.2241750755600394,-0.114482122169588,0.2618189010888045, 100016.3307625831
37.62, -0.2841067459032058,  0.3768053633249712,  -10.96530216556967,  0.3076083571556425, -0.4125386480991591,-0.06274175122838715,   100016.0128019492
37.68, -0.2841203199368542,  0.3767854653689288,  -12.70743334299605,-0.05088747911097041,  0.7360844435680176,  0.0182197721436752,   100016.1612191076
37.75, -0.2841322714709777,  0.3767783660025544,  -14.88578460097271,-0.06972961598367323,  0.0046968417945295,  0.2165532497509345,   100016.2182478094
37.82,-0.2841431785583867, 0.3767554787832061, -15.60063083799018, 0.1939783293584837, -1.134539059321117,0.04982896103699482,  100016.2855499517
37.88,-0.2841183832611754, 0.3767905850630952, -10.99361764064841,-0.1136167252046909,  0.214101141632006,-0.1289722082379283,  100016.7098022524
37.95,-0.2841172455500705, 0.3767910432324256, -10.87343378430772,-0.2767029947623398, 0.3143844980807858,0.01686303127705848,  100016.2795537672
38.02,-0.2841232961955459, 0.3767857806460871,  -11.5743892185105, 0.2575984420027599,-0.6257593886654911,-0.2055733518010521,  100015.8536707005
38.09,-0.2841103713444747, 0.3767960762753888, -10.08822990837726,0.06916295692175253, 0.2707125431764293,-0.2107987633580292,  100016.4368967381
38.16,-0.2841126569746173, 0.3767986507754773, -10.02305623305788,-0.2938147984410311, 0.5040615127547153, 0.3405656177489896,  100016.7738008657
38.23,-0.2841228243820789,  0.376791329491028, -11.72564654998424,0.02417896681884276,-0.5655472264379015,   0.25037668709184,  100015.8400695951
38.29,-0.2841116840471434, 0.3767983170348048, -10.14061812547084,  0.166886462135841, 0.1565850320773242,-0.1735448547409286,    100015.35022461
38.35,-0.2841103648306001, 0.3767992568589186, -10.02359903632832,-0.1143339791800822, 0.7799117320762521, 0.1020466093633374,   100015.315825369
38.42,-0.2841106370505569, 0.3767981905886499, -10.14312185062166,-0.0594341992634543,0.06593025598193686,0.05466224562929319,  100014.9838813823
38.48,-0.2841113268194062, 0.3767982217080194, -10.14668707490561,0.06806001203986911,-0.5400621532882249,-0.1953463100863047,  100015.1212092154
38.56, -0.2841102406021572,  0.3767997677010488,  -10.01757305151028,  -0.154233351647903,  0.4352796640364504,-0.06845538492752205,   100015.4275889826
38.6,-0.2841106424347707, 0.3767995159253342, -10.04969078162094,-0.2490849018679301,0.03539482418659704,0.04316855815283915,  100015.3963519791
38.67,-0.2841115283171591, 0.3767994170931274, -10.10613184947792, 0.1174977353805344,-0.5826905648343291,-0.1592142802006971,   100015.323884857
38.73, -0.2841077417011406,  0.3767987652315228,  -10.08958798160394,-0.08809896701466037,  0.5056168808958224,-0.08992274822089495,   100015.8195380361
38.8,-0.2841100053760598,0.3767998079323316,-9.976710389044069,-0.329404991870808,0.5286026976391607,0.3753354723907766, 100016.0084831093
38.87,-0.2841094525231725, 0.3767988773233922, -10.10546428053077,0.04613450810209994,-0.7878294885263876,  0.230803137723245,  100015.8644582322
38.95, -0.2841107101286798,  0.3767994379942508,  -10.04605502281625,0.008060459606903936, -0.2991998132217407,  0.1432292975696019,   100015.9710121797
38.99, -0.2841088885695272,  0.3767998434912302,  -9.975403958506691,-0.08584326470559463,  0.7752014359330613,  0.4038938879200138,   100016.1783167551
39.06,  -0.2841074650740071,   0.3767995916187784,   -10.10365539936046,    0.373391966400079,-0.003860356858713356,    0.218516980421075,    100015.9907039415
39.12,-0.2841048380872259, 0.3767973656636817,   -10.764545535152, 0.1873707051741033,-0.5537287864775995,0.01539695500368568,  100015.4201316456
39.18,-0.2841160869623474, 0.3767998120249326, -10.70248387474517,-0.4154090865705365, 0.5616616602008716, 0.3377836102703894,  100015.2902948348
39.24,-0.2841210420096149, 0.3767984554881788, -11.31391254124948,-0.2947768438526839, 0.4930268863260265, 0.4204415077594465,  100015.2205794725
39.31,-0.2841129297226251, 0.3768017131087846, -12.66611883742939, 0.2811124935623895,-0.3238141510169176,0.03307220535493639,  100015.2218028039
39.38,-0.2841136940082751, 0.3768013805781341,  -10.3770195615071,-0.2520609994807315, 0.2099467965092194, 0.1337006114349217,  100015.4474053603
39.45,-0.2841136635077775, 0.3768001496231583, -10.16763596901862,-0.3950325473052279, 0.4373503778949308, 0.3629309580312448,  100015.7900852215
39.51,-0.2841147182959558,  0.376800692050275, -10.46108658478958, 0.3841138825019202,-0.5948168637931348,-0.2032144785569545,  100015.7013964615
39.56, -0.2841130743297774,  0.3768006824780648,  -10.17292298293574,-0.09394146971559765, -0.2213169200913797, -0.2499962272289023,    100015.809625445
39.63, -0.2841097881927425,  0.3767994412869596,  -10.01486344022892,-0.09313898740282908,  0.2489702809076219, -0.1241338515715455,   100016.3652769225
39.7, -0.2841096742772425,  0.3767981805487422,  -10.11846842373674,  0.2192394425320383, -0.3638526442323736,-0.09131053012838193,   100016.2153698088
39.76,-0.2841100135079846, 0.3767958014077742, -10.44314096414145, 0.1219413006279956,-0.6523663388120845,-0.1725069858038021,  100016.2656791748
39.81, -0.2841089524027163,  0.3768040899728217,  -10.64722917371309,-0.06976558015665139,  0.5363502482967644,-0.06428008977933281,   100015.9474008121
39.86,-0.2841100618570659, 0.3768015484890238, -10.09239707361488, 0.3246342470973847, 0.5062872009989423,-0.0982469941778556,  100016.6322969595
39.94,-0.2841101375685005, 0.3768008580907217, -10.68595335857194, 0.5539486885000432,-0.6769179860400583,-0.2281098074024542,  100016.3770322326
39.98,-0.2841101175083251, 0.3768020918868808, -10.21314991905229,-0.1463994064979837,-0.2937098605012102, 0.0408512491335515,  100016.7949061542
40.05,-0.2841103949619165,  0.376798910997013, -10.04485583221319,-0.2503514776452319, 0.5780609327831716, 0.1619939093666694,   100017.112107399
