\BOOKMARK [1][-]{section.1}{1 Primary Linux Computer}{}% 1
\BOOKMARK [2][-]{subsection.1.1}{1.1 Kalman Filter}{section.1}% 2
\BOOKMARK [3][-]{subsubsection.1.1.1}{1.1.1 Implementation}{subsection.1.1}% 3
\BOOKMARK [3][-]{subsubsection.1.1.2}{1.1.2 Tuning}{subsection.1.1}% 4
\BOOKMARK [2][-]{subsection.1.2}{1.2 Controller}{section.1}% 5
\BOOKMARK [3][-]{subsubsection.1.2.1}{1.2.1 Implementation}{subsection.1.2}% 6
\BOOKMARK [3][-]{subsubsection.1.2.2}{1.2.2 Modelling}{subsection.1.2}% 7
\BOOKMARK [3][-]{subsubsection.1.2.3}{1.2.3 Parameter Tuning}{subsection.1.2}% 8
\BOOKMARK [2][-]{subsection.1.3}{1.3 Communication}{section.1}% 9
\BOOKMARK [3][-]{subsubsection.1.3.1}{1.3.1 Internal Communication}{subsection.1.3}% 10
\BOOKMARK [3][-]{subsubsection.1.3.2}{1.3.2 Serial MCU Communication}{subsection.1.3}% 11
\BOOKMARK [3][-]{subsubsection.1.3.3}{1.3.3 Ground Ctation Communication}{subsection.1.3}% 12
\BOOKMARK [3][-]{subsubsection.1.3.4}{1.3.4 Gumstix Communication}{subsection.1.3}% 13
\BOOKMARK [2][-]{subsection.1.4}{1.4 Logic}{section.1}% 14
\BOOKMARK [3][-]{subsubsection.1.4.1}{1.4.1 State Machine Implementation}{subsection.1.4}% 15
\BOOKMARK [3][-]{subsubsection.1.4.2}{1.4.2 Hover Mode}{subsection.1.4}% 16
\BOOKMARK [3][-]{subsubsection.1.4.3}{1.4.3 Milestone: Stable Hovering}{subsection.1.4}% 17
\BOOKMARK [3][-]{subsubsection.1.4.4}{1.4.4 Landing mode}{subsection.1.4}% 18
\BOOKMARK [2][-]{subsection.1.5}{1.5 Gumstix Integration}{section.1}% 19
\BOOKMARK [1][-]{section.2}{2 Secondary Linux Computer}{}% 20
\BOOKMARK [2][-]{subsection.2.1}{2.1 PTAM Integration}{section.2}% 21
\BOOKMARK [2][-]{subsection.2.2}{2.2 Gumstix Integration}{section.2}% 22
\BOOKMARK [1][-]{section.3}{3 Sensory MCU}{}% 23
\BOOKMARK [2][-]{subsection.3.1}{3.1 Sensor Interfacing}{section.3}% 24
\BOOKMARK [2][-]{subsection.3.2}{3.2 Milestone: Plotted Sensordata}{section.3}% 25
\BOOKMARK [1][-]{section.4}{4 Control MCU}{}% 26
\BOOKMARK [2][-]{subsection.4.1}{4.1 Control Servos}{section.4}% 27
\BOOKMARK [2][-]{subsection.4.2}{4.2 Milestone: Moving Servos}{section.4}% 28
\BOOKMARK [1][-]{section.5}{5 Ground Station}{}% 29
\BOOKMARK [2][-]{subsection.5.1}{5.1 Interfacing the LinkQuad}{section.5}% 30
\BOOKMARK [1][-]{section.6}{6 Peripheral}{}% 31
\BOOKMARK [2][-]{subsection.6.1}{6.1 Simulation Environment Integration}{section.6}% 32
\BOOKMARK [1][-]{section.7}{7 Report}{}% 33
\BOOKMARK [2][-]{subsection.7.1}{7.1 Unspecified Work}{section.7}% 34
\BOOKMARK [2][-]{subsection.7.2}{7.2 Environment Setup}{section.7}% 35
\BOOKMARK [2][-]{subsection.7.3}{7.3 Milestone: Chapter Outline}{section.7}% 36
\BOOKMARK [2][-]{subsection.7.4}{7.4 Milestone: Filtering and Control Chapters}{section.7}% 37
\BOOKMARK [2][-]{subsection.7.5}{7.5 Milestone: Video Processing Chapters}{section.7}% 38
\BOOKMARK [2][-]{subsection.7.6}{7.6 Milestone: Hover State Evaluation Chapter}{section.7}% 39
\BOOKMARK [2][-]{subsection.7.7}{7.7 Milestone: All Chapters Ready for Critique}{section.7}% 40
\BOOKMARK [1][-]{section.8}{8 Administration}{}% 41
\BOOKMARK [1][-]{section.9}{9 Opposition}{}% 42
\BOOKMARK [1][-]{section.10}{10 Presentation}{}% 43
